[1.807s] Invoking command in '/home/gaia-22/ac_search/vrx_ws/src/teleop_tools/key_teleop': PYTHONPATH=/home/gaia-22/ac_search/vrx_ws/build/key_teleop/prefix_override:/home/gaia-22/ac_search/vrx_ws/install/lib/python3.10/site-packages:${PYTHONPATH} /usr/bin/python3 setup.py egg_info --egg-base ../../../build/key_teleop build --build-base /home/gaia-22/ac_search/vrx_ws/build/key_teleop/build install --record /home/gaia-22/ac_search/vrx_ws/build/key_teleop/install.log --single-version-externally-managed
[1.983s] running egg_info
[1.984s] writing ../../../build/key_teleop/key_teleop.egg-info/PKG-INFO
[1.984s] writing dependency_links to ../../../build/key_teleop/key_teleop.egg-info/dependency_links.txt
[1.984s] writing entry points to ../../../build/key_teleop/key_teleop.egg-info/entry_points.txt
[1.984s] writing requirements to ../../../build/key_teleop/key_teleop.egg-info/requires.txt
[1.984s] writing top-level names to ../../../build/key_teleop/key_teleop.egg-info/top_level.txt
[2.007s] adding license file 'LICENSE'
[2.008s] writing manifest file '../../../build/key_teleop/key_teleop.egg-info/SOURCES.txt'
[2.008s] running build
[2.008s] running build_py
[2.008s] running install
[2.008s] /usr/lib/python3/dist-packages/setuptools/command/install.py:34: SetuptoolsDeprecationWarning: setup.py install is deprecated. Use build and pip and other standards-based tools.
[2.008s]   warnings.warn(
[2.008s] running install_lib
[2.009s] running install_data
[2.009s] running install_egg_info
[2.010s] removing '/home/gaia-22/ac_search/vrx_ws/install/lib/python3.10/site-packages/key_teleop-1.5.0-py3.10.egg-info' (and everything under it)
[2.010s] Copying ../../../build/key_teleop/key_teleop.egg-info to /home/gaia-22/ac_search/vrx_ws/install/lib/python3.10/site-packages/key_teleop-1.5.0-py3.10.egg-info
[2.010s] running install_scripts
[2.022s] Installing key_teleop script to /home/gaia-22/ac_search/vrx_ws/install/lib/key_teleop
[2.022s] writing list of installed files to '/home/gaia-22/ac_search/vrx_ws/build/key_teleop/install.log'
[2.043s] Invoked command in '/home/gaia-22/ac_search/vrx_ws/src/teleop_tools/key_teleop' returned '0': PYTHONPATH=/home/gaia-22/ac_search/vrx_ws/build/key_teleop/prefix_override:/home/gaia-22/ac_search/vrx_ws/install/lib/python3.10/site-packages:${PYTHONPATH} /usr/bin/python3 setup.py egg_info --egg-base ../../../build/key_teleop build --build-base /home/gaia-22/ac_search/vrx_ws/build/key_teleop/build install --record /home/gaia-22/ac_search/vrx_ws/build/key_teleop/install.log --single-version-externally-managed
