[0.421s] Invoking command in '/home/gaia-22/ac_search/vrx_ws/build/teleop_tools_msgs': CMAKE_PREFIX_PATH=/opt/ros/humble:${CMAKE_PREFIX_PATH} /usr/bin/cmake --build /home/gaia-22/ac_search/vrx_ws/build/teleop_tools_msgs -- -j20 -l20
[1.630s] [  3%] Built target teleop_tools_msgs__cpp
[1.630s] [ 12%] Built target teleop_tools_msgs__rosidl_generator_c
[1.630s] [ 12%] Built target ament_cmake_python_copy_teleop_tools_msgs
[1.631s] [ 35%] Built target teleop_tools_msgs__rosidl_typesupport_fastrtps_cpp
[1.631s] [ 38%] Built target teleop_tools_msgs__rosidl_typesupport_cpp
[1.631s] [ 41%] Built target teleop_tools_msgs__rosidl_typesupport_introspection_cpp
[1.632s] [ 51%] Built target teleop_tools_msgs__rosidl_typesupport_fastrtps_c
[1.632s] [ 61%] Built target teleop_tools_msgs__rosidl_typesupport_c
[1.632s] [ 70%] Built target teleop_tools_msgs__rosidl_typesupport_introspection_c
[1.633s] [ 70%] Built target teleop_tools_msgs
[1.633s] [ 74%] Built target teleop_tools_msgs__py
[1.633s] [ 80%] Built target teleop_tools_msgs__rosidl_generator_py
[1.633s] [ 96%] Built target teleop_tools_msgs__rosidl_typesupport_introspection_c__pyext
[1.634s] [ 96%] Built target teleop_tools_msgs__rosidl_typesupport_fastrtps_c__pyext
[1.634s] [100%] Built target teleop_tools_msgs__rosidl_typesupport_c__pyext
[1.634s] running egg_info
[1.634s] writing teleop_tools_msgs.egg-info/PKG-INFO
[1.635s] writing dependency_links to teleop_tools_msgs.egg-info/dependency_links.txt
[1.635s] writing top-level names to teleop_tools_msgs.egg-info/top_level.txt
[2.918s] reading manifest file 'teleop_tools_msgs.egg-info/SOURCES.txt'
[2.918s] writing manifest file 'teleop_tools_msgs.egg-info/SOURCES.txt'
[2.937s] [100%] Built target ament_cmake_python_build_teleop_tools_msgs_egg
[2.964s] Invoked command in '/home/gaia-22/ac_search/vrx_ws/build/teleop_tools_msgs' returned '0': CMAKE_PREFIX_PATH=/opt/ros/humble:${CMAKE_PREFIX_PATH} /usr/bin/cmake --build /home/gaia-22/ac_search/vrx_ws/build/teleop_tools_msgs -- -j20 -l20
[2.990s] Invoking command in '/home/gaia-22/ac_search/vrx_ws/build/teleop_tools_msgs': CMAKE_PREFIX_PATH=/opt/ros/humble:${CMAKE_PREFIX_PATH} /usr/bin/cmake --install /home/gaia-22/ac_search/vrx_ws/build/teleop_tools_msgs
[2.995s] -- Install configuration: ""
[2.995s] -- Up-to-date: /home/gaia-22/ac_search/vrx_ws/install/share/ament_index/resource_index/rosidl_interfaces/teleop_tools_msgs
[2.996s] -- Up-to-date: /home/gaia-22/ac_search/vrx_ws/install/include/teleop_tools_msgs/teleop_tools_msgs
[2.996s] -- Up-to-date: /home/gaia-22/ac_search/vrx_ws/install/include/teleop_tools_msgs/teleop_tools_msgs/action
[2.996s] -- Up-to-date: /home/gaia-22/ac_search/vrx_ws/install/include/teleop_tools_msgs/teleop_tools_msgs/action/increment.h
[2.996s] -- Up-to-date: /home/gaia-22/ac_search/vrx_ws/install/include/teleop_tools_msgs/teleop_tools_msgs/action/detail
[2.996s] -- Up-to-date: /home/gaia-22/ac_search/vrx_ws/install/include/teleop_tools_msgs/teleop_tools_msgs/action/detail/increment__struct.h
[2.996s] -- Up-to-date: /home/gaia-22/ac_search/vrx_ws/install/include/teleop_tools_msgs/teleop_tools_msgs/action/detail/increment__type_support.h
[2.996s] -- Up-to-date: /home/gaia-22/ac_search/vrx_ws/install/include/teleop_tools_msgs/teleop_tools_msgs/action/detail/increment__functions.h
[2.996s] -- Up-to-date: /home/gaia-22/ac_search/vrx_ws/install/include/teleop_tools_msgs/teleop_tools_msgs/action/detail/increment__functions.c
[2.996s] -- Up-to-date: /home/gaia-22/ac_search/vrx_ws/install/include/teleop_tools_msgs/teleop_tools_msgs/msg
[2.996s] -- Up-to-date: /home/gaia-22/ac_search/vrx_ws/install/include/teleop_tools_msgs/teleop_tools_msgs/msg/rosidl_generator_c__visibility_control.h
[2.996s] -- Up-to-date: /home/gaia-22/ac_search/vrx_ws/install/share/teleop_tools_msgs/environment/library_path.sh
[2.996s] -- Up-to-date: /home/gaia-22/ac_search/vrx_ws/install/share/teleop_tools_msgs/environment/library_path.dsv
[2.996s] -- Up-to-date: /home/gaia-22/ac_search/vrx_ws/install/lib/libteleop_tools_msgs__rosidl_generator_c.so
[2.996s] -- Up-to-date: /home/gaia-22/ac_search/vrx_ws/install/include/teleop_tools_msgs/teleop_tools_msgs
[2.997s] -- Up-to-date: /home/gaia-22/ac_search/vrx_ws/install/include/teleop_tools_msgs/teleop_tools_msgs/action
[2.997s] -- Up-to-date: /home/gaia-22/ac_search/vrx_ws/install/include/teleop_tools_msgs/teleop_tools_msgs/action/detail
[2.997s] -- Up-to-date: /home/gaia-22/ac_search/vrx_ws/install/include/teleop_tools_msgs/teleop_tools_msgs/action/detail/increment__rosidl_typesupport_fastrtps_c.h
[2.997s] -- Up-to-date: /home/gaia-22/ac_search/vrx_ws/install/include/teleop_tools_msgs/teleop_tools_msgs/msg
[2.997s] -- Up-to-date: /home/gaia-22/ac_search/vrx_ws/install/include/teleop_tools_msgs/teleop_tools_msgs/msg/rosidl_typesupport_fastrtps_c__visibility_control.h
[2.997s] -- Up-to-date: /home/gaia-22/ac_search/vrx_ws/install/lib/libteleop_tools_msgs__rosidl_typesupport_fastrtps_c.so
[2.997s] -- Up-to-date: /home/gaia-22/ac_search/vrx_ws/install/include/teleop_tools_msgs/teleop_tools_msgs
[2.997s] -- Up-to-date: /home/gaia-22/ac_search/vrx_ws/install/include/teleop_tools_msgs/teleop_tools_msgs/action
[2.997s] -- Up-to-date: /home/gaia-22/ac_search/vrx_ws/install/include/teleop_tools_msgs/teleop_tools_msgs/action/detail
[2.997s] -- Up-to-date: /home/gaia-22/ac_search/vrx_ws/install/include/teleop_tools_msgs/teleop_tools_msgs/action/detail/increment__type_support.c
[2.997s] -- Up-to-date: /home/gaia-22/ac_search/vrx_ws/install/include/teleop_tools_msgs/teleop_tools_msgs/action/detail/increment__rosidl_typesupport_introspection_c.h
[2.997s] -- Up-to-date: /home/gaia-22/ac_search/vrx_ws/install/include/teleop_tools_msgs/teleop_tools_msgs/msg
[2.997s] -- Up-to-date: /home/gaia-22/ac_search/vrx_ws/install/include/teleop_tools_msgs/teleop_tools_msgs/msg/rosidl_typesupport_introspection_c__visibility_control.h
[2.997s] -- Up-to-date: /home/gaia-22/ac_search/vrx_ws/install/lib/libteleop_tools_msgs__rosidl_typesupport_introspection_c.so
[2.997s] -- Up-to-date: /home/gaia-22/ac_search/vrx_ws/install/lib/libteleop_tools_msgs__rosidl_typesupport_c.so
[2.997s] -- Up-to-date: /home/gaia-22/ac_search/vrx_ws/install/include/teleop_tools_msgs/teleop_tools_msgs
[2.998s] -- Up-to-date: /home/gaia-22/ac_search/vrx_ws/install/include/teleop_tools_msgs/teleop_tools_msgs/action
[2.998s] -- Up-to-date: /home/gaia-22/ac_search/vrx_ws/install/include/teleop_tools_msgs/teleop_tools_msgs/action/increment.hpp
[2.998s] -- Up-to-date: /home/gaia-22/ac_search/vrx_ws/install/include/teleop_tools_msgs/teleop_tools_msgs/action/detail
[2.998s] -- Up-to-date: /home/gaia-22/ac_search/vrx_ws/install/include/teleop_tools_msgs/teleop_tools_msgs/action/detail/increment__struct.hpp
[2.998s] -- Up-to-date: /home/gaia-22/ac_search/vrx_ws/install/include/teleop_tools_msgs/teleop_tools_msgs/action/detail/increment__traits.hpp
[2.998s] -- Up-to-date: /home/gaia-22/ac_search/vrx_ws/install/include/teleop_tools_msgs/teleop_tools_msgs/action/detail/increment__builder.hpp
[2.998s] -- Up-to-date: /home/gaia-22/ac_search/vrx_ws/install/include/teleop_tools_msgs/teleop_tools_msgs
[2.998s] -- Up-to-date: /home/gaia-22/ac_search/vrx_ws/install/include/teleop_tools_msgs/teleop_tools_msgs/action
[2.998s] -- Up-to-date: /home/gaia-22/ac_search/vrx_ws/install/include/teleop_tools_msgs/teleop_tools_msgs/action/detail
[2.998s] -- Up-to-date: /home/gaia-22/ac_search/vrx_ws/install/include/teleop_tools_msgs/teleop_tools_msgs/action/detail/dds_fastrtps
[2.998s] -- Up-to-date: /home/gaia-22/ac_search/vrx_ws/install/include/teleop_tools_msgs/teleop_tools_msgs/action/detail/increment__rosidl_typesupport_fastrtps_cpp.hpp
[2.998s] -- Up-to-date: /home/gaia-22/ac_search/vrx_ws/install/include/teleop_tools_msgs/teleop_tools_msgs/msg
[2.998s] -- Up-to-date: /home/gaia-22/ac_search/vrx_ws/install/include/teleop_tools_msgs/teleop_tools_msgs/msg/rosidl_typesupport_fastrtps_cpp__visibility_control.h
[2.998s] -- Up-to-date: /home/gaia-22/ac_search/vrx_ws/install/lib/libteleop_tools_msgs__rosidl_typesupport_fastrtps_cpp.so
[2.998s] -- Up-to-date: /home/gaia-22/ac_search/vrx_ws/install/include/teleop_tools_msgs/teleop_tools_msgs
[2.998s] -- Up-to-date: /home/gaia-22/ac_search/vrx_ws/install/include/teleop_tools_msgs/teleop_tools_msgs/action
[2.999s] -- Up-to-date: /home/gaia-22/ac_search/vrx_ws/install/include/teleop_tools_msgs/teleop_tools_msgs/action/detail
[2.999s] -- Up-to-date: /home/gaia-22/ac_search/vrx_ws/install/include/teleop_tools_msgs/teleop_tools_msgs/action/detail/increment__rosidl_typesupport_introspection_cpp.hpp
[2.999s] -- Up-to-date: /home/gaia-22/ac_search/vrx_ws/install/include/teleop_tools_msgs/teleop_tools_msgs/action/detail/increment__type_support.cpp
[2.999s] -- Up-to-date: /home/gaia-22/ac_search/vrx_ws/install/lib/libteleop_tools_msgs__rosidl_typesupport_introspection_cpp.so
[2.999s] -- Up-to-date: /home/gaia-22/ac_search/vrx_ws/install/lib/libteleop_tools_msgs__rosidl_typesupport_cpp.so
[2.999s] -- Up-to-date: /home/gaia-22/ac_search/vrx_ws/install/share/teleop_tools_msgs/environment/pythonpath.sh
[2.999s] -- Up-to-date: /home/gaia-22/ac_search/vrx_ws/install/share/teleop_tools_msgs/environment/pythonpath.dsv
[2.999s] -- Up-to-date: /home/gaia-22/ac_search/vrx_ws/install/local/lib/python3.10/dist-packages/teleop_tools_msgs-1.5.0-py3.10.egg-info
[2.999s] -- Installing: /home/gaia-22/ac_search/vrx_ws/install/local/lib/python3.10/dist-packages/teleop_tools_msgs-1.5.0-py3.10.egg-info/dependency_links.txt
[2.999s] -- Installing: /home/gaia-22/ac_search/vrx_ws/install/local/lib/python3.10/dist-packages/teleop_tools_msgs-1.5.0-py3.10.egg-info/PKG-INFO
[2.999s] -- Installing: /home/gaia-22/ac_search/vrx_ws/install/local/lib/python3.10/dist-packages/teleop_tools_msgs-1.5.0-py3.10.egg-info/top_level.txt
[2.999s] -- Installing: /home/gaia-22/ac_search/vrx_ws/install/local/lib/python3.10/dist-packages/teleop_tools_msgs-1.5.0-py3.10.egg-info/SOURCES.txt
[2.999s] -- Up-to-date: /home/gaia-22/ac_search/vrx_ws/install/local/lib/python3.10/dist-packages/teleop_tools_msgs
[2.999s] -- Up-to-date: /home/gaia-22/ac_search/vrx_ws/install/local/lib/python3.10/dist-packages/teleop_tools_msgs/_teleop_tools_msgs_s.ep.rosidl_typesupport_fastrtps_c.c
[2.999s] -- Up-to-date: /home/gaia-22/ac_search/vrx_ws/install/local/lib/python3.10/dist-packages/teleop_tools_msgs/_teleop_tools_msgs_s.ep.rosidl_typesupport_c.c
[2.999s] -- Up-to-date: /home/gaia-22/ac_search/vrx_ws/install/local/lib/python3.10/dist-packages/teleop_tools_msgs/_teleop_tools_msgs_s.ep.rosidl_typesupport_introspection_c.c
[3.000s] -- Up-to-date: /home/gaia-22/ac_search/vrx_ws/install/local/lib/python3.10/dist-packages/teleop_tools_msgs/__init__.py
[3.000s] -- Up-to-date: /home/gaia-22/ac_search/vrx_ws/install/local/lib/python3.10/dist-packages/teleop_tools_msgs/action
[3.000s] -- Up-to-date: /home/gaia-22/ac_search/vrx_ws/install/local/lib/python3.10/dist-packages/teleop_tools_msgs/action/_increment_s.c
[3.000s] -- Up-to-date: /home/gaia-22/ac_search/vrx_ws/install/local/lib/python3.10/dist-packages/teleop_tools_msgs/action/_increment.py
[3.000s] -- Up-to-date: /home/gaia-22/ac_search/vrx_ws/install/local/lib/python3.10/dist-packages/teleop_tools_msgs/action/__init__.py
[3.000s] -- Up-to-date: /home/gaia-22/ac_search/vrx_ws/install/local/lib/python3.10/dist-packages/teleop_tools_msgs/teleop_tools_msgs_s__rosidl_typesupport_c.cpython-310-x86_64-linux-gnu.so
[3.000s] -- Up-to-date: /home/gaia-22/ac_search/vrx_ws/install/local/lib/python3.10/dist-packages/teleop_tools_msgs/teleop_tools_msgs_s__rosidl_typesupport_fastrtps_c.cpython-310-x86_64-linux-gnu.so
[3.000s] -- Up-to-date: /home/gaia-22/ac_search/vrx_ws/install/local/lib/python3.10/dist-packages/teleop_tools_msgs/libteleop_tools_msgs__rosidl_generator_py.so
[3.000s] -- Up-to-date: /home/gaia-22/ac_search/vrx_ws/install/local/lib/python3.10/dist-packages/teleop_tools_msgs/teleop_tools_msgs_s__rosidl_typesupport_introspection_c.cpython-310-x86_64-linux-gnu.so
[3.015s] Listing '/home/gaia-22/ac_search/vrx_ws/install/local/lib/python3.10/dist-packages/teleop_tools_msgs'...
[3.015s] Listing '/home/gaia-22/ac_search/vrx_ws/install/local/lib/python3.10/dist-packages/teleop_tools_msgs/action'...
[3.017s] -- Up-to-date: /home/gaia-22/ac_search/vrx_ws/install/local/lib/python3.10/dist-packages/teleop_tools_msgs/teleop_tools_msgs_s__rosidl_typesupport_fastrtps_c.cpython-310-x86_64-linux-gnu.so
[3.017s] -- Up-to-date: /home/gaia-22/ac_search/vrx_ws/install/local/lib/python3.10/dist-packages/teleop_tools_msgs/teleop_tools_msgs_s__rosidl_typesupport_introspection_c.cpython-310-x86_64-linux-gnu.so
[3.018s] -- Up-to-date: /home/gaia-22/ac_search/vrx_ws/install/local/lib/python3.10/dist-packages/teleop_tools_msgs/teleop_tools_msgs_s__rosidl_typesupport_c.cpython-310-x86_64-linux-gnu.so
[3.018s] -- Up-to-date: /home/gaia-22/ac_search/vrx_ws/install/lib/libteleop_tools_msgs__rosidl_generator_py.so
[3.018s] -- Up-to-date: /home/gaia-22/ac_search/vrx_ws/install/share/teleop_tools_msgs/action/Increment.idl
[3.019s] -- Up-to-date: /home/gaia-22/ac_search/vrx_ws/install/share/teleop_tools_msgs/action/Increment.action
[3.019s] -- Up-to-date: /home/gaia-22/ac_search/vrx_ws/install/share/ament_index/resource_index/package_run_dependencies/teleop_tools_msgs
[3.019s] -- Up-to-date: /home/gaia-22/ac_search/vrx_ws/install/share/ament_index/resource_index/parent_prefix_path/teleop_tools_msgs
[3.019s] -- Up-to-date: /home/gaia-22/ac_search/vrx_ws/install/share/teleop_tools_msgs/environment/ament_prefix_path.sh
[3.019s] -- Up-to-date: /home/gaia-22/ac_search/vrx_ws/install/share/teleop_tools_msgs/environment/ament_prefix_path.dsv
[3.020s] -- Up-to-date: /home/gaia-22/ac_search/vrx_ws/install/share/teleop_tools_msgs/environment/path.sh
[3.020s] -- Up-to-date: /home/gaia-22/ac_search/vrx_ws/install/share/teleop_tools_msgs/environment/path.dsv
[3.020s] -- Up-to-date: /home/gaia-22/ac_search/vrx_ws/install/share/teleop_tools_msgs/local_setup.bash
[3.020s] -- Up-to-date: /home/gaia-22/ac_search/vrx_ws/install/share/teleop_tools_msgs/local_setup.sh
[3.021s] -- Up-to-date: /home/gaia-22/ac_search/vrx_ws/install/share/teleop_tools_msgs/local_setup.zsh
[3.021s] -- Up-to-date: /home/gaia-22/ac_search/vrx_ws/install/share/teleop_tools_msgs/local_setup.dsv
[3.021s] -- Installing: /home/gaia-22/ac_search/vrx_ws/install/share/teleop_tools_msgs/package.dsv
[3.021s] -- Up-to-date: /home/gaia-22/ac_search/vrx_ws/install/share/ament_index/resource_index/packages/teleop_tools_msgs
[3.022s] -- Up-to-date: /home/gaia-22/ac_search/vrx_ws/install/share/teleop_tools_msgs/cmake/export_teleop_tools_msgs__rosidl_generator_cExport.cmake
[3.022s] -- Up-to-date: /home/gaia-22/ac_search/vrx_ws/install/share/teleop_tools_msgs/cmake/export_teleop_tools_msgs__rosidl_generator_cExport-noconfig.cmake
[3.022s] -- Up-to-date: /home/gaia-22/ac_search/vrx_ws/install/share/teleop_tools_msgs/cmake/export_teleop_tools_msgs__rosidl_typesupport_fastrtps_cExport.cmake
[3.022s] -- Up-to-date: /home/gaia-22/ac_search/vrx_ws/install/share/teleop_tools_msgs/cmake/export_teleop_tools_msgs__rosidl_typesupport_fastrtps_cExport-noconfig.cmake
[3.022s] -- Up-to-date: /home/gaia-22/ac_search/vrx_ws/install/share/teleop_tools_msgs/cmake/teleop_tools_msgs__rosidl_typesupport_introspection_cExport.cmake
[3.022s] -- Up-to-date: /home/gaia-22/ac_search/vrx_ws/install/share/teleop_tools_msgs/cmake/teleop_tools_msgs__rosidl_typesupport_introspection_cExport-noconfig.cmake
[3.022s] -- Up-to-date: /home/gaia-22/ac_search/vrx_ws/install/share/teleop_tools_msgs/cmake/teleop_tools_msgs__rosidl_typesupport_cExport.cmake
[3.022s] -- Up-to-date: /home/gaia-22/ac_search/vrx_ws/install/share/teleop_tools_msgs/cmake/teleop_tools_msgs__rosidl_typesupport_cExport-noconfig.cmake
[3.022s] -- Up-to-date: /home/gaia-22/ac_search/vrx_ws/install/share/teleop_tools_msgs/cmake/export_teleop_tools_msgs__rosidl_generator_cppExport.cmake
[3.022s] -- Up-to-date: /home/gaia-22/ac_search/vrx_ws/install/share/teleop_tools_msgs/cmake/export_teleop_tools_msgs__rosidl_typesupport_fastrtps_cppExport.cmake
[3.022s] -- Up-to-date: /home/gaia-22/ac_search/vrx_ws/install/share/teleop_tools_msgs/cmake/export_teleop_tools_msgs__rosidl_typesupport_fastrtps_cppExport-noconfig.cmake
[3.022s] -- Up-to-date: /home/gaia-22/ac_search/vrx_ws/install/share/teleop_tools_msgs/cmake/teleop_tools_msgs__rosidl_typesupport_introspection_cppExport.cmake
[3.022s] -- Up-to-date: /home/gaia-22/ac_search/vrx_ws/install/share/teleop_tools_msgs/cmake/teleop_tools_msgs__rosidl_typesupport_introspection_cppExport-noconfig.cmake
[3.022s] -- Up-to-date: /home/gaia-22/ac_search/vrx_ws/install/share/teleop_tools_msgs/cmake/teleop_tools_msgs__rosidl_typesupport_cppExport.cmake
[3.022s] -- Up-to-date: /home/gaia-22/ac_search/vrx_ws/install/share/teleop_tools_msgs/cmake/teleop_tools_msgs__rosidl_typesupport_cppExport-noconfig.cmake
[3.022s] -- Up-to-date: /home/gaia-22/ac_search/vrx_ws/install/share/teleop_tools_msgs/cmake/export_teleop_tools_msgs__rosidl_generator_pyExport.cmake
[3.023s] -- Up-to-date: /home/gaia-22/ac_search/vrx_ws/install/share/teleop_tools_msgs/cmake/export_teleop_tools_msgs__rosidl_generator_pyExport-noconfig.cmake
[3.023s] -- Up-to-date: /home/gaia-22/ac_search/vrx_ws/install/share/teleop_tools_msgs/cmake/rosidl_cmake-extras.cmake
[3.023s] -- Up-to-date: /home/gaia-22/ac_search/vrx_ws/install/share/teleop_tools_msgs/cmake/ament_cmake_export_dependencies-extras.cmake
[3.023s] -- Up-to-date: /home/gaia-22/ac_search/vrx_ws/install/share/teleop_tools_msgs/cmake/ament_cmake_export_include_directories-extras.cmake
[3.023s] -- Up-to-date: /home/gaia-22/ac_search/vrx_ws/install/share/teleop_tools_msgs/cmake/ament_cmake_export_libraries-extras.cmake
[3.023s] -- Up-to-date: /home/gaia-22/ac_search/vrx_ws/install/share/teleop_tools_msgs/cmake/ament_cmake_export_targets-extras.cmake
[3.023s] -- Up-to-date: /home/gaia-22/ac_search/vrx_ws/install/share/teleop_tools_msgs/cmake/rosidl_cmake_export_typesupport_targets-extras.cmake
[3.023s] -- Up-to-date: /home/gaia-22/ac_search/vrx_ws/install/share/teleop_tools_msgs/cmake/rosidl_cmake_export_typesupport_libraries-extras.cmake
[3.023s] -- Up-to-date: /home/gaia-22/ac_search/vrx_ws/install/share/teleop_tools_msgs/cmake/teleop_tools_msgsConfig.cmake
[3.023s] -- Up-to-date: /home/gaia-22/ac_search/vrx_ws/install/share/teleop_tools_msgs/cmake/teleop_tools_msgsConfig-version.cmake
[3.023s] -- Up-to-date: /home/gaia-22/ac_search/vrx_ws/install/share/teleop_tools_msgs/package.xml
[3.074s] Invoked command in '/home/gaia-22/ac_search/vrx_ws/build/teleop_tools_msgs' returned '0': CMAKE_PREFIX_PATH=/opt/ros/humble:${CMAKE_PREFIX_PATH} /usr/bin/cmake --install /home/gaia-22/ac_search/vrx_ws/build/teleop_tools_msgs
