[0.012s] Invoking command in '/home/koki-22/ac_search/vrx_ws/build/vrx_gz': AMENT_PREFIX_PATH=/home/koki-22/ac_search/vrx_ws/install:${AMENT_PREFIX_PATH} CMAKE_PREFIX_PATH=/home/koki-22/ac_search/vrx_ws/install:/opt/ros/humble /usr/bin/cmake /home/koki-22/ac_search/vrx_ws/src/vrx/vrx_gz -DCMAKE_INSTALL_PREFIX=/home/koki-22/ac_search/vrx_ws/install
[0.089s] -- The C compiler identification is GNU 11.4.0
[0.156s] -- The CXX compiler identification is GNU 11.4.0
[0.165s] -- Detecting C compiler ABI info
[0.252s] -- Detecting C compiler ABI info - done
[0.263s] -- Check for working C compiler: /usr/bin/cc - skipped
[0.264s] -- Detecting C compile features
[0.264s] -- Detecting C compile features - done
[0.269s] -- Detecting CXX compiler ABI info
[0.353s] -- Detecting CXX compiler ABI info - done
[0.366s] -- Check for working CXX compiler: /usr/bin/c++ - skipped
[0.366s] -- Detecting CXX compile features
[0.367s] -- Detecting CXX compile features - done
[0.371s] -- Found ament_cmake: 1.3.3 (/opt/ros/humble/share/ament_cmake/cmake)
[0.580s] -- Found Python3: /usr/bin/python3.10 (found version "3.10.12") found components: Interpreter 
[0.685s] -- Looking for gz-sim7 -- found version 7.6.0
[0.695s] -- Searching for dependencies of gz-sim7
[0.699s] -- Looking for sdformat13 -- found version 13.6.0
[0.700s] -- Searching for dependencies of sdformat13
[0.705s] -- Checking for module 'tinyxml2'
[0.715s] --   Found tinyxml2, version 9.0.0
[0.749s] -- Looking for gz-math7 -- found version 7.3.0
[0.750s] -- Searching for dependencies of gz-math7
[0.754s] -- Looking for gz-utils2 -- found version 2.1.0
[0.754s] -- Searching for dependencies of gz-utils2
[0.756s] -- Looking for gz-utils2 -- found version 2.1.0
[0.757s] -- Searching for dependencies of gz-utils2
[0.757s] -- Searching for <gz-utils2> component [cli]
[0.760s] -- Looking for gz-utils2-cli -- found version 2.1.0
[0.761s] -- Searching for dependencies of gz-utils2-cli
[0.765s] -- Looking for gz-plugin2 -- found version 2.0.2
[0.766s] -- Searching for dependencies of gz-plugin2
[0.767s] -- Looking for gz-utils2 -- found version 2.1.0
[0.768s] -- Searching for <gz-plugin2> component [loader]
[0.771s] -- Looking for gz-plugin2-loader -- found version 2.0.2
[0.771s] -- Searching for dependencies of gz-plugin2-loader
[0.772s] -- Searching for <gz-plugin2> component [register]
[0.776s] -- Looking for gz-plugin2-register -- found version 2.0.2
[0.777s] -- Searching for dependencies of gz-plugin2-register
[0.780s] -- Looking for gz-transport12 -- found version 12.2.1
[0.781s] -- Searching for dependencies of gz-transport12
[0.985s] -- Found Protobuf: /usr/lib/x86_64-linux-gnu/libprotobuf.so (found version "3.12.4") 
[0.997s] -- Config-file not installed for ZeroMQ -- checking for pkg-config
[1.001s] -- Checking for module 'libzmq >= 4'
[1.013s] --   Found libzmq , version 4.3.4
[1.047s] -- Found ZeroMQ: TRUE (Required is at least version "4") 
[1.053s] -- Checking for module 'uuid'
[1.065s] --   Found uuid, version 2.37.2
[1.096s] -- Found UUID: TRUE  
[1.096s] -- Looking for gz-utils2 -- found version 2.1.0
[1.099s] -- Looking for gz-msgs9 -- found version 9.5.0
[1.099s] -- Searching for dependencies of gz-msgs9
[1.122s] -- Looking for gz-math7 -- found version 7.3.0
[1.127s] -- Searching for <gz-transport12> component [log]
[1.135s] -- Looking for gz-transport12-log -- found version 12.2.1
[1.135s] -- Searching for dependencies of gz-transport12-log
[1.136s] -- Searching for <gz-transport12> component [parameters]
[1.139s] -- Looking for gz-transport12-parameters -- found version 12.2.1
[1.139s] -- Searching for dependencies of gz-transport12-parameters
[1.141s] -- Looking for gz-msgs9 -- found version 9.5.0
[1.145s] -- Looking for gz-common5 -- found version 5.4.2
[1.146s] -- Searching for dependencies of gz-common5
[1.147s] -- Looking for gz-utils2 -- found version 2.1.0
[1.148s] -- Looking for dlfcn.h - found
[1.149s] -- Looking for libdl - found
[1.152s] -- Found DL: TRUE  
[1.161s] -- Searching for <gz-common5> component [profiler]
[1.164s] -- Looking for gz-common5-profiler -- found version 5.4.2
[1.164s] -- Searching for dependencies of gz-common5-profiler
[1.165s] -- Searching for <gz-common5> component [events]
[1.168s] -- Looking for gz-common5-events -- found version 5.4.2
[1.169s] -- Searching for dependencies of gz-common5-events
[1.169s] -- Looking for gz-math7 -- found version 7.3.0
[1.170s] -- Searching for <gz-common5> component [av]
[1.173s] -- Looking for gz-common5-av -- found version 5.4.2
[1.174s] -- Searching for dependencies of gz-common5-av
[1.180s] -- Checking for module 'libswscale'
[1.193s] --   Found libswscale, version 5.9.100
[1.223s] -- Found SWSCALE: TRUE  
[1.228s] -- Checking for module 'libavdevice >= 56.4.100'
[1.241s] --   Found libavdevice , version 58.13.100
[1.276s] -- Found AVDEVICE: TRUE (Required is at least version "56.4.100") 
[1.281s] -- Checking for module 'libavformat'
[1.292s] --   Found libavformat, version 58.76.100
[1.322s] -- Found AVFORMAT: TRUE  
[1.327s] -- Checking for module 'libavcodec'
[1.339s] --   Found libavcodec, version 58.134.100
[1.376s] -- Found AVCODEC: TRUE  
[1.382s] -- Checking for module 'libavutil'
[1.395s] --   Found libavutil, version 56.70.100
[1.430s] -- Found AVUTIL: TRUE  
[1.431s] -- Searching for <gz-common5> component [io]
[1.434s] -- Looking for gz-common5-io -- found version 5.4.2
[1.435s] -- Searching for dependencies of gz-common5-io
[1.439s] -- Looking for gz-fuel_tools8 -- found version 8.1.0
[1.439s] -- Searching for dependencies of gz-fuel_tools8
[1.523s] -- Found CURL: /usr/lib/x86_64-linux-gnu/libcurl.so (found version "7.81.0")  
[1.533s] -- Checking for module 'jsoncpp'
[1.545s] --   Found jsoncpp, version 1.9.5
[1.576s] -- Found JSONCPP: TRUE  
[1.582s] -- Checking for module 'libzip'
[1.594s] --   Found libzip, version 1.7.3
[1.624s] -- Found ZIP: TRUE  
[1.624s] -- Looking for gz-utils2 -- found version 2.1.0
[1.625s] -- Looking for gz-common5 -- found version 5.4.2
[1.626s] -- Searching for dependencies of gz-common5
[1.626s] -- Looking for gz-utils2 -- found version 2.1.0
[1.626s] -- Looking for dlfcn.h - found
[1.627s] -- Looking for libdl - found
[1.635s] -- Searching for <gz-common5> component [testing]
[1.637s] -- Looking for gz-common5-testing -- found version 5.4.2
[1.638s] -- Searching for dependencies of gz-common5-testing
[1.640s] -- Looking for gz-math7 -- found version 7.3.0
[1.640s] -- Looking for gz-msgs9 -- found version 9.5.0
[1.646s] -- Looking for gz-gui7 -- found version 7.2.1
[1.647s] -- Searching for dependencies of gz-gui7
[1.676s] -- Looking for gz-utils2 -- found version 2.1.0
[1.677s] -- Looking for gz-math7 -- found version 7.3.0
[1.678s] -- Looking for gz-common5 -- found version 5.4.2
[1.678s] -- Looking for gz-plugin2 -- found version 2.0.2
[1.679s] -- Looking for gz-transport12 -- found version 12.2.1
[1.682s] -- Looking for gz-rendering7 -- found version 7.4.2
[1.683s] -- Searching for dependencies of gz-rendering7
[1.684s] -- Looking for gz-math7 -- found version 7.3.0
[1.684s] -- Searching for dependencies of gz-math7
[1.685s] -- Looking for gz-utils2 -- found version 2.1.0
[1.685s] -- Searching for <gz-math7> component [eigen3]
[1.688s] -- Looking for gz-math7-eigen3 -- found version 7.3.0
[1.689s] -- Searching for dependencies of gz-math7-eigen3
[1.698s] -- Looking for gz-common5 -- found version 5.4.2
[1.699s] -- Searching for dependencies of gz-common5
[1.699s] -- Looking for gz-utils2 -- found version 2.1.0
[1.700s] -- Looking for dlfcn.h - found
[1.700s] -- Looking for libdl - found
[1.708s] -- Searching for <gz-common5> component [graphics]
[1.711s] -- Looking for gz-common5-graphics -- found version 5.4.2
[1.712s] -- Searching for dependencies of gz-common5-graphics
[1.712s] -- Looking for gz-math7 -- found version 7.3.0
[1.720s] -- Found GzAssimp: TRUE (found version "5.2.0") 
[1.721s] -- Searching for <gz-common5> component [events]
[1.722s] -- Searching for <gz-common5> component [geospatial]
[1.724s] -- Looking for gz-common5-geospatial -- found version 5.4.2
[1.725s] -- Searching for dependencies of gz-common5-geospatial
[1.725s] -- Looking for gz-math7 -- found version 7.3.0
[1.727s] -- Looking for gz-common5 -- found version 5.4.2
[1.728s] -- Looking for gz-plugin2 -- found version 2.0.2
[1.729s] -- Searching for dependencies of gz-plugin2
[1.729s] -- Looking for gz-utils2 -- found version 2.1.0
[1.730s] -- Searching for <gz-plugin2> component [all]
[1.733s] -- Looking for all libraries of gz-plugin2 -- found version 2.0.2
[1.734s] -- Looking for gz-plugin2 -- found version 2.0.2
[1.737s] -- Looking for gz-utils2 -- found version 2.1.0
[1.744s] -- Found OpenGL: /usr/lib/x86_64-linux-gnu/libOpenGL.so  found components: OpenGL 
[1.747s] -- Looking for gz-msgs9 -- found version 9.5.0
[1.787s] -- Looking for gz-physics6 -- found version 6.5.1
[1.788s] -- Searching for dependencies of gz-physics6
[1.788s] -- Looking for gz-math7 -- found version 7.3.0
[1.789s] -- Looking for gz-plugin2 -- found version 2.0.2
[1.790s] -- Looking for gz-utils2 -- found version 2.1.0
[1.791s] -- Searching for <gz-physics6> component [heightmap]
[1.795s] -- Looking for gz-physics6-heightmap -- found version 6.5.1
[1.796s] -- Searching for dependencies of gz-physics6-heightmap
[1.796s] -- Looking for gz-common5 -- found version 5.4.2
[1.797s] -- Searching for <gz-physics6> component [mesh]
[1.802s] -- Looking for gz-physics6-mesh -- found version 6.5.1
[1.803s] -- Searching for dependencies of gz-physics6-mesh
[1.804s] -- Looking for gz-common5 -- found version 5.4.2
[1.805s] -- Searching for <gz-physics6> component [sdf]
[1.810s] -- Looking for gz-physics6-sdf -- found version 6.5.1
[1.811s] -- Searching for dependencies of gz-physics6-sdf
[1.812s] -- Looking for sdformat13 -- found version 13.6.0
[1.818s] -- Looking for gz-sensors7 -- found version 7.3.0
[1.819s] -- Searching for dependencies of gz-sensors7
[1.839s] -- Looking for gz-math7 -- found version 7.3.0
[1.840s] -- Looking for gz-common5 -- found version 5.4.2
[1.841s] -- Looking for gz-transport12 -- found version 12.2.1
[1.842s] -- Looking for gz-rendering7 -- found version 7.4.2
[1.843s] -- Looking for gz-msgs9 -- found version 9.5.0
[1.843s] -- Looking for sdformat13 -- found version 13.6.0
[1.844s] -- Searching for <gz-sensors7> component [air_pressure]
[1.848s] -- Looking for gz-sensors7-air_pressure -- found version 7.3.0
[1.849s] -- Searching for dependencies of gz-sensors7-air_pressure
[1.851s] -- Searching for <gz-sensors7> component [air_speed]
[1.855s] -- Looking for gz-sensors7-air_speed -- found version 7.3.0
[1.856s] -- Searching for dependencies of gz-sensors7-air_speed
[1.857s] -- Searching for <gz-sensors7> component [altimeter]
[1.861s] -- Looking for gz-sensors7-altimeter -- found version 7.3.0
[1.862s] -- Searching for dependencies of gz-sensors7-altimeter
[1.863s] -- Searching for <gz-sensors7> component [imu]
[1.867s] -- Looking for gz-sensors7-imu -- found version 7.3.0
[1.868s] -- Searching for dependencies of gz-sensors7-imu
[1.869s] -- Searching for <gz-sensors7> component [force_torque]
[1.872s] -- Looking for gz-sensors7-force_torque -- found version 7.3.0
[1.874s] -- Searching for dependencies of gz-sensors7-force_torque
[1.875s] -- Searching for <gz-sensors7> component [logical_camera]
[1.878s] -- Looking for gz-sensors7-logical_camera -- found version 7.3.0
[1.879s] -- Searching for dependencies of gz-sensors7-logical_camera
[1.880s] -- Searching for <gz-sensors7> component [magnetometer]
[1.883s] -- Looking for gz-sensors7-magnetometer -- found version 7.3.0
[1.884s] -- Searching for dependencies of gz-sensors7-magnetometer
[1.885s] -- Searching for <gz-sensors7> component [navsat]
[1.888s] -- Looking for gz-sensors7-navsat -- found version 7.3.0
[1.888s] -- Searching for dependencies of gz-sensors7-navsat
[1.889s] -- Searching for <gz-sensors7> component [rendering]
[1.892s] -- Looking for gz-sensors7-rendering -- found version 7.3.0
[1.893s] -- Searching for dependencies of gz-sensors7-rendering
[1.894s] -- Searching for <gz-sensors7> component [lidar]
[1.897s] -- Looking for gz-sensors7-lidar -- found version 7.3.0
[1.898s] -- Searching for dependencies of gz-sensors7-lidar
[1.899s] -- Looking for gz-sensors7 -- found version 7.3.0
[1.900s] -- Searching for <gz-sensors7> component [gpu_lidar]
[1.903s] -- Looking for gz-sensors7-gpu_lidar -- found version 7.3.0
[1.904s] -- Searching for dependencies of gz-sensors7-gpu_lidar
[1.904s] -- Looking for gz-sensors7 -- found version 7.3.0
[1.905s] -- Searching for <gz-sensors7> component [camera]
[1.908s] -- Looking for gz-sensors7-camera -- found version 7.3.0
[1.909s] -- Searching for dependencies of gz-sensors7-camera
[1.909s] -- Looking for gz-sensors7 -- found version 7.3.0
[1.910s] -- Searching for <gz-sensors7> component [boundingbox_camera]
[1.914s] -- Looking for gz-sensors7-boundingbox_camera -- found version 7.3.0
[1.915s] -- Searching for dependencies of gz-sensors7-boundingbox_camera
[1.916s] -- Searching for <gz-sensors7> component [segmentation_camera]
[1.919s] -- Looking for gz-sensors7-segmentation_camera -- found version 7.3.0
[1.920s] -- Searching for dependencies of gz-sensors7-segmentation_camera
[1.921s] -- Searching for <gz-sensors7> component [depth_camera]
[1.925s] -- Looking for gz-sensors7-depth_camera -- found version 7.3.0
[1.926s] -- Searching for dependencies of gz-sensors7-depth_camera
[1.926s] -- Looking for gz-sensors7 -- found version 7.3.0
[1.927s] -- Searching for <gz-sensors7> component [rgbd_camera]
[1.930s] -- Looking for gz-sensors7-rgbd_camera -- found version 7.3.0
[1.931s] -- Searching for dependencies of gz-sensors7-rgbd_camera
[1.932s] -- Looking for gz-sensors7 -- found version 7.3.0
[1.933s] -- Searching for <gz-sensors7> component [thermal_camera]
[1.936s] -- Looking for gz-sensors7-thermal_camera -- found version 7.3.0
[1.937s] -- Searching for dependencies of gz-sensors7-thermal_camera
[1.938s] -- Looking for gz-sensors7 -- found version 7.3.0
[1.939s] -- Searching for <gz-sensors7> component [wide_angle_camera]
[1.943s] -- Looking for gz-sensors7-wide_angle_camera -- found version 7.3.0
[1.944s] -- Searching for dependencies of gz-sensors7-wide_angle_camera
[1.947s] -- Looking for gz-rendering7 -- found version 7.4.2
[1.948s] -- Looking for gz-math7 -- found version 7.3.0
[1.949s] -- Looking for gz-utils2 -- found version 2.1.0
[1.972s] -- Looking for gz-common5 -- found version 5.4.2
[1.973s] -- Looking for gz-fuel_tools8 -- found version 8.1.0
[1.973s] -- Looking for gz-math7 -- found version 7.3.0
[1.974s] -- Looking for gz-msgs9 -- found version 9.5.0
[1.975s] -- Looking for gz-transport12 -- found version 12.2.1
[1.976s] -- Looking for gz-plugin2 -- found version 2.0.2
[1.977s] -- Looking for gz-rendering7 -- found version 7.4.2
[1.978s] -- Looking for gz-sensors7 -- found version 7.3.0
[1.979s] -- Looking for gz-utils2 -- found version 2.1.0
[1.979s] -- Looking for sdformat13 -- found version 13.6.0
[1.981s] -- Found std_msgs: 4.2.3 (/opt/ros/humble/share/std_msgs/cmake)
[2.011s] -- Found rosidl_generator_c: 3.1.4 (/opt/ros/humble/share/rosidl_generator_c/cmake)
[2.016s] -- Found rosidl_adapter: 3.1.4 (/opt/ros/humble/share/rosidl_adapter/cmake)
[2.025s] -- Found rosidl_generator_cpp: 3.1.4 (/opt/ros/humble/share/rosidl_generator_cpp/cmake)
[2.038s] -- Using all available rosidl_typesupport_c: rosidl_typesupport_fastrtps_c;rosidl_typesupport_introspection_c
[2.062s] -- Using all available rosidl_typesupport_cpp: rosidl_typesupport_fastrtps_cpp;rosidl_typesupport_introspection_cpp
[2.287s] -- Configuring done
[2.441s] -- Generating done
[2.448s] -- Build files have been written to: /home/koki-22/ac_search/vrx_ws/build/vrx_gz
[2.466s] Invoked command in '/home/koki-22/ac_search/vrx_ws/build/vrx_gz' returned '0': AMENT_PREFIX_PATH=/home/koki-22/ac_search/vrx_ws/install:${AMENT_PREFIX_PATH} CMAKE_PREFIX_PATH=/home/koki-22/ac_search/vrx_ws/install:/opt/ros/humble /usr/bin/cmake /home/koki-22/ac_search/vrx_ws/src/vrx/vrx_gz -DCMAKE_INSTALL_PREFIX=/home/koki-22/ac_search/vrx_ws/install
[2.470s] Invoking command in '/home/koki-22/ac_search/vrx_ws/build/vrx_gz': AMENT_PREFIX_PATH=/home/koki-22/ac_search/vrx_ws/install:${AMENT_PREFIX_PATH} CMAKE_PREFIX_PATH=/home/koki-22/ac_search/vrx_ws/install:/opt/ros/humble /usr/bin/cmake --build /home/koki-22/ac_search/vrx_ws/build/vrx_gz -- -j16 -l16
[2.528s] [  2%] [32mBuilding CXX object CMakeFiles/ScoringPlugin.dir/src/ScoringPlugin.cc.o[0m
[2.529s] [  4%] [32mBuilding CXX object CMakeFiles/Waves.dir/src/Wavefield.cc.o[0m
[2.539s] [  4%] Built target ament_cmake_python_copy_vrx_gz
[3.019s] running egg_info
[3.020s] creating vrx_gz.egg-info
[3.021s] writing vrx_gz.egg-info/PKG-INFO
[3.021s] writing dependency_links to vrx_gz.egg-info/dependency_links.txt
[3.022s] writing top-level names to vrx_gz.egg-info/top_level.txt
[3.022s] writing manifest file 'vrx_gz.egg-info/SOURCES.txt'
[3.025s] reading manifest file 'vrx_gz.egg-info/SOURCES.txt'
[3.026s] writing manifest file 'vrx_gz.egg-info/SOURCES.txt'
[3.054s] [  4%] Built target ament_cmake_python_build_vrx_gz_egg
[6.942s] [  6%] [32m[1mLinking CXX shared library libWaves.so[0m
[7.246s] [  6%] Built target Waves
[7.269s] [  8%] [32mBuilding CXX object CMakeFiles/PolyhedraBuoyancyDrag.dir/src/PolyhedronVolume.cc.o[0m
[7.270s] [ 10%] [32mBuilding CXX object CMakeFiles/PolyhedraBuoyancyDrag.dir/src/ShapeVolume.cc.o[0m
[7.271s] [ 12%] [32mBuilding CXX object CMakeFiles/PolyhedraBuoyancyDrag.dir/src/PolyhedraBuoyancyDrag.cc.o[0m
[8.514s] [ 14%] [32m[1mLinking CXX shared library libScoringPlugin.so[0m
[8.870s] [ 14%] Built target ScoringPlugin
[8.913s] [ 16%] [32mBuilding CXX object CMakeFiles/NavigationScoringPlugin.dir/src/NavigationScoringPlugin.cc.o[0m
[8.914s] [ 20%] [32mBuilding CXX object CMakeFiles/AcousticPerceptionScoringPlugin.dir/src/AcousticPerceptionScoringPlugin.cc.o[0m
[8.915s] [ 20%] [32mBuilding CXX object CMakeFiles/StationkeepingScoringPlugin.dir/src/StationkeepingScoringPlugin.cc.o[0m
[8.916s] [ 25%] [32mBuilding CXX object CMakeFiles/AcousticPingerPlugin.dir/src/AcousticPingerPlugin.cc.o[0m
[8.916s] [ 27%] [32mBuilding CXX object CMakeFiles/BallShooterPlugin.dir/src/BallShooterPlugin.cc.o[0m
[8.916s] [ 27%] [32mBuilding CXX object CMakeFiles/GymkhanaScoringPlugin.dir/src/GymkhanaScoringPlugin.cc.o[0m
[8.917s] [ 29%] [32mBuilding CXX object CMakeFiles/LightBuoyPlugin.dir/src/LightBuoyPlugin.cc.o[0m
[8.917s] [ 31%] [32mBuilding CXX object CMakeFiles/AcousticTrackingScoringPlugin.dir/src/AcousticTrackingScoringPlugin.cc.o[0m
[8.917s] [ 33%] [32mBuilding CXX object CMakeFiles/PerceptionScoringPlugin.dir/src/PerceptionScoringPlugin.cc.o[0m
[8.917s] [ 35%] [32mBuilding CXX object CMakeFiles/PlacardPlugin.dir/src/PlacardPlugin.cc.o[0m
[8.919s] [ 37%] [32mBuilding CXX object CMakeFiles/PublisherPlugin.dir/src/PublisherPlugin.cc.o[0m
[8.921s] [ 39%] [32mBuilding CXX object CMakeFiles/WayfindingScoringPlugin.dir/src/WayfindingScoringPlugin.cc.o[0m
[8.922s] [ 41%] [32mBuilding CXX object CMakeFiles/SimpleHydrodynamics.dir/src/SimpleHydrodynamics.cc.o[0m
[8.937s] [ 43%] [32mBuilding CXX object CMakeFiles/ScanDockScoringPlugin.dir/src/ScanDockScoringPlugin.cc.o[0m
[10.158s] [ 45%] [32mBuilding CXX object CMakeFiles/StationkeepingScoringPlugin.dir/src/WaypointMarkers.cc.o[0m
[18.098s] [ 47%] [32m[1mLinking CXX shared library libPublisherPlugin.so[0m
[18.698s] [ 47%] Built target PublisherPlugin
[18.742s] [ 50%] [32mBuilding CXX object CMakeFiles/Surface.dir/src/Surface.cc.o[0m
[19.596s] [ 52%] [32m[1mLinking CXX shared library libLightBuoyPlugin.so[0m
[20.461s] [ 52%] Built target LightBuoyPlugin
[20.508s] [ 54%] [32mBuilding CXX object CMakeFiles/USVWind.dir/src/USVWind.cc.o[0m
[21.279s] [ 56%] [32m[1mLinking CXX shared library libGymkhanaScoringPlugin.so[0m
[21.801s] [ 58%] [32m[1mLinking CXX shared library libSimpleHydrodynamics.so[0m
[22.112s] [ 58%] Built target GymkhanaScoringPlugin
[22.163s] [ 60%] [32mBuilding CXX object CMakeFiles/WaveVisual.dir/src/WaveVisual.cc.o[0m
[22.459s] [ 60%] Built target SimpleHydrodynamics
[22.509s] [ 62%] [32mBuilding CXX object CMakeFiles/WildlifeScoringPlugin.dir/src/WildlifeScoringPlugin.cc.o[0m
[22.799s] [ 64%] [32m[1mLinking CXX shared library libPolyhedraBuoyancyDrag.so[0m
[23.079s] [ 66%] [32m[1mLinking CXX shared library libPlacardPlugin.so[0m
[23.345s] [ 68%] [32mBuilding CXX object CMakeFiles/AcousticPerceptionScoringPlugin.dir/src/WaypointMarkers.cc.o[0m
[23.541s] [ 70%] [32m[1mLinking CXX shared library libAcousticPingerPlugin.so[0m
[23.687s] [ 70%] Built target PolyhedraBuoyancyDrag
[23.708s] [ 72%] [32mBuilding CXX object CMakeFiles/AcousticTrackingScoringPlugin.dir/src/WaypointMarkers.cc.o[0m
[23.900s] [ 75%] [32m[1mLinking CXX shared library libPerceptionScoringPlugin.so[0m
[23.957s] [ 75%] Built target PlacardPlugin
[23.979s] [ 77%] [32mBuilding CXX object CMakeFiles/WayfindingScoringPlugin.dir/src/WaypointMarkers.cc.o[0m
[24.480s] [ 77%] Built target AcousticPingerPlugin
[25.040s] [ 77%] Built target PerceptionScoringPlugin
[26.627s] [ 79%] [32m[1mLinking CXX shared library libStationkeepingScoringPlugin.so[0m
[26.955s] [ 81%] [32m[1mLinking CXX shared library libNavigationScoringPlugin.so[0m
[27.233s] [ 81%] Built target StationkeepingScoringPlugin
[27.689s] [ 81%] Built target NavigationScoringPlugin
[28.313s] [ 83%] [32m[1mLinking CXX shared library libBallShooterPlugin.so[0m
[28.549s] [ 85%] [32m[1mLinking CXX shared library libScanDockScoringPlugin.so[0m
[28.910s] [ 85%] Built target BallShooterPlugin
[29.150s] [ 85%] Built target ScanDockScoringPlugin
[29.375s] [ 87%] [32m[1mLinking CXX shared library libSurface.so[0m
[29.846s] [ 87%] Built target Surface
[32.575s] [ 89%] [32m[1mLinking CXX shared library libAcousticTrackingScoringPlugin.so[0m
[32.595s] [ 91%] [32m[1mLinking CXX shared library libAcousticPerceptionScoringPlugin.so[0m
[32.902s] [ 93%] [32m[1mLinking CXX shared library libWayfindingScoringPlugin.so[0m
[33.115s] [ 93%] Built target AcousticTrackingScoringPlugin
[33.121s] [ 93%] Built target AcousticPerceptionScoringPlugin
[33.425s] [ 93%] Built target WayfindingScoringPlugin
[33.473s] [ 95%] [32m[1mLinking CXX shared library libWildlifeScoringPlugin.so[0m
[33.879s] [ 95%] Built target WildlifeScoringPlugin
[34.998s] [ 97%] [32m[1mLinking CXX shared library libUSVWind.so[0m
[35.321s] [ 97%] Built target USVWind
[35.442s] [100%] [32m[1mLinking CXX shared library libWaveVisual.so[0m
[35.744s] [100%] Built target WaveVisual
[35.759s] Invoked command in '/home/koki-22/ac_search/vrx_ws/build/vrx_gz' returned '0': AMENT_PREFIX_PATH=/home/koki-22/ac_search/vrx_ws/install:${AMENT_PREFIX_PATH} CMAKE_PREFIX_PATH=/home/koki-22/ac_search/vrx_ws/install:/opt/ros/humble /usr/bin/cmake --build /home/koki-22/ac_search/vrx_ws/build/vrx_gz -- -j16 -l16
[35.869s] Invoking command in '/home/koki-22/ac_search/vrx_ws/build/vrx_gz': AMENT_PREFIX_PATH=/home/koki-22/ac_search/vrx_ws/install:${AMENT_PREFIX_PATH} CMAKE_PREFIX_PATH=/home/koki-22/ac_search/vrx_ws/install:/opt/ros/humble /usr/bin/cmake --install /home/koki-22/ac_search/vrx_ws/build/vrx_gz
[35.882s] -- Install configuration: ""
[35.882s] -- Installing: /home/koki-22/ac_search/vrx_ws/install/share/vrx_gz/environment/resource_paths.dsv
[35.882s] -- Installing: /home/koki-22/ac_search/vrx_ws/install/share/vrx_gz/environment/resource_paths.sh
[35.883s] -- Installing: /home/koki-22/ac_search/vrx_ws/install/lib/libWaves.so
[35.886s] -- Set runtime path of "/home/koki-22/ac_search/vrx_ws/install/lib/libWaves.so" to ""
[35.886s] -- Installing: /home/koki-22/ac_search/vrx_ws/install/lib/libPolyhedraBuoyancyDrag.so
[35.890s] -- Set runtime path of "/home/koki-22/ac_search/vrx_ws/install/lib/libPolyhedraBuoyancyDrag.so" to ""
[35.890s] -- Installing: /home/koki-22/ac_search/vrx_ws/install/lib/libScoringPlugin.so
[35.894s] -- Set runtime path of "/home/koki-22/ac_search/vrx_ws/install/lib/libScoringPlugin.so" to ""
[35.894s] -- Installing: /home/koki-22/ac_search/vrx_ws/install/lib/libStationkeepingScoringPlugin.so
[35.900s] -- Set runtime path of "/home/koki-22/ac_search/vrx_ws/install/lib/libStationkeepingScoringPlugin.so" to ""
[35.900s] -- Installing: /home/koki-22/ac_search/vrx_ws/install/lib/libWayfindingScoringPlugin.so
[35.905s] -- Set runtime path of "/home/koki-22/ac_search/vrx_ws/install/lib/libWayfindingScoringPlugin.so" to ""
[35.905s] -- Installing: /home/koki-22/ac_search/vrx_ws/install/lib/libAcousticPerceptionScoringPlugin.so
[35.910s] -- Set runtime path of "/home/koki-22/ac_search/vrx_ws/install/lib/libAcousticPerceptionScoringPlugin.so" to ""
[35.910s] -- Installing: /home/koki-22/ac_search/vrx_ws/install/lib/libAcousticTrackingScoringPlugin.so
[35.915s] -- Set runtime path of "/home/koki-22/ac_search/vrx_ws/install/lib/libAcousticTrackingScoringPlugin.so" to ""
[35.915s] -- Installing: /home/koki-22/ac_search/vrx_ws/install/lib/libAcousticPingerPlugin.so
[35.920s] -- Set runtime path of "/home/koki-22/ac_search/vrx_ws/install/lib/libAcousticPingerPlugin.so" to ""
[35.920s] -- Installing: /home/koki-22/ac_search/vrx_ws/install/lib/libBallShooterPlugin.so
[35.925s] -- Set runtime path of "/home/koki-22/ac_search/vrx_ws/install/lib/libBallShooterPlugin.so" to ""
[35.926s] -- Installing: /home/koki-22/ac_search/vrx_ws/install/lib/libLightBuoyPlugin.so
[35.929s] -- Set runtime path of "/home/koki-22/ac_search/vrx_ws/install/lib/libLightBuoyPlugin.so" to ""
[35.929s] -- Installing: /home/koki-22/ac_search/vrx_ws/install/lib/libNavigationScoringPlugin.so
[35.934s] -- Set runtime path of "/home/koki-22/ac_search/vrx_ws/install/lib/libNavigationScoringPlugin.so" to ""
[35.934s] -- Installing: /home/koki-22/ac_search/vrx_ws/install/lib/libGymkhanaScoringPlugin.so
[35.938s] -- Set runtime path of "/home/koki-22/ac_search/vrx_ws/install/lib/libGymkhanaScoringPlugin.so" to ""
[35.938s] -- Installing: /home/koki-22/ac_search/vrx_ws/install/lib/libPerceptionScoringPlugin.so
[35.943s] -- Set runtime path of "/home/koki-22/ac_search/vrx_ws/install/lib/libPerceptionScoringPlugin.so" to ""
[35.943s] -- Installing: /home/koki-22/ac_search/vrx_ws/install/lib/libPlacardPlugin.so
[35.947s] -- Set runtime path of "/home/koki-22/ac_search/vrx_ws/install/lib/libPlacardPlugin.so" to ""
[35.947s] -- Installing: /home/koki-22/ac_search/vrx_ws/install/lib/libPublisherPlugin.so
[35.950s] -- Set runtime path of "/home/koki-22/ac_search/vrx_ws/install/lib/libPublisherPlugin.so" to ""
[35.950s] -- Installing: /home/koki-22/ac_search/vrx_ws/install/lib/libScanDockScoringPlugin.so
[35.956s] -- Set runtime path of "/home/koki-22/ac_search/vrx_ws/install/lib/libScanDockScoringPlugin.so" to ""
[35.956s] -- Installing: /home/koki-22/ac_search/vrx_ws/install/lib/libSimpleHydrodynamics.so
[35.959s] -- Set runtime path of "/home/koki-22/ac_search/vrx_ws/install/lib/libSimpleHydrodynamics.so" to ""
[35.959s] -- Installing: /home/koki-22/ac_search/vrx_ws/install/lib/libSurface.so
[35.963s] -- Set runtime path of "/home/koki-22/ac_search/vrx_ws/install/lib/libSurface.so" to ""
[35.963s] -- Installing: /home/koki-22/ac_search/vrx_ws/install/lib/libUSVWind.so
[35.967s] -- Set runtime path of "/home/koki-22/ac_search/vrx_ws/install/lib/libUSVWind.so" to ""
[35.967s] -- Installing: /home/koki-22/ac_search/vrx_ws/install/lib/libWaveVisual.so
[35.972s] -- Set runtime path of "/home/koki-22/ac_search/vrx_ws/install/lib/libWaveVisual.so" to ""
[35.972s] -- Installing: /home/koki-22/ac_search/vrx_ws/install/lib/libWildlifeScoringPlugin.so
[35.977s] -- Set runtime path of "/home/koki-22/ac_search/vrx_ws/install/lib/libWildlifeScoringPlugin.so" to ""
[35.977s] -- Installing: /home/koki-22/ac_search/vrx_ws/install/share/vrx_gz/environment/pythonpath.sh
[35.978s] -- Installing: /home/koki-22/ac_search/vrx_ws/install/share/vrx_gz/environment/pythonpath.dsv
[35.978s] -- Installing: /home/koki-22/ac_search/vrx_ws/install/local/lib/python3.10/dist-packages/vrx_gz-0.0.0-py3.10.egg-info
[35.978s] -- Installing: /home/koki-22/ac_search/vrx_ws/install/local/lib/python3.10/dist-packages/vrx_gz-0.0.0-py3.10.egg-info/SOURCES.txt
[35.978s] -- Installing: /home/koki-22/ac_search/vrx_ws/install/local/lib/python3.10/dist-packages/vrx_gz-0.0.0-py3.10.egg-info/dependency_links.txt
[35.978s] -- Installing: /home/koki-22/ac_search/vrx_ws/install/local/lib/python3.10/dist-packages/vrx_gz-0.0.0-py3.10.egg-info/top_level.txt
[35.979s] -- Installing: /home/koki-22/ac_search/vrx_ws/install/local/lib/python3.10/dist-packages/vrx_gz-0.0.0-py3.10.egg-info/PKG-INFO
[35.979s] -- Installing: /home/koki-22/ac_search/vrx_ws/install/local/lib/python3.10/dist-packages/vrx_gz
[35.979s] -- Installing: /home/koki-22/ac_search/vrx_ws/install/local/lib/python3.10/dist-packages/vrx_gz/launch.py
[35.979s] -- Installing: /home/koki-22/ac_search/vrx_ws/install/local/lib/python3.10/dist-packages/vrx_gz/bridges.py
[35.979s] -- Installing: /home/koki-22/ac_search/vrx_ws/install/local/lib/python3.10/dist-packages/vrx_gz/__init__.py
[35.980s] -- Installing: /home/koki-22/ac_search/vrx_ws/install/local/lib/python3.10/dist-packages/vrx_gz/bridge.py
[35.980s] -- Installing: /home/koki-22/ac_search/vrx_ws/install/local/lib/python3.10/dist-packages/vrx_gz/model.py
[35.980s] -- Installing: /home/koki-22/ac_search/vrx_ws/install/local/lib/python3.10/dist-packages/vrx_gz/payload_bridges.py
[36.044s] Listing '/home/koki-22/ac_search/vrx_ws/install/local/lib/python3.10/dist-packages/vrx_gz'...
[36.044s] Compiling '/home/koki-22/ac_search/vrx_ws/install/local/lib/python3.10/dist-packages/vrx_gz/__init__.py'...
[36.044s] Compiling '/home/koki-22/ac_search/vrx_ws/install/local/lib/python3.10/dist-packages/vrx_gz/bridge.py'...
[36.045s] Compiling '/home/koki-22/ac_search/vrx_ws/install/local/lib/python3.10/dist-packages/vrx_gz/bridges.py'...
[36.045s] Compiling '/home/koki-22/ac_search/vrx_ws/install/local/lib/python3.10/dist-packages/vrx_gz/launch.py'...
[36.045s] Compiling '/home/koki-22/ac_search/vrx_ws/install/local/lib/python3.10/dist-packages/vrx_gz/model.py'...
[36.045s] Compiling '/home/koki-22/ac_search/vrx_ws/install/local/lib/python3.10/dist-packages/vrx_gz/payload_bridges.py'...
[36.051s] -- Installing: /home/koki-22/ac_search/vrx_ws/install/share/vrx_gz/config
[36.051s] -- Installing: /home/koki-22/ac_search/vrx_ws/install/share/vrx_gz/config/wamv.yaml
[36.051s] -- Installing: /home/koki-22/ac_search/vrx_ws/install/share/vrx_gz/launch
[36.052s] -- Installing: /home/koki-22/ac_search/vrx_ws/install/share/vrx_gz/launch/spawn_config.launch.py
[36.052s] -- Installing: /home/koki-22/ac_search/vrx_ws/install/share/vrx_gz/launch/spawn.launch.py
[36.052s] -- Installing: /home/koki-22/ac_search/vrx_ws/install/share/vrx_gz/launch/usv_joy_teleop.py
[36.052s] -- Installing: /home/koki-22/ac_search/vrx_ws/install/share/vrx_gz/launch/competition.launch.py
[36.053s] -- Installing: /home/koki-22/ac_search/vrx_ws/install/share/vrx_gz/models
[36.053s] -- Installing: /home/koki-22/ac_search/vrx_ws/install/share/vrx_gz/models/short_navigation_course_1
[36.053s] -- Installing: /home/koki-22/ac_search/vrx_ws/install/share/vrx_gz/models/short_navigation_course_1/model.config
[36.053s] -- Installing: /home/koki-22/ac_search/vrx_ws/install/share/vrx_gz/models/short_navigation_course_1/model.sdf
[36.053s] -- Installing: /home/koki-22/ac_search/vrx_ws/install/share/vrx_gz/models/dock_2022_base
[36.054s] -- Installing: /home/koki-22/ac_search/vrx_ws/install/share/vrx_gz/models/dock_2022_base/model.config
[36.054s] -- Installing: /home/koki-22/ac_search/vrx_ws/install/share/vrx_gz/models/dock_2022_base/model.sdf
[36.054s] -- Installing: /home/koki-22/ac_search/vrx_ws/install/share/vrx_gz/models/symbol_triangle
[36.054s] -- Installing: /home/koki-22/ac_search/vrx_ws/install/share/vrx_gz/models/symbol_triangle/model.config
[36.055s] -- Installing: /home/koki-22/ac_search/vrx_ws/install/share/vrx_gz/models/symbol_triangle/mesh
[36.055s] -- Installing: /home/koki-22/ac_search/vrx_ws/install/share/vrx_gz/models/symbol_triangle/mesh/triangle.dae
[36.055s] -- Installing: /home/koki-22/ac_search/vrx_ws/install/share/vrx_gz/models/symbol_triangle/model.sdf
[36.055s] -- Installing: /home/koki-22/ac_search/vrx_ws/install/share/vrx_gz/models/robotx_light_buoy_rgb
[36.055s] -- Installing: /home/koki-22/ac_search/vrx_ws/install/share/vrx_gz/models/robotx_light_buoy_rgb/model.config
[36.056s] -- Installing: /home/koki-22/ac_search/vrx_ws/install/share/vrx_gz/models/robotx_light_buoy_rgb/mesh
[36.056s] -- Installing: /home/koki-22/ac_search/vrx_ws/install/share/vrx_gz/models/robotx_light_buoy_rgb/mesh/LightTower_Roughness.png
[36.059s] -- Installing: /home/koki-22/ac_search/vrx_ws/install/share/vrx_gz/models/robotx_light_buoy_rgb/mesh/LightTower_Normal.png
[36.069s] -- Installing: /home/koki-22/ac_search/vrx_ws/install/share/vrx_gz/models/robotx_light_buoy_rgb/mesh/LightTower_Opacity.png
[36.069s] -- Installing: /home/koki-22/ac_search/vrx_ws/install/share/vrx_gz/models/robotx_light_buoy_rgb/mesh/LightTower_Albedo.png
[36.076s] -- Installing: /home/koki-22/ac_search/vrx_ws/install/share/vrx_gz/models/robotx_light_buoy_rgb/mesh/robotx_light_buoy.dae
[36.080s] -- Installing: /home/koki-22/ac_search/vrx_ws/install/share/vrx_gz/models/robotx_light_buoy_rgb/mesh/LightTower_Metalness.png
[36.080s] -- Installing: /home/koki-22/ac_search/vrx_ws/install/share/vrx_gz/models/robotx_light_buoy_rgb/model.sdf
[36.081s] -- Installing: /home/koki-22/ac_search/vrx_ws/install/share/vrx_gz/models/dock_2022
[36.081s] -- Installing: /home/koki-22/ac_search/vrx_ws/install/share/vrx_gz/models/dock_2022/model.config
[36.081s] -- Installing: /home/koki-22/ac_search/vrx_ws/install/share/vrx_gz/models/dock_2022/model.sdf
[36.081s] -- Installing: /home/koki-22/ac_search/vrx_ws/install/share/vrx_gz/models/platform
[36.082s] -- Installing: /home/koki-22/ac_search/vrx_ws/install/share/vrx_gz/models/platform/model.config
[36.082s] -- Installing: /home/koki-22/ac_search/vrx_ws/install/share/vrx_gz/models/platform/model.sdf
[36.082s] -- Installing: /home/koki-22/ac_search/vrx_ws/install/share/vrx_gz/models/placard_2022
[36.082s] -- Installing: /home/koki-22/ac_search/vrx_ws/install/share/vrx_gz/models/placard_2022/meshes
[36.082s] -- Installing: /home/koki-22/ac_search/vrx_ws/install/share/vrx_gz/models/placard_2022/meshes/placard_2022.dae
[36.083s] -- Installing: /home/koki-22/ac_search/vrx_ws/install/share/vrx_gz/models/placard_2022/model.config
[36.083s] -- Installing: /home/koki-22/ac_search/vrx_ws/install/share/vrx_gz/models/placard_2022/materials
[36.083s] -- Installing: /home/koki-22/ac_search/vrx_ws/install/share/vrx_gz/models/placard_2022/materials/textures
[36.083s] -- Installing: /home/koki-22/ac_search/vrx_ws/install/share/vrx_gz/models/placard_2022/materials/textures/Placard.png
[36.084s] -- Installing: /home/koki-22/ac_search/vrx_ws/install/share/vrx_gz/models/placard_2022/model.sdf
[36.084s] -- Installing: /home/koki-22/ac_search/vrx_ws/install/share/vrx_gz/models/obstacle_course
[36.084s] -- Installing: /home/koki-22/ac_search/vrx_ws/install/share/vrx_gz/models/obstacle_course/model.config
[36.084s] -- Installing: /home/koki-22/ac_search/vrx_ws/install/share/vrx_gz/models/obstacle_course/model.sdf
[36.085s] -- Installing: /home/koki-22/ac_search/vrx_ws/install/share/vrx_gz/models/short_navigation_course_5
[36.085s] -- Installing: /home/koki-22/ac_search/vrx_ws/install/share/vrx_gz/models/short_navigation_course_5/model.config
[36.085s] -- Installing: /home/koki-22/ac_search/vrx_ws/install/share/vrx_gz/models/short_navigation_course_5/model.sdf
[36.086s] -- Installing: /home/koki-22/ac_search/vrx_ws/install/share/vrx_gz/models/coast_waves
[36.086s] -- Installing: /home/koki-22/ac_search/vrx_ws/install/share/vrx_gz/models/coast_waves/meshes
[36.086s] -- Installing: /home/koki-22/ac_search/vrx_ws/install/share/vrx_gz/models/coast_waves/meshes/waterlow.dae
[36.123s] -- Installing: /home/koki-22/ac_search/vrx_ws/install/share/vrx_gz/models/coast_waves/model.config
[36.123s] -- Installing: /home/koki-22/ac_search/vrx_ws/install/share/vrx_gz/models/coast_waves/materials
[36.124s] -- Installing: /home/koki-22/ac_search/vrx_ws/install/share/vrx_gz/models/coast_waves/materials/programs
[36.124s] -- Installing: /home/koki-22/ac_search/vrx_ws/install/share/vrx_gz/models/coast_waves/materials/programs/GerstnerWaves_fs_330.glsl
[36.124s] -- Installing: /home/koki-22/ac_search/vrx_ws/install/share/vrx_gz/models/coast_waves/materials/programs/GerstnerWaves_vs_330.glsl
[36.124s] -- Installing: /home/koki-22/ac_search/vrx_ws/install/share/vrx_gz/models/coast_waves/materials/textures
[36.124s] -- Installing: /home/koki-22/ac_search/vrx_ws/install/share/vrx_gz/models/coast_waves/materials/textures/wave_normals.dds
[36.125s] -- Installing: /home/koki-22/ac_search/vrx_ws/install/share/vrx_gz/models/coast_waves/materials/textures/skybox_lowres.dds
[36.128s] -- Installing: /home/koki-22/ac_search/vrx_ws/install/share/vrx_gz/models/coast_waves/model.sdf
[36.128s] -- Installing: /home/koki-22/ac_search/vrx_ws/install/share/vrx_gz/models/articulated_platform
[36.129s] -- Installing: /home/koki-22/ac_search/vrx_ws/install/share/vrx_gz/models/articulated_platform/model.config
[36.129s] -- Installing: /home/koki-22/ac_search/vrx_ws/install/share/vrx_gz/models/articulated_platform/model.sdf
[36.129s] -- Installing: /home/koki-22/ac_search/vrx_ws/install/share/vrx_gz/models/robotx_light_buoy_bgr
[36.129s] -- Installing: /home/koki-22/ac_search/vrx_ws/install/share/vrx_gz/models/robotx_light_buoy_bgr/model.config
[36.130s] -- Installing: /home/koki-22/ac_search/vrx_ws/install/share/vrx_gz/models/robotx_light_buoy_bgr/model.sdf
[36.130s] -- Installing: /home/koki-22/ac_search/vrx_ws/install/share/vrx_gz/models/robotx_light_buoy_bgy
[36.130s] -- Installing: /home/koki-22/ac_search/vrx_ws/install/share/vrx_gz/models/robotx_light_buoy_bgy/model.config
[36.131s] -- Installing: /home/koki-22/ac_search/vrx_ws/install/share/vrx_gz/models/robotx_light_buoy_bgy/model.sdf
[36.131s] -- Installing: /home/koki-22/ac_search/vrx_ws/install/share/vrx_gz/models/robotx_light_buoy_ybr
[36.131s] -- Installing: /home/koki-22/ac_search/vrx_ws/install/share/vrx_gz/models/robotx_light_buoy_ybr/model.config
[36.131s] -- Installing: /home/koki-22/ac_search/vrx_ws/install/share/vrx_gz/models/robotx_light_buoy_ybr/model.sdf
[36.132s] -- Installing: /home/koki-22/ac_search/vrx_ws/install/share/vrx_gz/models/robotx_light_buoy_rbg
[36.132s] -- Installing: /home/koki-22/ac_search/vrx_ws/install/share/vrx_gz/models/robotx_light_buoy_rbg/model.config
[36.132s] -- Installing: /home/koki-22/ac_search/vrx_ws/install/share/vrx_gz/models/robotx_light_buoy_rbg/model.sdf
[36.132s] -- Installing: /home/koki-22/ac_search/vrx_ws/install/share/vrx_gz/models/dock_block_4x4
[36.132s] -- Installing: /home/koki-22/ac_search/vrx_ws/install/share/vrx_gz/models/dock_block_4x4/model.config
[36.133s] -- Installing: /home/koki-22/ac_search/vrx_ws/install/share/vrx_gz/models/dock_block_4x4/mesh
[36.133s] -- Installing: /home/koki-22/ac_search/vrx_ws/install/share/vrx_gz/models/dock_block_4x4/mesh/DockCubes_Roughness.png
[36.134s] -- Installing: /home/koki-22/ac_search/vrx_ws/install/share/vrx_gz/models/dock_block_4x4/mesh/DockCubes_Metalness.png
[36.135s] -- Installing: /home/koki-22/ac_search/vrx_ws/install/share/vrx_gz/models/dock_block_4x4/mesh/dock_block_4x4.dae
[36.140s] -- Installing: /home/koki-22/ac_search/vrx_ws/install/share/vrx_gz/models/dock_block_4x4/mesh/DockCubes_Albedo.png
[36.142s] -- Installing: /home/koki-22/ac_search/vrx_ws/install/share/vrx_gz/models/dock_block_4x4/mesh/DockCubes_Normal.png
[36.202s] -- Installing: /home/koki-22/ac_search/vrx_ws/install/share/vrx_gz/models/dock_block_4x4/model.sdf
[36.202s] -- Installing: /home/koki-22/ac_search/vrx_ws/install/share/vrx_gz/models/robotx_light_buoy_rgy
[36.202s] -- Installing: /home/koki-22/ac_search/vrx_ws/install/share/vrx_gz/models/robotx_light_buoy_rgy/model.config
[36.203s] -- Installing: /home/koki-22/ac_search/vrx_ws/install/share/vrx_gz/models/robotx_light_buoy_rgy/model.sdf
[36.203s] -- Installing: /home/koki-22/ac_search/vrx_ws/install/share/vrx_gz/models/robotx_light_buoy_gbr
[36.203s] -- Installing: /home/koki-22/ac_search/vrx_ws/install/share/vrx_gz/models/robotx_light_buoy_gbr/model.config
[36.204s] -- Installing: /home/koki-22/ac_search/vrx_ws/install/share/vrx_gz/models/robotx_light_buoy_gbr/model.sdf
[36.204s] -- Installing: /home/koki-22/ac_search/vrx_ws/install/share/vrx_gz/models/robotx_light_buoy_yrg
[36.204s] -- Installing: /home/koki-22/ac_search/vrx_ws/install/share/vrx_gz/models/robotx_light_buoy_yrg/model.config
[36.204s] -- Installing: /home/koki-22/ac_search/vrx_ws/install/share/vrx_gz/models/robotx_light_buoy_yrg/model.sdf
[36.205s] -- Installing: /home/koki-22/ac_search/vrx_ws/install/share/vrx_gz/models/short_navigation_course_3
[36.205s] -- Installing: /home/koki-22/ac_search/vrx_ws/install/share/vrx_gz/models/short_navigation_course_3/model.config
[36.205s] -- Installing: /home/koki-22/ac_search/vrx_ws/install/share/vrx_gz/models/short_navigation_course_3/model.sdf
[36.205s] -- Installing: /home/koki-22/ac_search/vrx_ws/install/share/vrx_gz/models/robotx_light_buoy_ygb
[36.206s] -- Installing: /home/koki-22/ac_search/vrx_ws/install/share/vrx_gz/models/robotx_light_buoy_ygb/model.config
[36.206s] -- Installing: /home/koki-22/ac_search/vrx_ws/install/share/vrx_gz/models/robotx_light_buoy_ygb/model.sdf
[36.206s] -- Installing: /home/koki-22/ac_search/vrx_ws/install/share/vrx_gz/models/short_navigation_course_0
[36.206s] -- Installing: /home/koki-22/ac_search/vrx_ws/install/share/vrx_gz/models/short_navigation_course_0/model.config
[36.207s] -- Installing: /home/koki-22/ac_search/vrx_ws/install/share/vrx_gz/models/short_navigation_course_0/model.sdf
[36.207s] -- Installing: /home/koki-22/ac_search/vrx_ws/install/share/vrx_gz/models/short_course_2023_phase3_1
[36.207s] -- Installing: /home/koki-22/ac_search/vrx_ws/install/share/vrx_gz/models/short_course_2023_phase3_1/model.config
[36.207s] -- Installing: /home/koki-22/ac_search/vrx_ws/install/share/vrx_gz/models/short_course_2023_phase3_1/model.sdf
[36.207s] -- Installing: /home/koki-22/ac_search/vrx_ws/install/share/vrx_gz/models/short_navigation_course_2
[36.208s] -- Installing: /home/koki-22/ac_search/vrx_ws/install/share/vrx_gz/models/short_navigation_course_2/model.config
[36.208s] -- Installing: /home/koki-22/ac_search/vrx_ws/install/share/vrx_gz/models/short_navigation_course_2/model.sdf
[36.208s] -- Installing: /home/koki-22/ac_search/vrx_ws/install/share/vrx_gz/models/entrance_exit
[36.208s] -- Installing: /home/koki-22/ac_search/vrx_ws/install/share/vrx_gz/models/entrance_exit/model.config
[36.208s] -- Installing: /home/koki-22/ac_search/vrx_ws/install/share/vrx_gz/models/entrance_exit/model.sdf
[36.209s] -- Installing: /home/koki-22/ac_search/vrx_ws/install/share/vrx_gz/models/short_navigation_course_4
[36.209s] -- Installing: /home/koki-22/ac_search/vrx_ws/install/share/vrx_gz/models/short_navigation_course_4/model.config
[36.209s] -- Installing: /home/koki-22/ac_search/vrx_ws/install/share/vrx_gz/models/short_navigation_course_4/model.sdf
[36.209s] -- Installing: /home/koki-22/ac_search/vrx_ws/install/share/vrx_gz/models/short_course_2023_phase3_2
[36.210s] -- Installing: /home/koki-22/ac_search/vrx_ws/install/share/vrx_gz/models/short_course_2023_phase3_2/model.config
[36.210s] -- Installing: /home/koki-22/ac_search/vrx_ws/install/share/vrx_gz/models/short_course_2023_phase3_2/model.sdf
[36.210s] -- Installing: /home/koki-22/ac_search/vrx_ws/install/share/vrx_gz/worlds
[36.210s] -- Installing: /home/koki-22/ac_search/vrx_ws/install/share/vrx_gz/worlds/wildlife_task.sdf
[36.210s] -- Installing: /home/koki-22/ac_search/vrx_ws/install/share/vrx_gz/worlds/acoustic_tracking_task.sdf
[36.211s] -- Installing: /home/koki-22/ac_search/vrx_ws/install/share/vrx_gz/worlds/acoustic_perception_task.sdf
[36.211s] -- Installing: /home/koki-22/ac_search/vrx_ws/install/share/vrx_gz/worlds/sydney_regatta.sdf
[36.211s] -- Installing: /home/koki-22/ac_search/vrx_ws/install/share/vrx_gz/worlds/nbpark.sdf
[36.211s] -- Installing: /home/koki-22/ac_search/vrx_ws/install/share/vrx_gz/worlds/wayfinding_task.sdf
[36.211s] -- Installing: /home/koki-22/ac_search/vrx_ws/install/share/vrx_gz/worlds/navigation_task.sdf
[36.212s] -- Installing: /home/koki-22/ac_search/vrx_ws/install/share/vrx_gz/worlds/2023_practice
[36.212s] -- Installing: /home/koki-22/ac_search/vrx_ws/install/share/vrx_gz/worlds/2023_practice/practice_2023_stationkeeping0_task.sdf
[36.212s] -- Installing: /home/koki-22/ac_search/vrx_ws/install/share/vrx_gz/worlds/2023_practice/practice_2023_follow_path2_task.sdf
[36.212s] -- Installing: /home/koki-22/ac_search/vrx_ws/install/share/vrx_gz/worlds/2023_practice/practice_2023_follow_path1_task.sdf
[36.213s] -- Installing: /home/koki-22/ac_search/vrx_ws/install/share/vrx_gz/worlds/2023_practice/practice_2023_follow_path0_task.sdf
[36.213s] -- Installing: /home/koki-22/ac_search/vrx_ws/install/share/vrx_gz/worlds/2023_practice/practice_2023_wayfinding2_task.sdf
[36.213s] -- Installing: /home/koki-22/ac_search/vrx_ws/install/share/vrx_gz/worlds/2023_practice/practice_2023_scan_dock_deliver2_task.sdf
[36.213s] -- Installing: /home/koki-22/ac_search/vrx_ws/install/share/vrx_gz/worlds/2023_practice/practice_2023_perception0_task.sdf
[36.213s] -- Installing: /home/koki-22/ac_search/vrx_ws/install/share/vrx_gz/worlds/2023_practice/practice_2023_acoustic_perception0_task.sdf
[36.214s] -- Installing: /home/koki-22/ac_search/vrx_ws/install/share/vrx_gz/worlds/2023_practice/practice_2023_scan_dock_deliver1_task.sdf
[36.214s] -- Installing: /home/koki-22/ac_search/vrx_ws/install/share/vrx_gz/worlds/2023_practice/practice_2023_acoustic_tracking1_task.sdf
[36.214s] -- Installing: /home/koki-22/ac_search/vrx_ws/install/share/vrx_gz/worlds/2023_practice/practice_2023_wayfinding1_task.sdf
[36.214s] -- Installing: /home/koki-22/ac_search/vrx_ws/install/share/vrx_gz/worlds/2023_practice/practice_2023_wildlife2_task.sdf
[36.215s] -- Installing: /home/koki-22/ac_search/vrx_ws/install/share/vrx_gz/worlds/2023_practice/practice_2023_scan_dock_deliver0_task.sdf
[36.215s] -- Installing: /home/koki-22/ac_search/vrx_ws/install/share/vrx_gz/worlds/2023_practice/practice_2023_wildlife1_task.sdf
[36.215s] -- Installing: /home/koki-22/ac_search/vrx_ws/install/share/vrx_gz/worlds/2023_practice/practice_2023_perception2_task.sdf
[36.215s] -- Installing: /home/koki-22/ac_search/vrx_ws/install/share/vrx_gz/worlds/2023_practice/practice_2023_acoustic_perception1_task.sdf
[36.215s] -- Installing: /home/koki-22/ac_search/vrx_ws/install/share/vrx_gz/worlds/2023_practice/practice_2023_stationkeeping2_task.sdf
[36.216s] -- Installing: /home/koki-22/ac_search/vrx_ws/install/share/vrx_gz/worlds/2023_practice/practice_2023_acoustic_perception2_task.sdf
[36.216s] -- Installing: /home/koki-22/ac_search/vrx_ws/install/share/vrx_gz/worlds/2023_practice/practice_2023_stationkeeping1_task.sdf
[36.216s] -- Installing: /home/koki-22/ac_search/vrx_ws/install/share/vrx_gz/worlds/2023_practice/practice_2023_wayfinding0_task.sdf
[36.216s] -- Installing: /home/koki-22/ac_search/vrx_ws/install/share/vrx_gz/worlds/2023_practice/practice_2023_acoustic_tracking0_task.sdf
[36.217s] -- Installing: /home/koki-22/ac_search/vrx_ws/install/share/vrx_gz/worlds/2023_practice/practice_2023_perception1_task.sdf
[36.217s] -- Installing: /home/koki-22/ac_search/vrx_ws/install/share/vrx_gz/worlds/2023_practice/practice_2023_wildlife0_task.sdf
[36.217s] -- Installing: /home/koki-22/ac_search/vrx_ws/install/share/vrx_gz/worlds/2023_practice/practice_2023_acoustic_tracking2_task.sdf
[36.217s] -- Installing: /home/koki-22/ac_search/vrx_ws/install/share/vrx_gz/worlds/perception_task.sdf
[36.217s] -- Installing: /home/koki-22/ac_search/vrx_ws/install/share/vrx_gz/worlds/gymkhana_task.sdf
[36.218s] -- Installing: /home/koki-22/ac_search/vrx_ws/install/share/vrx_gz/worlds/follow_path_task.sdf
[36.218s] -- Installing: /home/koki-22/ac_search/vrx_ws/install/share/vrx_gz/worlds/scan_dock_deliver_task.sdf
[36.218s] -- Installing: /home/koki-22/ac_search/vrx_ws/install/share/vrx_gz/worlds/stationkeeping_task.sdf
[36.218s] -- Installing: /home/koki-22/ac_search/vrx_ws/install/share/ament_index/resource_index/package_run_dependencies/vrx_gz
[36.219s] -- Installing: /home/koki-22/ac_search/vrx_ws/install/share/ament_index/resource_index/parent_prefix_path/vrx_gz
[36.219s] -- Installing: /home/koki-22/ac_search/vrx_ws/install/share/vrx_gz/environment/ament_prefix_path.sh
[36.219s] -- Installing: /home/koki-22/ac_search/vrx_ws/install/share/vrx_gz/environment/ament_prefix_path.dsv
[36.219s] -- Installing: /home/koki-22/ac_search/vrx_ws/install/share/vrx_gz/environment/path.sh
[36.219s] -- Installing: /home/koki-22/ac_search/vrx_ws/install/share/vrx_gz/environment/path.dsv
[36.220s] -- Installing: /home/koki-22/ac_search/vrx_ws/install/share/vrx_gz/local_setup.bash
[36.220s] -- Installing: /home/koki-22/ac_search/vrx_ws/install/share/vrx_gz/local_setup.sh
[36.220s] -- Installing: /home/koki-22/ac_search/vrx_ws/install/share/vrx_gz/local_setup.zsh
[36.221s] -- Installing: /home/koki-22/ac_search/vrx_ws/install/share/vrx_gz/local_setup.dsv
[36.221s] -- Installing: /home/koki-22/ac_search/vrx_ws/install/share/vrx_gz/package.dsv
[36.221s] -- Installing: /home/koki-22/ac_search/vrx_ws/install/share/ament_index/resource_index/packages/vrx_gz
[36.221s] -- Installing: /home/koki-22/ac_search/vrx_ws/install/share/vrx_gz/cmake/vrx_gzConfig.cmake
[36.222s] -- Installing: /home/koki-22/ac_search/vrx_ws/install/share/vrx_gz/cmake/vrx_gzConfig-version.cmake
[36.222s] -- Installing: /home/koki-22/ac_search/vrx_ws/install/share/vrx_gz/package.xml
[36.229s] Invoked command in '/home/koki-22/ac_search/vrx_ws/build/vrx_gz' returned '0': AMENT_PREFIX_PATH=/home/koki-22/ac_search/vrx_ws/install:${AMENT_PREFIX_PATH} CMAKE_PREFIX_PATH=/home/koki-22/ac_search/vrx_ws/install:/opt/ros/humble /usr/bin/cmake --install /home/koki-22/ac_search/vrx_ws/build/vrx_gz
