[0.784s] Invoking command in '/home/koki-22/ac_search/vrx_ws/src/data_collect': PYTHONPATH=/home/koki-22/ac_search/vrx_ws/build/data_collect/prefix_override:/home/koki-22/ac_search/vrx_ws/install/lib/python3.10/site-packages:${PYTHONPATH} /usr/bin/python3 setup.py egg_info --egg-base ../../build/data_collect build --build-base /home/koki-22/ac_search/vrx_ws/build/data_collect/build install --record /home/koki-22/ac_search/vrx_ws/build/data_collect/install.log --single-version-externally-managed
[1.070s] running egg_info
[1.071s] writing ../../build/data_collect/data_collect.egg-info/PKG-INFO
[1.071s] writing dependency_links to ../../build/data_collect/data_collect.egg-info/dependency_links.txt
[1.071s] writing entry points to ../../build/data_collect/data_collect.egg-info/entry_points.txt
[1.071s] writing requirements to ../../build/data_collect/data_collect.egg-info/requires.txt
[1.071s] writing top-level names to ../../build/data_collect/data_collect.egg-info/top_level.txt
[1.073s] reading manifest file '../../build/data_collect/data_collect.egg-info/SOURCES.txt'
[1.074s] writing manifest file '../../build/data_collect/data_collect.egg-info/SOURCES.txt'
[1.074s] running build
[1.074s] running build_py
[1.074s] copying data_collect/data_collecter.py -> /home/koki-22/ac_search/vrx_ws/build/data_collect/build/lib/data_collect
[1.074s] running install
[1.075s] running install_lib
[1.075s] copying /home/koki-22/ac_search/vrx_ws/build/data_collect/build/lib/data_collect/data_collecter.py -> /home/koki-22/ac_search/vrx_ws/install/lib/python3.10/site-packages/data_collect
[1.076s] byte-compiling /home/koki-22/ac_search/vrx_ws/install/lib/python3.10/site-packages/data_collect/data_collecter.py to data_collecter.cpython-310.pyc
[1.077s] running install_data
[1.078s] running install_egg_info
[1.079s] removing '/home/koki-22/ac_search/vrx_ws/install/lib/python3.10/site-packages/data_collect-0.0.0-py3.10.egg-info' (and everything under it)
[1.080s] Copying ../../build/data_collect/data_collect.egg-info to /home/koki-22/ac_search/vrx_ws/install/lib/python3.10/site-packages/data_collect-0.0.0-py3.10.egg-info
[1.081s] running install_scripts
[1.099s] Installing data_collect script to /home/koki-22/ac_search/vrx_ws/install/lib/data_collect
[1.099s] writing list of installed files to '/home/koki-22/ac_search/vrx_ws/build/data_collect/install.log'
[1.132s] Invoked command in '/home/koki-22/ac_search/vrx_ws/src/data_collect' returned '0': PYTHONPATH=/home/koki-22/ac_search/vrx_ws/build/data_collect/prefix_override:/home/koki-22/ac_search/vrx_ws/install/lib/python3.10/site-packages:${PYTHONPATH} /usr/bin/python3 setup.py egg_info --egg-base ../../build/data_collect build --build-base /home/koki-22/ac_search/vrx_ws/build/data_collect/build install --record /home/koki-22/ac_search/vrx_ws/build/data_collect/install.log --single-version-externally-managed
