[1.678s] Invoking command in '/home/gaia-22/ac_search/vrx_ws/src/data_collect': PYTHONPATH=/home/gaia-22/ac_search/vrx_ws/build/data_collect/prefix_override:/home/gaia-22/ac_search/vrx_ws/install/lib/python3.10/site-packages:${PYTHONPATH} /usr/bin/python3 setup.py egg_info --egg-base ../../build/data_collect build --build-base /home/gaia-22/ac_search/vrx_ws/build/data_collect/build install --record /home/gaia-22/ac_search/vrx_ws/build/data_collect/install.log --single-version-externally-managed
[1.891s] running egg_info
[1.892s] writing ../../build/data_collect/data_collect.egg-info/PKG-INFO
[1.892s] writing dependency_links to ../../build/data_collect/data_collect.egg-info/dependency_links.txt
[1.892s] writing entry points to ../../build/data_collect/data_collect.egg-info/entry_points.txt
[1.892s] writing requirements to ../../build/data_collect/data_collect.egg-info/requires.txt
[1.892s] writing top-level names to ../../build/data_collect/data_collect.egg-info/top_level.txt
[4.261s] writing manifest file '../../build/data_collect/data_collect.egg-info/SOURCES.txt'
[4.261s] running build
[4.261s] running build_py
[4.261s] running install
[4.261s] /usr/lib/python3/dist-packages/setuptools/command/install.py:34: SetuptoolsDeprecationWarning: setup.py install is deprecated. Use build and pip and other standards-based tools.
[4.261s]   warnings.warn(
[4.261s] running install_lib
[4.263s] running install_data
[4.263s] running install_egg_info
[4.264s] removing '/home/gaia-22/ac_search/vrx_ws/install/lib/python3.10/site-packages/data_collect-0.0.0-py3.10.egg-info' (and everything under it)
[4.264s] Copying ../../build/data_collect/data_collect.egg-info to /home/gaia-22/ac_search/vrx_ws/install/lib/python3.10/site-packages/data_collect-0.0.0-py3.10.egg-info
[4.264s] running install_scripts
[4.276s] Installing data_collect_node script to /home/gaia-22/ac_search/vrx_ws/install/lib/data_collect
[4.276s] Installing wave_direction script to /home/gaia-22/ac_search/vrx_ws/install/lib/data_collect
[4.276s] Installing wave_gain script to /home/gaia-22/ac_search/vrx_ws/install/lib/data_collect
[4.276s] Installing wave_period script to /home/gaia-22/ac_search/vrx_ws/install/lib/data_collect
[4.276s] Installing wave_stepness script to /home/gaia-22/ac_search/vrx_ws/install/lib/data_collect
[4.276s] writing list of installed files to '/home/gaia-22/ac_search/vrx_ws/build/data_collect/install.log'
[4.440s] Invoked command in '/home/gaia-22/ac_search/vrx_ws/src/data_collect' returned '0': PYTHONPATH=/home/gaia-22/ac_search/vrx_ws/build/data_collect/prefix_override:/home/gaia-22/ac_search/vrx_ws/install/lib/python3.10/site-packages:${PYTHONPATH} /usr/bin/python3 setup.py egg_info --egg-base ../../build/data_collect build --build-base /home/gaia-22/ac_search/vrx_ws/build/data_collect/build install --record /home/gaia-22/ac_search/vrx_ws/build/data_collect/install.log --single-version-externally-managed
