[0.835s] Invoking command in '/home/koki-22/ac_search/cameleon/cameleon_ros_ws/src/makeExpertData': PYTHONPATH=/home/koki-22/ac_search/cameleon/cameleon_ros_ws/build/makeExpertData/prefix_override:/home/koki-22/ac_search/cameleon/cameleon_ros_ws/install/makeExpertData/lib/python3.10/site-packages:${PYTHONPATH} /usr/bin/python3 setup.py egg_info --egg-base ../../build/makeExpertData build --build-base /home/koki-22/ac_search/cameleon/cameleon_ros_ws/build/makeExpertData/build install --record /home/koki-22/ac_search/cameleon/cameleon_ros_ws/build/makeExpertData/install.log --single-version-externally-managed
[1.130s] running egg_info
[1.131s] writing ../../build/makeExpertData/makeExpertData.egg-info/PKG-INFO
[1.131s] writing dependency_links to ../../build/makeExpertData/makeExpertData.egg-info/dependency_links.txt
[1.131s] writing entry points to ../../build/makeExpertData/makeExpertData.egg-info/entry_points.txt
[1.132s] writing requirements to ../../build/makeExpertData/makeExpertData.egg-info/requires.txt
[1.132s] writing top-level names to ../../build/makeExpertData/makeExpertData.egg-info/top_level.txt
[2.032s] writing manifest file '../../build/makeExpertData/makeExpertData.egg-info/SOURCES.txt'
[2.033s] running build
[2.033s] running build_py
[2.033s] copying makeExpertData/makeExpertData.py -> /home/koki-22/ac_search/cameleon/cameleon_ros_ws/build/makeExpertData/build/lib/makeExpertData
[2.034s] running install
[2.035s] running install_lib
[2.037s] copying /home/koki-22/ac_search/cameleon/cameleon_ros_ws/build/makeExpertData/build/lib/makeExpertData/makeExpertData.py -> /home/koki-22/ac_search/cameleon/cameleon_ros_ws/install/makeExpertData/lib/python3.10/site-packages/makeExpertData
[2.038s] byte-compiling /home/koki-22/ac_search/cameleon/cameleon_ros_ws/install/makeExpertData/lib/python3.10/site-packages/makeExpertData/makeExpertData.py to makeExpertData.cpython-310.pyc
[2.039s] running install_data
[2.040s] running install_egg_info
[2.040s] removing '/home/koki-22/ac_search/cameleon/cameleon_ros_ws/install/makeExpertData/lib/python3.10/site-packages/makeExpertData-0.0.0-py3.10.egg-info' (and everything under it)
[2.041s] Copying ../../build/makeExpertData/makeExpertData.egg-info to /home/koki-22/ac_search/cameleon/cameleon_ros_ws/install/makeExpertData/lib/python3.10/site-packages/makeExpertData-0.0.0-py3.10.egg-info
[2.042s] running install_scripts
[2.056s] Installing makeExpertData script to /home/koki-22/ac_search/cameleon/cameleon_ros_ws/install/makeExpertData/lib/makeExpertData
[2.056s] writing list of installed files to '/home/koki-22/ac_search/cameleon/cameleon_ros_ws/build/makeExpertData/install.log'
[2.073s] Invoked command in '/home/koki-22/ac_search/cameleon/cameleon_ros_ws/src/makeExpertData' returned '0': PYTHONPATH=/home/koki-22/ac_search/cameleon/cameleon_ros_ws/build/makeExpertData/prefix_override:/home/koki-22/ac_search/cameleon/cameleon_ros_ws/install/makeExpertData/lib/python3.10/site-packages:${PYTHONPATH} /usr/bin/python3 setup.py egg_info --egg-base ../../build/makeExpertData build --build-base /home/koki-22/ac_search/cameleon/cameleon_ros_ws/build/makeExpertData/build install --record /home/koki-22/ac_search/cameleon/cameleon_ros_ws/build/makeExpertData/install.log --single-version-externally-managed
