[0.029s] Invoking command in '/home/koki-22/ac_search/vrx_ws/build/vrx_gz': CMAKE_PREFIX_PATH=/opt/ros/humble:${CMAKE_PREFIX_PATH} PYTHONPATH=/home/koki-22/ac_search/vrx_ws/install/lib/python3.10/site-packages:/home/koki-22/ac_search/vrx_ws/install/local/lib/python3.10/dist-packages:/opt/ros/humble/lib/python3.10/site-packages:/opt/ros/humble/local/lib/python3.10/dist-packages /usr/bin/cmake --build /home/koki-22/ac_search/vrx_ws/build/vrx_gz -- -j16 -l16
[0.128s] [  4%] Built target ScoringPlugin
[0.128s] [  8%] Built target Waves
[0.132s] [  8%] Built target ament_cmake_python_copy_vrx_gz
[0.209s] [ 12%] Built target AcousticPingerPlugin
[0.211s] [ 18%] Built target WayfindingScoringPlugin
[0.211s] [ 25%] Built target StationkeepingScoringPlugin
[0.216s] [ 33%] Built target AcousticPerceptionScoringPlugin
[0.217s] [ 37%] Built target AcousticTrackingScoringPlugin
[0.218s] [ 41%] Built target LightBuoyPlugin
[0.218s] [ 45%] Built target BallShooterPlugin
[0.220s] [ 50%] Built target NavigationScoringPlugin
[0.225s] [ 54%] Built target GymkhanaScoringPlugin
[0.230s] [ 62%] Built target PerceptionScoringPlugin
[0.230s] [ 62%] Built target PlacardPlugin
[0.232s] [ 66%] Built target PublisherPlugin
[0.232s] [ 70%] Built target SimpleHydrodynamics
[0.235s] [ 75%] Built target Surface
[0.241s] [ 79%] Built target ScanDockScoringPlugin
[0.242s] [ 83%] Built target USVWind
[0.281s] [ 87%] Built target WildlifeScoringPlugin
[0.286s] [ 97%] Built target WaveVisual
[0.286s] [100%] Built target PolyhedraBuoyancyDrag
[0.887s] running egg_info
[0.889s] writing vrx_gz.egg-info/PKG-INFO
[0.889s] writing dependency_links to vrx_gz.egg-info/dependency_links.txt
[0.889s] writing top-level names to vrx_gz.egg-info/top_level.txt
[0.893s] reading manifest file 'vrx_gz.egg-info/SOURCES.txt'
[0.895s] writing manifest file 'vrx_gz.egg-info/SOURCES.txt'
[0.938s] [100%] Built target ament_cmake_python_build_vrx_gz_egg
[0.958s] Invoked command in '/home/koki-22/ac_search/vrx_ws/build/vrx_gz' returned '0': CMAKE_PREFIX_PATH=/opt/ros/humble:${CMAKE_PREFIX_PATH} PYTHONPATH=/home/koki-22/ac_search/vrx_ws/install/lib/python3.10/site-packages:/home/koki-22/ac_search/vrx_ws/install/local/lib/python3.10/dist-packages:/opt/ros/humble/lib/python3.10/site-packages:/opt/ros/humble/local/lib/python3.10/dist-packages /usr/bin/cmake --build /home/koki-22/ac_search/vrx_ws/build/vrx_gz -- -j16 -l16
[1.107s] Invoking command in '/home/koki-22/ac_search/vrx_ws/build/vrx_gz': CMAKE_PREFIX_PATH=/opt/ros/humble:${CMAKE_PREFIX_PATH} PYTHONPATH=/home/koki-22/ac_search/vrx_ws/install/lib/python3.10/site-packages:/home/koki-22/ac_search/vrx_ws/install/local/lib/python3.10/dist-packages:/opt/ros/humble/lib/python3.10/site-packages:/opt/ros/humble/local/lib/python3.10/dist-packages /usr/bin/cmake --install /home/koki-22/ac_search/vrx_ws/build/vrx_gz
[1.122s] -- Install configuration: ""
[1.122s] -- Up-to-date: /home/koki-22/ac_search/vrx_ws/install/share/vrx_gz/environment/resource_paths.dsv
[1.122s] -- Up-to-date: /home/koki-22/ac_search/vrx_ws/install/share/vrx_gz/environment/resource_paths.sh
[1.123s] -- Up-to-date: /home/koki-22/ac_search/vrx_ws/install/lib/libWaves.so
[1.123s] -- Up-to-date: /home/koki-22/ac_search/vrx_ws/install/lib/libPolyhedraBuoyancyDrag.so
[1.124s] -- Up-to-date: /home/koki-22/ac_search/vrx_ws/install/lib/libScoringPlugin.so
[1.124s] -- Up-to-date: /home/koki-22/ac_search/vrx_ws/install/lib/libStationkeepingScoringPlugin.so
[1.125s] -- Up-to-date: /home/koki-22/ac_search/vrx_ws/install/lib/libWayfindingScoringPlugin.so
[1.125s] -- Up-to-date: /home/koki-22/ac_search/vrx_ws/install/lib/libAcousticPerceptionScoringPlugin.so
[1.126s] -- Up-to-date: /home/koki-22/ac_search/vrx_ws/install/lib/libAcousticTrackingScoringPlugin.so
[1.127s] -- Up-to-date: /home/koki-22/ac_search/vrx_ws/install/lib/libAcousticPingerPlugin.so
[1.127s] -- Up-to-date: /home/koki-22/ac_search/vrx_ws/install/lib/libBallShooterPlugin.so
[1.128s] -- Up-to-date: /home/koki-22/ac_search/vrx_ws/install/lib/libLightBuoyPlugin.so
[1.128s] -- Up-to-date: /home/koki-22/ac_search/vrx_ws/install/lib/libNavigationScoringPlugin.so
[1.129s] -- Up-to-date: /home/koki-22/ac_search/vrx_ws/install/lib/libGymkhanaScoringPlugin.so
[1.129s] -- Up-to-date: /home/koki-22/ac_search/vrx_ws/install/lib/libPerceptionScoringPlugin.so
[1.129s] -- Up-to-date: /home/koki-22/ac_search/vrx_ws/install/lib/libPlacardPlugin.so
[1.130s] -- Up-to-date: /home/koki-22/ac_search/vrx_ws/install/lib/libPublisherPlugin.so
[1.130s] -- Up-to-date: /home/koki-22/ac_search/vrx_ws/install/lib/libScanDockScoringPlugin.so
[1.131s] -- Up-to-date: /home/koki-22/ac_search/vrx_ws/install/lib/libSimpleHydrodynamics.so
[1.131s] -- Up-to-date: /home/koki-22/ac_search/vrx_ws/install/lib/libSurface.so
[1.132s] -- Up-to-date: /home/koki-22/ac_search/vrx_ws/install/lib/libUSVWind.so
[1.133s] -- Up-to-date: /home/koki-22/ac_search/vrx_ws/install/lib/libWaveVisual.so
[1.134s] -- Up-to-date: /home/koki-22/ac_search/vrx_ws/install/lib/libWildlifeScoringPlugin.so
[1.134s] -- Up-to-date: /home/koki-22/ac_search/vrx_ws/install/share/vrx_gz/environment/pythonpath.sh
[1.134s] -- Up-to-date: /home/koki-22/ac_search/vrx_ws/install/share/vrx_gz/environment/pythonpath.dsv
[1.134s] -- Up-to-date: /home/koki-22/ac_search/vrx_ws/install/local/lib/python3.10/dist-packages/vrx_gz-0.0.0-py3.10.egg-info
[1.134s] -- Installing: /home/koki-22/ac_search/vrx_ws/install/local/lib/python3.10/dist-packages/vrx_gz-0.0.0-py3.10.egg-info/SOURCES.txt
[1.135s] -- Installing: /home/koki-22/ac_search/vrx_ws/install/local/lib/python3.10/dist-packages/vrx_gz-0.0.0-py3.10.egg-info/dependency_links.txt
[1.135s] -- Installing: /home/koki-22/ac_search/vrx_ws/install/local/lib/python3.10/dist-packages/vrx_gz-0.0.0-py3.10.egg-info/top_level.txt
[1.135s] -- Installing: /home/koki-22/ac_search/vrx_ws/install/local/lib/python3.10/dist-packages/vrx_gz-0.0.0-py3.10.egg-info/PKG-INFO
[1.136s] -- Up-to-date: /home/koki-22/ac_search/vrx_ws/install/local/lib/python3.10/dist-packages/vrx_gz
[1.136s] -- Up-to-date: /home/koki-22/ac_search/vrx_ws/install/local/lib/python3.10/dist-packages/vrx_gz/launch.py
[1.136s] -- Up-to-date: /home/koki-22/ac_search/vrx_ws/install/local/lib/python3.10/dist-packages/vrx_gz/bridges.py
[1.137s] -- Up-to-date: /home/koki-22/ac_search/vrx_ws/install/local/lib/python3.10/dist-packages/vrx_gz/__init__.py
[1.137s] -- Up-to-date: /home/koki-22/ac_search/vrx_ws/install/local/lib/python3.10/dist-packages/vrx_gz/bridge.py
[1.137s] -- Up-to-date: /home/koki-22/ac_search/vrx_ws/install/local/lib/python3.10/dist-packages/vrx_gz/model.py
[1.138s] -- Up-to-date: /home/koki-22/ac_search/vrx_ws/install/local/lib/python3.10/dist-packages/vrx_gz/payload_bridges.py
[1.200s] Listing '/home/koki-22/ac_search/vrx_ws/install/local/lib/python3.10/dist-packages/vrx_gz'...
[1.208s] -- Up-to-date: /home/koki-22/ac_search/vrx_ws/install/share/vrx_gz/config
[1.209s] -- Up-to-date: /home/koki-22/ac_search/vrx_ws/install/share/vrx_gz/config/wamv.yaml
[1.209s] -- Up-to-date: /home/koki-22/ac_search/vrx_ws/install/share/vrx_gz/launch
[1.211s] -- Up-to-date: /home/koki-22/ac_search/vrx_ws/install/share/vrx_gz/launch/spawn_config.launch.py
[1.211s] -- Up-to-date: /home/koki-22/ac_search/vrx_ws/install/share/vrx_gz/launch/spawn.launch.py
[1.212s] -- Up-to-date: /home/koki-22/ac_search/vrx_ws/install/share/vrx_gz/launch/usv_joy_teleop.launch.py
[1.212s] -- Up-to-date: /home/koki-22/ac_search/vrx_ws/install/share/vrx_gz/launch/competition.launch.py
[1.212s] -- Up-to-date: /home/koki-22/ac_search/vrx_ws/install/share/vrx_gz/models
[1.213s] -- Up-to-date: /home/koki-22/ac_search/vrx_ws/install/share/vrx_gz/models/short_navigation_course_1
[1.213s] -- Up-to-date: /home/koki-22/ac_search/vrx_ws/install/share/vrx_gz/models/short_navigation_course_1/model.config
[1.213s] -- Up-to-date: /home/koki-22/ac_search/vrx_ws/install/share/vrx_gz/models/short_navigation_course_1/model.sdf
[1.214s] -- Up-to-date: /home/koki-22/ac_search/vrx_ws/install/share/vrx_gz/models/dock_2022_base
[1.214s] -- Up-to-date: /home/koki-22/ac_search/vrx_ws/install/share/vrx_gz/models/dock_2022_base/model.config
[1.215s] -- Up-to-date: /home/koki-22/ac_search/vrx_ws/install/share/vrx_gz/models/dock_2022_base/model.sdf
[1.215s] -- Up-to-date: /home/koki-22/ac_search/vrx_ws/install/share/vrx_gz/models/symbol_triangle
[1.215s] -- Up-to-date: /home/koki-22/ac_search/vrx_ws/install/share/vrx_gz/models/symbol_triangle/model.config
[1.216s] -- Up-to-date: /home/koki-22/ac_search/vrx_ws/install/share/vrx_gz/models/symbol_triangle/mesh
[1.216s] -- Up-to-date: /home/koki-22/ac_search/vrx_ws/install/share/vrx_gz/models/symbol_triangle/mesh/triangle.dae
[1.217s] -- Up-to-date: /home/koki-22/ac_search/vrx_ws/install/share/vrx_gz/models/symbol_triangle/model.sdf
[1.217s] -- Up-to-date: /home/koki-22/ac_search/vrx_ws/install/share/vrx_gz/models/robotx_light_buoy_rgb
[1.217s] -- Up-to-date: /home/koki-22/ac_search/vrx_ws/install/share/vrx_gz/models/robotx_light_buoy_rgb/model.config
[1.218s] -- Up-to-date: /home/koki-22/ac_search/vrx_ws/install/share/vrx_gz/models/robotx_light_buoy_rgb/mesh
[1.218s] -- Up-to-date: /home/koki-22/ac_search/vrx_ws/install/share/vrx_gz/models/robotx_light_buoy_rgb/mesh/LightTower_Roughness.png
[1.219s] -- Up-to-date: /home/koki-22/ac_search/vrx_ws/install/share/vrx_gz/models/robotx_light_buoy_rgb/mesh/LightTower_Normal.png
[1.219s] -- Up-to-date: /home/koki-22/ac_search/vrx_ws/install/share/vrx_gz/models/robotx_light_buoy_rgb/mesh/LightTower_Opacity.png
[1.219s] -- Up-to-date: /home/koki-22/ac_search/vrx_ws/install/share/vrx_gz/models/robotx_light_buoy_rgb/mesh/LightTower_Albedo.png
[1.220s] -- Up-to-date: /home/koki-22/ac_search/vrx_ws/install/share/vrx_gz/models/robotx_light_buoy_rgb/mesh/robotx_light_buoy.dae
[1.220s] -- Up-to-date: /home/koki-22/ac_search/vrx_ws/install/share/vrx_gz/models/robotx_light_buoy_rgb/mesh/LightTower_Metalness.png
[1.220s] -- Up-to-date: /home/koki-22/ac_search/vrx_ws/install/share/vrx_gz/models/robotx_light_buoy_rgb/model.sdf
[1.220s] -- Up-to-date: /home/koki-22/ac_search/vrx_ws/install/share/vrx_gz/models/dock_2022
[1.220s] -- Up-to-date: /home/koki-22/ac_search/vrx_ws/install/share/vrx_gz/models/dock_2022/model.config
[1.221s] -- Up-to-date: /home/koki-22/ac_search/vrx_ws/install/share/vrx_gz/models/dock_2022/model.sdf
[1.221s] -- Up-to-date: /home/koki-22/ac_search/vrx_ws/install/share/vrx_gz/models/platform
[1.221s] -- Up-to-date: /home/koki-22/ac_search/vrx_ws/install/share/vrx_gz/models/platform/model.config
[1.221s] -- Up-to-date: /home/koki-22/ac_search/vrx_ws/install/share/vrx_gz/models/platform/model.sdf
[1.221s] -- Up-to-date: /home/koki-22/ac_search/vrx_ws/install/share/vrx_gz/models/placard_2022
[1.222s] -- Up-to-date: /home/koki-22/ac_search/vrx_ws/install/share/vrx_gz/models/placard_2022/meshes
[1.222s] -- Up-to-date: /home/koki-22/ac_search/vrx_ws/install/share/vrx_gz/models/placard_2022/meshes/placard_2022.dae
[1.222s] -- Up-to-date: /home/koki-22/ac_search/vrx_ws/install/share/vrx_gz/models/placard_2022/model.config
[1.222s] -- Up-to-date: /home/koki-22/ac_search/vrx_ws/install/share/vrx_gz/models/placard_2022/materials
[1.222s] -- Up-to-date: /home/koki-22/ac_search/vrx_ws/install/share/vrx_gz/models/placard_2022/materials/textures
[1.222s] -- Up-to-date: /home/koki-22/ac_search/vrx_ws/install/share/vrx_gz/models/placard_2022/materials/textures/Placard.png
[1.223s] -- Up-to-date: /home/koki-22/ac_search/vrx_ws/install/share/vrx_gz/models/placard_2022/model.sdf
[1.223s] -- Up-to-date: /home/koki-22/ac_search/vrx_ws/install/share/vrx_gz/models/obstacle_course
[1.223s] -- Up-to-date: /home/koki-22/ac_search/vrx_ws/install/share/vrx_gz/models/obstacle_course/model.config
[1.223s] -- Up-to-date: /home/koki-22/ac_search/vrx_ws/install/share/vrx_gz/models/obstacle_course/model.sdf
[1.223s] -- Up-to-date: /home/koki-22/ac_search/vrx_ws/install/share/vrx_gz/models/short_navigation_course_5
[1.223s] -- Up-to-date: /home/koki-22/ac_search/vrx_ws/install/share/vrx_gz/models/short_navigation_course_5/model.config
[1.223s] -- Up-to-date: /home/koki-22/ac_search/vrx_ws/install/share/vrx_gz/models/short_navigation_course_5/model.sdf
[1.224s] -- Up-to-date: /home/koki-22/ac_search/vrx_ws/install/share/vrx_gz/models/coast_waves
[1.224s] -- Up-to-date: /home/koki-22/ac_search/vrx_ws/install/share/vrx_gz/models/coast_waves/meshes
[1.224s] -- Up-to-date: /home/koki-22/ac_search/vrx_ws/install/share/vrx_gz/models/coast_waves/meshes/waterlow.dae
[1.224s] -- Up-to-date: /home/koki-22/ac_search/vrx_ws/install/share/vrx_gz/models/coast_waves/model.config
[1.224s] -- Up-to-date: /home/koki-22/ac_search/vrx_ws/install/share/vrx_gz/models/coast_waves/materials
[1.224s] -- Up-to-date: /home/koki-22/ac_search/vrx_ws/install/share/vrx_gz/models/coast_waves/materials/programs
[1.224s] -- Up-to-date: /home/koki-22/ac_search/vrx_ws/install/share/vrx_gz/models/coast_waves/materials/programs/GerstnerWaves_fs_330.glsl
[1.225s] -- Up-to-date: /home/koki-22/ac_search/vrx_ws/install/share/vrx_gz/models/coast_waves/materials/programs/GerstnerWaves_vs_330.glsl
[1.225s] -- Up-to-date: /home/koki-22/ac_search/vrx_ws/install/share/vrx_gz/models/coast_waves/materials/textures
[1.225s] -- Up-to-date: /home/koki-22/ac_search/vrx_ws/install/share/vrx_gz/models/coast_waves/materials/textures/wave_normals.dds
[1.226s] -- Up-to-date: /home/koki-22/ac_search/vrx_ws/install/share/vrx_gz/models/coast_waves/materials/textures/skybox_lowres.dds
[1.233s] -- Up-to-date: /home/koki-22/ac_search/vrx_ws/install/share/vrx_gz/models/coast_waves/model.sdf
[1.233s] -- Up-to-date: /home/koki-22/ac_search/vrx_ws/install/share/vrx_gz/models/articulated_platform
[1.233s] -- Up-to-date: /home/koki-22/ac_search/vrx_ws/install/share/vrx_gz/models/articulated_platform/model.config
[1.234s] -- Up-to-date: /home/koki-22/ac_search/vrx_ws/install/share/vrx_gz/models/articulated_platform/model.sdf
[1.234s] -- Up-to-date: /home/koki-22/ac_search/vrx_ws/install/share/vrx_gz/models/robotx_light_buoy_bgr
[1.234s] -- Up-to-date: /home/koki-22/ac_search/vrx_ws/install/share/vrx_gz/models/robotx_light_buoy_bgr/model.config
[1.234s] -- Up-to-date: /home/koki-22/ac_search/vrx_ws/install/share/vrx_gz/models/robotx_light_buoy_bgr/model.sdf
[1.235s] -- Up-to-date: /home/koki-22/ac_search/vrx_ws/install/share/vrx_gz/models/robotx_light_buoy_bgy
[1.235s] -- Up-to-date: /home/koki-22/ac_search/vrx_ws/install/share/vrx_gz/models/robotx_light_buoy_bgy/model.config
[1.235s] -- Up-to-date: /home/koki-22/ac_search/vrx_ws/install/share/vrx_gz/models/robotx_light_buoy_bgy/model.sdf
[1.235s] -- Up-to-date: /home/koki-22/ac_search/vrx_ws/install/share/vrx_gz/models/robotx_light_buoy_ybr
[1.236s] -- Up-to-date: /home/koki-22/ac_search/vrx_ws/install/share/vrx_gz/models/robotx_light_buoy_ybr/model.config
[1.236s] -- Up-to-date: /home/koki-22/ac_search/vrx_ws/install/share/vrx_gz/models/robotx_light_buoy_ybr/model.sdf
[1.239s] -- Up-to-date: /home/koki-22/ac_search/vrx_ws/install/share/vrx_gz/models/robotx_light_buoy_rbg
[1.240s] -- Up-to-date: /home/koki-22/ac_search/vrx_ws/install/share/vrx_gz/models/robotx_light_buoy_rbg/model.config
[1.240s] -- Up-to-date: /home/koki-22/ac_search/vrx_ws/install/share/vrx_gz/models/robotx_light_buoy_rbg/model.sdf
[1.240s] -- Up-to-date: /home/koki-22/ac_search/vrx_ws/install/share/vrx_gz/models/dock_block_4x4
[1.241s] -- Up-to-date: /home/koki-22/ac_search/vrx_ws/install/share/vrx_gz/models/dock_block_4x4/model.config
[1.242s] -- Up-to-date: /home/koki-22/ac_search/vrx_ws/install/share/vrx_gz/models/dock_block_4x4/mesh
[1.242s] -- Up-to-date: /home/koki-22/ac_search/vrx_ws/install/share/vrx_gz/models/dock_block_4x4/mesh/DockCubes_Roughness.png
[1.242s] -- Up-to-date: /home/koki-22/ac_search/vrx_ws/install/share/vrx_gz/models/dock_block_4x4/mesh/DockCubes_Metalness.png
[1.243s] -- Up-to-date: /home/koki-22/ac_search/vrx_ws/install/share/vrx_gz/models/dock_block_4x4/mesh/dock_block_4x4.dae
[1.243s] -- Up-to-date: /home/koki-22/ac_search/vrx_ws/install/share/vrx_gz/models/dock_block_4x4/mesh/DockCubes_Albedo.png
[1.243s] -- Up-to-date: /home/koki-22/ac_search/vrx_ws/install/share/vrx_gz/models/dock_block_4x4/mesh/DockCubes_Normal.png
[1.244s] -- Up-to-date: /home/koki-22/ac_search/vrx_ws/install/share/vrx_gz/models/dock_block_4x4/model.sdf
[1.244s] -- Up-to-date: /home/koki-22/ac_search/vrx_ws/install/share/vrx_gz/models/robotx_light_buoy_rgy
[1.244s] -- Up-to-date: /home/koki-22/ac_search/vrx_ws/install/share/vrx_gz/models/robotx_light_buoy_rgy/model.config
[1.244s] -- Up-to-date: /home/koki-22/ac_search/vrx_ws/install/share/vrx_gz/models/robotx_light_buoy_rgy/model.sdf
[1.245s] -- Up-to-date: /home/koki-22/ac_search/vrx_ws/install/share/vrx_gz/models/robotx_light_buoy_gbr
[1.245s] -- Up-to-date: /home/koki-22/ac_search/vrx_ws/install/share/vrx_gz/models/robotx_light_buoy_gbr/model.config
[1.245s] -- Up-to-date: /home/koki-22/ac_search/vrx_ws/install/share/vrx_gz/models/robotx_light_buoy_gbr/model.sdf
[1.246s] -- Up-to-date: /home/koki-22/ac_search/vrx_ws/install/share/vrx_gz/models/robotx_light_buoy_yrg
[1.246s] -- Up-to-date: /home/koki-22/ac_search/vrx_ws/install/share/vrx_gz/models/robotx_light_buoy_yrg/model.config
[1.246s] -- Up-to-date: /home/koki-22/ac_search/vrx_ws/install/share/vrx_gz/models/robotx_light_buoy_yrg/model.sdf
[1.250s] -- Up-to-date: /home/koki-22/ac_search/vrx_ws/install/share/vrx_gz/models/short_navigation_course_3
[1.251s] -- Up-to-date: /home/koki-22/ac_search/vrx_ws/install/share/vrx_gz/models/short_navigation_course_3/model.config
[1.251s] -- Up-to-date: /home/koki-22/ac_search/vrx_ws/install/share/vrx_gz/models/short_navigation_course_3/model.sdf
[1.252s] -- Up-to-date: /home/koki-22/ac_search/vrx_ws/install/share/vrx_gz/models/robotx_light_buoy_ygb
[1.252s] -- Up-to-date: /home/koki-22/ac_search/vrx_ws/install/share/vrx_gz/models/robotx_light_buoy_ygb/model.config
[1.252s] -- Up-to-date: /home/koki-22/ac_search/vrx_ws/install/share/vrx_gz/models/robotx_light_buoy_ygb/model.sdf
[1.253s] -- Up-to-date: /home/koki-22/ac_search/vrx_ws/install/share/vrx_gz/models/short_navigation_course_0
[1.253s] -- Up-to-date: /home/koki-22/ac_search/vrx_ws/install/share/vrx_gz/models/short_navigation_course_0/model.config
[1.255s] -- Up-to-date: /home/koki-22/ac_search/vrx_ws/install/share/vrx_gz/models/short_navigation_course_0/model.sdf
[1.259s] -- Up-to-date: /home/koki-22/ac_search/vrx_ws/install/share/vrx_gz/models/short_course_2023_phase3_1
[1.260s] -- Up-to-date: /home/koki-22/ac_search/vrx_ws/install/share/vrx_gz/models/short_course_2023_phase3_1/model.config
[1.260s] -- Up-to-date: /home/koki-22/ac_search/vrx_ws/install/share/vrx_gz/models/short_course_2023_phase3_1/model.sdf
[1.260s] -- Up-to-date: /home/koki-22/ac_search/vrx_ws/install/share/vrx_gz/models/short_navigation_course_2
[1.261s] -- Up-to-date: /home/koki-22/ac_search/vrx_ws/install/share/vrx_gz/models/short_navigation_course_2/model.config
[1.261s] -- Up-to-date: /home/koki-22/ac_search/vrx_ws/install/share/vrx_gz/models/short_navigation_course_2/model.sdf
[1.261s] -- Up-to-date: /home/koki-22/ac_search/vrx_ws/install/share/vrx_gz/models/entrance_exit
[1.262s] -- Up-to-date: /home/koki-22/ac_search/vrx_ws/install/share/vrx_gz/models/entrance_exit/model.config
[1.262s] -- Up-to-date: /home/koki-22/ac_search/vrx_ws/install/share/vrx_gz/models/entrance_exit/model.sdf
[1.263s] -- Up-to-date: /home/koki-22/ac_search/vrx_ws/install/share/vrx_gz/models/short_navigation_course_4
[1.266s] -- Up-to-date: /home/koki-22/ac_search/vrx_ws/install/share/vrx_gz/models/short_navigation_course_4/model.config
[1.267s] -- Up-to-date: /home/koki-22/ac_search/vrx_ws/install/share/vrx_gz/models/short_navigation_course_4/model.sdf
[1.267s] -- Up-to-date: /home/koki-22/ac_search/vrx_ws/install/share/vrx_gz/models/short_course_2023_phase3_2
[1.267s] -- Up-to-date: /home/koki-22/ac_search/vrx_ws/install/share/vrx_gz/models/short_course_2023_phase3_2/model.config
[1.268s] -- Up-to-date: /home/koki-22/ac_search/vrx_ws/install/share/vrx_gz/models/short_course_2023_phase3_2/model.sdf
[1.269s] -- Up-to-date: /home/koki-22/ac_search/vrx_ws/install/share/vrx_gz/worlds
[1.269s] -- Up-to-date: /home/koki-22/ac_search/vrx_ws/install/share/vrx_gz/worlds/wildlife_task.sdf
[1.270s] -- Up-to-date: /home/koki-22/ac_search/vrx_ws/install/share/vrx_gz/worlds/sydney_regatta_my.sdf
[1.270s] -- Up-to-date: /home/koki-22/ac_search/vrx_ws/install/share/vrx_gz/worlds/acoustic_tracking_task.sdf
[1.270s] -- Up-to-date: /home/koki-22/ac_search/vrx_ws/install/share/vrx_gz/worlds/acoustic_perception_task.sdf
[1.270s] -- Up-to-date: /home/koki-22/ac_search/vrx_ws/install/share/vrx_gz/worlds/sydney_regatta.sdf
[1.270s] -- Up-to-date: /home/koki-22/ac_search/vrx_ws/install/share/vrx_gz/worlds/sydney_regatta_debug.sdf
[1.271s] -- Up-to-date: /home/koki-22/ac_search/vrx_ws/install/share/vrx_gz/worlds/nbpark.sdf
[1.272s] -- Up-to-date: /home/koki-22/ac_search/vrx_ws/install/share/vrx_gz/worlds/wayfinding_task.sdf
[1.273s] -- Up-to-date: /home/koki-22/ac_search/vrx_ws/install/share/vrx_gz/worlds/navigation_task.sdf
[1.273s] -- Up-to-date: /home/koki-22/ac_search/vrx_ws/install/share/vrx_gz/worlds/2023_practice
[1.273s] -- Up-to-date: /home/koki-22/ac_search/vrx_ws/install/share/vrx_gz/worlds/2023_practice/practice_2023_stationkeeping0_task.sdf
[1.274s] -- Up-to-date: /home/koki-22/ac_search/vrx_ws/install/share/vrx_gz/worlds/2023_practice/practice_2023_follow_path2_task.sdf
[1.274s] -- Up-to-date: /home/koki-22/ac_search/vrx_ws/install/share/vrx_gz/worlds/2023_practice/practice_2023_follow_path1_task.sdf
[1.275s] -- Up-to-date: /home/koki-22/ac_search/vrx_ws/install/share/vrx_gz/worlds/2023_practice/practice_2023_follow_path0_task.sdf
[1.275s] -- Up-to-date: /home/koki-22/ac_search/vrx_ws/install/share/vrx_gz/worlds/2023_practice/practice_2023_wayfinding2_task.sdf
[1.275s] -- Up-to-date: /home/koki-22/ac_search/vrx_ws/install/share/vrx_gz/worlds/2023_practice/practice_2023_scan_dock_deliver2_task.sdf
[1.276s] -- Up-to-date: /home/koki-22/ac_search/vrx_ws/install/share/vrx_gz/worlds/2023_practice/practice_2023_perception0_task.sdf
[1.276s] -- Up-to-date: /home/koki-22/ac_search/vrx_ws/install/share/vrx_gz/worlds/2023_practice/practice_2023_acoustic_perception0_task.sdf
[1.276s] -- Up-to-date: /home/koki-22/ac_search/vrx_ws/install/share/vrx_gz/worlds/2023_practice/practice_2023_scan_dock_deliver1_task.sdf
[1.277s] -- Up-to-date: /home/koki-22/ac_search/vrx_ws/install/share/vrx_gz/worlds/2023_practice/practice_2023_acoustic_tracking1_task.sdf
[1.278s] -- Up-to-date: /home/koki-22/ac_search/vrx_ws/install/share/vrx_gz/worlds/2023_practice/practice_2023_wayfinding1_task.sdf
[1.278s] -- Up-to-date: /home/koki-22/ac_search/vrx_ws/install/share/vrx_gz/worlds/2023_practice/practice_2023_wildlife2_task.sdf
[1.278s] -- Up-to-date: /home/koki-22/ac_search/vrx_ws/install/share/vrx_gz/worlds/2023_practice/practice_2023_scan_dock_deliver0_task.sdf
[1.279s] -- Up-to-date: /home/koki-22/ac_search/vrx_ws/install/share/vrx_gz/worlds/2023_practice/practice_2023_wildlife1_task.sdf
[1.280s] -- Up-to-date: /home/koki-22/ac_search/vrx_ws/install/share/vrx_gz/worlds/2023_practice/practice_2023_perception2_task.sdf
[1.280s] -- Up-to-date: /home/koki-22/ac_search/vrx_ws/install/share/vrx_gz/worlds/2023_practice/practice_2023_acoustic_perception1_task.sdf
[1.280s] -- Up-to-date: /home/koki-22/ac_search/vrx_ws/install/share/vrx_gz/worlds/2023_practice/practice_2023_stationkeeping2_task.sdf
[1.280s] -- Up-to-date: /home/koki-22/ac_search/vrx_ws/install/share/vrx_gz/worlds/2023_practice/practice_2023_acoustic_perception2_task.sdf
[1.281s] -- Up-to-date: /home/koki-22/ac_search/vrx_ws/install/share/vrx_gz/worlds/2023_practice/practice_2023_stationkeeping1_task.sdf
[1.281s] -- Up-to-date: /home/koki-22/ac_search/vrx_ws/install/share/vrx_gz/worlds/2023_practice/practice_2023_wayfinding0_task.sdf
[1.281s] -- Up-to-date: /home/koki-22/ac_search/vrx_ws/install/share/vrx_gz/worlds/2023_practice/practice_2023_acoustic_tracking0_task.sdf
[1.281s] -- Up-to-date: /home/koki-22/ac_search/vrx_ws/install/share/vrx_gz/worlds/2023_practice/practice_2023_perception1_task.sdf
[1.282s] -- Up-to-date: /home/koki-22/ac_search/vrx_ws/install/share/vrx_gz/worlds/2023_practice/practice_2023_wildlife0_task.sdf
[1.282s] -- Up-to-date: /home/koki-22/ac_search/vrx_ws/install/share/vrx_gz/worlds/2023_practice/practice_2023_acoustic_tracking2_task.sdf
[1.282s] -- Up-to-date: /home/koki-22/ac_search/vrx_ws/install/share/vrx_gz/worlds/perception_task.sdf
[1.282s] -- Up-to-date: /home/koki-22/ac_search/vrx_ws/install/share/vrx_gz/worlds/gymkhana_task.sdf
[1.283s] -- Up-to-date: /home/koki-22/ac_search/vrx_ws/install/share/vrx_gz/worlds/follow_path_task.sdf
[1.283s] -- Up-to-date: /home/koki-22/ac_search/vrx_ws/install/share/vrx_gz/worlds/scan_dock_deliver_task.sdf
[1.283s] -- Up-to-date: /home/koki-22/ac_search/vrx_ws/install/share/vrx_gz/worlds/stationkeeping_task.sdf
[1.283s] -- Up-to-date: /home/koki-22/ac_search/vrx_ws/install/share/ament_index/resource_index/package_run_dependencies/vrx_gz
[1.284s] -- Up-to-date: /home/koki-22/ac_search/vrx_ws/install/share/ament_index/resource_index/parent_prefix_path/vrx_gz
[1.284s] -- Up-to-date: /home/koki-22/ac_search/vrx_ws/install/share/vrx_gz/environment/ament_prefix_path.sh
[1.284s] -- Up-to-date: /home/koki-22/ac_search/vrx_ws/install/share/vrx_gz/environment/ament_prefix_path.dsv
[1.285s] -- Up-to-date: /home/koki-22/ac_search/vrx_ws/install/share/vrx_gz/environment/path.sh
[1.285s] -- Up-to-date: /home/koki-22/ac_search/vrx_ws/install/share/vrx_gz/environment/path.dsv
[1.285s] -- Up-to-date: /home/koki-22/ac_search/vrx_ws/install/share/vrx_gz/local_setup.bash
[1.285s] -- Up-to-date: /home/koki-22/ac_search/vrx_ws/install/share/vrx_gz/local_setup.sh
[1.285s] -- Up-to-date: /home/koki-22/ac_search/vrx_ws/install/share/vrx_gz/local_setup.zsh
[1.286s] -- Up-to-date: /home/koki-22/ac_search/vrx_ws/install/share/vrx_gz/local_setup.dsv
[1.286s] -- Installing: /home/koki-22/ac_search/vrx_ws/install/share/vrx_gz/package.dsv
[1.286s] -- Up-to-date: /home/koki-22/ac_search/vrx_ws/install/share/ament_index/resource_index/packages/vrx_gz
[1.286s] -- Up-to-date: /home/koki-22/ac_search/vrx_ws/install/share/vrx_gz/cmake/vrx_gzConfig.cmake
[1.287s] -- Up-to-date: /home/koki-22/ac_search/vrx_ws/install/share/vrx_gz/cmake/vrx_gzConfig-version.cmake
[1.287s] -- Up-to-date: /home/koki-22/ac_search/vrx_ws/install/share/vrx_gz/package.xml
[1.288s] Invoked command in '/home/koki-22/ac_search/vrx_ws/build/vrx_gz' returned '0': CMAKE_PREFIX_PATH=/opt/ros/humble:${CMAKE_PREFIX_PATH} PYTHONPATH=/home/koki-22/ac_search/vrx_ws/install/lib/python3.10/site-packages:/home/koki-22/ac_search/vrx_ws/install/local/lib/python3.10/dist-packages:/opt/ros/humble/lib/python3.10/site-packages:/opt/ros/humble/local/lib/python3.10/dist-packages /usr/bin/cmake --install /home/koki-22/ac_search/vrx_ws/build/vrx_gz
