[0.078s] Invoking command in '/home/koki-22/ac_search/vrx_ws/build/vrx_gazebo': CMAKE_PREFIX_PATH=/opt/ros/humble:${CMAKE_PREFIX_PATH} /usr/bin/cmake --build /home/koki-22/ac_search/vrx_ws/build/vrx_gazebo -- -j16 -l16
[0.773s] Built target ament_cmake_python_copy_vrx_gazebo
[0.854s] running egg_info
[0.856s] writing vrx_gazebo.egg-info/PKG-INFO
[0.856s] writing dependency_links to vrx_gazebo.egg-info/dependency_links.txt
[0.856s] writing top-level names to vrx_gazebo.egg-info/top_level.txt
[0.862s] reading manifest file 'vrx_gazebo.egg-info/SOURCES.txt'
[0.864s] writing manifest file 'vrx_gazebo.egg-info/SOURCES.txt'
[0.915s] Built target ament_cmake_python_build_vrx_gazebo_egg
[1.483s] Invoked command in '/home/koki-22/ac_search/vrx_ws/build/vrx_gazebo' returned '0': CMAKE_PREFIX_PATH=/opt/ros/humble:${CMAKE_PREFIX_PATH} /usr/bin/cmake --build /home/koki-22/ac_search/vrx_ws/build/vrx_gazebo -- -j16 -l16
[1.539s] Invoking command in '/home/koki-22/ac_search/vrx_ws/build/vrx_gazebo': CMAKE_PREFIX_PATH=/opt/ros/humble:${CMAKE_PREFIX_PATH} /usr/bin/cmake --install /home/koki-22/ac_search/vrx_ws/build/vrx_gazebo
[1.554s] -- Install configuration: ""
[1.554s] -- Up-to-date: /home/koki-22/ac_search/vrx_ws/install/share/vrx_gazebo/environment/resource_paths.dsv
[1.554s] -- Up-to-date: /home/koki-22/ac_search/vrx_ws/install/share/vrx_gazebo/environment/resource_paths.sh
[1.555s] -- Up-to-date: /home/koki-22/ac_search/vrx_ws/install/share/vrx_gazebo/models
[1.556s] -- Up-to-date: /home/koki-22/ac_search/vrx_ws/install/share/vrx_gazebo/models/blue_projectile
[1.556s] -- Up-to-date: /home/koki-22/ac_search/vrx_ws/install/share/vrx_gazebo/models/blue_projectile/model.config
[1.557s] -- Up-to-date: /home/koki-22/ac_search/vrx_ws/install/share/vrx_gazebo/models/blue_projectile/model.sdf
[1.557s] -- Up-to-date: /home/koki-22/ac_search/vrx_ws/install/share/vrx_gazebo/models/mono_camera
[1.558s] -- Up-to-date: /home/koki-22/ac_search/vrx_ws/install/share/vrx_gazebo/models/mono_camera/model.config
[1.558s] -- Up-to-date: /home/koki-22/ac_search/vrx_ws/install/share/vrx_gazebo/models/mono_camera/mesh
[1.559s] -- Up-to-date: /home/koki-22/ac_search/vrx_ws/install/share/vrx_gazebo/models/mono_camera/mesh/mono_camera.dae
[1.560s] -- Up-to-date: /home/koki-22/ac_search/vrx_ws/install/share/vrx_gazebo/models/mono_camera/mesh/mono_camera_Roughness.png
[1.560s] -- Up-to-date: /home/koki-22/ac_search/vrx_ws/install/share/vrx_gazebo/models/mono_camera/mesh/mono_camera_Metalness.png
[1.561s] -- Up-to-date: /home/koki-22/ac_search/vrx_ws/install/share/vrx_gazebo/models/mono_camera/mesh/mono_camera_Normal.png
[1.561s] -- Up-to-date: /home/koki-22/ac_search/vrx_ws/install/share/vrx_gazebo/models/mono_camera/mesh/mono_camera_Albedo.png
[1.562s] -- Up-to-date: /home/koki-22/ac_search/vrx_ws/install/share/vrx_gazebo/models/mono_camera/mesh/mono_camera.png
[1.562s] -- Up-to-date: /home/koki-22/ac_search/vrx_ws/install/share/vrx_gazebo/models/mono_camera/model.sdf
[1.563s] -- Up-to-date: /home/koki-22/ac_search/vrx_ws/install/share/vrx_gazebo/models/sensor_post
[1.563s] -- Up-to-date: /home/koki-22/ac_search/vrx_ws/install/share/vrx_gazebo/models/sensor_post/model.config
[1.563s] -- Up-to-date: /home/koki-22/ac_search/vrx_ws/install/share/vrx_gazebo/models/sensor_post/mesh
[1.564s] -- Up-to-date: /home/koki-22/ac_search/vrx_ws/install/share/vrx_gazebo/models/sensor_post/mesh/sensor_post.png
[1.565s] -- Up-to-date: /home/koki-22/ac_search/vrx_ws/install/share/vrx_gazebo/models/sensor_post/mesh/sensor_post.dae
[1.567s] -- Up-to-date: /home/koki-22/ac_search/vrx_ws/install/share/vrx_gazebo/models/sensor_post/mesh/sensor_post_arm.dae
[1.569s] -- Up-to-date: /home/koki-22/ac_search/vrx_ws/install/share/vrx_gazebo/models/sensor_post/model.sdf
[1.569s] -- Up-to-date: /home/koki-22/ac_search/vrx_ws/install/share/vrx_gazebo/models/3d_lidar
[1.569s] -- Up-to-date: /home/koki-22/ac_search/vrx_ws/install/share/vrx_gazebo/models/3d_lidar/model.config
[1.569s] -- Up-to-date: /home/koki-22/ac_search/vrx_ws/install/share/vrx_gazebo/models/3d_lidar/mesh
[1.570s] -- Up-to-date: /home/koki-22/ac_search/vrx_ws/install/share/vrx_gazebo/models/3d_lidar/mesh/3d_Lidar_Metalness.png
[1.570s] -- Up-to-date: /home/koki-22/ac_search/vrx_ws/install/share/vrx_gazebo/models/3d_lidar/mesh/3d_Lidar_Roughness.png
[1.571s] -- Up-to-date: /home/koki-22/ac_search/vrx_ws/install/share/vrx_gazebo/models/3d_lidar/mesh/3d_lidar.png
[1.571s] -- Up-to-date: /home/koki-22/ac_search/vrx_ws/install/share/vrx_gazebo/models/3d_lidar/mesh/3d_Lidar_Albedo.png
[1.572s] -- Up-to-date: /home/koki-22/ac_search/vrx_ws/install/share/vrx_gazebo/models/3d_lidar/mesh/3d_lidar.dae
[1.572s] -- Up-to-date: /home/koki-22/ac_search/vrx_ws/install/share/vrx_gazebo/models/3d_lidar/mesh/3d_Lidar_Normal.png
[1.574s] -- Up-to-date: /home/koki-22/ac_search/vrx_ws/install/share/vrx_gazebo/models/3d_lidar/model.sdf
[1.575s] -- Up-to-date: /home/koki-22/ac_search/vrx_ws/install/share/vrx_gazebo/models/battery
[1.576s] -- Up-to-date: /home/koki-22/ac_search/vrx_ws/install/share/vrx_gazebo/models/battery/model.config
[1.577s] -- Up-to-date: /home/koki-22/ac_search/vrx_ws/install/share/vrx_gazebo/models/battery/mesh
[1.578s] -- Up-to-date: /home/koki-22/ac_search/vrx_ws/install/share/vrx_gazebo/models/battery/mesh/battery_Normal.png
[1.579s] -- Up-to-date: /home/koki-22/ac_search/vrx_ws/install/share/vrx_gazebo/models/battery/mesh/battery.png
[1.580s] -- Up-to-date: /home/koki-22/ac_search/vrx_ws/install/share/vrx_gazebo/models/battery/mesh/battery.dae
[1.581s] -- Up-to-date: /home/koki-22/ac_search/vrx_ws/install/share/vrx_gazebo/models/battery/mesh/battery_Roughness.png
[1.581s] -- Up-to-date: /home/koki-22/ac_search/vrx_ws/install/share/vrx_gazebo/models/battery/mesh/battery_Albedo.png
[1.583s] -- Up-to-date: /home/koki-22/ac_search/vrx_ws/install/share/vrx_gazebo/models/battery/mesh/battery_Metalness.png
[1.585s] -- Up-to-date: /home/koki-22/ac_search/vrx_ws/install/share/vrx_gazebo/models/battery/model.sdf
[1.585s] -- Up-to-date: /home/koki-22/ac_search/vrx_ws/install/share/vrx_gazebo/models/cpu_cases
[1.585s] -- Up-to-date: /home/koki-22/ac_search/vrx_ws/install/share/vrx_gazebo/models/cpu_cases/model.config
[1.586s] -- Up-to-date: /home/koki-22/ac_search/vrx_ws/install/share/vrx_gazebo/models/cpu_cases/mesh
[1.586s] -- Up-to-date: /home/koki-22/ac_search/vrx_ws/install/share/vrx_gazebo/models/cpu_cases/mesh/cpu_cases_Albedo.png
[1.587s] -- Up-to-date: /home/koki-22/ac_search/vrx_ws/install/share/vrx_gazebo/models/cpu_cases/mesh/cpu_cases.png
[1.587s] -- Up-to-date: /home/koki-22/ac_search/vrx_ws/install/share/vrx_gazebo/models/cpu_cases/mesh/cpu_cases.dae
[1.587s] -- Up-to-date: /home/koki-22/ac_search/vrx_ws/install/share/vrx_gazebo/models/cpu_cases/mesh/cpu_cases_Roughness.png
[1.588s] -- Up-to-date: /home/koki-22/ac_search/vrx_ws/install/share/vrx_gazebo/models/cpu_cases/mesh/cpu_cases_Normal.png
[1.588s] -- Up-to-date: /home/koki-22/ac_search/vrx_ws/install/share/vrx_gazebo/models/cpu_cases/mesh/cpu_cases_Metalness.png
[1.588s] -- Up-to-date: /home/koki-22/ac_search/vrx_ws/install/share/vrx_gazebo/models/cpu_cases/model.sdf
[1.593s] -- Up-to-date: /home/koki-22/ac_search/vrx_ws/install/share/vrx_gazebo/models/ball_shooter
[1.594s] -- Up-to-date: /home/koki-22/ac_search/vrx_ws/install/share/vrx_gazebo/models/ball_shooter/meshes
[1.595s] -- Up-to-date: /home/koki-22/ac_search/vrx_ws/install/share/vrx_gazebo/models/ball_shooter/meshes/ball_shooter_launcher.dae
[1.595s] -- Up-to-date: /home/koki-22/ac_search/vrx_ws/install/share/vrx_gazebo/models/ball_shooter/meshes/ball_shooter_base.dae
[1.596s] -- Up-to-date: /home/koki-22/ac_search/vrx_ws/install/share/vrx_gazebo/models/ball_shooter/meshes/Launcher_Albedo.png
[1.597s] -- Up-to-date: /home/koki-22/ac_search/vrx_ws/install/share/vrx_gazebo/models/ball_shooter/meshes/Glass_BaseColor.png
[1.598s] -- Up-to-date: /home/koki-22/ac_search/vrx_ws/install/share/vrx_gazebo/models/ball_shooter/meshes/Launcher_BaseColor.png
[1.599s] -- Up-to-date: /home/koki-22/ac_search/vrx_ws/install/share/vrx_gazebo/models/ball_shooter/model.config
[1.599s] -- Up-to-date: /home/koki-22/ac_search/vrx_ws/install/share/vrx_gazebo/models/ball_shooter/materials
[1.603s] -- Up-to-date: /home/koki-22/ac_search/vrx_ws/install/share/vrx_gazebo/models/ball_shooter/materials/Textures
[1.603s] -- Up-to-date: /home/koki-22/ac_search/vrx_ws/install/share/vrx_gazebo/models/ball_shooter/materials/Textures/Launcher_Albedo.png
[1.604s] -- Up-to-date: /home/koki-22/ac_search/vrx_ws/install/share/vrx_gazebo/models/ball_shooter/materials/Textures/Launcher_Roughness.png
[1.604s] -- Up-to-date: /home/koki-22/ac_search/vrx_ws/install/share/vrx_gazebo/models/ball_shooter/materials/Textures/Launcher_Normal.png
[1.605s] -- Up-to-date: /home/koki-22/ac_search/vrx_ws/install/share/vrx_gazebo/models/ball_shooter/materials/Textures/Launcher_Metalness.png
[1.605s] -- Up-to-date: /home/koki-22/ac_search/vrx_ws/install/share/vrx_gazebo/models/ball_shooter/model.sdf
[1.611s] -- Up-to-date: /home/koki-22/ac_search/vrx_ws/install/share/vrx_gazebo/launch
[1.612s] -- Up-to-date: /home/koki-22/ac_search/vrx_ws/install/share/vrx_gazebo/launch/generate_wamv.launch.py
[1.612s] -- Up-to-date: /home/koki-22/ac_search/vrx_ws/install/share/vrx_gazebo/launch/rviz.launch.py
[1.613s] -- Up-to-date: /home/koki-22/ac_search/vrx_ws/install/share/vrx_gazebo/config
[1.614s] -- Up-to-date: /home/koki-22/ac_search/vrx_ws/install/share/vrx_gazebo/config/wamv_config
[1.615s] -- Up-to-date: /home/koki-22/ac_search/vrx_ws/install/share/vrx_gazebo/config/wamv_config/example_component_config.yaml
[1.616s] -- Up-to-date: /home/koki-22/ac_search/vrx_ws/install/share/vrx_gazebo/config/wamv_config/example_thruster_config.yaml
[1.616s] -- Up-to-date: /home/koki-22/ac_search/vrx_ws/install/share/vrx_gazebo/config/wamv_config/component_compliance
[1.624s] -- Up-to-date: /home/koki-22/ac_search/vrx_ws/install/share/vrx_gazebo/config/wamv_config/component_compliance/bounding_boxes.yaml
[1.625s] -- Up-to-date: /home/koki-22/ac_search/vrx_ws/install/share/vrx_gazebo/config/wamv_config/component_compliance/numeric.yaml
[1.627s] -- Up-to-date: /home/koki-22/ac_search/vrx_ws/install/share/vrx_gazebo/config/wamv_config/thruster_compliance
[1.631s] -- Up-to-date: /home/koki-22/ac_search/vrx_ws/install/share/vrx_gazebo/config/wamv_config/thruster_compliance/bounding_boxes.yaml
[1.632s] -- Up-to-date: /home/koki-22/ac_search/vrx_ws/install/share/vrx_gazebo/config/wamv_config/thruster_compliance/numeric.yaml
[1.633s] -- Up-to-date: /home/koki-22/ac_search/vrx_ws/install/share/vrx_gazebo/config/rviz_vrx_rsp.rviz
[1.633s] -- Up-to-date: /home/koki-22/ac_search/vrx_ws/install/share/vrx_gazebo/config/rviz_vrx_final.rviz
[1.635s] -- Up-to-date: /home/koki-22/ac_search/vrx_ws/install/lib/vrx_gazebo/generate_wamv.py
[1.638s] -- Up-to-date: /home/koki-22/ac_search/vrx_ws/install/share/vrx_gazebo/environment/pythonpath.sh
[1.639s] -- Up-to-date: /home/koki-22/ac_search/vrx_ws/install/share/vrx_gazebo/environment/pythonpath.dsv
[1.639s] -- Up-to-date: /home/koki-22/ac_search/vrx_ws/install/local/lib/python3.10/dist-packages/vrx_gazebo-1.3.0-py3.10.egg-info
[1.640s] -- Installing: /home/koki-22/ac_search/vrx_ws/install/local/lib/python3.10/dist-packages/vrx_gazebo-1.3.0-py3.10.egg-info/SOURCES.txt
[1.640s] -- Installing: /home/koki-22/ac_search/vrx_ws/install/local/lib/python3.10/dist-packages/vrx_gazebo-1.3.0-py3.10.egg-info/dependency_links.txt
[1.642s] -- Installing: /home/koki-22/ac_search/vrx_ws/install/local/lib/python3.10/dist-packages/vrx_gazebo-1.3.0-py3.10.egg-info/top_level.txt
[1.642s] -- Installing: /home/koki-22/ac_search/vrx_ws/install/local/lib/python3.10/dist-packages/vrx_gazebo-1.3.0-py3.10.egg-info/PKG-INFO
[1.643s] -- Up-to-date: /home/koki-22/ac_search/vrx_ws/install/local/lib/python3.10/dist-packages/vrx_gazebo
[1.643s] -- Up-to-date: /home/koki-22/ac_search/vrx_ws/install/local/lib/python3.10/dist-packages/vrx_gazebo/configure_wamv.py
[1.643s] -- Up-to-date: /home/koki-22/ac_search/vrx_ws/install/local/lib/python3.10/dist-packages/vrx_gazebo/utils.py
[1.644s] -- Up-to-date: /home/koki-22/ac_search/vrx_ws/install/local/lib/python3.10/dist-packages/vrx_gazebo/__init__.py
[1.644s] -- Up-to-date: /home/koki-22/ac_search/vrx_ws/install/local/lib/python3.10/dist-packages/vrx_gazebo/compliance.py
[1.645s] Listing '/home/koki-22/ac_search/vrx_ws/install/local/lib/python3.10/dist-packages/vrx_gazebo'...
[1.646s] -- Up-to-date: /home/koki-22/ac_search/vrx_ws/install/share/ament_index/resource_index/package_run_dependencies/vrx_gazebo
[1.646s] -- Up-to-date: /home/koki-22/ac_search/vrx_ws/install/share/ament_index/resource_index/parent_prefix_path/vrx_gazebo
[1.646s] -- Up-to-date: /home/koki-22/ac_search/vrx_ws/install/share/vrx_gazebo/environment/ament_prefix_path.sh
[1.647s] -- Up-to-date: /home/koki-22/ac_search/vrx_ws/install/share/vrx_gazebo/environment/ament_prefix_path.dsv
[1.647s] -- Up-to-date: /home/koki-22/ac_search/vrx_ws/install/share/vrx_gazebo/environment/path.sh
[1.653s] -- Up-to-date: /home/koki-22/ac_search/vrx_ws/install/share/vrx_gazebo/environment/path.dsv
[1.654s] -- Up-to-date: /home/koki-22/ac_search/vrx_ws/install/share/vrx_gazebo/local_setup.bash
[1.654s] -- Up-to-date: /home/koki-22/ac_search/vrx_ws/install/share/vrx_gazebo/local_setup.sh
[1.655s] -- Up-to-date: /home/koki-22/ac_search/vrx_ws/install/share/vrx_gazebo/local_setup.zsh
[1.655s] -- Up-to-date: /home/koki-22/ac_search/vrx_ws/install/share/vrx_gazebo/local_setup.dsv
[1.655s] -- Installing: /home/koki-22/ac_search/vrx_ws/install/share/vrx_gazebo/package.dsv
[1.656s] -- Up-to-date: /home/koki-22/ac_search/vrx_ws/install/share/ament_index/resource_index/packages/vrx_gazebo
[1.656s] -- Up-to-date: /home/koki-22/ac_search/vrx_ws/install/share/vrx_gazebo/cmake/vrx_gazeboConfig.cmake
[1.656s] -- Up-to-date: /home/koki-22/ac_search/vrx_ws/install/share/vrx_gazebo/cmake/vrx_gazeboConfig-version.cmake
[1.656s] -- Up-to-date: /home/koki-22/ac_search/vrx_ws/install/share/vrx_gazebo/package.xml
[1.657s] Invoked command in '/home/koki-22/ac_search/vrx_ws/build/vrx_gazebo' returned '0': CMAKE_PREFIX_PATH=/opt/ros/humble:${CMAKE_PREFIX_PATH} /usr/bin/cmake --install /home/koki-22/ac_search/vrx_ws/build/vrx_gazebo
