[0.516s] Invoking command in '/home/gaia-22/ac_search/vrx_ws/build/vrx_ros': CMAKE_PREFIX_PATH=/opt/ros/humble:${CMAKE_PREFIX_PATH} /usr/bin/cmake --build /home/gaia-22/ac_search/vrx_ws/build/vrx_ros -- -j20 -l20
[1.186s] [100%] Built target optical_frame_publisher
[1.186s] [100%] Built target pose_tf_broadcaster
[1.405s] Invoked command in '/home/gaia-22/ac_search/vrx_ws/build/vrx_ros' returned '0': CMAKE_PREFIX_PATH=/opt/ros/humble:${CMAKE_PREFIX_PATH} /usr/bin/cmake --build /home/gaia-22/ac_search/vrx_ws/build/vrx_ros -- -j20 -l20
[1.425s] Invoking command in '/home/gaia-22/ac_search/vrx_ws/build/vrx_ros': CMAKE_PREFIX_PATH=/opt/ros/humble:${CMAKE_PREFIX_PATH} /usr/bin/cmake --install /home/gaia-22/ac_search/vrx_ws/build/vrx_ros
[1.429s] -- Install configuration: ""
[1.429s] -- Up-to-date: /home/gaia-22/ac_search/vrx_ws/install/lib/vrx_ros/optical_frame_publisher
[1.429s] -- Up-to-date: /home/gaia-22/ac_search/vrx_ws/install/lib/vrx_ros/pose_tf_broadcaster
[1.429s] -- Up-to-date: /home/gaia-22/ac_search/vrx_ws/install/share/vrx_ros/launch
[1.429s] -- Up-to-date: /home/gaia-22/ac_search/vrx_ws/install/share/vrx_ros/launch/monitor_sim.py
[1.429s] -- Up-to-date: /home/gaia-22/ac_search/vrx_ws/install/share/ament_index/resource_index/package_run_dependencies/vrx_ros
[1.429s] -- Up-to-date: /home/gaia-22/ac_search/vrx_ws/install/share/ament_index/resource_index/parent_prefix_path/vrx_ros
[1.429s] -- Up-to-date: /home/gaia-22/ac_search/vrx_ws/install/share/vrx_ros/environment/ament_prefix_path.sh
[1.429s] -- Up-to-date: /home/gaia-22/ac_search/vrx_ws/install/share/vrx_ros/environment/ament_prefix_path.dsv
[1.429s] -- Up-to-date: /home/gaia-22/ac_search/vrx_ws/install/share/vrx_ros/environment/path.sh
[1.430s] -- Up-to-date: /home/gaia-22/ac_search/vrx_ws/install/share/vrx_ros/environment/path.dsv
[1.430s] -- Up-to-date: /home/gaia-22/ac_search/vrx_ws/install/share/vrx_ros/local_setup.bash
[1.430s] -- Up-to-date: /home/gaia-22/ac_search/vrx_ws/install/share/vrx_ros/local_setup.sh
[1.430s] -- Up-to-date: /home/gaia-22/ac_search/vrx_ws/install/share/vrx_ros/local_setup.zsh
[1.430s] -- Up-to-date: /home/gaia-22/ac_search/vrx_ws/install/share/vrx_ros/local_setup.dsv
[1.430s] -- Installing: /home/gaia-22/ac_search/vrx_ws/install/share/vrx_ros/package.dsv
[1.430s] -- Up-to-date: /home/gaia-22/ac_search/vrx_ws/install/share/ament_index/resource_index/packages/vrx_ros
[1.430s] -- Up-to-date: /home/gaia-22/ac_search/vrx_ws/install/share/vrx_ros/cmake/vrx_rosConfig.cmake
[1.431s] -- Up-to-date: /home/gaia-22/ac_search/vrx_ws/install/share/vrx_ros/cmake/vrx_rosConfig-version.cmake
[1.431s] -- Up-to-date: /home/gaia-22/ac_search/vrx_ws/install/share/vrx_ros/package.xml
[1.431s] Invoked command in '/home/gaia-22/ac_search/vrx_ws/build/vrx_ros' returned '0': CMAKE_PREFIX_PATH=/opt/ros/humble:${CMAKE_PREFIX_PATH} /usr/bin/cmake --install /home/gaia-22/ac_search/vrx_ws/build/vrx_ros
