running egg_info
writing ../../../build/key_teleop/key_teleop.egg-info/PKG-INFO
writing dependency_links to ../../../build/key_teleop/key_teleop.egg-info/dependency_links.txt
writing entry points to ../../../build/key_teleop/key_teleop.egg-info/entry_points.txt
writing requirements to ../../../build/key_teleop/key_teleop.egg-info/requires.txt
writing top-level names to ../../../build/key_teleop/key_teleop.egg-info/top_level.txt
adding license file 'LICENSE'
writing manifest file '../../../build/key_teleop/key_teleop.egg-info/SOURCES.txt'
running build
running build_py
running install
/usr/lib/python3/dist-packages/setuptools/command/install.py:34: SetuptoolsDeprecationWarning: setup.py install is deprecated. Use build and pip and other standards-based tools.
  warnings.warn(
running install_lib
running install_data
running install_egg_info
removing '/home/gaia-22/ac_search/vrx_ws/install/lib/python3.10/site-packages/key_teleop-1.5.0-py3.10.egg-info' (and everything under it)
Copying ../../../build/key_teleop/key_teleop.egg-info to /home/gaia-22/ac_search/vrx_ws/install/lib/python3.10/site-packages/key_teleop-1.5.0-py3.10.egg-info
running install_scripts
Installing key_teleop script to /home/gaia-22/ac_search/vrx_ws/install/lib/key_teleop
writing list of installed files to '/home/gaia-22/ac_search/vrx_ws/build/key_teleop/install.log'
