[0.764s] DEBUG:colcon:Command line arguments: ['/usr/bin/colcon', 'build', '--merge-install']
[0.765s] DEBUG:colcon:Parsed command line arguments: Namespace(log_base=None, log_level=None, verb_name='build', build_base='build', install_base='install', merge_install=True, symlink_install=False, test_result_base=None, continue_on_error=False, executor='parallel', parallel_workers=16, event_handlers=None, ignore_user_meta=False, metas=['./colcon.meta'], base_paths=['.'], packages_ignore=None, packages_ignore_regex=None, paths=None, packages_up_to=None, packages_up_to_regex=None, packages_above=None, packages_above_and_dependencies=None, packages_above_depth=None, packages_select_by_dep=None, packages_skip_by_dep=None, packages_skip_up_to=None, packages_select_build_failed=False, packages_skip_build_finished=False, packages_select_test_failures=False, packages_skip_test_passed=False, packages_select=None, packages_skip=None, packages_select_regex=None, packages_skip_regex=None, packages_start=None, packages_end=None, allow_overriding=[], cmake_args=None, cmake_target=None, cmake_target_skip_unavailable=False, cmake_clean_cache=False, cmake_clean_first=False, cmake_force_configure=False, ament_cmake_args=None, catkin_cmake_args=None, catkin_skip_building_tests=False, mixin_files=None, mixin=None, verb_parser=<colcon_mixin.mixin.mixin_argument.MixinArgumentDecorator object at 0x7efea7921990>, verb_extension=<colcon_core.verb.build.BuildVerb object at 0x7efea7921300>, main=<bound method BuildVerb.main of <colcon_core.verb.build.BuildVerb object at 0x7efea7921300>>, mixin_verb=('build',))
[0.802s] Level 1:colcon.colcon_core.package_discovery:discover_packages(colcon_meta) check parameters
[0.802s] Level 1:colcon.colcon_core.package_discovery:discover_packages(recursive) check parameters
[0.802s] Level 1:colcon.colcon_core.package_discovery:discover_packages(ignore) check parameters
[0.802s] Level 1:colcon.colcon_core.package_discovery:discover_packages(path) check parameters
[0.802s] Level 1:colcon.colcon_core.package_discovery:discover_packages(colcon_meta) discover
[0.802s] Level 1:colcon.colcon_core.package_discovery:discover_packages(recursive) discover
[0.802s] INFO:colcon.colcon_core.package_discovery:Crawling recursively for packages in '/home/koki-22/ac_search/vrx_ws'
[0.803s] Level 1:colcon.colcon_core.package_identification:_identify(.) by extensions ['ignore', 'ignore_ament_install']
[0.803s] Level 1:colcon.colcon_core.package_identification:_identify(.) by extension 'ignore'
[0.803s] Level 1:colcon.colcon_core.package_identification:_identify(.) by extension 'ignore_ament_install'
[0.803s] Level 1:colcon.colcon_core.package_identification:_identify(.) by extensions ['colcon_pkg']
[0.803s] Level 1:colcon.colcon_core.package_identification:_identify(.) by extension 'colcon_pkg'
[0.803s] Level 1:colcon.colcon_core.package_identification:_identify(.) by extensions ['colcon_meta']
[0.803s] Level 1:colcon.colcon_core.package_identification:_identify(.) by extension 'colcon_meta'
[0.803s] Level 1:colcon.colcon_core.package_identification:_identify(.) by extensions ['ros']
[0.804s] Level 1:colcon.colcon_core.package_identification:_identify(.) by extension 'ros'
[0.817s] Level 1:colcon.colcon_core.package_identification:_identify(.) by extensions ['cmake', 'python']
[0.817s] Level 1:colcon.colcon_core.package_identification:_identify(.) by extension 'cmake'
[0.817s] Level 1:colcon.colcon_core.package_identification:_identify(.) by extension 'python'
[0.817s] Level 1:colcon.colcon_core.package_identification:_identify(.) by extensions ['python_setup_py']
[0.817s] Level 1:colcon.colcon_core.package_identification:_identify(.) by extension 'python_setup_py'
[0.818s] Level 1:colcon.colcon_core.package_identification:_identify(build) by extensions ['ignore', 'ignore_ament_install']
[0.818s] Level 1:colcon.colcon_core.package_identification:_identify(build) by extension 'ignore'
[0.818s] Level 1:colcon.colcon_core.package_identification:_identify(build) ignored
[0.818s] Level 1:colcon.colcon_core.package_identification:_identify(install) by extensions ['ignore', 'ignore_ament_install']
[0.818s] Level 1:colcon.colcon_core.package_identification:_identify(install) by extension 'ignore'
[0.818s] Level 1:colcon.colcon_core.package_identification:_identify(install) ignored
[0.819s] Level 1:colcon.colcon_core.package_identification:_identify(log) by extensions ['ignore', 'ignore_ament_install']
[0.819s] Level 1:colcon.colcon_core.package_identification:_identify(log) by extension 'ignore'
[0.819s] Level 1:colcon.colcon_core.package_identification:_identify(log) ignored
[0.819s] Level 1:colcon.colcon_core.package_identification:_identify(src) by extensions ['ignore', 'ignore_ament_install']
[0.819s] Level 1:colcon.colcon_core.package_identification:_identify(src) by extension 'ignore'
[0.819s] Level 1:colcon.colcon_core.package_identification:_identify(src) by extension 'ignore_ament_install'
[0.819s] Level 1:colcon.colcon_core.package_identification:_identify(src) by extensions ['colcon_pkg']
[0.819s] Level 1:colcon.colcon_core.package_identification:_identify(src) by extension 'colcon_pkg'
[0.820s] Level 1:colcon.colcon_core.package_identification:_identify(src) by extensions ['colcon_meta']
[0.820s] Level 1:colcon.colcon_core.package_identification:_identify(src) by extension 'colcon_meta'
[0.820s] Level 1:colcon.colcon_core.package_identification:_identify(src) by extensions ['ros']
[0.820s] Level 1:colcon.colcon_core.package_identification:_identify(src) by extension 'ros'
[0.820s] Level 1:colcon.colcon_core.package_identification:_identify(src) by extensions ['cmake', 'python']
[0.820s] Level 1:colcon.colcon_core.package_identification:_identify(src) by extension 'cmake'
[0.820s] Level 1:colcon.colcon_core.package_identification:_identify(src) by extension 'python'
[0.820s] Level 1:colcon.colcon_core.package_identification:_identify(src) by extensions ['python_setup_py']
[0.820s] Level 1:colcon.colcon_core.package_identification:_identify(src) by extension 'python_setup_py'
[0.820s] Level 1:colcon.colcon_core.package_identification:_identify(src/vrx) by extensions ['ignore', 'ignore_ament_install']
[0.821s] Level 1:colcon.colcon_core.package_identification:_identify(src/vrx) by extension 'ignore'
[0.821s] Level 1:colcon.colcon_core.package_identification:_identify(src/vrx) by extension 'ignore_ament_install'
[0.821s] Level 1:colcon.colcon_core.package_identification:_identify(src/vrx) by extensions ['colcon_pkg']
[0.821s] Level 1:colcon.colcon_core.package_identification:_identify(src/vrx) by extension 'colcon_pkg'
[0.821s] Level 1:colcon.colcon_core.package_identification:_identify(src/vrx) by extensions ['colcon_meta']
[0.821s] Level 1:colcon.colcon_core.package_identification:_identify(src/vrx) by extension 'colcon_meta'
[0.821s] Level 1:colcon.colcon_core.package_identification:_identify(src/vrx) by extensions ['ros']
[0.821s] Level 1:colcon.colcon_core.package_identification:_identify(src/vrx) by extension 'ros'
[0.821s] Level 1:colcon.colcon_core.package_identification:_identify(src/vrx) by extensions ['cmake', 'python']
[0.821s] Level 1:colcon.colcon_core.package_identification:_identify(src/vrx) by extension 'cmake'
[0.821s] Level 1:colcon.colcon_core.package_identification:_identify(src/vrx) by extension 'python'
[0.822s] Level 1:colcon.colcon_core.package_identification:_identify(src/vrx) by extensions ['python_setup_py']
[0.822s] Level 1:colcon.colcon_core.package_identification:_identify(src/vrx) by extension 'python_setup_py'
[0.822s] Level 1:colcon.colcon_core.package_identification:_identify(src/vrx/images) by extensions ['ignore', 'ignore_ament_install']
[0.822s] Level 1:colcon.colcon_core.package_identification:_identify(src/vrx/images) by extension 'ignore'
[0.822s] Level 1:colcon.colcon_core.package_identification:_identify(src/vrx/images) by extension 'ignore_ament_install'
[0.822s] Level 1:colcon.colcon_core.package_identification:_identify(src/vrx/images) by extensions ['colcon_pkg']
[0.822s] Level 1:colcon.colcon_core.package_identification:_identify(src/vrx/images) by extension 'colcon_pkg'
[0.822s] Level 1:colcon.colcon_core.package_identification:_identify(src/vrx/images) by extensions ['colcon_meta']
[0.822s] Level 1:colcon.colcon_core.package_identification:_identify(src/vrx/images) by extension 'colcon_meta'
[0.822s] Level 1:colcon.colcon_core.package_identification:_identify(src/vrx/images) by extensions ['ros']
[0.823s] Level 1:colcon.colcon_core.package_identification:_identify(src/vrx/images) by extension 'ros'
[0.823s] Level 1:colcon.colcon_core.package_identification:_identify(src/vrx/images) by extensions ['cmake', 'python']
[0.823s] Level 1:colcon.colcon_core.package_identification:_identify(src/vrx/images) by extension 'cmake'
[0.823s] Level 1:colcon.colcon_core.package_identification:_identify(src/vrx/images) by extension 'python'
[0.823s] Level 1:colcon.colcon_core.package_identification:_identify(src/vrx/images) by extensions ['python_setup_py']
[0.823s] Level 1:colcon.colcon_core.package_identification:_identify(src/vrx/images) by extension 'python_setup_py'
[0.823s] Level 1:colcon.colcon_core.package_identification:_identify(src/vrx/vrx_gz) by extensions ['ignore', 'ignore_ament_install']
[0.823s] Level 1:colcon.colcon_core.package_identification:_identify(src/vrx/vrx_gz) by extension 'ignore'
[0.823s] Level 1:colcon.colcon_core.package_identification:_identify(src/vrx/vrx_gz) by extension 'ignore_ament_install'
[0.823s] Level 1:colcon.colcon_core.package_identification:_identify(src/vrx/vrx_gz) by extensions ['colcon_pkg']
[0.824s] Level 1:colcon.colcon_core.package_identification:_identify(src/vrx/vrx_gz) by extension 'colcon_pkg'
[0.824s] Level 1:colcon.colcon_core.package_identification:_identify(src/vrx/vrx_gz) by extensions ['colcon_meta']
[0.824s] Level 1:colcon.colcon_core.package_identification:_identify(src/vrx/vrx_gz) by extension 'colcon_meta'
[0.824s] Level 1:colcon.colcon_core.package_identification:_identify(src/vrx/vrx_gz) by extensions ['ros']
[0.824s] Level 1:colcon.colcon_core.package_identification:_identify(src/vrx/vrx_gz) by extension 'ros'
[0.828s] DEBUG:colcon.colcon_core.package_identification:Package 'src/vrx/vrx_gz' with type 'ros.ament_cmake' and name 'vrx_gz'
[0.828s] Level 1:colcon.colcon_core.package_identification:_identify(src/vrx/vrx_ros) by extensions ['ignore', 'ignore_ament_install']
[0.828s] Level 1:colcon.colcon_core.package_identification:_identify(src/vrx/vrx_ros) by extension 'ignore'
[0.828s] Level 1:colcon.colcon_core.package_identification:_identify(src/vrx/vrx_ros) by extension 'ignore_ament_install'
[0.828s] Level 1:colcon.colcon_core.package_identification:_identify(src/vrx/vrx_ros) by extensions ['colcon_pkg']
[0.829s] Level 1:colcon.colcon_core.package_identification:_identify(src/vrx/vrx_ros) by extension 'colcon_pkg'
[0.829s] Level 1:colcon.colcon_core.package_identification:_identify(src/vrx/vrx_ros) by extensions ['colcon_meta']
[0.829s] Level 1:colcon.colcon_core.package_identification:_identify(src/vrx/vrx_ros) by extension 'colcon_meta'
[0.829s] Level 1:colcon.colcon_core.package_identification:_identify(src/vrx/vrx_ros) by extensions ['ros']
[0.829s] Level 1:colcon.colcon_core.package_identification:_identify(src/vrx/vrx_ros) by extension 'ros'
[0.831s] DEBUG:colcon.colcon_core.package_identification:Package 'src/vrx/vrx_ros' with type 'ros.ament_cmake' and name 'vrx_ros'
[0.831s] Level 1:colcon.colcon_core.package_identification:_identify(src/vrx/vrx_urdf) by extensions ['ignore', 'ignore_ament_install']
[0.831s] Level 1:colcon.colcon_core.package_identification:_identify(src/vrx/vrx_urdf) by extension 'ignore'
[0.831s] Level 1:colcon.colcon_core.package_identification:_identify(src/vrx/vrx_urdf) by extension 'ignore_ament_install'
[0.831s] Level 1:colcon.colcon_core.package_identification:_identify(src/vrx/vrx_urdf) by extensions ['colcon_pkg']
[0.831s] Level 1:colcon.colcon_core.package_identification:_identify(src/vrx/vrx_urdf) by extension 'colcon_pkg'
[0.831s] Level 1:colcon.colcon_core.package_identification:_identify(src/vrx/vrx_urdf) by extensions ['colcon_meta']
[0.831s] Level 1:colcon.colcon_core.package_identification:_identify(src/vrx/vrx_urdf) by extension 'colcon_meta'
[0.832s] Level 1:colcon.colcon_core.package_identification:_identify(src/vrx/vrx_urdf) by extensions ['ros']
[0.832s] Level 1:colcon.colcon_core.package_identification:_identify(src/vrx/vrx_urdf) by extension 'ros'
[0.832s] Level 1:colcon.colcon_core.package_identification:_identify(src/vrx/vrx_urdf) by extensions ['cmake', 'python']
[0.832s] Level 1:colcon.colcon_core.package_identification:_identify(src/vrx/vrx_urdf) by extension 'cmake'
[0.832s] Level 1:colcon.colcon_core.package_identification:_identify(src/vrx/vrx_urdf) by extension 'python'
[0.832s] Level 1:colcon.colcon_core.package_identification:_identify(src/vrx/vrx_urdf) by extensions ['python_setup_py']
[0.832s] Level 1:colcon.colcon_core.package_identification:_identify(src/vrx/vrx_urdf) by extension 'python_setup_py'
[0.832s] Level 1:colcon.colcon_core.package_identification:_identify(src/vrx/vrx_urdf/vrx_gazebo) by extensions ['ignore', 'ignore_ament_install']
[0.832s] Level 1:colcon.colcon_core.package_identification:_identify(src/vrx/vrx_urdf/vrx_gazebo) by extension 'ignore'
[0.832s] Level 1:colcon.colcon_core.package_identification:_identify(src/vrx/vrx_urdf/vrx_gazebo) by extension 'ignore_ament_install'
[0.833s] Level 1:colcon.colcon_core.package_identification:_identify(src/vrx/vrx_urdf/vrx_gazebo) by extensions ['colcon_pkg']
[0.833s] Level 1:colcon.colcon_core.package_identification:_identify(src/vrx/vrx_urdf/vrx_gazebo) by extension 'colcon_pkg'
[0.833s] Level 1:colcon.colcon_core.package_identification:_identify(src/vrx/vrx_urdf/vrx_gazebo) by extensions ['colcon_meta']
[0.833s] Level 1:colcon.colcon_core.package_identification:_identify(src/vrx/vrx_urdf/vrx_gazebo) by extension 'colcon_meta'
[0.833s] Level 1:colcon.colcon_core.package_identification:_identify(src/vrx/vrx_urdf/vrx_gazebo) by extensions ['ros']
[0.833s] Level 1:colcon.colcon_core.package_identification:_identify(src/vrx/vrx_urdf/vrx_gazebo) by extension 'ros'
[0.834s] DEBUG:colcon.colcon_core.package_identification:Package 'src/vrx/vrx_urdf/vrx_gazebo' with type 'ros.ament_cmake' and name 'vrx_gazebo'
[0.834s] Level 1:colcon.colcon_core.package_identification:_identify(src/vrx/vrx_urdf/wamv_description) by extensions ['ignore', 'ignore_ament_install']
[0.834s] Level 1:colcon.colcon_core.package_identification:_identify(src/vrx/vrx_urdf/wamv_description) by extension 'ignore'
[0.834s] Level 1:colcon.colcon_core.package_identification:_identify(src/vrx/vrx_urdf/wamv_description) by extension 'ignore_ament_install'
[0.834s] Level 1:colcon.colcon_core.package_identification:_identify(src/vrx/vrx_urdf/wamv_description) by extensions ['colcon_pkg']
[0.835s] Level 1:colcon.colcon_core.package_identification:_identify(src/vrx/vrx_urdf/wamv_description) by extension 'colcon_pkg'
[0.835s] Level 1:colcon.colcon_core.package_identification:_identify(src/vrx/vrx_urdf/wamv_description) by extensions ['colcon_meta']
[0.835s] Level 1:colcon.colcon_core.package_identification:_identify(src/vrx/vrx_urdf/wamv_description) by extension 'colcon_meta'
[0.835s] Level 1:colcon.colcon_core.package_identification:_identify(src/vrx/vrx_urdf/wamv_description) by extensions ['ros']
[0.835s] Level 1:colcon.colcon_core.package_identification:_identify(src/vrx/vrx_urdf/wamv_description) by extension 'ros'
[0.836s] DEBUG:colcon.colcon_core.package_identification:Package 'src/vrx/vrx_urdf/wamv_description' with type 'ros.ament_cmake' and name 'wamv_description'
[0.836s] Level 1:colcon.colcon_core.package_identification:_identify(src/vrx/vrx_urdf/wamv_gazebo) by extensions ['ignore', 'ignore_ament_install']
[0.836s] Level 1:colcon.colcon_core.package_identification:_identify(src/vrx/vrx_urdf/wamv_gazebo) by extension 'ignore'
[0.836s] Level 1:colcon.colcon_core.package_identification:_identify(src/vrx/vrx_urdf/wamv_gazebo) by extension 'ignore_ament_install'
[0.836s] Level 1:colcon.colcon_core.package_identification:_identify(src/vrx/vrx_urdf/wamv_gazebo) by extensions ['colcon_pkg']
[0.836s] Level 1:colcon.colcon_core.package_identification:_identify(src/vrx/vrx_urdf/wamv_gazebo) by extension 'colcon_pkg'
[0.837s] Level 1:colcon.colcon_core.package_identification:_identify(src/vrx/vrx_urdf/wamv_gazebo) by extensions ['colcon_meta']
[0.837s] Level 1:colcon.colcon_core.package_identification:_identify(src/vrx/vrx_urdf/wamv_gazebo) by extension 'colcon_meta'
[0.837s] Level 1:colcon.colcon_core.package_identification:_identify(src/vrx/vrx_urdf/wamv_gazebo) by extensions ['ros']
[0.837s] Level 1:colcon.colcon_core.package_identification:_identify(src/vrx/vrx_urdf/wamv_gazebo) by extension 'ros'
[0.838s] DEBUG:colcon.colcon_core.package_identification:Package 'src/vrx/vrx_urdf/wamv_gazebo' with type 'ros.ament_cmake' and name 'wamv_gazebo'
[0.838s] Level 1:colcon.colcon_core.package_discovery:discover_packages(recursive) using defaults
[0.838s] Level 1:colcon.colcon_core.package_discovery:discover_packages(ignore) discover
[0.838s] Level 1:colcon.colcon_core.package_discovery:discover_packages(ignore) using defaults
[0.838s] Level 1:colcon.colcon_core.package_discovery:discover_packages(path) discover
[0.838s] Level 1:colcon.colcon_core.package_discovery:discover_packages(path) using defaults
[0.871s] Level 1:colcon.colcon_core.package_discovery:discover_packages(prefix_path) check parameters
[0.871s] Level 1:colcon.colcon_core.package_discovery:discover_packages(prefix_path) discover
[0.876s] DEBUG:colcon.colcon_installed_package_information.package_discovery:Found 344 installed packages in /opt/ros/humble
[0.877s] Level 1:colcon.colcon_core.package_discovery:discover_packages(prefix_path) using defaults
[0.958s] Level 5:colcon.colcon_core.verb:set package 'vrx_gazebo' build argument 'cmake_args' from command line to 'None'
[0.958s] Level 5:colcon.colcon_core.verb:set package 'vrx_gazebo' build argument 'cmake_target' from command line to 'None'
[0.958s] Level 5:colcon.colcon_core.verb:set package 'vrx_gazebo' build argument 'cmake_target_skip_unavailable' from command line to 'False'
[0.958s] Level 5:colcon.colcon_core.verb:set package 'vrx_gazebo' build argument 'cmake_clean_cache' from command line to 'False'
[0.958s] Level 5:colcon.colcon_core.verb:set package 'vrx_gazebo' build argument 'cmake_clean_first' from command line to 'False'
[0.958s] Level 5:colcon.colcon_core.verb:set package 'vrx_gazebo' build argument 'cmake_force_configure' from command line to 'False'
[0.958s] Level 5:colcon.colcon_core.verb:set package 'vrx_gazebo' build argument 'ament_cmake_args' from command line to 'None'
[0.958s] Level 5:colcon.colcon_core.verb:set package 'vrx_gazebo' build argument 'catkin_cmake_args' from command line to 'None'
[0.958s] Level 5:colcon.colcon_core.verb:set package 'vrx_gazebo' build argument 'catkin_skip_building_tests' from command line to 'False'
[0.958s] DEBUG:colcon.colcon_core.verb:Building package 'vrx_gazebo' with the following arguments: {'ament_cmake_args': None, 'build_base': '/home/koki-22/ac_search/vrx_ws/build/vrx_gazebo', 'catkin_cmake_args': None, 'catkin_skip_building_tests': False, 'cmake_args': None, 'cmake_clean_cache': False, 'cmake_clean_first': False, 'cmake_force_configure': False, 'cmake_target': None, 'cmake_target_skip_unavailable': False, 'install_base': '/home/koki-22/ac_search/vrx_ws/install', 'merge_install': True, 'path': '/home/koki-22/ac_search/vrx_ws/src/vrx/vrx_urdf/vrx_gazebo', 'symlink_install': False, 'test_result_base': None}
[0.960s] Level 5:colcon.colcon_core.verb:set package 'vrx_ros' build argument 'cmake_args' from command line to 'None'
[0.960s] Level 5:colcon.colcon_core.verb:set package 'vrx_ros' build argument 'cmake_target' from command line to 'None'
[0.960s] Level 5:colcon.colcon_core.verb:set package 'vrx_ros' build argument 'cmake_target_skip_unavailable' from command line to 'False'
[0.960s] Level 5:colcon.colcon_core.verb:set package 'vrx_ros' build argument 'cmake_clean_cache' from command line to 'False'
[0.960s] Level 5:colcon.colcon_core.verb:set package 'vrx_ros' build argument 'cmake_clean_first' from command line to 'False'
[0.960s] Level 5:colcon.colcon_core.verb:set package 'vrx_ros' build argument 'cmake_force_configure' from command line to 'False'
[0.960s] Level 5:colcon.colcon_core.verb:set package 'vrx_ros' build argument 'ament_cmake_args' from command line to 'None'
[0.960s] Level 5:colcon.colcon_core.verb:set package 'vrx_ros' build argument 'catkin_cmake_args' from command line to 'None'
[0.960s] Level 5:colcon.colcon_core.verb:set package 'vrx_ros' build argument 'catkin_skip_building_tests' from command line to 'False'
[0.960s] DEBUG:colcon.colcon_core.verb:Building package 'vrx_ros' with the following arguments: {'ament_cmake_args': None, 'build_base': '/home/koki-22/ac_search/vrx_ws/build/vrx_ros', 'catkin_cmake_args': None, 'catkin_skip_building_tests': False, 'cmake_args': None, 'cmake_clean_cache': False, 'cmake_clean_first': False, 'cmake_force_configure': False, 'cmake_target': None, 'cmake_target_skip_unavailable': False, 'install_base': '/home/koki-22/ac_search/vrx_ws/install', 'merge_install': True, 'path': '/home/koki-22/ac_search/vrx_ws/src/vrx/vrx_ros', 'symlink_install': False, 'test_result_base': None}
[0.961s] Level 5:colcon.colcon_core.verb:set package 'vrx_gz' build argument 'cmake_args' from command line to 'None'
[0.961s] Level 5:colcon.colcon_core.verb:set package 'vrx_gz' build argument 'cmake_target' from command line to 'None'
[0.961s] Level 5:colcon.colcon_core.verb:set package 'vrx_gz' build argument 'cmake_target_skip_unavailable' from command line to 'False'
[0.962s] Level 5:colcon.colcon_core.verb:set package 'vrx_gz' build argument 'cmake_clean_cache' from command line to 'False'
[0.962s] Level 5:colcon.colcon_core.verb:set package 'vrx_gz' build argument 'cmake_clean_first' from command line to 'False'
[0.962s] Level 5:colcon.colcon_core.verb:set package 'vrx_gz' build argument 'cmake_force_configure' from command line to 'False'
[0.962s] Level 5:colcon.colcon_core.verb:set package 'vrx_gz' build argument 'ament_cmake_args' from command line to 'None'
[0.962s] Level 5:colcon.colcon_core.verb:set package 'vrx_gz' build argument 'catkin_cmake_args' from command line to 'None'
[0.962s] Level 5:colcon.colcon_core.verb:set package 'vrx_gz' build argument 'catkin_skip_building_tests' from command line to 'False'
[0.962s] DEBUG:colcon.colcon_core.verb:Building package 'vrx_gz' with the following arguments: {'ament_cmake_args': None, 'build_base': '/home/koki-22/ac_search/vrx_ws/build/vrx_gz', 'catkin_cmake_args': None, 'catkin_skip_building_tests': False, 'cmake_args': None, 'cmake_clean_cache': False, 'cmake_clean_first': False, 'cmake_force_configure': False, 'cmake_target': None, 'cmake_target_skip_unavailable': False, 'install_base': '/home/koki-22/ac_search/vrx_ws/install', 'merge_install': True, 'path': '/home/koki-22/ac_search/vrx_ws/src/vrx/vrx_gz', 'symlink_install': False, 'test_result_base': None}
[0.963s] Level 5:colcon.colcon_core.verb:set package 'wamv_description' build argument 'cmake_args' from command line to 'None'
[0.963s] Level 5:colcon.colcon_core.verb:set package 'wamv_description' build argument 'cmake_target' from command line to 'None'
[0.963s] Level 5:colcon.colcon_core.verb:set package 'wamv_description' build argument 'cmake_target_skip_unavailable' from command line to 'False'
[0.963s] Level 5:colcon.colcon_core.verb:set package 'wamv_description' build argument 'cmake_clean_cache' from command line to 'False'
[0.963s] Level 5:colcon.colcon_core.verb:set package 'wamv_description' build argument 'cmake_clean_first' from command line to 'False'
[0.963s] Level 5:colcon.colcon_core.verb:set package 'wamv_description' build argument 'cmake_force_configure' from command line to 'False'
[0.963s] Level 5:colcon.colcon_core.verb:set package 'wamv_description' build argument 'ament_cmake_args' from command line to 'None'
[0.963s] Level 5:colcon.colcon_core.verb:set package 'wamv_description' build argument 'catkin_cmake_args' from command line to 'None'
[0.963s] Level 5:colcon.colcon_core.verb:set package 'wamv_description' build argument 'catkin_skip_building_tests' from command line to 'False'
[0.964s] DEBUG:colcon.colcon_core.verb:Building package 'wamv_description' with the following arguments: {'ament_cmake_args': None, 'build_base': '/home/koki-22/ac_search/vrx_ws/build/wamv_description', 'catkin_cmake_args': None, 'catkin_skip_building_tests': False, 'cmake_args': None, 'cmake_clean_cache': False, 'cmake_clean_first': False, 'cmake_force_configure': False, 'cmake_target': None, 'cmake_target_skip_unavailable': False, 'install_base': '/home/koki-22/ac_search/vrx_ws/install', 'merge_install': True, 'path': '/home/koki-22/ac_search/vrx_ws/src/vrx/vrx_urdf/wamv_description', 'symlink_install': False, 'test_result_base': None}
[0.965s] Level 5:colcon.colcon_core.verb:set package 'wamv_gazebo' build argument 'cmake_args' from command line to 'None'
[0.965s] Level 5:colcon.colcon_core.verb:set package 'wamv_gazebo' build argument 'cmake_target' from command line to 'None'
[0.965s] Level 5:colcon.colcon_core.verb:set package 'wamv_gazebo' build argument 'cmake_target_skip_unavailable' from command line to 'False'
[0.965s] Level 5:colcon.colcon_core.verb:set package 'wamv_gazebo' build argument 'cmake_clean_cache' from command line to 'False'
[0.965s] Level 5:colcon.colcon_core.verb:set package 'wamv_gazebo' build argument 'cmake_clean_first' from command line to 'False'
[0.965s] Level 5:colcon.colcon_core.verb:set package 'wamv_gazebo' build argument 'cmake_force_configure' from command line to 'False'
[0.965s] Level 5:colcon.colcon_core.verb:set package 'wamv_gazebo' build argument 'ament_cmake_args' from command line to 'None'
[0.965s] Level 5:colcon.colcon_core.verb:set package 'wamv_gazebo' build argument 'catkin_cmake_args' from command line to 'None'
[0.965s] Level 5:colcon.colcon_core.verb:set package 'wamv_gazebo' build argument 'catkin_skip_building_tests' from command line to 'False'
[0.965s] DEBUG:colcon.colcon_core.verb:Building package 'wamv_gazebo' with the following arguments: {'ament_cmake_args': None, 'build_base': '/home/koki-22/ac_search/vrx_ws/build/wamv_gazebo', 'catkin_cmake_args': None, 'catkin_skip_building_tests': False, 'cmake_args': None, 'cmake_clean_cache': False, 'cmake_clean_first': False, 'cmake_force_configure': False, 'cmake_target': None, 'cmake_target_skip_unavailable': False, 'install_base': '/home/koki-22/ac_search/vrx_ws/install', 'merge_install': True, 'path': '/home/koki-22/ac_search/vrx_ws/src/vrx/vrx_urdf/wamv_gazebo', 'symlink_install': False, 'test_result_base': None}
[0.966s] INFO:colcon.colcon_core.executor:Executing jobs using 'parallel' executor
[0.970s] DEBUG:colcon.colcon_parallel_executor.executor.parallel:run_until_complete
[0.970s] INFO:colcon.colcon_ros.task.ament_cmake.build:Building ROS package in '/home/koki-22/ac_search/vrx_ws/src/vrx/vrx_urdf/vrx_gazebo' with build type 'ament_cmake'
[0.970s] INFO:colcon.colcon_cmake.task.cmake.build:Building CMake package in '/home/koki-22/ac_search/vrx_ws/src/vrx/vrx_urdf/vrx_gazebo'
[0.978s] INFO:colcon.colcon_core.plugin_system:Skipping extension 'colcon_core.shell.bat': Not used on non-Windows systems
[0.978s] INFO:colcon.colcon_core.shell:Skip shell extension 'powershell' for command environment: Not usable outside of PowerShell
[0.978s] DEBUG:colcon.colcon_core.shell:Skip shell extension 'dsv' for command environment
[0.983s] INFO:colcon.colcon_ros.task.ament_cmake.build:Building ROS package in '/home/koki-22/ac_search/vrx_ws/src/vrx/vrx_ros' with build type 'ament_cmake'
[0.983s] INFO:colcon.colcon_cmake.task.cmake.build:Building CMake package in '/home/koki-22/ac_search/vrx_ws/src/vrx/vrx_ros'
[0.986s] INFO:colcon.colcon_core.shell:Skip shell extension 'powershell' for command environment: Not usable outside of PowerShell
[0.986s] DEBUG:colcon.colcon_core.shell:Skip shell extension 'dsv' for command environment
[0.997s] DEBUG:colcon.colcon_core.event_handler.log_command:Invoking command in '/home/koki-22/ac_search/vrx_ws/build/vrx_gazebo': CMAKE_PREFIX_PATH=/opt/ros/humble /usr/bin/cmake /home/koki-22/ac_search/vrx_ws/src/vrx/vrx_urdf/vrx_gazebo -DCMAKE_INSTALL_PREFIX=/home/koki-22/ac_search/vrx_ws/install
[1.005s] DEBUG:colcon.colcon_core.event_handler.log_command:Invoking command in '/home/koki-22/ac_search/vrx_ws/build/vrx_ros': CMAKE_PREFIX_PATH=/opt/ros/humble /usr/bin/cmake /home/koki-22/ac_search/vrx_ws/src/vrx/vrx_ros -DCMAKE_INSTALL_PREFIX=/home/koki-22/ac_search/vrx_ws/install
[1.989s] DEBUG:colcon.colcon_core.event_handler.log_command:Invoked command in '/home/koki-22/ac_search/vrx_ws/build/vrx_gazebo' returned '0': CMAKE_PREFIX_PATH=/opt/ros/humble /usr/bin/cmake /home/koki-22/ac_search/vrx_ws/src/vrx/vrx_urdf/vrx_gazebo -DCMAKE_INSTALL_PREFIX=/home/koki-22/ac_search/vrx_ws/install
[1.992s] DEBUG:colcon.colcon_core.event_handler.log_command:Invoking command in '/home/koki-22/ac_search/vrx_ws/build/vrx_gazebo': CMAKE_PREFIX_PATH=/opt/ros/humble /usr/bin/cmake --build /home/koki-22/ac_search/vrx_ws/build/vrx_gazebo -- -j16 -l16
[2.498s] DEBUG:colcon.colcon_core.event_handler.log_command:Invoked command in '/home/koki-22/ac_search/vrx_ws/build/vrx_gazebo' returned '0': CMAKE_PREFIX_PATH=/opt/ros/humble /usr/bin/cmake --build /home/koki-22/ac_search/vrx_ws/build/vrx_gazebo -- -j16 -l16
[2.536s] DEBUG:colcon.colcon_core.event_handler.log_command:Invoking command in '/home/koki-22/ac_search/vrx_ws/build/vrx_gazebo': CMAKE_PREFIX_PATH=/opt/ros/humble /usr/bin/cmake --install /home/koki-22/ac_search/vrx_ws/build/vrx_gazebo
[2.708s] Level 1:colcon.colcon_core.environment:create_environment_scripts_only(vrx_gazebo)
[2.711s] DEBUG:colcon.colcon_core.event_handler.log_command:Invoked command in '/home/koki-22/ac_search/vrx_ws/build/vrx_gazebo' returned '0': CMAKE_PREFIX_PATH=/opt/ros/humble /usr/bin/cmake --install /home/koki-22/ac_search/vrx_ws/build/vrx_gazebo
[2.719s] Level 1:colcon.colcon_core.environment:checking '/home/koki-22/ac_search/vrx_ws/install' for CMake module files
[2.720s] Level 1:colcon.colcon_core.environment:checking '/home/koki-22/ac_search/vrx_ws/install' for CMake config files
[2.720s] Level 1:colcon.colcon_core.shell:create_environment_hook('vrx_gazebo', 'cmake_prefix_path')
[2.723s] INFO:colcon.colcon_core.shell:Creating environment hook '/home/koki-22/ac_search/vrx_ws/install/share/vrx_gazebo/hook/cmake_prefix_path.ps1'
[2.724s] INFO:colcon.colcon_core.shell:Creating environment descriptor '/home/koki-22/ac_search/vrx_ws/install/share/vrx_gazebo/hook/cmake_prefix_path.dsv'
[2.725s] INFO:colcon.colcon_core.shell:Creating environment hook '/home/koki-22/ac_search/vrx_ws/install/share/vrx_gazebo/hook/cmake_prefix_path.sh'
[2.726s] Level 1:colcon.colcon_core.environment:checking '/home/koki-22/ac_search/vrx_ws/install/lib'
[2.727s] Level 1:colcon.colcon_core.environment:checking '/home/koki-22/ac_search/vrx_ws/install/bin'
[2.727s] Level 1:colcon.colcon_core.environment:checking '/home/koki-22/ac_search/vrx_ws/install/lib/pkgconfig/vrx_gazebo.pc'
[2.727s] Level 1:colcon.colcon_core.environment:checking '/home/koki-22/ac_search/vrx_ws/install/lib/python3.10/site-packages'
[2.728s] Level 1:colcon.colcon_core.environment:checking '/home/koki-22/ac_search/vrx_ws/install/bin'
[2.730s] INFO:colcon.colcon_core.shell:Creating package script '/home/koki-22/ac_search/vrx_ws/install/share/vrx_gazebo/package.ps1'
[2.731s] INFO:colcon.colcon_core.shell:Creating package descriptor '/home/koki-22/ac_search/vrx_ws/install/share/vrx_gazebo/package.dsv'
[2.732s] INFO:colcon.colcon_core.shell:Creating package script '/home/koki-22/ac_search/vrx_ws/install/share/vrx_gazebo/package.sh'
[2.733s] INFO:colcon.colcon_core.shell:Creating package script '/home/koki-22/ac_search/vrx_ws/install/share/vrx_gazebo/package.bash'
[2.735s] INFO:colcon.colcon_core.shell:Creating package script '/home/koki-22/ac_search/vrx_ws/install/share/vrx_gazebo/package.zsh'
[2.736s] Level 1:colcon.colcon_core.environment:create_file_with_runtime_dependencies(/home/koki-22/ac_search/vrx_ws/install/share/colcon-core/packages/vrx_gazebo)
[2.763s] Level 1:colcon.colcon_core.environment:create_environment_scripts_only(vrx_gazebo)
[2.765s] Level 1:colcon.colcon_core.environment:checking '/home/koki-22/ac_search/vrx_ws/install' for CMake module files
[2.766s] Level 1:colcon.colcon_core.environment:checking '/home/koki-22/ac_search/vrx_ws/install' for CMake config files
[2.767s] Level 1:colcon.colcon_core.shell:create_environment_hook('vrx_gazebo', 'cmake_prefix_path')
[2.769s] INFO:colcon.colcon_core.shell:Creating environment hook '/home/koki-22/ac_search/vrx_ws/install/share/vrx_gazebo/hook/cmake_prefix_path.ps1'
[2.769s] INFO:colcon.colcon_core.shell:Creating environment descriptor '/home/koki-22/ac_search/vrx_ws/install/share/vrx_gazebo/hook/cmake_prefix_path.dsv'
[2.770s] INFO:colcon.colcon_core.shell:Creating environment hook '/home/koki-22/ac_search/vrx_ws/install/share/vrx_gazebo/hook/cmake_prefix_path.sh'
[2.771s] Level 1:colcon.colcon_core.environment:checking '/home/koki-22/ac_search/vrx_ws/install/lib'
[2.771s] Level 1:colcon.colcon_core.environment:checking '/home/koki-22/ac_search/vrx_ws/install/bin'
[2.771s] Level 1:colcon.colcon_core.environment:checking '/home/koki-22/ac_search/vrx_ws/install/lib/pkgconfig/vrx_gazebo.pc'
[2.771s] Level 1:colcon.colcon_core.environment:checking '/home/koki-22/ac_search/vrx_ws/install/lib/python3.10/site-packages'
[2.772s] Level 1:colcon.colcon_core.environment:checking '/home/koki-22/ac_search/vrx_ws/install/bin'
[2.773s] INFO:colcon.colcon_core.shell:Creating package script '/home/koki-22/ac_search/vrx_ws/install/share/vrx_gazebo/package.ps1'
[2.774s] INFO:colcon.colcon_core.shell:Creating package descriptor '/home/koki-22/ac_search/vrx_ws/install/share/vrx_gazebo/package.dsv'
[2.775s] INFO:colcon.colcon_core.shell:Creating package script '/home/koki-22/ac_search/vrx_ws/install/share/vrx_gazebo/package.sh'
[2.776s] INFO:colcon.colcon_core.shell:Creating package script '/home/koki-22/ac_search/vrx_ws/install/share/vrx_gazebo/package.bash'
[2.776s] INFO:colcon.colcon_core.shell:Creating package script '/home/koki-22/ac_search/vrx_ws/install/share/vrx_gazebo/package.zsh'
[2.777s] Level 1:colcon.colcon_core.environment:create_file_with_runtime_dependencies(/home/koki-22/ac_search/vrx_ws/install/share/colcon-core/packages/vrx_gazebo)
[2.777s] INFO:colcon.colcon_ros.task.ament_cmake.build:Building ROS package in '/home/koki-22/ac_search/vrx_ws/src/vrx/vrx_urdf/wamv_description' with build type 'ament_cmake'
[2.777s] INFO:colcon.colcon_cmake.task.cmake.build:Building CMake package in '/home/koki-22/ac_search/vrx_ws/src/vrx/vrx_urdf/wamv_description'
[2.779s] INFO:colcon.colcon_core.shell:Skip shell extension 'powershell' for command environment: Not usable outside of PowerShell
[2.780s] DEBUG:colcon.colcon_core.shell:Skip shell extension 'dsv' for command environment
[2.795s] DEBUG:colcon.colcon_core.event_handler.log_command:Invoking command in '/home/koki-22/ac_search/vrx_ws/build/wamv_description': AMENT_PREFIX_PATH=/home/koki-22/ac_search/vrx_ws/install:${AMENT_PREFIX_PATH} CMAKE_PREFIX_PATH=/home/koki-22/ac_search/vrx_ws/install:/opt/ros/humble GZ_SIM_RESOURCE_PATH=/home/koki-22/ac_search/vrx_ws/install/share/vrx_gazebo/models:/home/koki-22/ac_search/vrx_ws/install/share PYTHONPATH=/home/koki-22/ac_search/vrx_ws/install/local/lib/python3.10/dist-packages:${PYTHONPATH} /usr/bin/cmake /home/koki-22/ac_search/vrx_ws/src/vrx/vrx_urdf/wamv_description -DCMAKE_INSTALL_PREFIX=/home/koki-22/ac_search/vrx_ws/install
[3.671s] DEBUG:colcon.colcon_core.event_handler.log_command:Invoked command in '/home/koki-22/ac_search/vrx_ws/build/wamv_description' returned '0': AMENT_PREFIX_PATH=/home/koki-22/ac_search/vrx_ws/install:${AMENT_PREFIX_PATH} CMAKE_PREFIX_PATH=/home/koki-22/ac_search/vrx_ws/install:/opt/ros/humble GZ_SIM_RESOURCE_PATH=/home/koki-22/ac_search/vrx_ws/install/share/vrx_gazebo/models:/home/koki-22/ac_search/vrx_ws/install/share PYTHONPATH=/home/koki-22/ac_search/vrx_ws/install/local/lib/python3.10/dist-packages:${PYTHONPATH} /usr/bin/cmake /home/koki-22/ac_search/vrx_ws/src/vrx/vrx_urdf/wamv_description -DCMAKE_INSTALL_PREFIX=/home/koki-22/ac_search/vrx_ws/install
[3.673s] DEBUG:colcon.colcon_core.event_handler.log_command:Invoking command in '/home/koki-22/ac_search/vrx_ws/build/wamv_description': AMENT_PREFIX_PATH=/home/koki-22/ac_search/vrx_ws/install:${AMENT_PREFIX_PATH} CMAKE_PREFIX_PATH=/home/koki-22/ac_search/vrx_ws/install:/opt/ros/humble GZ_SIM_RESOURCE_PATH=/home/koki-22/ac_search/vrx_ws/install/share/vrx_gazebo/models:/home/koki-22/ac_search/vrx_ws/install/share PYTHONPATH=/home/koki-22/ac_search/vrx_ws/install/local/lib/python3.10/dist-packages:${PYTHONPATH} /usr/bin/cmake --build /home/koki-22/ac_search/vrx_ws/build/wamv_description -- -j16 -l16
[3.877s] DEBUG:colcon.colcon_core.event_handler.log_command:Invoked command in '/home/koki-22/ac_search/vrx_ws/build/wamv_description' returned '0': AMENT_PREFIX_PATH=/home/koki-22/ac_search/vrx_ws/install:${AMENT_PREFIX_PATH} CMAKE_PREFIX_PATH=/home/koki-22/ac_search/vrx_ws/install:/opt/ros/humble GZ_SIM_RESOURCE_PATH=/home/koki-22/ac_search/vrx_ws/install/share/vrx_gazebo/models:/home/koki-22/ac_search/vrx_ws/install/share PYTHONPATH=/home/koki-22/ac_search/vrx_ws/install/local/lib/python3.10/dist-packages:${PYTHONPATH} /usr/bin/cmake --build /home/koki-22/ac_search/vrx_ws/build/wamv_description -- -j16 -l16
[3.887s] DEBUG:colcon.colcon_core.event_handler.log_command:Invoked command in '/home/koki-22/ac_search/vrx_ws/build/vrx_ros' returned '0': CMAKE_PREFIX_PATH=/opt/ros/humble /usr/bin/cmake /home/koki-22/ac_search/vrx_ws/src/vrx/vrx_ros -DCMAKE_INSTALL_PREFIX=/home/koki-22/ac_search/vrx_ws/install
[3.889s] DEBUG:colcon.colcon_core.event_handler.log_command:Invoking command in '/home/koki-22/ac_search/vrx_ws/build/vrx_ros': CMAKE_PREFIX_PATH=/opt/ros/humble /usr/bin/cmake --build /home/koki-22/ac_search/vrx_ws/build/vrx_ros -- -j16 -l16
[3.911s] DEBUG:colcon.colcon_core.event_handler.log_command:Invoking command in '/home/koki-22/ac_search/vrx_ws/build/wamv_description': AMENT_PREFIX_PATH=/home/koki-22/ac_search/vrx_ws/install:${AMENT_PREFIX_PATH} CMAKE_PREFIX_PATH=/home/koki-22/ac_search/vrx_ws/install:/opt/ros/humble GZ_SIM_RESOURCE_PATH=/home/koki-22/ac_search/vrx_ws/install/share/vrx_gazebo/models:/home/koki-22/ac_search/vrx_ws/install/share PYTHONPATH=/home/koki-22/ac_search/vrx_ws/install/local/lib/python3.10/dist-packages:${PYTHONPATH} /usr/bin/cmake --install /home/koki-22/ac_search/vrx_ws/build/wamv_description
[3.967s] Level 1:colcon.colcon_core.environment:create_environment_scripts_only(wamv_description)
[3.971s] Level 1:colcon.colcon_core.environment:checking '/home/koki-22/ac_search/vrx_ws/install' for CMake module files
[3.972s] DEBUG:colcon.colcon_core.event_handler.log_command:Invoked command in '/home/koki-22/ac_search/vrx_ws/build/wamv_description' returned '0': AMENT_PREFIX_PATH=/home/koki-22/ac_search/vrx_ws/install:${AMENT_PREFIX_PATH} CMAKE_PREFIX_PATH=/home/koki-22/ac_search/vrx_ws/install:/opt/ros/humble GZ_SIM_RESOURCE_PATH=/home/koki-22/ac_search/vrx_ws/install/share/vrx_gazebo/models:/home/koki-22/ac_search/vrx_ws/install/share PYTHONPATH=/home/koki-22/ac_search/vrx_ws/install/local/lib/python3.10/dist-packages:${PYTHONPATH} /usr/bin/cmake --install /home/koki-22/ac_search/vrx_ws/build/wamv_description
[3.974s] Level 1:colcon.colcon_core.environment:checking '/home/koki-22/ac_search/vrx_ws/install' for CMake config files
[3.974s] Level 1:colcon.colcon_core.shell:create_environment_hook('wamv_description', 'cmake_prefix_path')
[3.976s] INFO:colcon.colcon_core.shell:Creating environment hook '/home/koki-22/ac_search/vrx_ws/install/share/wamv_description/hook/cmake_prefix_path.ps1'
[3.977s] INFO:colcon.colcon_core.shell:Creating environment descriptor '/home/koki-22/ac_search/vrx_ws/install/share/wamv_description/hook/cmake_prefix_path.dsv'
[3.978s] INFO:colcon.colcon_core.shell:Creating environment hook '/home/koki-22/ac_search/vrx_ws/install/share/wamv_description/hook/cmake_prefix_path.sh'
[3.979s] Level 1:colcon.colcon_core.environment:checking '/home/koki-22/ac_search/vrx_ws/install/lib'
[3.979s] Level 1:colcon.colcon_core.environment:checking '/home/koki-22/ac_search/vrx_ws/install/bin'
[3.979s] Level 1:colcon.colcon_core.environment:checking '/home/koki-22/ac_search/vrx_ws/install/lib/pkgconfig/wamv_description.pc'
[3.980s] Level 1:colcon.colcon_core.environment:checking '/home/koki-22/ac_search/vrx_ws/install/lib/python3.10/site-packages'
[3.980s] Level 1:colcon.colcon_core.environment:checking '/home/koki-22/ac_search/vrx_ws/install/bin'
[3.983s] INFO:colcon.colcon_core.shell:Creating package script '/home/koki-22/ac_search/vrx_ws/install/share/wamv_description/package.ps1'
[3.984s] INFO:colcon.colcon_core.shell:Creating package descriptor '/home/koki-22/ac_search/vrx_ws/install/share/wamv_description/package.dsv'
[3.985s] INFO:colcon.colcon_core.shell:Creating package script '/home/koki-22/ac_search/vrx_ws/install/share/wamv_description/package.sh'
[3.985s] INFO:colcon.colcon_core.shell:Creating package script '/home/koki-22/ac_search/vrx_ws/install/share/wamv_description/package.bash'
[3.986s] INFO:colcon.colcon_core.shell:Creating package script '/home/koki-22/ac_search/vrx_ws/install/share/wamv_description/package.zsh'
[3.986s] Level 1:colcon.colcon_core.environment:create_file_with_runtime_dependencies(/home/koki-22/ac_search/vrx_ws/install/share/colcon-core/packages/wamv_description)
[4.021s] Level 1:colcon.colcon_core.environment:create_environment_scripts_only(wamv_description)
[4.024s] Level 1:colcon.colcon_core.environment:checking '/home/koki-22/ac_search/vrx_ws/install' for CMake module files
[4.024s] Level 1:colcon.colcon_core.environment:checking '/home/koki-22/ac_search/vrx_ws/install' for CMake config files
[4.025s] Level 1:colcon.colcon_core.shell:create_environment_hook('wamv_description', 'cmake_prefix_path')
[4.027s] INFO:colcon.colcon_core.shell:Creating environment hook '/home/koki-22/ac_search/vrx_ws/install/share/wamv_description/hook/cmake_prefix_path.ps1'
[4.027s] INFO:colcon.colcon_core.shell:Creating environment descriptor '/home/koki-22/ac_search/vrx_ws/install/share/wamv_description/hook/cmake_prefix_path.dsv'
[4.028s] INFO:colcon.colcon_core.shell:Creating environment hook '/home/koki-22/ac_search/vrx_ws/install/share/wamv_description/hook/cmake_prefix_path.sh'
[4.029s] Level 1:colcon.colcon_core.environment:checking '/home/koki-22/ac_search/vrx_ws/install/lib'
[4.029s] Level 1:colcon.colcon_core.environment:checking '/home/koki-22/ac_search/vrx_ws/install/bin'
[4.029s] Level 1:colcon.colcon_core.environment:checking '/home/koki-22/ac_search/vrx_ws/install/lib/pkgconfig/wamv_description.pc'
[4.030s] Level 1:colcon.colcon_core.environment:checking '/home/koki-22/ac_search/vrx_ws/install/lib/python3.10/site-packages'
[4.030s] Level 1:colcon.colcon_core.environment:checking '/home/koki-22/ac_search/vrx_ws/install/bin'
[4.032s] INFO:colcon.colcon_core.shell:Creating package script '/home/koki-22/ac_search/vrx_ws/install/share/wamv_description/package.ps1'
[4.033s] INFO:colcon.colcon_core.shell:Creating package descriptor '/home/koki-22/ac_search/vrx_ws/install/share/wamv_description/package.dsv'
[4.034s] INFO:colcon.colcon_core.shell:Creating package script '/home/koki-22/ac_search/vrx_ws/install/share/wamv_description/package.sh'
[4.034s] INFO:colcon.colcon_core.shell:Creating package script '/home/koki-22/ac_search/vrx_ws/install/share/wamv_description/package.bash'
[4.035s] INFO:colcon.colcon_core.shell:Creating package script '/home/koki-22/ac_search/vrx_ws/install/share/wamv_description/package.zsh'
[4.036s] Level 1:colcon.colcon_core.environment:create_file_with_runtime_dependencies(/home/koki-22/ac_search/vrx_ws/install/share/colcon-core/packages/wamv_description)
[4.037s] INFO:colcon.colcon_ros.task.ament_cmake.build:Building ROS package in '/home/koki-22/ac_search/vrx_ws/src/vrx/vrx_urdf/wamv_gazebo' with build type 'ament_cmake'
[4.037s] INFO:colcon.colcon_cmake.task.cmake.build:Building CMake package in '/home/koki-22/ac_search/vrx_ws/src/vrx/vrx_urdf/wamv_gazebo'
[4.040s] INFO:colcon.colcon_core.shell:Skip shell extension 'powershell' for command environment: Not usable outside of PowerShell
[4.040s] DEBUG:colcon.colcon_core.shell:Skip shell extension 'dsv' for command environment
[4.057s] DEBUG:colcon.colcon_core.event_handler.log_command:Invoking command in '/home/koki-22/ac_search/vrx_ws/build/wamv_gazebo': AMENT_PREFIX_PATH=/home/koki-22/ac_search/vrx_ws/install:${AMENT_PREFIX_PATH} CMAKE_PREFIX_PATH=/home/koki-22/ac_search/vrx_ws/install:/opt/ros/humble GZ_SIM_RESOURCE_PATH=/home/koki-22/ac_search/vrx_ws/install/share/wamv_description/models:/home/koki-22/ac_search/vrx_ws/install/share/vrx_gazebo/models:/home/koki-22/ac_search/vrx_ws/install/share PYTHONPATH=/home/koki-22/ac_search/vrx_ws/install/local/lib/python3.10/dist-packages:${PYTHONPATH} /usr/bin/cmake /home/koki-22/ac_search/vrx_ws/src/vrx/vrx_urdf/wamv_gazebo -DCMAKE_INSTALL_PREFIX=/home/koki-22/ac_search/vrx_ws/install
[4.866s] DEBUG:colcon.colcon_core.event_handler.log_command:Invoked command in '/home/koki-22/ac_search/vrx_ws/build/wamv_gazebo' returned '0': AMENT_PREFIX_PATH=/home/koki-22/ac_search/vrx_ws/install:${AMENT_PREFIX_PATH} CMAKE_PREFIX_PATH=/home/koki-22/ac_search/vrx_ws/install:/opt/ros/humble GZ_SIM_RESOURCE_PATH=/home/koki-22/ac_search/vrx_ws/install/share/wamv_description/models:/home/koki-22/ac_search/vrx_ws/install/share/vrx_gazebo/models:/home/koki-22/ac_search/vrx_ws/install/share PYTHONPATH=/home/koki-22/ac_search/vrx_ws/install/local/lib/python3.10/dist-packages:${PYTHONPATH} /usr/bin/cmake /home/koki-22/ac_search/vrx_ws/src/vrx/vrx_urdf/wamv_gazebo -DCMAKE_INSTALL_PREFIX=/home/koki-22/ac_search/vrx_ws/install
[4.869s] DEBUG:colcon.colcon_core.event_handler.log_command:Invoking command in '/home/koki-22/ac_search/vrx_ws/build/wamv_gazebo': AMENT_PREFIX_PATH=/home/koki-22/ac_search/vrx_ws/install:${AMENT_PREFIX_PATH} CMAKE_PREFIX_PATH=/home/koki-22/ac_search/vrx_ws/install:/opt/ros/humble GZ_SIM_RESOURCE_PATH=/home/koki-22/ac_search/vrx_ws/install/share/wamv_description/models:/home/koki-22/ac_search/vrx_ws/install/share/vrx_gazebo/models:/home/koki-22/ac_search/vrx_ws/install/share PYTHONPATH=/home/koki-22/ac_search/vrx_ws/install/local/lib/python3.10/dist-packages:${PYTHONPATH} /usr/bin/cmake --build /home/koki-22/ac_search/vrx_ws/build/wamv_gazebo -- -j16 -l16
[4.917s] DEBUG:colcon.colcon_core.event_handler.log_command:Invoked command in '/home/koki-22/ac_search/vrx_ws/build/wamv_gazebo' returned '0': AMENT_PREFIX_PATH=/home/koki-22/ac_search/vrx_ws/install:${AMENT_PREFIX_PATH} CMAKE_PREFIX_PATH=/home/koki-22/ac_search/vrx_ws/install:/opt/ros/humble GZ_SIM_RESOURCE_PATH=/home/koki-22/ac_search/vrx_ws/install/share/wamv_description/models:/home/koki-22/ac_search/vrx_ws/install/share/vrx_gazebo/models:/home/koki-22/ac_search/vrx_ws/install/share PYTHONPATH=/home/koki-22/ac_search/vrx_ws/install/local/lib/python3.10/dist-packages:${PYTHONPATH} /usr/bin/cmake --build /home/koki-22/ac_search/vrx_ws/build/wamv_gazebo -- -j16 -l16
[4.943s] DEBUG:colcon.colcon_core.event_handler.log_command:Invoking command in '/home/koki-22/ac_search/vrx_ws/build/wamv_gazebo': AMENT_PREFIX_PATH=/home/koki-22/ac_search/vrx_ws/install:${AMENT_PREFIX_PATH} CMAKE_PREFIX_PATH=/home/koki-22/ac_search/vrx_ws/install:/opt/ros/humble GZ_SIM_RESOURCE_PATH=/home/koki-22/ac_search/vrx_ws/install/share/wamv_description/models:/home/koki-22/ac_search/vrx_ws/install/share/vrx_gazebo/models:/home/koki-22/ac_search/vrx_ws/install/share PYTHONPATH=/home/koki-22/ac_search/vrx_ws/install/local/lib/python3.10/dist-packages:${PYTHONPATH} /usr/bin/cmake --install /home/koki-22/ac_search/vrx_ws/build/wamv_gazebo
[4.963s] Level 1:colcon.colcon_core.environment:create_environment_scripts_only(wamv_gazebo)
[4.967s] Level 1:colcon.colcon_core.environment:checking '/home/koki-22/ac_search/vrx_ws/install' for CMake module files
[4.968s] DEBUG:colcon.colcon_core.event_handler.log_command:Invoked command in '/home/koki-22/ac_search/vrx_ws/build/wamv_gazebo' returned '0': AMENT_PREFIX_PATH=/home/koki-22/ac_search/vrx_ws/install:${AMENT_PREFIX_PATH} CMAKE_PREFIX_PATH=/home/koki-22/ac_search/vrx_ws/install:/opt/ros/humble GZ_SIM_RESOURCE_PATH=/home/koki-22/ac_search/vrx_ws/install/share/wamv_description/models:/home/koki-22/ac_search/vrx_ws/install/share/vrx_gazebo/models:/home/koki-22/ac_search/vrx_ws/install/share PYTHONPATH=/home/koki-22/ac_search/vrx_ws/install/local/lib/python3.10/dist-packages:${PYTHONPATH} /usr/bin/cmake --install /home/koki-22/ac_search/vrx_ws/build/wamv_gazebo
[4.968s] Level 1:colcon.colcon_core.environment:checking '/home/koki-22/ac_search/vrx_ws/install' for CMake config files
[4.969s] Level 1:colcon.colcon_core.shell:create_environment_hook('wamv_gazebo', 'cmake_prefix_path')
[4.971s] INFO:colcon.colcon_core.shell:Creating environment hook '/home/koki-22/ac_search/vrx_ws/install/share/wamv_gazebo/hook/cmake_prefix_path.ps1'
[4.972s] INFO:colcon.colcon_core.shell:Creating environment descriptor '/home/koki-22/ac_search/vrx_ws/install/share/wamv_gazebo/hook/cmake_prefix_path.dsv'
[4.972s] INFO:colcon.colcon_core.shell:Creating environment hook '/home/koki-22/ac_search/vrx_ws/install/share/wamv_gazebo/hook/cmake_prefix_path.sh'
[4.973s] Level 1:colcon.colcon_core.environment:checking '/home/koki-22/ac_search/vrx_ws/install/lib'
[4.973s] Level 1:colcon.colcon_core.environment:checking '/home/koki-22/ac_search/vrx_ws/install/bin'
[4.974s] Level 1:colcon.colcon_core.environment:checking '/home/koki-22/ac_search/vrx_ws/install/lib/pkgconfig/wamv_gazebo.pc'
[4.974s] Level 1:colcon.colcon_core.environment:checking '/home/koki-22/ac_search/vrx_ws/install/lib/python3.10/site-packages'
[4.974s] Level 1:colcon.colcon_core.environment:checking '/home/koki-22/ac_search/vrx_ws/install/bin'
[4.977s] INFO:colcon.colcon_core.shell:Creating package script '/home/koki-22/ac_search/vrx_ws/install/share/wamv_gazebo/package.ps1'
[4.977s] INFO:colcon.colcon_core.shell:Creating package descriptor '/home/koki-22/ac_search/vrx_ws/install/share/wamv_gazebo/package.dsv'
[4.978s] INFO:colcon.colcon_core.shell:Creating package script '/home/koki-22/ac_search/vrx_ws/install/share/wamv_gazebo/package.sh'
[4.979s] INFO:colcon.colcon_core.shell:Creating package script '/home/koki-22/ac_search/vrx_ws/install/share/wamv_gazebo/package.bash'
[4.980s] INFO:colcon.colcon_core.shell:Creating package script '/home/koki-22/ac_search/vrx_ws/install/share/wamv_gazebo/package.zsh'
[4.980s] Level 1:colcon.colcon_core.environment:create_file_with_runtime_dependencies(/home/koki-22/ac_search/vrx_ws/install/share/colcon-core/packages/wamv_gazebo)
[5.011s] Level 1:colcon.colcon_core.environment:create_environment_scripts_only(wamv_gazebo)
[5.014s] Level 1:colcon.colcon_core.environment:checking '/home/koki-22/ac_search/vrx_ws/install' for CMake module files
[5.015s] Level 1:colcon.colcon_core.environment:checking '/home/koki-22/ac_search/vrx_ws/install' for CMake config files
[5.015s] Level 1:colcon.colcon_core.shell:create_environment_hook('wamv_gazebo', 'cmake_prefix_path')
[5.017s] INFO:colcon.colcon_core.shell:Creating environment hook '/home/koki-22/ac_search/vrx_ws/install/share/wamv_gazebo/hook/cmake_prefix_path.ps1'
[5.018s] INFO:colcon.colcon_core.shell:Creating environment descriptor '/home/koki-22/ac_search/vrx_ws/install/share/wamv_gazebo/hook/cmake_prefix_path.dsv'
[5.018s] INFO:colcon.colcon_core.shell:Creating environment hook '/home/koki-22/ac_search/vrx_ws/install/share/wamv_gazebo/hook/cmake_prefix_path.sh'
[5.019s] Level 1:colcon.colcon_core.environment:checking '/home/koki-22/ac_search/vrx_ws/install/lib'
[5.020s] Level 1:colcon.colcon_core.environment:checking '/home/koki-22/ac_search/vrx_ws/install/bin'
[5.020s] Level 1:colcon.colcon_core.environment:checking '/home/koki-22/ac_search/vrx_ws/install/lib/pkgconfig/wamv_gazebo.pc'
[5.020s] Level 1:colcon.colcon_core.environment:checking '/home/koki-22/ac_search/vrx_ws/install/lib/python3.10/site-packages'
[5.021s] Level 1:colcon.colcon_core.environment:checking '/home/koki-22/ac_search/vrx_ws/install/bin'
[5.022s] INFO:colcon.colcon_core.shell:Creating package script '/home/koki-22/ac_search/vrx_ws/install/share/wamv_gazebo/package.ps1'
[5.023s] INFO:colcon.colcon_core.shell:Creating package descriptor '/home/koki-22/ac_search/vrx_ws/install/share/wamv_gazebo/package.dsv'
[5.024s] INFO:colcon.colcon_core.shell:Creating package script '/home/koki-22/ac_search/vrx_ws/install/share/wamv_gazebo/package.sh'
[5.024s] INFO:colcon.colcon_core.shell:Creating package script '/home/koki-22/ac_search/vrx_ws/install/share/wamv_gazebo/package.bash'
[5.025s] INFO:colcon.colcon_core.shell:Creating package script '/home/koki-22/ac_search/vrx_ws/install/share/wamv_gazebo/package.zsh'
[5.026s] Level 1:colcon.colcon_core.environment:create_file_with_runtime_dependencies(/home/koki-22/ac_search/vrx_ws/install/share/colcon-core/packages/wamv_gazebo)
[17.757s] DEBUG:colcon.colcon_core.event_handler.log_command:Invoked command in '/home/koki-22/ac_search/vrx_ws/build/vrx_ros' returned '0': CMAKE_PREFIX_PATH=/opt/ros/humble /usr/bin/cmake --build /home/koki-22/ac_search/vrx_ws/build/vrx_ros -- -j16 -l16
[17.794s] DEBUG:colcon.colcon_core.event_handler.log_command:Invoking command in '/home/koki-22/ac_search/vrx_ws/build/vrx_ros': CMAKE_PREFIX_PATH=/opt/ros/humble /usr/bin/cmake --install /home/koki-22/ac_search/vrx_ws/build/vrx_ros
[17.827s] Level 1:colcon.colcon_core.environment:create_environment_scripts_only(vrx_ros)
[17.828s] DEBUG:colcon.colcon_core.event_handler.log_command:Invoked command in '/home/koki-22/ac_search/vrx_ws/build/vrx_ros' returned '0': CMAKE_PREFIX_PATH=/opt/ros/humble /usr/bin/cmake --install /home/koki-22/ac_search/vrx_ws/build/vrx_ros
[17.832s] Level 1:colcon.colcon_core.environment:checking '/home/koki-22/ac_search/vrx_ws/install' for CMake module files
[17.833s] Level 1:colcon.colcon_core.environment:checking '/home/koki-22/ac_search/vrx_ws/install' for CMake config files
[17.833s] Level 1:colcon.colcon_core.shell:create_environment_hook('vrx_ros', 'cmake_prefix_path')
[17.835s] INFO:colcon.colcon_core.shell:Creating environment hook '/home/koki-22/ac_search/vrx_ws/install/share/vrx_ros/hook/cmake_prefix_path.ps1'
[17.836s] INFO:colcon.colcon_core.shell:Creating environment descriptor '/home/koki-22/ac_search/vrx_ws/install/share/vrx_ros/hook/cmake_prefix_path.dsv'
[17.837s] INFO:colcon.colcon_core.shell:Creating environment hook '/home/koki-22/ac_search/vrx_ws/install/share/vrx_ros/hook/cmake_prefix_path.sh'
[17.838s] Level 1:colcon.colcon_core.environment:checking '/home/koki-22/ac_search/vrx_ws/install/lib'
[17.838s] Level 1:colcon.colcon_core.environment:checking '/home/koki-22/ac_search/vrx_ws/install/bin'
[17.838s] Level 1:colcon.colcon_core.environment:checking '/home/koki-22/ac_search/vrx_ws/install/lib/pkgconfig/vrx_ros.pc'
[17.838s] Level 1:colcon.colcon_core.environment:checking '/home/koki-22/ac_search/vrx_ws/install/lib/python3.10/site-packages'
[17.839s] Level 1:colcon.colcon_core.environment:checking '/home/koki-22/ac_search/vrx_ws/install/bin'
[17.841s] INFO:colcon.colcon_core.shell:Creating package script '/home/koki-22/ac_search/vrx_ws/install/share/vrx_ros/package.ps1'
[17.842s] INFO:colcon.colcon_core.shell:Creating package descriptor '/home/koki-22/ac_search/vrx_ws/install/share/vrx_ros/package.dsv'
[17.843s] INFO:colcon.colcon_core.shell:Creating package script '/home/koki-22/ac_search/vrx_ws/install/share/vrx_ros/package.sh'
[17.844s] INFO:colcon.colcon_core.shell:Creating package script '/home/koki-22/ac_search/vrx_ws/install/share/vrx_ros/package.bash'
[17.844s] INFO:colcon.colcon_core.shell:Creating package script '/home/koki-22/ac_search/vrx_ws/install/share/vrx_ros/package.zsh'
[17.845s] Level 1:colcon.colcon_core.environment:create_file_with_runtime_dependencies(/home/koki-22/ac_search/vrx_ws/install/share/colcon-core/packages/vrx_ros)
[17.881s] Level 1:colcon.colcon_core.environment:create_environment_scripts_only(vrx_ros)
[17.883s] Level 1:colcon.colcon_core.environment:checking '/home/koki-22/ac_search/vrx_ws/install' for CMake module files
[17.884s] Level 1:colcon.colcon_core.environment:checking '/home/koki-22/ac_search/vrx_ws/install' for CMake config files
[17.884s] Level 1:colcon.colcon_core.shell:create_environment_hook('vrx_ros', 'cmake_prefix_path')
[17.886s] INFO:colcon.colcon_core.shell:Creating environment hook '/home/koki-22/ac_search/vrx_ws/install/share/vrx_ros/hook/cmake_prefix_path.ps1'
[17.886s] INFO:colcon.colcon_core.shell:Creating environment descriptor '/home/koki-22/ac_search/vrx_ws/install/share/vrx_ros/hook/cmake_prefix_path.dsv'
[17.887s] INFO:colcon.colcon_core.shell:Creating environment hook '/home/koki-22/ac_search/vrx_ws/install/share/vrx_ros/hook/cmake_prefix_path.sh'
[17.887s] Level 1:colcon.colcon_core.environment:checking '/home/koki-22/ac_search/vrx_ws/install/lib'
[17.888s] Level 1:colcon.colcon_core.environment:checking '/home/koki-22/ac_search/vrx_ws/install/bin'
[17.888s] Level 1:colcon.colcon_core.environment:checking '/home/koki-22/ac_search/vrx_ws/install/lib/pkgconfig/vrx_ros.pc'
[17.888s] Level 1:colcon.colcon_core.environment:checking '/home/koki-22/ac_search/vrx_ws/install/lib/python3.10/site-packages'
[17.888s] Level 1:colcon.colcon_core.environment:checking '/home/koki-22/ac_search/vrx_ws/install/bin'
[17.891s] INFO:colcon.colcon_core.shell:Creating package script '/home/koki-22/ac_search/vrx_ws/install/share/vrx_ros/package.ps1'
[17.892s] INFO:colcon.colcon_core.shell:Creating package descriptor '/home/koki-22/ac_search/vrx_ws/install/share/vrx_ros/package.dsv'
[17.892s] INFO:colcon.colcon_core.shell:Creating package script '/home/koki-22/ac_search/vrx_ws/install/share/vrx_ros/package.sh'
[17.893s] INFO:colcon.colcon_core.shell:Creating package script '/home/koki-22/ac_search/vrx_ws/install/share/vrx_ros/package.bash'
[17.894s] INFO:colcon.colcon_core.shell:Creating package script '/home/koki-22/ac_search/vrx_ws/install/share/vrx_ros/package.zsh'
[17.895s] Level 1:colcon.colcon_core.environment:create_file_with_runtime_dependencies(/home/koki-22/ac_search/vrx_ws/install/share/colcon-core/packages/vrx_ros)
[17.895s] INFO:colcon.colcon_ros.task.ament_cmake.build:Building ROS package in '/home/koki-22/ac_search/vrx_ws/src/vrx/vrx_gz' with build type 'ament_cmake'
[17.896s] INFO:colcon.colcon_cmake.task.cmake.build:Building CMake package in '/home/koki-22/ac_search/vrx_ws/src/vrx/vrx_gz'
[17.898s] INFO:colcon.colcon_core.shell:Skip shell extension 'powershell' for command environment: Not usable outside of PowerShell
[17.898s] DEBUG:colcon.colcon_core.shell:Skip shell extension 'dsv' for command environment
[17.913s] DEBUG:colcon.colcon_core.event_handler.log_command:Invoking command in '/home/koki-22/ac_search/vrx_ws/build/vrx_gz': AMENT_PREFIX_PATH=/home/koki-22/ac_search/vrx_ws/install:${AMENT_PREFIX_PATH} CMAKE_PREFIX_PATH=/home/koki-22/ac_search/vrx_ws/install:/opt/ros/humble /usr/bin/cmake /home/koki-22/ac_search/vrx_ws/src/vrx/vrx_gz -DCMAKE_INSTALL_PREFIX=/home/koki-22/ac_search/vrx_ws/install
[20.367s] DEBUG:colcon.colcon_core.event_handler.log_command:Invoked command in '/home/koki-22/ac_search/vrx_ws/build/vrx_gz' returned '0': AMENT_PREFIX_PATH=/home/koki-22/ac_search/vrx_ws/install:${AMENT_PREFIX_PATH} CMAKE_PREFIX_PATH=/home/koki-22/ac_search/vrx_ws/install:/opt/ros/humble /usr/bin/cmake /home/koki-22/ac_search/vrx_ws/src/vrx/vrx_gz -DCMAKE_INSTALL_PREFIX=/home/koki-22/ac_search/vrx_ws/install
[20.370s] DEBUG:colcon.colcon_core.event_handler.log_command:Invoking command in '/home/koki-22/ac_search/vrx_ws/build/vrx_gz': AMENT_PREFIX_PATH=/home/koki-22/ac_search/vrx_ws/install:${AMENT_PREFIX_PATH} CMAKE_PREFIX_PATH=/home/koki-22/ac_search/vrx_ws/install:/opt/ros/humble /usr/bin/cmake --build /home/koki-22/ac_search/vrx_ws/build/vrx_gz -- -j16 -l16
[53.659s] DEBUG:colcon.colcon_core.event_handler.log_command:Invoked command in '/home/koki-22/ac_search/vrx_ws/build/vrx_gz' returned '0': AMENT_PREFIX_PATH=/home/koki-22/ac_search/vrx_ws/install:${AMENT_PREFIX_PATH} CMAKE_PREFIX_PATH=/home/koki-22/ac_search/vrx_ws/install:/opt/ros/humble /usr/bin/cmake --build /home/koki-22/ac_search/vrx_ws/build/vrx_gz -- -j16 -l16
[53.770s] DEBUG:colcon.colcon_core.event_handler.log_command:Invoking command in '/home/koki-22/ac_search/vrx_ws/build/vrx_gz': AMENT_PREFIX_PATH=/home/koki-22/ac_search/vrx_ws/install:${AMENT_PREFIX_PATH} CMAKE_PREFIX_PATH=/home/koki-22/ac_search/vrx_ws/install:/opt/ros/humble /usr/bin/cmake --install /home/koki-22/ac_search/vrx_ws/build/vrx_gz
[54.125s] Level 1:colcon.colcon_core.environment:create_environment_scripts_only(vrx_gz)
[54.128s] Level 1:colcon.colcon_core.environment:checking '/home/koki-22/ac_search/vrx_ws/install' for CMake module files
[54.129s] DEBUG:colcon.colcon_core.event_handler.log_command:Invoked command in '/home/koki-22/ac_search/vrx_ws/build/vrx_gz' returned '0': AMENT_PREFIX_PATH=/home/koki-22/ac_search/vrx_ws/install:${AMENT_PREFIX_PATH} CMAKE_PREFIX_PATH=/home/koki-22/ac_search/vrx_ws/install:/opt/ros/humble /usr/bin/cmake --install /home/koki-22/ac_search/vrx_ws/build/vrx_gz
[54.130s] Level 1:colcon.colcon_core.environment:checking '/home/koki-22/ac_search/vrx_ws/install' for CMake config files
[54.130s] Level 1:colcon.colcon_core.shell:create_environment_hook('vrx_gz', 'cmake_prefix_path')
[54.133s] INFO:colcon.colcon_core.shell:Creating environment hook '/home/koki-22/ac_search/vrx_ws/install/share/vrx_gz/hook/cmake_prefix_path.ps1'
[54.133s] INFO:colcon.colcon_core.shell:Creating environment descriptor '/home/koki-22/ac_search/vrx_ws/install/share/vrx_gz/hook/cmake_prefix_path.dsv'
[54.134s] INFO:colcon.colcon_core.shell:Creating environment hook '/home/koki-22/ac_search/vrx_ws/install/share/vrx_gz/hook/cmake_prefix_path.sh'
[54.135s] Level 1:colcon.colcon_core.environment:checking '/home/koki-22/ac_search/vrx_ws/install/lib'
[54.135s] Level 1:colcon.colcon_core.shell:create_environment_hook('vrx_gz', 'ld_library_path_lib')
[54.137s] INFO:colcon.colcon_core.shell:Creating environment hook '/home/koki-22/ac_search/vrx_ws/install/share/vrx_gz/hook/ld_library_path_lib.ps1'
[54.138s] INFO:colcon.colcon_core.shell:Creating environment descriptor '/home/koki-22/ac_search/vrx_ws/install/share/vrx_gz/hook/ld_library_path_lib.dsv'
[54.138s] INFO:colcon.colcon_core.shell:Creating environment hook '/home/koki-22/ac_search/vrx_ws/install/share/vrx_gz/hook/ld_library_path_lib.sh'
[54.139s] Level 1:colcon.colcon_core.environment:checking '/home/koki-22/ac_search/vrx_ws/install/bin'
[54.139s] Level 1:colcon.colcon_core.environment:checking '/home/koki-22/ac_search/vrx_ws/install/lib/pkgconfig/vrx_gz.pc'
[54.139s] Level 1:colcon.colcon_core.environment:checking '/home/koki-22/ac_search/vrx_ws/install/lib/python3.10/site-packages'
[54.140s] Level 1:colcon.colcon_core.environment:checking '/home/koki-22/ac_search/vrx_ws/install/bin'
[54.142s] INFO:colcon.colcon_core.shell:Creating package script '/home/koki-22/ac_search/vrx_ws/install/share/vrx_gz/package.ps1'
[54.143s] INFO:colcon.colcon_core.shell:Creating package descriptor '/home/koki-22/ac_search/vrx_ws/install/share/vrx_gz/package.dsv'
[54.144s] INFO:colcon.colcon_core.shell:Creating package script '/home/koki-22/ac_search/vrx_ws/install/share/vrx_gz/package.sh'
[54.144s] INFO:colcon.colcon_core.shell:Creating package script '/home/koki-22/ac_search/vrx_ws/install/share/vrx_gz/package.bash'
[54.145s] INFO:colcon.colcon_core.shell:Creating package script '/home/koki-22/ac_search/vrx_ws/install/share/vrx_gz/package.zsh'
[54.145s] Level 1:colcon.colcon_core.environment:create_file_with_runtime_dependencies(/home/koki-22/ac_search/vrx_ws/install/share/colcon-core/packages/vrx_gz)
[54.251s] Level 1:colcon.colcon_core.environment:create_environment_scripts_only(vrx_gz)
[54.253s] Level 1:colcon.colcon_core.environment:checking '/home/koki-22/ac_search/vrx_ws/install' for CMake module files
[54.254s] Level 1:colcon.colcon_core.environment:checking '/home/koki-22/ac_search/vrx_ws/install' for CMake config files
[54.254s] Level 1:colcon.colcon_core.shell:create_environment_hook('vrx_gz', 'cmake_prefix_path')
[54.256s] INFO:colcon.colcon_core.shell:Creating environment hook '/home/koki-22/ac_search/vrx_ws/install/share/vrx_gz/hook/cmake_prefix_path.ps1'
[54.256s] INFO:colcon.colcon_core.shell:Creating environment descriptor '/home/koki-22/ac_search/vrx_ws/install/share/vrx_gz/hook/cmake_prefix_path.dsv'
[54.257s] INFO:colcon.colcon_core.shell:Creating environment hook '/home/koki-22/ac_search/vrx_ws/install/share/vrx_gz/hook/cmake_prefix_path.sh'
[54.258s] Level 1:colcon.colcon_core.environment:checking '/home/koki-22/ac_search/vrx_ws/install/lib'
[54.258s] Level 1:colcon.colcon_core.shell:create_environment_hook('vrx_gz', 'ld_library_path_lib')
[54.260s] INFO:colcon.colcon_core.shell:Creating environment hook '/home/koki-22/ac_search/vrx_ws/install/share/vrx_gz/hook/ld_library_path_lib.ps1'
[54.261s] INFO:colcon.colcon_core.shell:Creating environment descriptor '/home/koki-22/ac_search/vrx_ws/install/share/vrx_gz/hook/ld_library_path_lib.dsv'
[54.261s] INFO:colcon.colcon_core.shell:Creating environment hook '/home/koki-22/ac_search/vrx_ws/install/share/vrx_gz/hook/ld_library_path_lib.sh'
[54.262s] Level 1:colcon.colcon_core.environment:checking '/home/koki-22/ac_search/vrx_ws/install/bin'
[54.262s] Level 1:colcon.colcon_core.environment:checking '/home/koki-22/ac_search/vrx_ws/install/lib/pkgconfig/vrx_gz.pc'
[54.262s] Level 1:colcon.colcon_core.environment:checking '/home/koki-22/ac_search/vrx_ws/install/lib/python3.10/site-packages'
[54.262s] Level 1:colcon.colcon_core.environment:checking '/home/koki-22/ac_search/vrx_ws/install/bin'
[54.264s] INFO:colcon.colcon_core.shell:Creating package script '/home/koki-22/ac_search/vrx_ws/install/share/vrx_gz/package.ps1'
[54.265s] INFO:colcon.colcon_core.shell:Creating package descriptor '/home/koki-22/ac_search/vrx_ws/install/share/vrx_gz/package.dsv'
[54.266s] INFO:colcon.colcon_core.shell:Creating package script '/home/koki-22/ac_search/vrx_ws/install/share/vrx_gz/package.sh'
[54.267s] INFO:colcon.colcon_core.shell:Creating package script '/home/koki-22/ac_search/vrx_ws/install/share/vrx_gz/package.bash'
[54.268s] INFO:colcon.colcon_core.shell:Creating package script '/home/koki-22/ac_search/vrx_ws/install/share/vrx_gz/package.zsh'
[54.268s] Level 1:colcon.colcon_core.environment:create_file_with_runtime_dependencies(/home/koki-22/ac_search/vrx_ws/install/share/colcon-core/packages/vrx_gz)
[54.269s] DEBUG:colcon.colcon_parallel_executor.executor.parallel:closing loop
[54.270s] DEBUG:colcon.colcon_parallel_executor.executor.parallel:loop closed
[54.270s] DEBUG:colcon.colcon_parallel_executor.executor.parallel:run_until_complete finished with '0'
[54.270s] DEBUG:colcon.colcon_core.event_reactor:joining thread
[54.280s] INFO:colcon.colcon_core.plugin_system:Skipping extension 'colcon_notification.desktop_notification.terminal_notifier': Not used on non-Darwin systems
[54.281s] INFO:colcon.colcon_core.plugin_system:Skipping extension 'colcon_notification.desktop_notification.win32': Not used on non-Windows systems
[54.281s] INFO:colcon.colcon_notification.desktop_notification:Sending desktop notification using 'notify2'
[54.305s] DEBUG:colcon.colcon_core.event_reactor:joined thread
[54.309s] INFO:colcon.colcon_core.shell:Creating prefix script '/home/koki-22/ac_search/vrx_ws/install/local_setup.ps1'
[54.312s] INFO:colcon.colcon_core.shell:Creating prefix util module '/home/koki-22/ac_search/vrx_ws/install/_local_setup_util_ps1.py'
[54.314s] INFO:colcon.colcon_core.shell:Creating prefix chain script '/home/koki-22/ac_search/vrx_ws/install/setup.ps1'
[54.316s] INFO:colcon.colcon_core.shell:Creating prefix script '/home/koki-22/ac_search/vrx_ws/install/local_setup.sh'
[54.318s] INFO:colcon.colcon_core.shell:Creating prefix util module '/home/koki-22/ac_search/vrx_ws/install/_local_setup_util_sh.py'
[54.319s] INFO:colcon.colcon_core.shell:Creating prefix chain script '/home/koki-22/ac_search/vrx_ws/install/setup.sh'
[54.322s] INFO:colcon.colcon_core.shell:Creating prefix script '/home/koki-22/ac_search/vrx_ws/install/local_setup.bash'
[54.323s] INFO:colcon.colcon_core.shell:Creating prefix chain script '/home/koki-22/ac_search/vrx_ws/install/setup.bash'
[54.325s] INFO:colcon.colcon_core.shell:Creating prefix script '/home/koki-22/ac_search/vrx_ws/install/local_setup.zsh'
[54.326s] INFO:colcon.colcon_core.shell:Creating prefix chain script '/home/koki-22/ac_search/vrx_ws/install/setup.zsh'
