[1.051s] Invoking command in '/home/koki-22/ac_search/vrx_ws/src/navigaitonGUI': PYTHONPATH=/home/koki-22/ac_search/vrx_ws/build/navigaitonGUI/prefix_override:/home/koki-22/ac_search/vrx_ws/install/lib/python3.10/site-packages:${PYTHONPATH} /usr/bin/python3 setup.py egg_info --egg-base ../../build/navigaitonGUI build --build-base /home/koki-22/ac_search/vrx_ws/build/navigaitonGUI/build install --record /home/koki-22/ac_search/vrx_ws/build/navigaitonGUI/install.log --single-version-externally-managed
[1.345s] running egg_info
[1.345s] writing ../../build/navigaitonGUI/navigaitonGUI.egg-info/PKG-INFO
[1.345s] writing dependency_links to ../../build/navigaitonGUI/navigaitonGUI.egg-info/dependency_links.txt
[1.346s] writing entry points to ../../build/navigaitonGUI/navigaitonGUI.egg-info/entry_points.txt
[1.346s] writing requirements to ../../build/navigaitonGUI/navigaitonGUI.egg-info/requires.txt
[1.346s] writing top-level names to ../../build/navigaitonGUI/navigaitonGUI.egg-info/top_level.txt
[1.348s] reading manifest file '../../build/navigaitonGUI/navigaitonGUI.egg-info/SOURCES.txt'
[1.349s] writing manifest file '../../build/navigaitonGUI/navigaitonGUI.egg-info/SOURCES.txt'
[1.349s] running build
[1.349s] running build_py
[1.349s] running install
[1.349s] running install_lib
[1.350s] running install_data
[1.351s] running install_egg_info
[1.352s] removing '/home/koki-22/ac_search/vrx_ws/install/lib/python3.10/site-packages/navigaitonGUI-0.0.0-py3.10.egg-info' (and everything under it)
[1.352s] Copying ../../build/navigaitonGUI/navigaitonGUI.egg-info to /home/koki-22/ac_search/vrx_ws/install/lib/python3.10/site-packages/navigaitonGUI-0.0.0-py3.10.egg-info
[1.353s] running install_scripts
[1.372s] Installing navigation_GUI_node script to /home/koki-22/ac_search/vrx_ws/install/lib/navigaitonGUI
[1.372s] writing list of installed files to '/home/koki-22/ac_search/vrx_ws/build/navigaitonGUI/install.log'
[1.401s] Invoked command in '/home/koki-22/ac_search/vrx_ws/src/navigaitonGUI' returned '0': PYTHONPATH=/home/koki-22/ac_search/vrx_ws/build/navigaitonGUI/prefix_override:/home/koki-22/ac_search/vrx_ws/install/lib/python3.10/site-packages:${PYTHONPATH} /usr/bin/python3 setup.py egg_info --egg-base ../../build/navigaitonGUI build --build-base /home/koki-22/ac_search/vrx_ws/build/navigaitonGUI/build install --record /home/koki-22/ac_search/vrx_ws/build/navigaitonGUI/install.log --single-version-externally-managed
