[0.030s] Invoking command in '/home/koki-22/ac_search/vrx_ws/build/vrx_ros': CMAKE_PREFIX_PATH=${CMAKE_PREFIX_PATH}:/opt/ros/humble /usr/bin/cmake --build /home/koki-22/ac_search/vrx_ws/build/vrx_ros -- -j16 -l16
[0.369s] [ 50%] Built target optical_frame_publisher
[0.370s] [100%] Built target pose_tf_broadcaster
[0.705s] Invoked command in '/home/koki-22/ac_search/vrx_ws/build/vrx_ros' returned '0': CMAKE_PREFIX_PATH=${CMAKE_PREFIX_PATH}:/opt/ros/humble /usr/bin/cmake --build /home/koki-22/ac_search/vrx_ws/build/vrx_ros -- -j16 -l16
[0.739s] Invoking command in '/home/koki-22/ac_search/vrx_ws/build/vrx_ros': CMAKE_PREFIX_PATH=${CMAKE_PREFIX_PATH}:/opt/ros/humble /usr/bin/cmake --install /home/koki-22/ac_search/vrx_ws/build/vrx_ros
[0.757s] -- Install configuration: ""
[0.761s] -- Up-to-date: /home/koki-22/ac_search/vrx_ws/install/lib/vrx_ros/optical_frame_publisher
[0.768s] -- Up-to-date: /home/koki-22/ac_search/vrx_ws/install/lib/vrx_ros/pose_tf_broadcaster
[0.769s] -- Up-to-date: /home/koki-22/ac_search/vrx_ws/install/share/vrx_ros/launch
[0.776s] -- Up-to-date: /home/koki-22/ac_search/vrx_ws/install/share/vrx_ros/launch/monitor_sim.py
[0.776s] -- Up-to-date: /home/koki-22/ac_search/vrx_ws/install/share/ament_index/resource_index/package_run_dependencies/vrx_ros
[0.777s] -- Up-to-date: /home/koki-22/ac_search/vrx_ws/install/share/ament_index/resource_index/parent_prefix_path/vrx_ros
[0.777s] -- Up-to-date: /home/koki-22/ac_search/vrx_ws/install/share/vrx_ros/environment/ament_prefix_path.sh
[0.778s] -- Up-to-date: /home/koki-22/ac_search/vrx_ws/install/share/vrx_ros/environment/ament_prefix_path.dsv
[0.778s] -- Up-to-date: /home/koki-22/ac_search/vrx_ws/install/share/vrx_ros/environment/path.sh
[0.778s] -- Up-to-date: /home/koki-22/ac_search/vrx_ws/install/share/vrx_ros/environment/path.dsv
[0.778s] -- Up-to-date: /home/koki-22/ac_search/vrx_ws/install/share/vrx_ros/local_setup.bash
[0.778s] -- Up-to-date: /home/koki-22/ac_search/vrx_ws/install/share/vrx_ros/local_setup.sh
[0.780s] -- Up-to-date: /home/koki-22/ac_search/vrx_ws/install/share/vrx_ros/local_setup.zsh
[0.780s] -- Up-to-date: /home/koki-22/ac_search/vrx_ws/install/share/vrx_ros/local_setup.dsv
[0.780s] -- Installing: /home/koki-22/ac_search/vrx_ws/install/share/vrx_ros/package.dsv
[0.781s] -- Up-to-date: /home/koki-22/ac_search/vrx_ws/install/share/ament_index/resource_index/packages/vrx_ros
[0.781s] -- Up-to-date: /home/koki-22/ac_search/vrx_ws/install/share/vrx_ros/cmake/vrx_rosConfig.cmake
[0.781s] -- Up-to-date: /home/koki-22/ac_search/vrx_ws/install/share/vrx_ros/cmake/vrx_rosConfig-version.cmake
[0.783s] -- Up-to-date: /home/koki-22/ac_search/vrx_ws/install/share/vrx_ros/package.xml
[0.784s] Invoked command in '/home/koki-22/ac_search/vrx_ws/build/vrx_ros' returned '0': CMAKE_PREFIX_PATH=${CMAKE_PREFIX_PATH}:/opt/ros/humble /usr/bin/cmake --install /home/koki-22/ac_search/vrx_ws/build/vrx_ros
