[2.087s] Invoking command in '/home/gaia-22/ac_search/vrx_ws/src/data_collect': PYTHONPATH=/home/gaia-22/ac_search/vrx_ws/build/data_collect/prefix_override:/home/gaia-22/ac_search/vrx_ws/install/lib/python3.10/site-packages:${PYTHONPATH} /usr/bin/python3 setup.py egg_info --egg-base ../../build/data_collect build --build-base /home/gaia-22/ac_search/vrx_ws/build/data_collect/build install --record /home/gaia-22/ac_search/vrx_ws/build/data_collect/install.log --single-version-externally-managed
[2.295s] running egg_info
[2.296s] writing ../../build/data_collect/data_collect.egg-info/PKG-INFO
[2.296s] writing dependency_links to ../../build/data_collect/data_collect.egg-info/dependency_links.txt
[2.296s] writing entry points to ../../build/data_collect/data_collect.egg-info/entry_points.txt
[2.297s] writing requirements to ../../build/data_collect/data_collect.egg-info/requires.txt
[2.297s] writing top-level names to ../../build/data_collect/data_collect.egg-info/top_level.txt
[4.448s] writing manifest file '../../build/data_collect/data_collect.egg-info/SOURCES.txt'
[4.448s] running build
[4.448s] running build_py
[4.448s] running install
[4.448s] running install_lib
[4.449s] running install_data
[4.449s] running install_egg_info
[4.449s] removing '/home/gaia-22/ac_search/vrx_ws/install/lib/python3.10/site-packages/data_collect-0.0.0-py3.10.egg-info' (and everything under it)
[4.449s] Copying ../../build/data_collect/data_collect.egg-info to /home/gaia-22/ac_search/vrx_ws/install/lib/python3.10/site-packages/data_collect-0.0.0-py3.10.egg-info
[4.450s] running install_scripts
[4.464s] Installing data_collect_node script to /home/gaia-22/ac_search/vrx_ws/install/lib/data_collect
[4.464s] Installing wave_direction script to /home/gaia-22/ac_search/vrx_ws/install/lib/data_collect
[4.464s] Installing wave_gain script to /home/gaia-22/ac_search/vrx_ws/install/lib/data_collect
[4.464s] Installing wave_period script to /home/gaia-22/ac_search/vrx_ws/install/lib/data_collect
[4.464s] Installing wave_stepness script to /home/gaia-22/ac_search/vrx_ws/install/lib/data_collect
[4.464s] writing list of installed files to '/home/gaia-22/ac_search/vrx_ws/build/data_collect/install.log'
[4.554s] Invoked command in '/home/gaia-22/ac_search/vrx_ws/src/data_collect' returned '0': PYTHONPATH=/home/gaia-22/ac_search/vrx_ws/build/data_collect/prefix_override:/home/gaia-22/ac_search/vrx_ws/install/lib/python3.10/site-packages:${PYTHONPATH} /usr/bin/python3 setup.py egg_info --egg-base ../../build/data_collect build --build-base /home/gaia-22/ac_search/vrx_ws/build/data_collect/build install --record /home/gaia-22/ac_search/vrx_ws/build/data_collect/install.log --single-version-externally-managed
