[0.472s] DEBUG:colcon:Command line arguments: ['/usr/bin/colcon', 'build', '--merge-install']
[0.472s] DEBUG:colcon:Parsed command line arguments: Namespace(log_base=None, log_level=None, verb_name='build', build_base='build', install_base='install', merge_install=True, symlink_install=False, test_result_base=None, continue_on_error=False, executor='parallel', parallel_workers=16, event_handlers=None, ignore_user_meta=False, metas=['./colcon.meta'], base_paths=['.'], packages_ignore=None, packages_ignore_regex=None, paths=None, packages_up_to=None, packages_up_to_regex=None, packages_above=None, packages_above_and_dependencies=None, packages_above_depth=None, packages_select_by_dep=None, packages_skip_by_dep=None, packages_skip_up_to=None, packages_select_build_failed=False, packages_skip_build_finished=False, packages_select_test_failures=False, packages_skip_test_passed=False, packages_select=None, packages_skip=None, packages_select_regex=None, packages_skip_regex=None, packages_start=None, packages_end=None, allow_overriding=[], cmake_args=None, cmake_target=None, cmake_target_skip_unavailable=False, cmake_clean_cache=False, cmake_clean_first=False, cmake_force_configure=False, ament_cmake_args=None, catkin_cmake_args=None, catkin_skip_building_tests=False, mixin_files=None, mixin=None, verb_parser=<colcon_mixin.mixin.mixin_argument.MixinArgumentDecorator object at 0x7f682981e260>, verb_extension=<colcon_core.verb.build.BuildVerb object at 0x7f682981dbd0>, main=<bound method BuildVerb.main of <colcon_core.verb.build.BuildVerb object at 0x7f682981dbd0>>, mixin_verb=('build',))
[0.497s] Level 1:colcon.colcon_core.package_discovery:discover_packages(colcon_meta) check parameters
[0.497s] Level 1:colcon.colcon_core.package_discovery:discover_packages(recursive) check parameters
[0.497s] Level 1:colcon.colcon_core.package_discovery:discover_packages(ignore) check parameters
[0.497s] Level 1:colcon.colcon_core.package_discovery:discover_packages(path) check parameters
[0.497s] Level 1:colcon.colcon_core.package_discovery:discover_packages(colcon_meta) discover
[0.498s] Level 1:colcon.colcon_core.package_discovery:discover_packages(recursive) discover
[0.498s] INFO:colcon.colcon_core.package_discovery:Crawling recursively for packages in '/home/koki-22/ac_search/vrx_ws'
[0.498s] Level 1:colcon.colcon_core.package_identification:_identify(.) by extensions ['ignore', 'ignore_ament_install']
[0.498s] Level 1:colcon.colcon_core.package_identification:_identify(.) by extension 'ignore'
[0.498s] Level 1:colcon.colcon_core.package_identification:_identify(.) by extension 'ignore_ament_install'
[0.498s] Level 1:colcon.colcon_core.package_identification:_identify(.) by extensions ['colcon_pkg']
[0.498s] Level 1:colcon.colcon_core.package_identification:_identify(.) by extension 'colcon_pkg'
[0.498s] Level 1:colcon.colcon_core.package_identification:_identify(.) by extensions ['colcon_meta']
[0.498s] Level 1:colcon.colcon_core.package_identification:_identify(.) by extension 'colcon_meta'
[0.498s] Level 1:colcon.colcon_core.package_identification:_identify(.) by extensions ['ros']
[0.498s] Level 1:colcon.colcon_core.package_identification:_identify(.) by extension 'ros'
[0.510s] Level 1:colcon.colcon_core.package_identification:_identify(.) by extensions ['cmake', 'python']
[0.510s] Level 1:colcon.colcon_core.package_identification:_identify(.) by extension 'cmake'
[0.510s] Level 1:colcon.colcon_core.package_identification:_identify(.) by extension 'python'
[0.510s] Level 1:colcon.colcon_core.package_identification:_identify(.) by extensions ['python_setup_py']
[0.510s] Level 1:colcon.colcon_core.package_identification:_identify(.) by extension 'python_setup_py'
[0.510s] Level 1:colcon.colcon_core.package_identification:_identify(build) by extensions ['ignore', 'ignore_ament_install']
[0.510s] Level 1:colcon.colcon_core.package_identification:_identify(build) by extension 'ignore'
[0.510s] Level 1:colcon.colcon_core.package_identification:_identify(build) ignored
[0.511s] Level 1:colcon.colcon_core.package_identification:_identify(install) by extensions ['ignore', 'ignore_ament_install']
[0.511s] Level 1:colcon.colcon_core.package_identification:_identify(install) by extension 'ignore'
[0.511s] Level 1:colcon.colcon_core.package_identification:_identify(install) ignored
[0.511s] Level 1:colcon.colcon_core.package_identification:_identify(log) by extensions ['ignore', 'ignore_ament_install']
[0.511s] Level 1:colcon.colcon_core.package_identification:_identify(log) by extension 'ignore'
[0.511s] Level 1:colcon.colcon_core.package_identification:_identify(log) ignored
[0.511s] Level 1:colcon.colcon_core.package_identification:_identify(src) by extensions ['ignore', 'ignore_ament_install']
[0.511s] Level 1:colcon.colcon_core.package_identification:_identify(src) by extension 'ignore'
[0.511s] Level 1:colcon.colcon_core.package_identification:_identify(src) by extension 'ignore_ament_install'
[0.511s] Level 1:colcon.colcon_core.package_identification:_identify(src) by extensions ['colcon_pkg']
[0.511s] Level 1:colcon.colcon_core.package_identification:_identify(src) by extension 'colcon_pkg'
[0.511s] Level 1:colcon.colcon_core.package_identification:_identify(src) by extensions ['colcon_meta']
[0.511s] Level 1:colcon.colcon_core.package_identification:_identify(src) by extension 'colcon_meta'
[0.511s] Level 1:colcon.colcon_core.package_identification:_identify(src) by extensions ['ros']
[0.511s] Level 1:colcon.colcon_core.package_identification:_identify(src) by extension 'ros'
[0.511s] Level 1:colcon.colcon_core.package_identification:_identify(src) by extensions ['cmake', 'python']
[0.512s] Level 1:colcon.colcon_core.package_identification:_identify(src) by extension 'cmake'
[0.512s] Level 1:colcon.colcon_core.package_identification:_identify(src) by extension 'python'
[0.512s] Level 1:colcon.colcon_core.package_identification:_identify(src) by extensions ['python_setup_py']
[0.512s] Level 1:colcon.colcon_core.package_identification:_identify(src) by extension 'python_setup_py'
[0.512s] Level 1:colcon.colcon_core.package_identification:_identify(src/data_collect) by extensions ['ignore', 'ignore_ament_install']
[0.512s] Level 1:colcon.colcon_core.package_identification:_identify(src/data_collect) by extension 'ignore'
[0.512s] Level 1:colcon.colcon_core.package_identification:_identify(src/data_collect) by extension 'ignore_ament_install'
[0.512s] Level 1:colcon.colcon_core.package_identification:_identify(src/data_collect) by extensions ['colcon_pkg']
[0.512s] Level 1:colcon.colcon_core.package_identification:_identify(src/data_collect) by extension 'colcon_pkg'
[0.512s] Level 1:colcon.colcon_core.package_identification:_identify(src/data_collect) by extensions ['colcon_meta']
[0.512s] Level 1:colcon.colcon_core.package_identification:_identify(src/data_collect) by extension 'colcon_meta'
[0.512s] Level 1:colcon.colcon_core.package_identification:_identify(src/data_collect) by extensions ['ros']
[0.512s] Level 1:colcon.colcon_core.package_identification:_identify(src/data_collect) by extension 'ros'
[0.514s] DEBUG:colcon.colcon_core.package_identification:Package 'src/data_collect' with type 'ros.ament_python' and name 'data_collect'
[0.514s] Level 1:colcon.colcon_core.package_identification:_identify(src/vrx) by extensions ['ignore', 'ignore_ament_install']
[0.515s] Level 1:colcon.colcon_core.package_identification:_identify(src/vrx) by extension 'ignore'
[0.515s] Level 1:colcon.colcon_core.package_identification:_identify(src/vrx) by extension 'ignore_ament_install'
[0.515s] Level 1:colcon.colcon_core.package_identification:_identify(src/vrx) by extensions ['colcon_pkg']
[0.515s] Level 1:colcon.colcon_core.package_identification:_identify(src/vrx) by extension 'colcon_pkg'
[0.515s] Level 1:colcon.colcon_core.package_identification:_identify(src/vrx) by extensions ['colcon_meta']
[0.515s] Level 1:colcon.colcon_core.package_identification:_identify(src/vrx) by extension 'colcon_meta'
[0.515s] Level 1:colcon.colcon_core.package_identification:_identify(src/vrx) by extensions ['ros']
[0.515s] Level 1:colcon.colcon_core.package_identification:_identify(src/vrx) by extension 'ros'
[0.515s] Level 1:colcon.colcon_core.package_identification:_identify(src/vrx) by extensions ['cmake', 'python']
[0.515s] Level 1:colcon.colcon_core.package_identification:_identify(src/vrx) by extension 'cmake'
[0.515s] Level 1:colcon.colcon_core.package_identification:_identify(src/vrx) by extension 'python'
[0.515s] Level 1:colcon.colcon_core.package_identification:_identify(src/vrx) by extensions ['python_setup_py']
[0.515s] Level 1:colcon.colcon_core.package_identification:_identify(src/vrx) by extension 'python_setup_py'
[0.515s] Level 1:colcon.colcon_core.package_identification:_identify(src/vrx/images) by extensions ['ignore', 'ignore_ament_install']
[0.515s] Level 1:colcon.colcon_core.package_identification:_identify(src/vrx/images) by extension 'ignore'
[0.515s] Level 1:colcon.colcon_core.package_identification:_identify(src/vrx/images) by extension 'ignore_ament_install'
[0.515s] Level 1:colcon.colcon_core.package_identification:_identify(src/vrx/images) by extensions ['colcon_pkg']
[0.515s] Level 1:colcon.colcon_core.package_identification:_identify(src/vrx/images) by extension 'colcon_pkg'
[0.515s] Level 1:colcon.colcon_core.package_identification:_identify(src/vrx/images) by extensions ['colcon_meta']
[0.516s] Level 1:colcon.colcon_core.package_identification:_identify(src/vrx/images) by extension 'colcon_meta'
[0.516s] Level 1:colcon.colcon_core.package_identification:_identify(src/vrx/images) by extensions ['ros']
[0.516s] Level 1:colcon.colcon_core.package_identification:_identify(src/vrx/images) by extension 'ros'
[0.516s] Level 1:colcon.colcon_core.package_identification:_identify(src/vrx/images) by extensions ['cmake', 'python']
[0.516s] Level 1:colcon.colcon_core.package_identification:_identify(src/vrx/images) by extension 'cmake'
[0.516s] Level 1:colcon.colcon_core.package_identification:_identify(src/vrx/images) by extension 'python'
[0.516s] Level 1:colcon.colcon_core.package_identification:_identify(src/vrx/images) by extensions ['python_setup_py']
[0.516s] Level 1:colcon.colcon_core.package_identification:_identify(src/vrx/images) by extension 'python_setup_py'
[0.516s] Level 1:colcon.colcon_core.package_identification:_identify(src/vrx/vrx_gz) by extensions ['ignore', 'ignore_ament_install']
[0.516s] Level 1:colcon.colcon_core.package_identification:_identify(src/vrx/vrx_gz) by extension 'ignore'
[0.516s] Level 1:colcon.colcon_core.package_identification:_identify(src/vrx/vrx_gz) by extension 'ignore_ament_install'
[0.516s] Level 1:colcon.colcon_core.package_identification:_identify(src/vrx/vrx_gz) by extensions ['colcon_pkg']
[0.516s] Level 1:colcon.colcon_core.package_identification:_identify(src/vrx/vrx_gz) by extension 'colcon_pkg'
[0.516s] Level 1:colcon.colcon_core.package_identification:_identify(src/vrx/vrx_gz) by extensions ['colcon_meta']
[0.516s] Level 1:colcon.colcon_core.package_identification:_identify(src/vrx/vrx_gz) by extension 'colcon_meta'
[0.516s] Level 1:colcon.colcon_core.package_identification:_identify(src/vrx/vrx_gz) by extensions ['ros']
[0.516s] Level 1:colcon.colcon_core.package_identification:_identify(src/vrx/vrx_gz) by extension 'ros'
[0.517s] DEBUG:colcon.colcon_core.package_identification:Package 'src/vrx/vrx_gz' with type 'ros.ament_cmake' and name 'vrx_gz'
[0.517s] Level 1:colcon.colcon_core.package_identification:_identify(src/vrx/vrx_ros) by extensions ['ignore', 'ignore_ament_install']
[0.517s] Level 1:colcon.colcon_core.package_identification:_identify(src/vrx/vrx_ros) by extension 'ignore'
[0.517s] Level 1:colcon.colcon_core.package_identification:_identify(src/vrx/vrx_ros) by extension 'ignore_ament_install'
[0.517s] Level 1:colcon.colcon_core.package_identification:_identify(src/vrx/vrx_ros) by extensions ['colcon_pkg']
[0.517s] Level 1:colcon.colcon_core.package_identification:_identify(src/vrx/vrx_ros) by extension 'colcon_pkg'
[0.517s] Level 1:colcon.colcon_core.package_identification:_identify(src/vrx/vrx_ros) by extensions ['colcon_meta']
[0.518s] Level 1:colcon.colcon_core.package_identification:_identify(src/vrx/vrx_ros) by extension 'colcon_meta'
[0.518s] Level 1:colcon.colcon_core.package_identification:_identify(src/vrx/vrx_ros) by extensions ['ros']
[0.518s] Level 1:colcon.colcon_core.package_identification:_identify(src/vrx/vrx_ros) by extension 'ros'
[0.519s] DEBUG:colcon.colcon_core.package_identification:Package 'src/vrx/vrx_ros' with type 'ros.ament_cmake' and name 'vrx_ros'
[0.519s] Level 1:colcon.colcon_core.package_identification:_identify(src/vrx/vrx_urdf) by extensions ['ignore', 'ignore_ament_install']
[0.519s] Level 1:colcon.colcon_core.package_identification:_identify(src/vrx/vrx_urdf) by extension 'ignore'
[0.519s] Level 1:colcon.colcon_core.package_identification:_identify(src/vrx/vrx_urdf) by extension 'ignore_ament_install'
[0.519s] Level 1:colcon.colcon_core.package_identification:_identify(src/vrx/vrx_urdf) by extensions ['colcon_pkg']
[0.519s] Level 1:colcon.colcon_core.package_identification:_identify(src/vrx/vrx_urdf) by extension 'colcon_pkg'
[0.519s] Level 1:colcon.colcon_core.package_identification:_identify(src/vrx/vrx_urdf) by extensions ['colcon_meta']
[0.519s] Level 1:colcon.colcon_core.package_identification:_identify(src/vrx/vrx_urdf) by extension 'colcon_meta'
[0.519s] Level 1:colcon.colcon_core.package_identification:_identify(src/vrx/vrx_urdf) by extensions ['ros']
[0.519s] Level 1:colcon.colcon_core.package_identification:_identify(src/vrx/vrx_urdf) by extension 'ros'
[0.519s] Level 1:colcon.colcon_core.package_identification:_identify(src/vrx/vrx_urdf) by extensions ['cmake', 'python']
[0.519s] Level 1:colcon.colcon_core.package_identification:_identify(src/vrx/vrx_urdf) by extension 'cmake'
[0.519s] Level 1:colcon.colcon_core.package_identification:_identify(src/vrx/vrx_urdf) by extension 'python'
[0.519s] Level 1:colcon.colcon_core.package_identification:_identify(src/vrx/vrx_urdf) by extensions ['python_setup_py']
[0.520s] Level 1:colcon.colcon_core.package_identification:_identify(src/vrx/vrx_urdf) by extension 'python_setup_py'
[0.520s] Level 1:colcon.colcon_core.package_identification:_identify(src/vrx/vrx_urdf/vrx_gazebo) by extensions ['ignore', 'ignore_ament_install']
[0.520s] Level 1:colcon.colcon_core.package_identification:_identify(src/vrx/vrx_urdf/vrx_gazebo) by extension 'ignore'
[0.520s] Level 1:colcon.colcon_core.package_identification:_identify(src/vrx/vrx_urdf/vrx_gazebo) by extension 'ignore_ament_install'
[0.520s] Level 1:colcon.colcon_core.package_identification:_identify(src/vrx/vrx_urdf/vrx_gazebo) by extensions ['colcon_pkg']
[0.520s] Level 1:colcon.colcon_core.package_identification:_identify(src/vrx/vrx_urdf/vrx_gazebo) by extension 'colcon_pkg'
[0.520s] Level 1:colcon.colcon_core.package_identification:_identify(src/vrx/vrx_urdf/vrx_gazebo) by extensions ['colcon_meta']
[0.520s] Level 1:colcon.colcon_core.package_identification:_identify(src/vrx/vrx_urdf/vrx_gazebo) by extension 'colcon_meta'
[0.520s] Level 1:colcon.colcon_core.package_identification:_identify(src/vrx/vrx_urdf/vrx_gazebo) by extensions ['ros']
[0.520s] Level 1:colcon.colcon_core.package_identification:_identify(src/vrx/vrx_urdf/vrx_gazebo) by extension 'ros'
[0.521s] DEBUG:colcon.colcon_core.package_identification:Package 'src/vrx/vrx_urdf/vrx_gazebo' with type 'ros.ament_cmake' and name 'vrx_gazebo'
[0.521s] Level 1:colcon.colcon_core.package_identification:_identify(src/vrx/vrx_urdf/wamv_description) by extensions ['ignore', 'ignore_ament_install']
[0.521s] Level 1:colcon.colcon_core.package_identification:_identify(src/vrx/vrx_urdf/wamv_description) by extension 'ignore'
[0.521s] Level 1:colcon.colcon_core.package_identification:_identify(src/vrx/vrx_urdf/wamv_description) by extension 'ignore_ament_install'
[0.521s] Level 1:colcon.colcon_core.package_identification:_identify(src/vrx/vrx_urdf/wamv_description) by extensions ['colcon_pkg']
[0.521s] Level 1:colcon.colcon_core.package_identification:_identify(src/vrx/vrx_urdf/wamv_description) by extension 'colcon_pkg'
[0.521s] Level 1:colcon.colcon_core.package_identification:_identify(src/vrx/vrx_urdf/wamv_description) by extensions ['colcon_meta']
[0.522s] Level 1:colcon.colcon_core.package_identification:_identify(src/vrx/vrx_urdf/wamv_description) by extension 'colcon_meta'
[0.522s] Level 1:colcon.colcon_core.package_identification:_identify(src/vrx/vrx_urdf/wamv_description) by extensions ['ros']
[0.522s] Level 1:colcon.colcon_core.package_identification:_identify(src/vrx/vrx_urdf/wamv_description) by extension 'ros'
[0.522s] DEBUG:colcon.colcon_core.package_identification:Package 'src/vrx/vrx_urdf/wamv_description' with type 'ros.ament_cmake' and name 'wamv_description'
[0.522s] Level 1:colcon.colcon_core.package_identification:_identify(src/vrx/vrx_urdf/wamv_gazebo) by extensions ['ignore', 'ignore_ament_install']
[0.522s] Level 1:colcon.colcon_core.package_identification:_identify(src/vrx/vrx_urdf/wamv_gazebo) by extension 'ignore'
[0.522s] Level 1:colcon.colcon_core.package_identification:_identify(src/vrx/vrx_urdf/wamv_gazebo) by extension 'ignore_ament_install'
[0.523s] Level 1:colcon.colcon_core.package_identification:_identify(src/vrx/vrx_urdf/wamv_gazebo) by extensions ['colcon_pkg']
[0.523s] Level 1:colcon.colcon_core.package_identification:_identify(src/vrx/vrx_urdf/wamv_gazebo) by extension 'colcon_pkg'
[0.523s] Level 1:colcon.colcon_core.package_identification:_identify(src/vrx/vrx_urdf/wamv_gazebo) by extensions ['colcon_meta']
[0.523s] Level 1:colcon.colcon_core.package_identification:_identify(src/vrx/vrx_urdf/wamv_gazebo) by extension 'colcon_meta'
[0.523s] Level 1:colcon.colcon_core.package_identification:_identify(src/vrx/vrx_urdf/wamv_gazebo) by extensions ['ros']
[0.523s] Level 1:colcon.colcon_core.package_identification:_identify(src/vrx/vrx_urdf/wamv_gazebo) by extension 'ros'
[0.523s] DEBUG:colcon.colcon_core.package_identification:Package 'src/vrx/vrx_urdf/wamv_gazebo' with type 'ros.ament_cmake' and name 'wamv_gazebo'
[0.523s] Level 1:colcon.colcon_core.package_discovery:discover_packages(recursive) using defaults
[0.523s] Level 1:colcon.colcon_core.package_discovery:discover_packages(ignore) discover
[0.523s] Level 1:colcon.colcon_core.package_discovery:discover_packages(ignore) using defaults
[0.524s] Level 1:colcon.colcon_core.package_discovery:discover_packages(path) discover
[0.524s] Level 1:colcon.colcon_core.package_discovery:discover_packages(path) using defaults
[0.549s] Level 1:colcon.colcon_core.package_discovery:discover_packages(prefix_path) check parameters
[0.549s] Level 1:colcon.colcon_core.package_discovery:discover_packages(prefix_path) discover
[0.552s] DEBUG:colcon.colcon_installed_package_information.package_discovery:Found 6 installed packages in /home/koki-22/ac_search/vrx_ws/install
[0.555s] DEBUG:colcon.colcon_installed_package_information.package_discovery:Found 347 installed packages in /opt/ros/humble
[0.557s] Level 1:colcon.colcon_core.package_discovery:discover_packages(prefix_path) using defaults
[0.633s] Level 5:colcon.colcon_core.verb:set package 'data_collect' build argument 'cmake_args' from command line to 'None'
[0.633s] Level 5:colcon.colcon_core.verb:set package 'data_collect' build argument 'cmake_target' from command line to 'None'
[0.633s] Level 5:colcon.colcon_core.verb:set package 'data_collect' build argument 'cmake_target_skip_unavailable' from command line to 'False'
[0.633s] Level 5:colcon.colcon_core.verb:set package 'data_collect' build argument 'cmake_clean_cache' from command line to 'False'
[0.633s] Level 5:colcon.colcon_core.verb:set package 'data_collect' build argument 'cmake_clean_first' from command line to 'False'
[0.633s] Level 5:colcon.colcon_core.verb:set package 'data_collect' build argument 'cmake_force_configure' from command line to 'False'
[0.633s] Level 5:colcon.colcon_core.verb:set package 'data_collect' build argument 'ament_cmake_args' from command line to 'None'
[0.633s] Level 5:colcon.colcon_core.verb:set package 'data_collect' build argument 'catkin_cmake_args' from command line to 'None'
[0.634s] Level 5:colcon.colcon_core.verb:set package 'data_collect' build argument 'catkin_skip_building_tests' from command line to 'False'
[0.634s] DEBUG:colcon.colcon_core.verb:Building package 'data_collect' with the following arguments: {'ament_cmake_args': None, 'build_base': '/home/koki-22/ac_search/vrx_ws/build/data_collect', 'catkin_cmake_args': None, 'catkin_skip_building_tests': False, 'cmake_args': None, 'cmake_clean_cache': False, 'cmake_clean_first': False, 'cmake_force_configure': False, 'cmake_target': None, 'cmake_target_skip_unavailable': False, 'install_base': '/home/koki-22/ac_search/vrx_ws/install', 'merge_install': True, 'path': '/home/koki-22/ac_search/vrx_ws/src/data_collect', 'symlink_install': False, 'test_result_base': None}
[0.635s] Level 5:colcon.colcon_core.verb:set package 'vrx_gazebo' build argument 'cmake_args' from command line to 'None'
[0.635s] Level 5:colcon.colcon_core.verb:set package 'vrx_gazebo' build argument 'cmake_target' from command line to 'None'
[0.635s] Level 5:colcon.colcon_core.verb:set package 'vrx_gazebo' build argument 'cmake_target_skip_unavailable' from command line to 'False'
[0.635s] Level 5:colcon.colcon_core.verb:set package 'vrx_gazebo' build argument 'cmake_clean_cache' from command line to 'False'
[0.635s] Level 5:colcon.colcon_core.verb:set package 'vrx_gazebo' build argument 'cmake_clean_first' from command line to 'False'
[0.635s] Level 5:colcon.colcon_core.verb:set package 'vrx_gazebo' build argument 'cmake_force_configure' from command line to 'False'
[0.635s] Level 5:colcon.colcon_core.verb:set package 'vrx_gazebo' build argument 'ament_cmake_args' from command line to 'None'
[0.635s] Level 5:colcon.colcon_core.verb:set package 'vrx_gazebo' build argument 'catkin_cmake_args' from command line to 'None'
[0.635s] Level 5:colcon.colcon_core.verb:set package 'vrx_gazebo' build argument 'catkin_skip_building_tests' from command line to 'False'
[0.635s] DEBUG:colcon.colcon_core.verb:Building package 'vrx_gazebo' with the following arguments: {'ament_cmake_args': None, 'build_base': '/home/koki-22/ac_search/vrx_ws/build/vrx_gazebo', 'catkin_cmake_args': None, 'catkin_skip_building_tests': False, 'cmake_args': None, 'cmake_clean_cache': False, 'cmake_clean_first': False, 'cmake_force_configure': False, 'cmake_target': None, 'cmake_target_skip_unavailable': False, 'install_base': '/home/koki-22/ac_search/vrx_ws/install', 'merge_install': True, 'path': '/home/koki-22/ac_search/vrx_ws/src/vrx/vrx_urdf/vrx_gazebo', 'symlink_install': False, 'test_result_base': None}
[0.637s] Level 5:colcon.colcon_core.verb:set package 'vrx_ros' build argument 'cmake_args' from command line to 'None'
[0.637s] Level 5:colcon.colcon_core.verb:set package 'vrx_ros' build argument 'cmake_target' from command line to 'None'
[0.637s] Level 5:colcon.colcon_core.verb:set package 'vrx_ros' build argument 'cmake_target_skip_unavailable' from command line to 'False'
[0.637s] Level 5:colcon.colcon_core.verb:set package 'vrx_ros' build argument 'cmake_clean_cache' from command line to 'False'
[0.637s] Level 5:colcon.colcon_core.verb:set package 'vrx_ros' build argument 'cmake_clean_first' from command line to 'False'
[0.637s] Level 5:colcon.colcon_core.verb:set package 'vrx_ros' build argument 'cmake_force_configure' from command line to 'False'
[0.637s] Level 5:colcon.colcon_core.verb:set package 'vrx_ros' build argument 'ament_cmake_args' from command line to 'None'
[0.637s] Level 5:colcon.colcon_core.verb:set package 'vrx_ros' build argument 'catkin_cmake_args' from command line to 'None'
[0.637s] Level 5:colcon.colcon_core.verb:set package 'vrx_ros' build argument 'catkin_skip_building_tests' from command line to 'False'
[0.637s] DEBUG:colcon.colcon_core.verb:Building package 'vrx_ros' with the following arguments: {'ament_cmake_args': None, 'build_base': '/home/koki-22/ac_search/vrx_ws/build/vrx_ros', 'catkin_cmake_args': None, 'catkin_skip_building_tests': False, 'cmake_args': None, 'cmake_clean_cache': False, 'cmake_clean_first': False, 'cmake_force_configure': False, 'cmake_target': None, 'cmake_target_skip_unavailable': False, 'install_base': '/home/koki-22/ac_search/vrx_ws/install', 'merge_install': True, 'path': '/home/koki-22/ac_search/vrx_ws/src/vrx/vrx_ros', 'symlink_install': False, 'test_result_base': None}
[0.639s] Level 5:colcon.colcon_core.verb:set package 'vrx_gz' build argument 'cmake_args' from command line to 'None'
[0.639s] Level 5:colcon.colcon_core.verb:set package 'vrx_gz' build argument 'cmake_target' from command line to 'None'
[0.639s] Level 5:colcon.colcon_core.verb:set package 'vrx_gz' build argument 'cmake_target_skip_unavailable' from command line to 'False'
[0.639s] Level 5:colcon.colcon_core.verb:set package 'vrx_gz' build argument 'cmake_clean_cache' from command line to 'False'
[0.639s] Level 5:colcon.colcon_core.verb:set package 'vrx_gz' build argument 'cmake_clean_first' from command line to 'False'
[0.640s] Level 5:colcon.colcon_core.verb:set package 'vrx_gz' build argument 'cmake_force_configure' from command line to 'False'
[0.640s] Level 5:colcon.colcon_core.verb:set package 'vrx_gz' build argument 'ament_cmake_args' from command line to 'None'
[0.640s] Level 5:colcon.colcon_core.verb:set package 'vrx_gz' build argument 'catkin_cmake_args' from command line to 'None'
[0.640s] Level 5:colcon.colcon_core.verb:set package 'vrx_gz' build argument 'catkin_skip_building_tests' from command line to 'False'
[0.640s] DEBUG:colcon.colcon_core.verb:Building package 'vrx_gz' with the following arguments: {'ament_cmake_args': None, 'build_base': '/home/koki-22/ac_search/vrx_ws/build/vrx_gz', 'catkin_cmake_args': None, 'catkin_skip_building_tests': False, 'cmake_args': None, 'cmake_clean_cache': False, 'cmake_clean_first': False, 'cmake_force_configure': False, 'cmake_target': None, 'cmake_target_skip_unavailable': False, 'install_base': '/home/koki-22/ac_search/vrx_ws/install', 'merge_install': True, 'path': '/home/koki-22/ac_search/vrx_ws/src/vrx/vrx_gz', 'symlink_install': False, 'test_result_base': None}
[0.641s] Level 5:colcon.colcon_core.verb:set package 'wamv_description' build argument 'cmake_args' from command line to 'None'
[0.641s] Level 5:colcon.colcon_core.verb:set package 'wamv_description' build argument 'cmake_target' from command line to 'None'
[0.641s] Level 5:colcon.colcon_core.verb:set package 'wamv_description' build argument 'cmake_target_skip_unavailable' from command line to 'False'
[0.641s] Level 5:colcon.colcon_core.verb:set package 'wamv_description' build argument 'cmake_clean_cache' from command line to 'False'
[0.641s] Level 5:colcon.colcon_core.verb:set package 'wamv_description' build argument 'cmake_clean_first' from command line to 'False'
[0.641s] Level 5:colcon.colcon_core.verb:set package 'wamv_description' build argument 'cmake_force_configure' from command line to 'False'
[0.641s] Level 5:colcon.colcon_core.verb:set package 'wamv_description' build argument 'ament_cmake_args' from command line to 'None'
[0.641s] Level 5:colcon.colcon_core.verb:set package 'wamv_description' build argument 'catkin_cmake_args' from command line to 'None'
[0.641s] Level 5:colcon.colcon_core.verb:set package 'wamv_description' build argument 'catkin_skip_building_tests' from command line to 'False'
[0.641s] DEBUG:colcon.colcon_core.verb:Building package 'wamv_description' with the following arguments: {'ament_cmake_args': None, 'build_base': '/home/koki-22/ac_search/vrx_ws/build/wamv_description', 'catkin_cmake_args': None, 'catkin_skip_building_tests': False, 'cmake_args': None, 'cmake_clean_cache': False, 'cmake_clean_first': False, 'cmake_force_configure': False, 'cmake_target': None, 'cmake_target_skip_unavailable': False, 'install_base': '/home/koki-22/ac_search/vrx_ws/install', 'merge_install': True, 'path': '/home/koki-22/ac_search/vrx_ws/src/vrx/vrx_urdf/wamv_description', 'symlink_install': False, 'test_result_base': None}
[0.642s] Level 5:colcon.colcon_core.verb:set package 'wamv_gazebo' build argument 'cmake_args' from command line to 'None'
[0.642s] Level 5:colcon.colcon_core.verb:set package 'wamv_gazebo' build argument 'cmake_target' from command line to 'None'
[0.642s] Level 5:colcon.colcon_core.verb:set package 'wamv_gazebo' build argument 'cmake_target_skip_unavailable' from command line to 'False'
[0.643s] Level 5:colcon.colcon_core.verb:set package 'wamv_gazebo' build argument 'cmake_clean_cache' from command line to 'False'
[0.643s] Level 5:colcon.colcon_core.verb:set package 'wamv_gazebo' build argument 'cmake_clean_first' from command line to 'False'
[0.643s] Level 5:colcon.colcon_core.verb:set package 'wamv_gazebo' build argument 'cmake_force_configure' from command line to 'False'
[0.643s] Level 5:colcon.colcon_core.verb:set package 'wamv_gazebo' build argument 'ament_cmake_args' from command line to 'None'
[0.643s] Level 5:colcon.colcon_core.verb:set package 'wamv_gazebo' build argument 'catkin_cmake_args' from command line to 'None'
[0.643s] Level 5:colcon.colcon_core.verb:set package 'wamv_gazebo' build argument 'catkin_skip_building_tests' from command line to 'False'
[0.643s] DEBUG:colcon.colcon_core.verb:Building package 'wamv_gazebo' with the following arguments: {'ament_cmake_args': None, 'build_base': '/home/koki-22/ac_search/vrx_ws/build/wamv_gazebo', 'catkin_cmake_args': None, 'catkin_skip_building_tests': False, 'cmake_args': None, 'cmake_clean_cache': False, 'cmake_clean_first': False, 'cmake_force_configure': False, 'cmake_target': None, 'cmake_target_skip_unavailable': False, 'install_base': '/home/koki-22/ac_search/vrx_ws/install', 'merge_install': True, 'path': '/home/koki-22/ac_search/vrx_ws/src/vrx/vrx_urdf/wamv_gazebo', 'symlink_install': False, 'test_result_base': None}
[0.644s] INFO:colcon.colcon_core.executor:Executing jobs using 'parallel' executor
[0.648s] DEBUG:colcon.colcon_parallel_executor.executor.parallel:run_until_complete
[0.648s] INFO:colcon.colcon_ros.task.ament_cmake.build:Building ROS package in '/home/koki-22/ac_search/vrx_ws/src/vrx/vrx_urdf/vrx_gazebo' with build type 'ament_cmake'
[0.648s] INFO:colcon.colcon_cmake.task.cmake.build:Building CMake package in '/home/koki-22/ac_search/vrx_ws/src/vrx/vrx_urdf/vrx_gazebo'
[0.653s] INFO:colcon.colcon_core.plugin_system:Skipping extension 'colcon_core.shell.bat': Not used on non-Windows systems
[0.653s] INFO:colcon.colcon_core.shell:Skip shell extension 'powershell' for command environment: Not usable outside of PowerShell
[0.653s] DEBUG:colcon.colcon_core.shell:Skip shell extension 'dsv' for command environment
[0.658s] INFO:colcon.colcon_ros.task.ament_cmake.build:Building ROS package in '/home/koki-22/ac_search/vrx_ws/src/vrx/vrx_ros' with build type 'ament_cmake'
[0.658s] INFO:colcon.colcon_cmake.task.cmake.build:Building CMake package in '/home/koki-22/ac_search/vrx_ws/src/vrx/vrx_ros'
[0.660s] INFO:colcon.colcon_core.shell:Skip shell extension 'powershell' for command environment: Not usable outside of PowerShell
[0.660s] DEBUG:colcon.colcon_core.shell:Skip shell extension 'dsv' for command environment
[0.664s] INFO:colcon.colcon_ros.task.ament_python.build:Building ROS package in '/home/koki-22/ac_search/vrx_ws/src/data_collect' with build type 'ament_python'
[0.664s] Level 1:colcon.colcon_core.shell:create_environment_hook('data_collect', 'ament_prefix_path')
[0.665s] INFO:colcon.colcon_core.shell:Creating environment hook '/home/koki-22/ac_search/vrx_ws/install/share/data_collect/hook/ament_prefix_path.ps1'
[0.666s] INFO:colcon.colcon_core.shell:Creating environment descriptor '/home/koki-22/ac_search/vrx_ws/install/share/data_collect/hook/ament_prefix_path.dsv'
[0.666s] INFO:colcon.colcon_core.shell:Creating environment hook '/home/koki-22/ac_search/vrx_ws/install/share/data_collect/hook/ament_prefix_path.sh'
[0.668s] INFO:colcon.colcon_core.shell:Skip shell extension 'powershell' for command environment: Not usable outside of PowerShell
[0.668s] DEBUG:colcon.colcon_core.shell:Skip shell extension 'dsv' for command environment
[0.677s] DEBUG:colcon.colcon_core.event_handler.log_command:Invoking command in '/home/koki-22/ac_search/vrx_ws/build/vrx_gazebo': CMAKE_PREFIX_PATH=${CMAKE_PREFIX_PATH}:/opt/ros/humble /usr/bin/cmake --build /home/koki-22/ac_search/vrx_ws/build/vrx_gazebo -- -j16 -l16
[0.681s] DEBUG:colcon.colcon_core.event_handler.log_command:Invoking command in '/home/koki-22/ac_search/vrx_ws/build/vrx_ros': CMAKE_PREFIX_PATH=${CMAKE_PREFIX_PATH}:/opt/ros/humble /usr/bin/cmake --build /home/koki-22/ac_search/vrx_ws/build/vrx_ros -- -j16 -l16
[1.044s] INFO:colcon.colcon_core.task.python.build:Building Python package in '/home/koki-22/ac_search/vrx_ws/src/data_collect'
[1.045s] INFO:colcon.colcon_core.shell:Skip shell extension 'powershell' for command environment: Not usable outside of PowerShell
[1.045s] DEBUG:colcon.colcon_core.shell:Skip shell extension 'dsv' for command environment
[1.050s] DEBUG:colcon.colcon_core.event_handler.log_command:Invoked command in '/home/koki-22/ac_search/vrx_ws/build/vrx_ros' returned '0': CMAKE_PREFIX_PATH=${CMAKE_PREFIX_PATH}:/opt/ros/humble /usr/bin/cmake --build /home/koki-22/ac_search/vrx_ws/build/vrx_ros -- -j16 -l16
[1.091s] DEBUG:colcon.colcon_core.event_handler.log_command:Invoking command in '/home/koki-22/ac_search/vrx_ws/build/vrx_ros': CMAKE_PREFIX_PATH=${CMAKE_PREFIX_PATH}:/opt/ros/humble /usr/bin/cmake --install /home/koki-22/ac_search/vrx_ws/build/vrx_ros
[1.101s] Level 1:colcon.colcon_core.environment:create_environment_scripts_only(vrx_ros)
[1.102s] DEBUG:colcon.colcon_core.event_handler.log_command:Invoked command in '/home/koki-22/ac_search/vrx_ws/build/vrx_ros' returned '0': CMAKE_PREFIX_PATH=${CMAKE_PREFIX_PATH}:/opt/ros/humble /usr/bin/cmake --install /home/koki-22/ac_search/vrx_ws/build/vrx_ros
[1.107s] Level 1:colcon.colcon_core.environment:checking '/home/koki-22/ac_search/vrx_ws/install' for CMake module files
[1.108s] Level 1:colcon.colcon_core.environment:checking '/home/koki-22/ac_search/vrx_ws/install' for CMake config files
[1.108s] Level 1:colcon.colcon_core.shell:create_environment_hook('vrx_ros', 'cmake_prefix_path')
[1.110s] INFO:colcon.colcon_core.shell:Creating environment hook '/home/koki-22/ac_search/vrx_ws/install/share/vrx_ros/hook/cmake_prefix_path.ps1'
[1.111s] INFO:colcon.colcon_core.shell:Creating environment descriptor '/home/koki-22/ac_search/vrx_ws/install/share/vrx_ros/hook/cmake_prefix_path.dsv'
[1.111s] INFO:colcon.colcon_core.shell:Creating environment hook '/home/koki-22/ac_search/vrx_ws/install/share/vrx_ros/hook/cmake_prefix_path.sh'
[1.112s] Level 1:colcon.colcon_core.environment:checking '/home/koki-22/ac_search/vrx_ws/install/lib'
[1.112s] Level 1:colcon.colcon_core.shell:create_environment_hook('vrx_ros', 'ld_library_path_lib')
[1.114s] INFO:colcon.colcon_core.shell:Creating environment hook '/home/koki-22/ac_search/vrx_ws/install/share/vrx_ros/hook/ld_library_path_lib.ps1'
[1.114s] INFO:colcon.colcon_core.shell:Creating environment descriptor '/home/koki-22/ac_search/vrx_ws/install/share/vrx_ros/hook/ld_library_path_lib.dsv'
[1.114s] INFO:colcon.colcon_core.shell:Creating environment hook '/home/koki-22/ac_search/vrx_ws/install/share/vrx_ros/hook/ld_library_path_lib.sh'
[1.115s] Level 1:colcon.colcon_core.environment:checking '/home/koki-22/ac_search/vrx_ws/install/bin'
[1.115s] Level 1:colcon.colcon_core.environment:checking '/home/koki-22/ac_search/vrx_ws/install/lib/pkgconfig/vrx_ros.pc'
[1.115s] Level 1:colcon.colcon_core.environment:checking '/home/koki-22/ac_search/vrx_ws/install/lib/python3.10/site-packages'
[1.115s] Level 1:colcon.colcon_core.shell:create_environment_hook('vrx_ros', 'pythonpath')
[1.117s] INFO:colcon.colcon_core.shell:Creating environment hook '/home/koki-22/ac_search/vrx_ws/install/share/vrx_ros/hook/pythonpath.ps1'
[1.117s] INFO:colcon.colcon_core.shell:Creating environment descriptor '/home/koki-22/ac_search/vrx_ws/install/share/vrx_ros/hook/pythonpath.dsv'
[1.118s] INFO:colcon.colcon_core.shell:Creating environment hook '/home/koki-22/ac_search/vrx_ws/install/share/vrx_ros/hook/pythonpath.sh'
[1.118s] Level 1:colcon.colcon_core.environment:checking '/home/koki-22/ac_search/vrx_ws/install/bin'
[1.120s] INFO:colcon.colcon_core.shell:Creating package script '/home/koki-22/ac_search/vrx_ws/install/share/vrx_ros/package.ps1'
[1.121s] INFO:colcon.colcon_core.shell:Creating package descriptor '/home/koki-22/ac_search/vrx_ws/install/share/vrx_ros/package.dsv'
[1.122s] INFO:colcon.colcon_core.shell:Creating package script '/home/koki-22/ac_search/vrx_ws/install/share/vrx_ros/package.sh'
[1.123s] INFO:colcon.colcon_core.shell:Creating package script '/home/koki-22/ac_search/vrx_ws/install/share/vrx_ros/package.bash'
[1.124s] INFO:colcon.colcon_core.shell:Creating package script '/home/koki-22/ac_search/vrx_ws/install/share/vrx_ros/package.zsh'
[1.124s] Level 1:colcon.colcon_core.environment:create_file_with_runtime_dependencies(/home/koki-22/ac_search/vrx_ws/install/share/colcon-core/packages/vrx_ros)
[1.126s] DEBUG:colcon.colcon_core.event_handler.log_command:Invoked command in '/home/koki-22/ac_search/vrx_ws/build/vrx_gazebo' returned '0': CMAKE_PREFIX_PATH=${CMAKE_PREFIX_PATH}:/opt/ros/humble /usr/bin/cmake --build /home/koki-22/ac_search/vrx_ws/build/vrx_gazebo -- -j16 -l16
[1.147s] DEBUG:colcon.colcon_core.event_handler.log_command:Invoking command in '/home/koki-22/ac_search/vrx_ws/build/vrx_gazebo': CMAKE_PREFIX_PATH=${CMAKE_PREFIX_PATH}:/opt/ros/humble /usr/bin/cmake --install /home/koki-22/ac_search/vrx_ws/build/vrx_gazebo
[1.150s] Level 1:colcon.colcon_core.environment:create_environment_scripts_only(vrx_ros)
[1.152s] Level 1:colcon.colcon_core.environment:checking '/home/koki-22/ac_search/vrx_ws/install' for CMake module files
[1.152s] Level 1:colcon.colcon_core.environment:checking '/home/koki-22/ac_search/vrx_ws/install' for CMake config files
[1.152s] Level 1:colcon.colcon_core.shell:create_environment_hook('vrx_ros', 'cmake_prefix_path')
[1.154s] INFO:colcon.colcon_core.shell:Creating environment hook '/home/koki-22/ac_search/vrx_ws/install/share/vrx_ros/hook/cmake_prefix_path.ps1'
[1.155s] INFO:colcon.colcon_core.shell:Creating environment descriptor '/home/koki-22/ac_search/vrx_ws/install/share/vrx_ros/hook/cmake_prefix_path.dsv'
[1.157s] INFO:colcon.colcon_core.shell:Creating environment hook '/home/koki-22/ac_search/vrx_ws/install/share/vrx_ros/hook/cmake_prefix_path.sh'
[1.158s] Level 1:colcon.colcon_core.environment:checking '/home/koki-22/ac_search/vrx_ws/install/lib'
[1.158s] Level 1:colcon.colcon_core.shell:create_environment_hook('vrx_ros', 'ld_library_path_lib')
[1.160s] INFO:colcon.colcon_core.shell:Creating environment hook '/home/koki-22/ac_search/vrx_ws/install/share/vrx_ros/hook/ld_library_path_lib.ps1'
[1.160s] INFO:colcon.colcon_core.shell:Creating environment descriptor '/home/koki-22/ac_search/vrx_ws/install/share/vrx_ros/hook/ld_library_path_lib.dsv'
[1.161s] INFO:colcon.colcon_core.shell:Creating environment hook '/home/koki-22/ac_search/vrx_ws/install/share/vrx_ros/hook/ld_library_path_lib.sh'
[1.162s] Level 1:colcon.colcon_core.environment:checking '/home/koki-22/ac_search/vrx_ws/install/bin'
[1.162s] Level 1:colcon.colcon_core.environment:checking '/home/koki-22/ac_search/vrx_ws/install/lib/pkgconfig/vrx_ros.pc'
[1.162s] Level 1:colcon.colcon_core.environment:checking '/home/koki-22/ac_search/vrx_ws/install/lib/python3.10/site-packages'
[1.162s] Level 1:colcon.colcon_core.shell:create_environment_hook('vrx_ros', 'pythonpath')
[1.164s] INFO:colcon.colcon_core.shell:Creating environment hook '/home/koki-22/ac_search/vrx_ws/install/share/vrx_ros/hook/pythonpath.ps1'
[1.165s] INFO:colcon.colcon_core.shell:Creating environment descriptor '/home/koki-22/ac_search/vrx_ws/install/share/vrx_ros/hook/pythonpath.dsv'
[1.165s] INFO:colcon.colcon_core.shell:Creating environment hook '/home/koki-22/ac_search/vrx_ws/install/share/vrx_ros/hook/pythonpath.sh'
[1.166s] Level 1:colcon.colcon_core.environment:checking '/home/koki-22/ac_search/vrx_ws/install/bin'
[1.168s] INFO:colcon.colcon_core.shell:Creating package script '/home/koki-22/ac_search/vrx_ws/install/share/vrx_ros/package.ps1'
[1.170s] INFO:colcon.colcon_core.shell:Creating package descriptor '/home/koki-22/ac_search/vrx_ws/install/share/vrx_ros/package.dsv'
[1.172s] INFO:colcon.colcon_core.shell:Creating package script '/home/koki-22/ac_search/vrx_ws/install/share/vrx_ros/package.sh'
[1.173s] INFO:colcon.colcon_core.shell:Creating package script '/home/koki-22/ac_search/vrx_ws/install/share/vrx_ros/package.bash'
[1.174s] INFO:colcon.colcon_core.shell:Creating package script '/home/koki-22/ac_search/vrx_ws/install/share/vrx_ros/package.zsh'
[1.175s] Level 1:colcon.colcon_core.environment:create_file_with_runtime_dependencies(/home/koki-22/ac_search/vrx_ws/install/share/colcon-core/packages/vrx_ros)
[1.175s] INFO:colcon.colcon_ros.task.ament_cmake.build:Building ROS package in '/home/koki-22/ac_search/vrx_ws/src/vrx/vrx_gz' with build type 'ament_cmake'
[1.176s] INFO:colcon.colcon_cmake.task.cmake.build:Building CMake package in '/home/koki-22/ac_search/vrx_ws/src/vrx/vrx_gz'
[1.178s] INFO:colcon.colcon_core.shell:Skip shell extension 'powershell' for command environment: Not usable outside of PowerShell
[1.179s] DEBUG:colcon.colcon_core.shell:Skip shell extension 'dsv' for command environment
[1.198s] DEBUG:colcon.colcon_core.event_handler.log_command:Invoking command in '/home/koki-22/ac_search/vrx_ws/build/vrx_gz': CMAKE_PREFIX_PATH=${CMAKE_PREFIX_PATH}:/opt/ros/humble PYTHONPATH=/home/koki-22/ac_search/vrx_ws/install/lib/python3.10/site-packages:/home/koki-22/ac_search/vrx_ws/install/local/lib/python3.10/dist-packages:/opt/ros/humble/lib/python3.10/site-packages:/opt/ros/humble/local/lib/python3.10/dist-packages /usr/bin/cmake --build /home/koki-22/ac_search/vrx_ws/build/vrx_gz -- -j16 -l16
[1.202s] Level 1:colcon.colcon_core.environment:create_environment_scripts_only(vrx_gazebo)
[1.205s] Level 1:colcon.colcon_core.environment:checking '/home/koki-22/ac_search/vrx_ws/install' for CMake module files
[1.206s] DEBUG:colcon.colcon_core.event_handler.log_command:Invoked command in '/home/koki-22/ac_search/vrx_ws/build/vrx_gazebo' returned '0': CMAKE_PREFIX_PATH=${CMAKE_PREFIX_PATH}:/opt/ros/humble /usr/bin/cmake --install /home/koki-22/ac_search/vrx_ws/build/vrx_gazebo
[1.206s] Level 1:colcon.colcon_core.environment:checking '/home/koki-22/ac_search/vrx_ws/install' for CMake config files
[1.207s] Level 1:colcon.colcon_core.shell:create_environment_hook('vrx_gazebo', 'cmake_prefix_path')
[1.208s] INFO:colcon.colcon_core.shell:Creating environment hook '/home/koki-22/ac_search/vrx_ws/install/share/vrx_gazebo/hook/cmake_prefix_path.ps1'
[1.209s] INFO:colcon.colcon_core.shell:Creating environment descriptor '/home/koki-22/ac_search/vrx_ws/install/share/vrx_gazebo/hook/cmake_prefix_path.dsv'
[1.209s] INFO:colcon.colcon_core.shell:Creating environment hook '/home/koki-22/ac_search/vrx_ws/install/share/vrx_gazebo/hook/cmake_prefix_path.sh'
[1.209s] Level 1:colcon.colcon_core.environment:checking '/home/koki-22/ac_search/vrx_ws/install/lib'
[1.210s] Level 1:colcon.colcon_core.shell:create_environment_hook('vrx_gazebo', 'ld_library_path_lib')
[1.211s] INFO:colcon.colcon_core.shell:Creating environment hook '/home/koki-22/ac_search/vrx_ws/install/share/vrx_gazebo/hook/ld_library_path_lib.ps1'
[1.212s] INFO:colcon.colcon_core.shell:Creating environment descriptor '/home/koki-22/ac_search/vrx_ws/install/share/vrx_gazebo/hook/ld_library_path_lib.dsv'
[1.212s] INFO:colcon.colcon_core.shell:Creating environment hook '/home/koki-22/ac_search/vrx_ws/install/share/vrx_gazebo/hook/ld_library_path_lib.sh'
[1.212s] Level 1:colcon.colcon_core.environment:checking '/home/koki-22/ac_search/vrx_ws/install/bin'
[1.212s] Level 1:colcon.colcon_core.environment:checking '/home/koki-22/ac_search/vrx_ws/install/lib/pkgconfig/vrx_gazebo.pc'
[1.213s] Level 1:colcon.colcon_core.environment:checking '/home/koki-22/ac_search/vrx_ws/install/lib/python3.10/site-packages'
[1.213s] Level 1:colcon.colcon_core.shell:create_environment_hook('vrx_gazebo', 'pythonpath')
[1.214s] INFO:colcon.colcon_core.shell:Creating environment hook '/home/koki-22/ac_search/vrx_ws/install/share/vrx_gazebo/hook/pythonpath.ps1'
[1.215s] INFO:colcon.colcon_core.shell:Creating environment descriptor '/home/koki-22/ac_search/vrx_ws/install/share/vrx_gazebo/hook/pythonpath.dsv'
[1.215s] INFO:colcon.colcon_core.shell:Creating environment hook '/home/koki-22/ac_search/vrx_ws/install/share/vrx_gazebo/hook/pythonpath.sh'
[1.215s] Level 1:colcon.colcon_core.environment:checking '/home/koki-22/ac_search/vrx_ws/install/bin'
[1.217s] INFO:colcon.colcon_core.shell:Creating package script '/home/koki-22/ac_search/vrx_ws/install/share/vrx_gazebo/package.ps1'
[1.217s] INFO:colcon.colcon_core.shell:Creating package descriptor '/home/koki-22/ac_search/vrx_ws/install/share/vrx_gazebo/package.dsv'
[1.218s] INFO:colcon.colcon_core.shell:Creating package script '/home/koki-22/ac_search/vrx_ws/install/share/vrx_gazebo/package.sh'
[1.218s] INFO:colcon.colcon_core.shell:Creating package script '/home/koki-22/ac_search/vrx_ws/install/share/vrx_gazebo/package.bash'
[1.219s] INFO:colcon.colcon_core.shell:Creating package script '/home/koki-22/ac_search/vrx_ws/install/share/vrx_gazebo/package.zsh'
[1.219s] Level 1:colcon.colcon_core.environment:create_file_with_runtime_dependencies(/home/koki-22/ac_search/vrx_ws/install/share/colcon-core/packages/vrx_gazebo)
[1.243s] Level 1:colcon.colcon_core.environment:create_environment_scripts_only(vrx_gazebo)
[1.246s] Level 1:colcon.colcon_core.environment:checking '/home/koki-22/ac_search/vrx_ws/install' for CMake module files
[1.246s] Level 1:colcon.colcon_core.environment:checking '/home/koki-22/ac_search/vrx_ws/install' for CMake config files
[1.246s] Level 1:colcon.colcon_core.shell:create_environment_hook('vrx_gazebo', 'cmake_prefix_path')
[1.248s] INFO:colcon.colcon_core.shell:Creating environment hook '/home/koki-22/ac_search/vrx_ws/install/share/vrx_gazebo/hook/cmake_prefix_path.ps1'
[1.248s] INFO:colcon.colcon_core.shell:Creating environment descriptor '/home/koki-22/ac_search/vrx_ws/install/share/vrx_gazebo/hook/cmake_prefix_path.dsv'
[1.249s] INFO:colcon.colcon_core.shell:Creating environment hook '/home/koki-22/ac_search/vrx_ws/install/share/vrx_gazebo/hook/cmake_prefix_path.sh'
[1.249s] Level 1:colcon.colcon_core.environment:checking '/home/koki-22/ac_search/vrx_ws/install/lib'
[1.249s] Level 1:colcon.colcon_core.shell:create_environment_hook('vrx_gazebo', 'ld_library_path_lib')
[1.251s] INFO:colcon.colcon_core.shell:Creating environment hook '/home/koki-22/ac_search/vrx_ws/install/share/vrx_gazebo/hook/ld_library_path_lib.ps1'
[1.252s] INFO:colcon.colcon_core.shell:Creating environment descriptor '/home/koki-22/ac_search/vrx_ws/install/share/vrx_gazebo/hook/ld_library_path_lib.dsv'
[1.252s] INFO:colcon.colcon_core.shell:Creating environment hook '/home/koki-22/ac_search/vrx_ws/install/share/vrx_gazebo/hook/ld_library_path_lib.sh'
[1.253s] Level 1:colcon.colcon_core.environment:checking '/home/koki-22/ac_search/vrx_ws/install/bin'
[1.253s] Level 1:colcon.colcon_core.environment:checking '/home/koki-22/ac_search/vrx_ws/install/lib/pkgconfig/vrx_gazebo.pc'
[1.253s] Level 1:colcon.colcon_core.environment:checking '/home/koki-22/ac_search/vrx_ws/install/lib/python3.10/site-packages'
[1.253s] Level 1:colcon.colcon_core.shell:create_environment_hook('vrx_gazebo', 'pythonpath')
[1.256s] INFO:colcon.colcon_core.shell:Creating environment hook '/home/koki-22/ac_search/vrx_ws/install/share/vrx_gazebo/hook/pythonpath.ps1'
[1.257s] INFO:colcon.colcon_core.shell:Creating environment descriptor '/home/koki-22/ac_search/vrx_ws/install/share/vrx_gazebo/hook/pythonpath.dsv'
[1.258s] INFO:colcon.colcon_core.shell:Creating environment hook '/home/koki-22/ac_search/vrx_ws/install/share/vrx_gazebo/hook/pythonpath.sh'
[1.259s] Level 1:colcon.colcon_core.environment:checking '/home/koki-22/ac_search/vrx_ws/install/bin'
[1.262s] INFO:colcon.colcon_core.shell:Creating package script '/home/koki-22/ac_search/vrx_ws/install/share/vrx_gazebo/package.ps1'
[1.264s] INFO:colcon.colcon_core.shell:Creating package descriptor '/home/koki-22/ac_search/vrx_ws/install/share/vrx_gazebo/package.dsv'
[1.266s] INFO:colcon.colcon_core.shell:Creating package script '/home/koki-22/ac_search/vrx_ws/install/share/vrx_gazebo/package.sh'
[1.267s] INFO:colcon.colcon_core.shell:Creating package script '/home/koki-22/ac_search/vrx_ws/install/share/vrx_gazebo/package.bash'
[1.267s] INFO:colcon.colcon_core.shell:Creating package script '/home/koki-22/ac_search/vrx_ws/install/share/vrx_gazebo/package.zsh'
[1.268s] Level 1:colcon.colcon_core.environment:create_file_with_runtime_dependencies(/home/koki-22/ac_search/vrx_ws/install/share/colcon-core/packages/vrx_gazebo)
[1.268s] INFO:colcon.colcon_ros.task.ament_cmake.build:Building ROS package in '/home/koki-22/ac_search/vrx_ws/src/vrx/vrx_urdf/wamv_description' with build type 'ament_cmake'
[1.269s] INFO:colcon.colcon_cmake.task.cmake.build:Building CMake package in '/home/koki-22/ac_search/vrx_ws/src/vrx/vrx_urdf/wamv_description'
[1.273s] INFO:colcon.colcon_core.shell:Skip shell extension 'powershell' for command environment: Not usable outside of PowerShell
[1.274s] DEBUG:colcon.colcon_core.shell:Skip shell extension 'dsv' for command environment
[1.291s] DEBUG:colcon.colcon_core.event_handler.log_command:Invoking command in '/home/koki-22/ac_search/vrx_ws/build/wamv_description': CMAKE_PREFIX_PATH=${CMAKE_PREFIX_PATH}:/opt/ros/humble GZ_SIM_RESOURCE_PATH=/home/koki-22/ac_search/vrx_ws/install/share:${GZ_SIM_RESOURCE_PATH} PYTHONPATH=/home/koki-22/ac_search/vrx_ws/install/lib/python3.10/site-packages:/home/koki-22/ac_search/vrx_ws/install/local/lib/python3.10/dist-packages:/opt/ros/humble/lib/python3.10/site-packages:/opt/ros/humble/local/lib/python3.10/dist-packages /usr/bin/cmake --build /home/koki-22/ac_search/vrx_ws/build/wamv_description -- -j16 -l16
[1.375s] DEBUG:colcon.colcon_core.event_handler.log_command:Invoked command in '/home/koki-22/ac_search/vrx_ws/build/wamv_description' returned '0': CMAKE_PREFIX_PATH=${CMAKE_PREFIX_PATH}:/opt/ros/humble GZ_SIM_RESOURCE_PATH=/home/koki-22/ac_search/vrx_ws/install/share:${GZ_SIM_RESOURCE_PATH} PYTHONPATH=/home/koki-22/ac_search/vrx_ws/install/lib/python3.10/site-packages:/home/koki-22/ac_search/vrx_ws/install/local/lib/python3.10/dist-packages:/opt/ros/humble/lib/python3.10/site-packages:/opt/ros/humble/local/lib/python3.10/dist-packages /usr/bin/cmake --build /home/koki-22/ac_search/vrx_ws/build/wamv_description -- -j16 -l16
[1.398s] DEBUG:colcon.colcon_core.event_handler.log_command:Invoking command in '/home/koki-22/ac_search/vrx_ws/build/wamv_description': CMAKE_PREFIX_PATH=${CMAKE_PREFIX_PATH}:/opt/ros/humble GZ_SIM_RESOURCE_PATH=/home/koki-22/ac_search/vrx_ws/install/share:${GZ_SIM_RESOURCE_PATH} PYTHONPATH=/home/koki-22/ac_search/vrx_ws/install/lib/python3.10/site-packages:/home/koki-22/ac_search/vrx_ws/install/local/lib/python3.10/dist-packages:/opt/ros/humble/lib/python3.10/site-packages:/opt/ros/humble/local/lib/python3.10/dist-packages /usr/bin/cmake --install /home/koki-22/ac_search/vrx_ws/build/wamv_description
[1.412s] Level 1:colcon.colcon_core.environment:create_environment_scripts_only(wamv_description)
[1.414s] Level 1:colcon.colcon_core.environment:checking '/home/koki-22/ac_search/vrx_ws/install' for CMake module files
[1.416s] Level 1:colcon.colcon_core.environment:checking '/home/koki-22/ac_search/vrx_ws/install' for CMake config files
[1.417s] Level 1:colcon.colcon_core.shell:create_environment_hook('wamv_description', 'cmake_prefix_path')
[1.419s] INFO:colcon.colcon_core.shell:Creating environment hook '/home/koki-22/ac_search/vrx_ws/install/share/wamv_description/hook/cmake_prefix_path.ps1'
[1.420s] INFO:colcon.colcon_core.shell:Creating environment descriptor '/home/koki-22/ac_search/vrx_ws/install/share/wamv_description/hook/cmake_prefix_path.dsv'
[1.421s] INFO:colcon.colcon_core.shell:Creating environment hook '/home/koki-22/ac_search/vrx_ws/install/share/wamv_description/hook/cmake_prefix_path.sh'
[1.423s] Level 1:colcon.colcon_core.environment:checking '/home/koki-22/ac_search/vrx_ws/install/lib'
[1.423s] Level 1:colcon.colcon_core.shell:create_environment_hook('wamv_description', 'ld_library_path_lib')
[1.425s] INFO:colcon.colcon_core.shell:Creating environment hook '/home/koki-22/ac_search/vrx_ws/install/share/wamv_description/hook/ld_library_path_lib.ps1'
[1.426s] INFO:colcon.colcon_core.shell:Creating environment descriptor '/home/koki-22/ac_search/vrx_ws/install/share/wamv_description/hook/ld_library_path_lib.dsv'
[1.427s] DEBUG:colcon.colcon_core.event_handler.log_command:Invoked command in '/home/koki-22/ac_search/vrx_ws/build/wamv_description' returned '0': CMAKE_PREFIX_PATH=${CMAKE_PREFIX_PATH}:/opt/ros/humble GZ_SIM_RESOURCE_PATH=/home/koki-22/ac_search/vrx_ws/install/share:${GZ_SIM_RESOURCE_PATH} PYTHONPATH=/home/koki-22/ac_search/vrx_ws/install/lib/python3.10/site-packages:/home/koki-22/ac_search/vrx_ws/install/local/lib/python3.10/dist-packages:/opt/ros/humble/lib/python3.10/site-packages:/opt/ros/humble/local/lib/python3.10/dist-packages /usr/bin/cmake --install /home/koki-22/ac_search/vrx_ws/build/wamv_description
[1.427s] INFO:colcon.colcon_core.shell:Creating environment hook '/home/koki-22/ac_search/vrx_ws/install/share/wamv_description/hook/ld_library_path_lib.sh'
[1.428s] Level 1:colcon.colcon_core.environment:checking '/home/koki-22/ac_search/vrx_ws/install/bin'
[1.428s] Level 1:colcon.colcon_core.environment:checking '/home/koki-22/ac_search/vrx_ws/install/lib/pkgconfig/wamv_description.pc'
[1.428s] Level 1:colcon.colcon_core.environment:checking '/home/koki-22/ac_search/vrx_ws/install/lib/python3.10/site-packages'
[1.428s] Level 1:colcon.colcon_core.shell:create_environment_hook('wamv_description', 'pythonpath')
[1.430s] INFO:colcon.colcon_core.shell:Creating environment hook '/home/koki-22/ac_search/vrx_ws/install/share/wamv_description/hook/pythonpath.ps1'
[1.431s] INFO:colcon.colcon_core.shell:Creating environment descriptor '/home/koki-22/ac_search/vrx_ws/install/share/wamv_description/hook/pythonpath.dsv'
[1.431s] INFO:colcon.colcon_core.shell:Creating environment hook '/home/koki-22/ac_search/vrx_ws/install/share/wamv_description/hook/pythonpath.sh'
[1.432s] Level 1:colcon.colcon_core.environment:checking '/home/koki-22/ac_search/vrx_ws/install/bin'
[1.434s] INFO:colcon.colcon_core.shell:Creating package script '/home/koki-22/ac_search/vrx_ws/install/share/wamv_description/package.ps1'
[1.434s] INFO:colcon.colcon_core.shell:Creating package descriptor '/home/koki-22/ac_search/vrx_ws/install/share/wamv_description/package.dsv'
[1.435s] INFO:colcon.colcon_core.shell:Creating package script '/home/koki-22/ac_search/vrx_ws/install/share/wamv_description/package.sh'
[1.435s] INFO:colcon.colcon_core.shell:Creating package script '/home/koki-22/ac_search/vrx_ws/install/share/wamv_description/package.bash'
[1.436s] INFO:colcon.colcon_core.shell:Creating package script '/home/koki-22/ac_search/vrx_ws/install/share/wamv_description/package.zsh'
[1.436s] Level 1:colcon.colcon_core.environment:create_file_with_runtime_dependencies(/home/koki-22/ac_search/vrx_ws/install/share/colcon-core/packages/wamv_description)
[1.460s] Level 1:colcon.colcon_core.environment:create_environment_scripts_only(wamv_description)
[1.464s] Level 1:colcon.colcon_core.environment:checking '/home/koki-22/ac_search/vrx_ws/install' for CMake module files
[1.465s] Level 1:colcon.colcon_core.environment:checking '/home/koki-22/ac_search/vrx_ws/install' for CMake config files
[1.465s] Level 1:colcon.colcon_core.shell:create_environment_hook('wamv_description', 'cmake_prefix_path')
[1.468s] INFO:colcon.colcon_core.shell:Creating environment hook '/home/koki-22/ac_search/vrx_ws/install/share/wamv_description/hook/cmake_prefix_path.ps1'
[1.469s] INFO:colcon.colcon_core.shell:Creating environment descriptor '/home/koki-22/ac_search/vrx_ws/install/share/wamv_description/hook/cmake_prefix_path.dsv'
[1.469s] INFO:colcon.colcon_core.shell:Creating environment hook '/home/koki-22/ac_search/vrx_ws/install/share/wamv_description/hook/cmake_prefix_path.sh'
[1.470s] Level 1:colcon.colcon_core.environment:checking '/home/koki-22/ac_search/vrx_ws/install/lib'
[1.470s] Level 1:colcon.colcon_core.shell:create_environment_hook('wamv_description', 'ld_library_path_lib')
[1.473s] INFO:colcon.colcon_core.shell:Creating environment hook '/home/koki-22/ac_search/vrx_ws/install/share/wamv_description/hook/ld_library_path_lib.ps1'
[1.474s] INFO:colcon.colcon_core.shell:Creating environment descriptor '/home/koki-22/ac_search/vrx_ws/install/share/wamv_description/hook/ld_library_path_lib.dsv'
[1.474s] INFO:colcon.colcon_core.shell:Creating environment hook '/home/koki-22/ac_search/vrx_ws/install/share/wamv_description/hook/ld_library_path_lib.sh'
[1.475s] Level 1:colcon.colcon_core.environment:checking '/home/koki-22/ac_search/vrx_ws/install/bin'
[1.475s] Level 1:colcon.colcon_core.environment:checking '/home/koki-22/ac_search/vrx_ws/install/lib/pkgconfig/wamv_description.pc'
[1.475s] Level 1:colcon.colcon_core.environment:checking '/home/koki-22/ac_search/vrx_ws/install/lib/python3.10/site-packages'
[1.475s] Level 1:colcon.colcon_core.shell:create_environment_hook('wamv_description', 'pythonpath')
[1.478s] INFO:colcon.colcon_core.shell:Creating environment hook '/home/koki-22/ac_search/vrx_ws/install/share/wamv_description/hook/pythonpath.ps1'
[1.479s] INFO:colcon.colcon_core.shell:Creating environment descriptor '/home/koki-22/ac_search/vrx_ws/install/share/wamv_description/hook/pythonpath.dsv'
[1.479s] INFO:colcon.colcon_core.shell:Creating environment hook '/home/koki-22/ac_search/vrx_ws/install/share/wamv_description/hook/pythonpath.sh'
[1.480s] Level 1:colcon.colcon_core.environment:checking '/home/koki-22/ac_search/vrx_ws/install/bin'
[1.483s] INFO:colcon.colcon_core.shell:Creating package script '/home/koki-22/ac_search/vrx_ws/install/share/wamv_description/package.ps1'
[1.484s] INFO:colcon.colcon_core.shell:Creating package descriptor '/home/koki-22/ac_search/vrx_ws/install/share/wamv_description/package.dsv'
[1.485s] INFO:colcon.colcon_core.shell:Creating package script '/home/koki-22/ac_search/vrx_ws/install/share/wamv_description/package.sh'
[1.486s] INFO:colcon.colcon_core.shell:Creating package script '/home/koki-22/ac_search/vrx_ws/install/share/wamv_description/package.bash'
[1.486s] INFO:colcon.colcon_core.shell:Creating package script '/home/koki-22/ac_search/vrx_ws/install/share/wamv_description/package.zsh'
[1.487s] Level 1:colcon.colcon_core.environment:create_file_with_runtime_dependencies(/home/koki-22/ac_search/vrx_ws/install/share/colcon-core/packages/wamv_description)
[1.488s] INFO:colcon.colcon_ros.task.ament_cmake.build:Building ROS package in '/home/koki-22/ac_search/vrx_ws/src/vrx/vrx_urdf/wamv_gazebo' with build type 'ament_cmake'
[1.488s] INFO:colcon.colcon_cmake.task.cmake.build:Building CMake package in '/home/koki-22/ac_search/vrx_ws/src/vrx/vrx_urdf/wamv_gazebo'
[1.490s] INFO:colcon.colcon_core.shell:Skip shell extension 'powershell' for command environment: Not usable outside of PowerShell
[1.490s] DEBUG:colcon.colcon_core.shell:Skip shell extension 'dsv' for command environment
[1.508s] DEBUG:colcon.colcon_core.event_handler.log_command:Invoking command in '/home/koki-22/ac_search/vrx_ws/build/wamv_gazebo': CMAKE_PREFIX_PATH=${CMAKE_PREFIX_PATH}:/opt/ros/humble GZ_SIM_RESOURCE_PATH=/home/koki-22/ac_search/vrx_ws/install/share:${GZ_SIM_RESOURCE_PATH} PYTHONPATH=/home/koki-22/ac_search/vrx_ws/install/lib/python3.10/site-packages:/home/koki-22/ac_search/vrx_ws/install/local/lib/python3.10/dist-packages:/opt/ros/humble/lib/python3.10/site-packages:/opt/ros/humble/local/lib/python3.10/dist-packages /usr/bin/cmake --build /home/koki-22/ac_search/vrx_ws/build/wamv_gazebo -- -j16 -l16
[1.548s] DEBUG:colcon.colcon_core.event_handler.log_command:Invoked command in '/home/koki-22/ac_search/vrx_ws/build/wamv_gazebo' returned '0': CMAKE_PREFIX_PATH=${CMAKE_PREFIX_PATH}:/opt/ros/humble GZ_SIM_RESOURCE_PATH=/home/koki-22/ac_search/vrx_ws/install/share:${GZ_SIM_RESOURCE_PATH} PYTHONPATH=/home/koki-22/ac_search/vrx_ws/install/lib/python3.10/site-packages:/home/koki-22/ac_search/vrx_ws/install/local/lib/python3.10/dist-packages:/opt/ros/humble/lib/python3.10/site-packages:/opt/ros/humble/local/lib/python3.10/dist-packages /usr/bin/cmake --build /home/koki-22/ac_search/vrx_ws/build/wamv_gazebo -- -j16 -l16
[1.569s] DEBUG:colcon.colcon_core.event_handler.log_command:Invoking command in '/home/koki-22/ac_search/vrx_ws/build/wamv_gazebo': CMAKE_PREFIX_PATH=${CMAKE_PREFIX_PATH}:/opt/ros/humble GZ_SIM_RESOURCE_PATH=/home/koki-22/ac_search/vrx_ws/install/share:${GZ_SIM_RESOURCE_PATH} PYTHONPATH=/home/koki-22/ac_search/vrx_ws/install/lib/python3.10/site-packages:/home/koki-22/ac_search/vrx_ws/install/local/lib/python3.10/dist-packages:/opt/ros/humble/lib/python3.10/site-packages:/opt/ros/humble/local/lib/python3.10/dist-packages /usr/bin/cmake --install /home/koki-22/ac_search/vrx_ws/build/wamv_gazebo
[1.581s] Level 1:colcon.colcon_core.environment:create_environment_scripts_only(wamv_gazebo)
[1.583s] Level 1:colcon.colcon_core.environment:checking '/home/koki-22/ac_search/vrx_ws/install' for CMake module files
[1.585s] Level 1:colcon.colcon_core.environment:checking '/home/koki-22/ac_search/vrx_ws/install' for CMake config files
[1.586s] Level 1:colcon.colcon_core.shell:create_environment_hook('wamv_gazebo', 'cmake_prefix_path')
[1.588s] INFO:colcon.colcon_core.shell:Creating environment hook '/home/koki-22/ac_search/vrx_ws/install/share/wamv_gazebo/hook/cmake_prefix_path.ps1'
[1.589s] INFO:colcon.colcon_core.shell:Creating environment descriptor '/home/koki-22/ac_search/vrx_ws/install/share/wamv_gazebo/hook/cmake_prefix_path.dsv'
[1.590s] INFO:colcon.colcon_core.shell:Creating environment hook '/home/koki-22/ac_search/vrx_ws/install/share/wamv_gazebo/hook/cmake_prefix_path.sh'
[1.592s] Level 1:colcon.colcon_core.environment:checking '/home/koki-22/ac_search/vrx_ws/install/lib'
[1.592s] Level 1:colcon.colcon_core.shell:create_environment_hook('wamv_gazebo', 'ld_library_path_lib')
[1.595s] INFO:colcon.colcon_core.shell:Creating environment hook '/home/koki-22/ac_search/vrx_ws/install/share/wamv_gazebo/hook/ld_library_path_lib.ps1'
[1.596s] INFO:colcon.colcon_core.shell:Creating environment descriptor '/home/koki-22/ac_search/vrx_ws/install/share/wamv_gazebo/hook/ld_library_path_lib.dsv'
[1.597s] INFO:colcon.colcon_core.shell:Creating environment hook '/home/koki-22/ac_search/vrx_ws/install/share/wamv_gazebo/hook/ld_library_path_lib.sh'
[1.598s] Level 1:colcon.colcon_core.environment:checking '/home/koki-22/ac_search/vrx_ws/install/bin'
[1.598s] Level 1:colcon.colcon_core.environment:checking '/home/koki-22/ac_search/vrx_ws/install/lib/pkgconfig/wamv_gazebo.pc'
[1.599s] Level 1:colcon.colcon_core.environment:checking '/home/koki-22/ac_search/vrx_ws/install/lib/python3.10/site-packages'
[1.599s] Level 1:colcon.colcon_core.shell:create_environment_hook('wamv_gazebo', 'pythonpath')
[1.601s] INFO:colcon.colcon_core.shell:Creating environment hook '/home/koki-22/ac_search/vrx_ws/install/share/wamv_gazebo/hook/pythonpath.ps1'
[1.602s] INFO:colcon.colcon_core.shell:Creating environment descriptor '/home/koki-22/ac_search/vrx_ws/install/share/wamv_gazebo/hook/pythonpath.dsv'
[1.603s] INFO:colcon.colcon_core.shell:Creating environment hook '/home/koki-22/ac_search/vrx_ws/install/share/wamv_gazebo/hook/pythonpath.sh'
[1.604s] Level 1:colcon.colcon_core.environment:checking '/home/koki-22/ac_search/vrx_ws/install/bin'
[1.607s] INFO:colcon.colcon_core.shell:Creating package script '/home/koki-22/ac_search/vrx_ws/install/share/wamv_gazebo/package.ps1'
[1.607s] DEBUG:colcon.colcon_core.event_handler.log_command:Invoked command in '/home/koki-22/ac_search/vrx_ws/build/wamv_gazebo' returned '0': CMAKE_PREFIX_PATH=${CMAKE_PREFIX_PATH}:/opt/ros/humble GZ_SIM_RESOURCE_PATH=/home/koki-22/ac_search/vrx_ws/install/share:${GZ_SIM_RESOURCE_PATH} PYTHONPATH=/home/koki-22/ac_search/vrx_ws/install/lib/python3.10/site-packages:/home/koki-22/ac_search/vrx_ws/install/local/lib/python3.10/dist-packages:/opt/ros/humble/lib/python3.10/site-packages:/opt/ros/humble/local/lib/python3.10/dist-packages /usr/bin/cmake --install /home/koki-22/ac_search/vrx_ws/build/wamv_gazebo
[1.608s] INFO:colcon.colcon_core.shell:Creating package descriptor '/home/koki-22/ac_search/vrx_ws/install/share/wamv_gazebo/package.dsv'
[1.608s] INFO:colcon.colcon_core.shell:Creating package script '/home/koki-22/ac_search/vrx_ws/install/share/wamv_gazebo/package.sh'
[1.609s] INFO:colcon.colcon_core.shell:Creating package script '/home/koki-22/ac_search/vrx_ws/install/share/wamv_gazebo/package.bash'
[1.609s] INFO:colcon.colcon_core.shell:Creating package script '/home/koki-22/ac_search/vrx_ws/install/share/wamv_gazebo/package.zsh'
[1.610s] Level 1:colcon.colcon_core.environment:create_file_with_runtime_dependencies(/home/koki-22/ac_search/vrx_ws/install/share/colcon-core/packages/wamv_gazebo)
[1.620s] DEBUG:colcon.colcon_core.event_handler.log_command:Invoking command in '/home/koki-22/ac_search/vrx_ws/src/data_collect': PYTHONPATH=/home/koki-22/ac_search/vrx_ws/build/data_collect/prefix_override:/home/koki-22/ac_search/vrx_ws/install/lib/python3.10/site-packages:${PYTHONPATH} /usr/bin/python3 setup.py egg_info --egg-base ../../build/data_collect build --build-base /home/koki-22/ac_search/vrx_ws/build/data_collect/build install --record /home/koki-22/ac_search/vrx_ws/build/data_collect/install.log --single-version-externally-managed
[1.634s] Level 1:colcon.colcon_core.environment:create_environment_scripts_only(wamv_gazebo)
[1.638s] Level 1:colcon.colcon_core.environment:checking '/home/koki-22/ac_search/vrx_ws/install' for CMake module files
[1.639s] Level 1:colcon.colcon_core.environment:checking '/home/koki-22/ac_search/vrx_ws/install' for CMake config files
[1.639s] Level 1:colcon.colcon_core.shell:create_environment_hook('wamv_gazebo', 'cmake_prefix_path')
[1.642s] INFO:colcon.colcon_core.shell:Creating environment hook '/home/koki-22/ac_search/vrx_ws/install/share/wamv_gazebo/hook/cmake_prefix_path.ps1'
[1.642s] INFO:colcon.colcon_core.shell:Creating environment descriptor '/home/koki-22/ac_search/vrx_ws/install/share/wamv_gazebo/hook/cmake_prefix_path.dsv'
[1.643s] INFO:colcon.colcon_core.shell:Creating environment hook '/home/koki-22/ac_search/vrx_ws/install/share/wamv_gazebo/hook/cmake_prefix_path.sh'
[1.644s] Level 1:colcon.colcon_core.environment:checking '/home/koki-22/ac_search/vrx_ws/install/lib'
[1.644s] Level 1:colcon.colcon_core.shell:create_environment_hook('wamv_gazebo', 'ld_library_path_lib')
[1.646s] INFO:colcon.colcon_core.shell:Creating environment hook '/home/koki-22/ac_search/vrx_ws/install/share/wamv_gazebo/hook/ld_library_path_lib.ps1'
[1.647s] INFO:colcon.colcon_core.shell:Creating environment descriptor '/home/koki-22/ac_search/vrx_ws/install/share/wamv_gazebo/hook/ld_library_path_lib.dsv'
[1.648s] INFO:colcon.colcon_core.shell:Creating environment hook '/home/koki-22/ac_search/vrx_ws/install/share/wamv_gazebo/hook/ld_library_path_lib.sh'
[1.648s] Level 1:colcon.colcon_core.environment:checking '/home/koki-22/ac_search/vrx_ws/install/bin'
[1.648s] Level 1:colcon.colcon_core.environment:checking '/home/koki-22/ac_search/vrx_ws/install/lib/pkgconfig/wamv_gazebo.pc'
[1.649s] Level 1:colcon.colcon_core.environment:checking '/home/koki-22/ac_search/vrx_ws/install/lib/python3.10/site-packages'
[1.649s] Level 1:colcon.colcon_core.shell:create_environment_hook('wamv_gazebo', 'pythonpath')
[1.651s] INFO:colcon.colcon_core.shell:Creating environment hook '/home/koki-22/ac_search/vrx_ws/install/share/wamv_gazebo/hook/pythonpath.ps1'
[1.652s] INFO:colcon.colcon_core.shell:Creating environment descriptor '/home/koki-22/ac_search/vrx_ws/install/share/wamv_gazebo/hook/pythonpath.dsv'
[1.653s] INFO:colcon.colcon_core.shell:Creating environment hook '/home/koki-22/ac_search/vrx_ws/install/share/wamv_gazebo/hook/pythonpath.sh'
[1.654s] Level 1:colcon.colcon_core.environment:checking '/home/koki-22/ac_search/vrx_ws/install/bin'
[1.656s] INFO:colcon.colcon_core.shell:Creating package script '/home/koki-22/ac_search/vrx_ws/install/share/wamv_gazebo/package.ps1'
[1.656s] INFO:colcon.colcon_core.shell:Creating package descriptor '/home/koki-22/ac_search/vrx_ws/install/share/wamv_gazebo/package.dsv'
[1.657s] INFO:colcon.colcon_core.shell:Creating package script '/home/koki-22/ac_search/vrx_ws/install/share/wamv_gazebo/package.sh'
[1.658s] INFO:colcon.colcon_core.shell:Creating package script '/home/koki-22/ac_search/vrx_ws/install/share/wamv_gazebo/package.bash'
[1.658s] INFO:colcon.colcon_core.shell:Creating package script '/home/koki-22/ac_search/vrx_ws/install/share/wamv_gazebo/package.zsh'
[1.658s] Level 1:colcon.colcon_core.environment:create_file_with_runtime_dependencies(/home/koki-22/ac_search/vrx_ws/install/share/colcon-core/packages/wamv_gazebo)
[1.794s] DEBUG:colcon.colcon_core.event_handler.log_command:Invoked command in '/home/koki-22/ac_search/vrx_ws/build/vrx_gz' returned '0': CMAKE_PREFIX_PATH=${CMAKE_PREFIX_PATH}:/opt/ros/humble PYTHONPATH=/home/koki-22/ac_search/vrx_ws/install/lib/python3.10/site-packages:/home/koki-22/ac_search/vrx_ws/install/local/lib/python3.10/dist-packages:/opt/ros/humble/lib/python3.10/site-packages:/opt/ros/humble/local/lib/python3.10/dist-packages /usr/bin/cmake --build /home/koki-22/ac_search/vrx_ws/build/vrx_gz -- -j16 -l16
[1.882s] DEBUG:colcon.colcon_core.event_handler.log_command:Invoking command in '/home/koki-22/ac_search/vrx_ws/build/vrx_gz': CMAKE_PREFIX_PATH=${CMAKE_PREFIX_PATH}:/opt/ros/humble PYTHONPATH=/home/koki-22/ac_search/vrx_ws/install/lib/python3.10/site-packages:/home/koki-22/ac_search/vrx_ws/install/local/lib/python3.10/dist-packages:/opt/ros/humble/lib/python3.10/site-packages:/opt/ros/humble/local/lib/python3.10/dist-packages /usr/bin/cmake --install /home/koki-22/ac_search/vrx_ws/build/vrx_gz
[1.947s] Level 1:colcon.colcon_core.environment:create_environment_scripts_only(vrx_gz)
[1.950s] Level 1:colcon.colcon_core.environment:checking '/home/koki-22/ac_search/vrx_ws/install' for CMake module files
[1.951s] Level 1:colcon.colcon_core.environment:checking '/home/koki-22/ac_search/vrx_ws/install' for CMake config files
[1.953s] Level 1:colcon.colcon_core.shell:create_environment_hook('vrx_gz', 'cmake_prefix_path')
[1.955s] INFO:colcon.colcon_core.shell:Creating environment hook '/home/koki-22/ac_search/vrx_ws/install/share/vrx_gz/hook/cmake_prefix_path.ps1'
[1.956s] INFO:colcon.colcon_core.shell:Creating environment descriptor '/home/koki-22/ac_search/vrx_ws/install/share/vrx_gz/hook/cmake_prefix_path.dsv'
[1.957s] INFO:colcon.colcon_core.shell:Creating environment hook '/home/koki-22/ac_search/vrx_ws/install/share/vrx_gz/hook/cmake_prefix_path.sh'
[1.959s] Level 1:colcon.colcon_core.environment:checking '/home/koki-22/ac_search/vrx_ws/install/lib'
[1.960s] Level 1:colcon.colcon_core.shell:create_environment_hook('vrx_gz', 'ld_library_path_lib')
[1.962s] INFO:colcon.colcon_core.shell:Creating environment hook '/home/koki-22/ac_search/vrx_ws/install/share/vrx_gz/hook/ld_library_path_lib.ps1'
[1.963s] INFO:colcon.colcon_core.shell:Creating environment descriptor '/home/koki-22/ac_search/vrx_ws/install/share/vrx_gz/hook/ld_library_path_lib.dsv'
[1.964s] INFO:colcon.colcon_core.shell:Creating environment hook '/home/koki-22/ac_search/vrx_ws/install/share/vrx_gz/hook/ld_library_path_lib.sh'
[1.965s] Level 1:colcon.colcon_core.environment:checking '/home/koki-22/ac_search/vrx_ws/install/bin'
[1.965s] Level 1:colcon.colcon_core.environment:checking '/home/koki-22/ac_search/vrx_ws/install/lib/pkgconfig/vrx_gz.pc'
[1.965s] Level 1:colcon.colcon_core.environment:checking '/home/koki-22/ac_search/vrx_ws/install/lib/python3.10/site-packages'
[1.965s] Level 1:colcon.colcon_core.shell:create_environment_hook('vrx_gz', 'pythonpath')
[1.967s] INFO:colcon.colcon_core.shell:Creating environment hook '/home/koki-22/ac_search/vrx_ws/install/share/vrx_gz/hook/pythonpath.ps1'
[1.968s] INFO:colcon.colcon_core.shell:Creating environment descriptor '/home/koki-22/ac_search/vrx_ws/install/share/vrx_gz/hook/pythonpath.dsv'
[1.968s] INFO:colcon.colcon_core.shell:Creating environment hook '/home/koki-22/ac_search/vrx_ws/install/share/vrx_gz/hook/pythonpath.sh'
[1.969s] Level 1:colcon.colcon_core.environment:checking '/home/koki-22/ac_search/vrx_ws/install/bin'
[1.971s] INFO:colcon.colcon_core.shell:Creating package script '/home/koki-22/ac_search/vrx_ws/install/share/vrx_gz/package.ps1'
[1.972s] INFO:colcon.colcon_core.shell:Creating package descriptor '/home/koki-22/ac_search/vrx_ws/install/share/vrx_gz/package.dsv'
[1.973s] INFO:colcon.colcon_core.shell:Creating package script '/home/koki-22/ac_search/vrx_ws/install/share/vrx_gz/package.sh'
[1.974s] INFO:colcon.colcon_core.shell:Creating package script '/home/koki-22/ac_search/vrx_ws/install/share/vrx_gz/package.bash'
[1.975s] INFO:colcon.colcon_core.shell:Creating package script '/home/koki-22/ac_search/vrx_ws/install/share/vrx_gz/package.zsh'
[1.976s] Level 1:colcon.colcon_core.environment:create_file_with_runtime_dependencies(/home/koki-22/ac_search/vrx_ws/install/share/colcon-core/packages/vrx_gz)
[1.986s] DEBUG:colcon.colcon_core.event_handler.log_command:Invoked command in '/home/koki-22/ac_search/vrx_ws/build/vrx_gz' returned '0': CMAKE_PREFIX_PATH=${CMAKE_PREFIX_PATH}:/opt/ros/humble PYTHONPATH=/home/koki-22/ac_search/vrx_ws/install/lib/python3.10/site-packages:/home/koki-22/ac_search/vrx_ws/install/local/lib/python3.10/dist-packages:/opt/ros/humble/lib/python3.10/site-packages:/opt/ros/humble/local/lib/python3.10/dist-packages /usr/bin/cmake --install /home/koki-22/ac_search/vrx_ws/build/vrx_gz
[2.064s] Level 1:colcon.colcon_core.environment:create_environment_scripts_only(vrx_gz)
[2.067s] Level 1:colcon.colcon_core.environment:checking '/home/koki-22/ac_search/vrx_ws/install' for CMake module files
[2.068s] Level 1:colcon.colcon_core.environment:checking '/home/koki-22/ac_search/vrx_ws/install' for CMake config files
[2.068s] Level 1:colcon.colcon_core.shell:create_environment_hook('vrx_gz', 'cmake_prefix_path')
[2.071s] INFO:colcon.colcon_core.shell:Creating environment hook '/home/koki-22/ac_search/vrx_ws/install/share/vrx_gz/hook/cmake_prefix_path.ps1'
[2.072s] INFO:colcon.colcon_core.shell:Creating environment descriptor '/home/koki-22/ac_search/vrx_ws/install/share/vrx_gz/hook/cmake_prefix_path.dsv'
[2.072s] INFO:colcon.colcon_core.shell:Creating environment hook '/home/koki-22/ac_search/vrx_ws/install/share/vrx_gz/hook/cmake_prefix_path.sh'
[2.073s] Level 1:colcon.colcon_core.environment:checking '/home/koki-22/ac_search/vrx_ws/install/lib'
[2.073s] Level 1:colcon.colcon_core.shell:create_environment_hook('vrx_gz', 'ld_library_path_lib')
[2.076s] INFO:colcon.colcon_core.shell:Creating environment hook '/home/koki-22/ac_search/vrx_ws/install/share/vrx_gz/hook/ld_library_path_lib.ps1'
[2.077s] INFO:colcon.colcon_core.shell:Creating environment descriptor '/home/koki-22/ac_search/vrx_ws/install/share/vrx_gz/hook/ld_library_path_lib.dsv'
[2.077s] INFO:colcon.colcon_core.shell:Creating environment hook '/home/koki-22/ac_search/vrx_ws/install/share/vrx_gz/hook/ld_library_path_lib.sh'
[2.078s] Level 1:colcon.colcon_core.environment:checking '/home/koki-22/ac_search/vrx_ws/install/bin'
[2.078s] Level 1:colcon.colcon_core.environment:checking '/home/koki-22/ac_search/vrx_ws/install/lib/pkgconfig/vrx_gz.pc'
[2.078s] Level 1:colcon.colcon_core.environment:checking '/home/koki-22/ac_search/vrx_ws/install/lib/python3.10/site-packages'
[2.078s] Level 1:colcon.colcon_core.shell:create_environment_hook('vrx_gz', 'pythonpath')
[2.081s] INFO:colcon.colcon_core.shell:Creating environment hook '/home/koki-22/ac_search/vrx_ws/install/share/vrx_gz/hook/pythonpath.ps1'
[2.082s] INFO:colcon.colcon_core.shell:Creating environment descriptor '/home/koki-22/ac_search/vrx_ws/install/share/vrx_gz/hook/pythonpath.dsv'
[2.082s] INFO:colcon.colcon_core.shell:Creating environment hook '/home/koki-22/ac_search/vrx_ws/install/share/vrx_gz/hook/pythonpath.sh'
[2.083s] Level 1:colcon.colcon_core.environment:checking '/home/koki-22/ac_search/vrx_ws/install/bin'
[2.086s] INFO:colcon.colcon_core.shell:Creating package script '/home/koki-22/ac_search/vrx_ws/install/share/vrx_gz/package.ps1'
[2.087s] INFO:colcon.colcon_core.shell:Creating package descriptor '/home/koki-22/ac_search/vrx_ws/install/share/vrx_gz/package.dsv'
[2.088s] INFO:colcon.colcon_core.shell:Creating package script '/home/koki-22/ac_search/vrx_ws/install/share/vrx_gz/package.sh'
[2.089s] INFO:colcon.colcon_core.shell:Creating package script '/home/koki-22/ac_search/vrx_ws/install/share/vrx_gz/package.bash'
[2.089s] INFO:colcon.colcon_core.shell:Creating package script '/home/koki-22/ac_search/vrx_ws/install/share/vrx_gz/package.zsh'
[2.090s] Level 1:colcon.colcon_core.environment:create_file_with_runtime_dependencies(/home/koki-22/ac_search/vrx_ws/install/share/colcon-core/packages/vrx_gz)
[2.094s] Level 1:colcon.colcon_core.environment:checking '/home/koki-22/ac_search/vrx_ws/install' for CMake module files
[2.095s] Level 1:colcon.colcon_core.environment:checking '/home/koki-22/ac_search/vrx_ws/install' for CMake config files
[2.096s] DEBUG:colcon.colcon_core.event_handler.log_command:Invoked command in '/home/koki-22/ac_search/vrx_ws/src/data_collect' returned '0': PYTHONPATH=/home/koki-22/ac_search/vrx_ws/build/data_collect/prefix_override:/home/koki-22/ac_search/vrx_ws/install/lib/python3.10/site-packages:${PYTHONPATH} /usr/bin/python3 setup.py egg_info --egg-base ../../build/data_collect build --build-base /home/koki-22/ac_search/vrx_ws/build/data_collect/build install --record /home/koki-22/ac_search/vrx_ws/build/data_collect/install.log --single-version-externally-managed
[2.096s] Level 1:colcon.colcon_core.shell:create_environment_hook('data_collect', 'cmake_prefix_path')
[2.098s] INFO:colcon.colcon_core.shell:Creating environment hook '/home/koki-22/ac_search/vrx_ws/install/share/data_collect/hook/cmake_prefix_path.ps1'
[2.098s] INFO:colcon.colcon_core.shell:Creating environment descriptor '/home/koki-22/ac_search/vrx_ws/install/share/data_collect/hook/cmake_prefix_path.dsv'
[2.099s] INFO:colcon.colcon_core.shell:Creating environment hook '/home/koki-22/ac_search/vrx_ws/install/share/data_collect/hook/cmake_prefix_path.sh'
[2.099s] Level 1:colcon.colcon_core.environment:checking '/home/koki-22/ac_search/vrx_ws/install/lib'
[2.100s] Level 1:colcon.colcon_core.shell:create_environment_hook('data_collect', 'ld_library_path_lib')
[2.101s] INFO:colcon.colcon_core.shell:Creating environment hook '/home/koki-22/ac_search/vrx_ws/install/share/data_collect/hook/ld_library_path_lib.ps1'
[2.102s] INFO:colcon.colcon_core.shell:Creating environment descriptor '/home/koki-22/ac_search/vrx_ws/install/share/data_collect/hook/ld_library_path_lib.dsv'
[2.102s] INFO:colcon.colcon_core.shell:Creating environment hook '/home/koki-22/ac_search/vrx_ws/install/share/data_collect/hook/ld_library_path_lib.sh'
[2.103s] Level 1:colcon.colcon_core.environment:checking '/home/koki-22/ac_search/vrx_ws/install/bin'
[2.103s] Level 1:colcon.colcon_core.environment:checking '/home/koki-22/ac_search/vrx_ws/install/lib/pkgconfig/data_collect.pc'
[2.103s] Level 1:colcon.colcon_core.environment:checking '/home/koki-22/ac_search/vrx_ws/install/lib/python3.10/site-packages'
[2.103s] Level 1:colcon.colcon_core.shell:create_environment_hook('data_collect', 'pythonpath')
[2.105s] INFO:colcon.colcon_core.shell:Creating environment hook '/home/koki-22/ac_search/vrx_ws/install/share/data_collect/hook/pythonpath.ps1'
[2.106s] INFO:colcon.colcon_core.shell:Creating environment descriptor '/home/koki-22/ac_search/vrx_ws/install/share/data_collect/hook/pythonpath.dsv'
[2.106s] INFO:colcon.colcon_core.shell:Creating environment hook '/home/koki-22/ac_search/vrx_ws/install/share/data_collect/hook/pythonpath.sh'
[2.107s] Level 1:colcon.colcon_core.environment:checking '/home/koki-22/ac_search/vrx_ws/install/bin'
[2.107s] Level 1:colcon.colcon_core.environment:create_environment_scripts_only(data_collect)
[2.109s] INFO:colcon.colcon_core.shell:Creating package script '/home/koki-22/ac_search/vrx_ws/install/share/data_collect/package.ps1'
[2.110s] INFO:colcon.colcon_core.shell:Creating package descriptor '/home/koki-22/ac_search/vrx_ws/install/share/data_collect/package.dsv'
[2.110s] INFO:colcon.colcon_core.shell:Creating package script '/home/koki-22/ac_search/vrx_ws/install/share/data_collect/package.sh'
[2.111s] INFO:colcon.colcon_core.shell:Creating package script '/home/koki-22/ac_search/vrx_ws/install/share/data_collect/package.bash'
[2.111s] INFO:colcon.colcon_core.shell:Creating package script '/home/koki-22/ac_search/vrx_ws/install/share/data_collect/package.zsh'
[2.111s] Level 1:colcon.colcon_core.environment:create_file_with_runtime_dependencies(/home/koki-22/ac_search/vrx_ws/install/share/colcon-core/packages/data_collect)
[2.112s] DEBUG:colcon.colcon_parallel_executor.executor.parallel:closing loop
[2.112s] DEBUG:colcon.colcon_parallel_executor.executor.parallel:loop closed
[2.112s] DEBUG:colcon.colcon_parallel_executor.executor.parallel:run_until_complete finished with '0'
[2.112s] DEBUG:colcon.colcon_core.event_reactor:joining thread
[2.121s] INFO:colcon.colcon_core.plugin_system:Skipping extension 'colcon_notification.desktop_notification.terminal_notifier': Not used on non-Darwin systems
[2.121s] INFO:colcon.colcon_core.plugin_system:Skipping extension 'colcon_notification.desktop_notification.win32': Not used on non-Windows systems
[2.121s] INFO:colcon.colcon_notification.desktop_notification:Sending desktop notification using 'notify2'
[2.132s] DEBUG:colcon.colcon_core.event_reactor:joined thread
[2.134s] INFO:colcon.colcon_core.shell:Creating prefix script '/home/koki-22/ac_search/vrx_ws/install/local_setup.ps1'
[2.135s] INFO:colcon.colcon_core.shell:Creating prefix util module '/home/koki-22/ac_search/vrx_ws/install/_local_setup_util_ps1.py'
[2.137s] INFO:colcon.colcon_core.shell:Creating prefix chain script '/home/koki-22/ac_search/vrx_ws/install/setup.ps1'
[2.139s] INFO:colcon.colcon_core.shell:Creating prefix script '/home/koki-22/ac_search/vrx_ws/install/local_setup.sh'
[2.139s] INFO:colcon.colcon_core.shell:Creating prefix util module '/home/koki-22/ac_search/vrx_ws/install/_local_setup_util_sh.py'
[2.140s] INFO:colcon.colcon_core.shell:Creating prefix chain script '/home/koki-22/ac_search/vrx_ws/install/setup.sh'
[2.142s] INFO:colcon.colcon_core.shell:Creating prefix script '/home/koki-22/ac_search/vrx_ws/install/local_setup.bash'
[2.143s] INFO:colcon.colcon_core.shell:Creating prefix chain script '/home/koki-22/ac_search/vrx_ws/install/setup.bash'
[2.144s] INFO:colcon.colcon_core.shell:Creating prefix script '/home/koki-22/ac_search/vrx_ws/install/local_setup.zsh'
[2.145s] INFO:colcon.colcon_core.shell:Creating prefix chain script '/home/koki-22/ac_search/vrx_ws/install/setup.zsh'
