[0.024s] Invoking command in '/home/koki-22/ac_search/vrx_ws/build/vrx_ros': CMAKE_PREFIX_PATH=/opt/ros/humble /usr/bin/cmake --build /home/koki-22/ac_search/vrx_ws/build/vrx_ros -- -j16 -l16
[0.080s] [35m[1mConsolidate compiler generated dependencies of target pose_tf_broadcaster[0m
[0.081s] [35m[1mConsolidate compiler generated dependencies of target optical_frame_publisher[0m
[0.115s] [ 50%] Built target optical_frame_publisher
[0.119s] [100%] Built target pose_tf_broadcaster
[0.135s] Invoked command in '/home/koki-22/ac_search/vrx_ws/build/vrx_ros' returned '0': CMAKE_PREFIX_PATH=/opt/ros/humble /usr/bin/cmake --build /home/koki-22/ac_search/vrx_ws/build/vrx_ros -- -j16 -l16
[0.178s] Invoking command in '/home/koki-22/ac_search/vrx_ws/build/vrx_ros': CMAKE_PREFIX_PATH=/opt/ros/humble /usr/bin/cmake --install /home/koki-22/ac_search/vrx_ws/build/vrx_ros
[0.186s] -- Install configuration: ""
[0.187s] -- Up-to-date: /home/koki-22/ac_search/vrx_ws/install/lib/vrx_ros/optical_frame_publisher
[0.187s] -- Up-to-date: /home/koki-22/ac_search/vrx_ws/install/lib/vrx_ros/pose_tf_broadcaster
[0.188s] -- Up-to-date: /home/koki-22/ac_search/vrx_ws/install/share/vrx_ros/launch
[0.188s] -- Up-to-date: /home/koki-22/ac_search/vrx_ws/install/share/vrx_ros/launch/monitor_sim.py
[0.189s] -- Up-to-date: /home/koki-22/ac_search/vrx_ws/install/share/ament_index/resource_index/package_run_dependencies/vrx_ros
[0.189s] -- Up-to-date: /home/koki-22/ac_search/vrx_ws/install/share/ament_index/resource_index/parent_prefix_path/vrx_ros
[0.189s] -- Up-to-date: /home/koki-22/ac_search/vrx_ws/install/share/vrx_ros/environment/ament_prefix_path.sh
[0.189s] -- Up-to-date: /home/koki-22/ac_search/vrx_ws/install/share/vrx_ros/environment/ament_prefix_path.dsv
[0.190s] -- Up-to-date: /home/koki-22/ac_search/vrx_ws/install/share/vrx_ros/environment/path.sh
[0.190s] -- Up-to-date: /home/koki-22/ac_search/vrx_ws/install/share/vrx_ros/environment/path.dsv
[0.190s] -- Up-to-date: /home/koki-22/ac_search/vrx_ws/install/share/vrx_ros/local_setup.bash
[0.190s] -- Up-to-date: /home/koki-22/ac_search/vrx_ws/install/share/vrx_ros/local_setup.sh
[0.190s] -- Up-to-date: /home/koki-22/ac_search/vrx_ws/install/share/vrx_ros/local_setup.zsh
[0.191s] -- Up-to-date: /home/koki-22/ac_search/vrx_ws/install/share/vrx_ros/local_setup.dsv
[0.191s] -- Installing: /home/koki-22/ac_search/vrx_ws/install/share/vrx_ros/package.dsv
[0.191s] -- Up-to-date: /home/koki-22/ac_search/vrx_ws/install/share/ament_index/resource_index/packages/vrx_ros
[0.191s] -- Up-to-date: /home/koki-22/ac_search/vrx_ws/install/share/vrx_ros/cmake/vrx_rosConfig.cmake
[0.191s] -- Up-to-date: /home/koki-22/ac_search/vrx_ws/install/share/vrx_ros/cmake/vrx_rosConfig-version.cmake
[0.191s] -- Up-to-date: /home/koki-22/ac_search/vrx_ws/install/share/vrx_ros/package.xml
[0.194s] Invoked command in '/home/koki-22/ac_search/vrx_ws/build/vrx_ros' returned '0': CMAKE_PREFIX_PATH=/opt/ros/humble /usr/bin/cmake --install /home/koki-22/ac_search/vrx_ws/build/vrx_ros
