[0.009s] Invoking command in '/home/koki-22/ac_search/vrx_ws/build/vrx_gz': CMAKE_PREFIX_PATH=${CMAKE_PREFIX_PATH}:/opt/ros/humble /usr/bin/cmake --build /home/koki-22/ac_search/vrx_ws/build/vrx_gz -- -j16 -l16
[0.054s] [  4%] Built target ScoringPlugin
[0.054s] [  8%] Built target Waves
[0.060s] [  8%] Built target ament_cmake_python_copy_vrx_gz
[0.100s] [ 14%] Built target AcousticPingerPlugin
[0.101s] [ 18%] Built target PerceptionScoringPlugin
[0.101s] [ 22%] Built target GymkhanaScoringPlugin
[0.103s] [ 29%] Built target PlacardPlugin
[0.103s] [ 29%] Built target LightBuoyPlugin
[0.105s] [ 33%] Built target PublisherPlugin
[0.106s] [ 39%] Built target WayfindingScoringPlugin
[0.107s] [ 45%] Built target StationkeepingScoringPlugin
[0.109s] [ 54%] Built target BallShooterPlugin
[0.110s] [ 56%] Built target AcousticTrackingScoringPlugin
[0.110s] [ 60%] Built target ScanDockScoringPlugin
[0.111s] [ 64%] Built target NavigationScoringPlugin
[0.113s] [ 68%] Built target SimpleHydrodynamics
[0.117s] [ 79%] Built target Surface
[0.118s] [ 79%] Built target AcousticPerceptionScoringPlugin
[0.118s] [ 83%] Built target USVWind
[0.133s] [ 87%] Built target WildlifeScoringPlugin
[0.135s] [ 91%] Built target WaveVisual
[0.136s] [100%] Built target PolyhedraBuoyancyDrag
[0.412s] running egg_info
[0.412s] writing vrx_gz.egg-info/PKG-INFO
[0.412s] writing dependency_links to vrx_gz.egg-info/dependency_links.txt
[0.413s] writing top-level names to vrx_gz.egg-info/top_level.txt
[0.415s] reading manifest file 'vrx_gz.egg-info/SOURCES.txt'
[0.415s] writing manifest file 'vrx_gz.egg-info/SOURCES.txt'
[0.439s] [100%] Built target ament_cmake_python_build_vrx_gz_egg
[0.447s] Invoked command in '/home/koki-22/ac_search/vrx_ws/build/vrx_gz' returned '0': CMAKE_PREFIX_PATH=${CMAKE_PREFIX_PATH}:/opt/ros/humble /usr/bin/cmake --build /home/koki-22/ac_search/vrx_ws/build/vrx_gz -- -j16 -l16
[0.522s] Invoking command in '/home/koki-22/ac_search/vrx_ws/build/vrx_gz': CMAKE_PREFIX_PATH=${CMAKE_PREFIX_PATH}:/opt/ros/humble /usr/bin/cmake --install /home/koki-22/ac_search/vrx_ws/build/vrx_gz
[0.529s] -- Install configuration: ""
[0.530s] -- Up-to-date: /home/koki-22/ac_search/vrx_ws/install/share/vrx_gz/environment/resource_paths.dsv
[0.530s] -- Up-to-date: /home/koki-22/ac_search/vrx_ws/install/share/vrx_gz/environment/resource_paths.sh
[0.530s] -- Up-to-date: /home/koki-22/ac_search/vrx_ws/install/lib/libWaves.so
[0.530s] -- Up-to-date: /home/koki-22/ac_search/vrx_ws/install/lib/libPolyhedraBuoyancyDrag.so
[0.530s] -- Up-to-date: /home/koki-22/ac_search/vrx_ws/install/lib/libScoringPlugin.so
[0.530s] -- Up-to-date: /home/koki-22/ac_search/vrx_ws/install/lib/libStationkeepingScoringPlugin.so
[0.530s] -- Up-to-date: /home/koki-22/ac_search/vrx_ws/install/lib/libWayfindingScoringPlugin.so
[0.531s] -- Up-to-date: /home/koki-22/ac_search/vrx_ws/install/lib/libAcousticPerceptionScoringPlugin.so
[0.531s] -- Up-to-date: /home/koki-22/ac_search/vrx_ws/install/lib/libAcousticTrackingScoringPlugin.so
[0.531s] -- Up-to-date: /home/koki-22/ac_search/vrx_ws/install/lib/libAcousticPingerPlugin.so
[0.531s] -- Up-to-date: /home/koki-22/ac_search/vrx_ws/install/lib/libBallShooterPlugin.so
[0.531s] -- Up-to-date: /home/koki-22/ac_search/vrx_ws/install/lib/libLightBuoyPlugin.so
[0.532s] -- Up-to-date: /home/koki-22/ac_search/vrx_ws/install/lib/libNavigationScoringPlugin.so
[0.532s] -- Up-to-date: /home/koki-22/ac_search/vrx_ws/install/lib/libGymkhanaScoringPlugin.so
[0.532s] -- Up-to-date: /home/koki-22/ac_search/vrx_ws/install/lib/libPerceptionScoringPlugin.so
[0.532s] -- Up-to-date: /home/koki-22/ac_search/vrx_ws/install/lib/libPlacardPlugin.so
[0.533s] -- Up-to-date: /home/koki-22/ac_search/vrx_ws/install/lib/libPublisherPlugin.so
[0.533s] -- Up-to-date: /home/koki-22/ac_search/vrx_ws/install/lib/libScanDockScoringPlugin.so
[0.533s] -- Up-to-date: /home/koki-22/ac_search/vrx_ws/install/lib/libSimpleHydrodynamics.so
[0.533s] -- Up-to-date: /home/koki-22/ac_search/vrx_ws/install/lib/libSurface.so
[0.533s] -- Up-to-date: /home/koki-22/ac_search/vrx_ws/install/lib/libUSVWind.so
[0.534s] -- Up-to-date: /home/koki-22/ac_search/vrx_ws/install/lib/libWaveVisual.so
[0.534s] -- Up-to-date: /home/koki-22/ac_search/vrx_ws/install/lib/libWildlifeScoringPlugin.so
[0.534s] -- Up-to-date: /home/koki-22/ac_search/vrx_ws/install/share/vrx_gz/environment/pythonpath.sh
[0.534s] -- Up-to-date: /home/koki-22/ac_search/vrx_ws/install/share/vrx_gz/environment/pythonpath.dsv
[0.534s] -- Up-to-date: /home/koki-22/ac_search/vrx_ws/install/local/lib/python3.10/dist-packages/vrx_gz-0.0.0-py3.10.egg-info
[0.535s] -- Installing: /home/koki-22/ac_search/vrx_ws/install/local/lib/python3.10/dist-packages/vrx_gz-0.0.0-py3.10.egg-info/SOURCES.txt
[0.535s] -- Installing: /home/koki-22/ac_search/vrx_ws/install/local/lib/python3.10/dist-packages/vrx_gz-0.0.0-py3.10.egg-info/dependency_links.txt
[0.535s] -- Installing: /home/koki-22/ac_search/vrx_ws/install/local/lib/python3.10/dist-packages/vrx_gz-0.0.0-py3.10.egg-info/top_level.txt
[0.535s] -- Installing: /home/koki-22/ac_search/vrx_ws/install/local/lib/python3.10/dist-packages/vrx_gz-0.0.0-py3.10.egg-info/PKG-INFO
[0.535s] -- Up-to-date: /home/koki-22/ac_search/vrx_ws/install/local/lib/python3.10/dist-packages/vrx_gz
[0.536s] -- Up-to-date: /home/koki-22/ac_search/vrx_ws/install/local/lib/python3.10/dist-packages/vrx_gz/launch.py
[0.536s] -- Up-to-date: /home/koki-22/ac_search/vrx_ws/install/local/lib/python3.10/dist-packages/vrx_gz/bridges.py
[0.536s] -- Up-to-date: /home/koki-22/ac_search/vrx_ws/install/local/lib/python3.10/dist-packages/vrx_gz/__init__.py
[0.536s] -- Up-to-date: /home/koki-22/ac_search/vrx_ws/install/local/lib/python3.10/dist-packages/vrx_gz/bridge.py
[0.536s] -- Up-to-date: /home/koki-22/ac_search/vrx_ws/install/local/lib/python3.10/dist-packages/vrx_gz/model.py
[0.536s] -- Up-to-date: /home/koki-22/ac_search/vrx_ws/install/local/lib/python3.10/dist-packages/vrx_gz/payload_bridges.py
[0.563s] Listing '/home/koki-22/ac_search/vrx_ws/install/local/lib/python3.10/dist-packages/vrx_gz'...
[0.566s] -- Up-to-date: /home/koki-22/ac_search/vrx_ws/install/share/vrx_gz/config
[0.566s] -- Up-to-date: /home/koki-22/ac_search/vrx_ws/install/share/vrx_gz/config/wamv.yaml
[0.566s] -- Up-to-date: /home/koki-22/ac_search/vrx_ws/install/share/vrx_gz/launch
[0.566s] -- Up-to-date: /home/koki-22/ac_search/vrx_ws/install/share/vrx_gz/launch/spawn_config.launch.py
[0.567s] -- Up-to-date: /home/koki-22/ac_search/vrx_ws/install/share/vrx_gz/launch/spawn.launch.py
[0.567s] -- Up-to-date: /home/koki-22/ac_search/vrx_ws/install/share/vrx_gz/launch/usv_joy_teleop.launch.py
[0.567s] -- Installing: /home/koki-22/ac_search/vrx_ws/install/share/vrx_gz/launch/competition.launch.py
[0.567s] -- Up-to-date: /home/koki-22/ac_search/vrx_ws/install/share/vrx_gz/models
[0.568s] -- Up-to-date: /home/koki-22/ac_search/vrx_ws/install/share/vrx_gz/models/short_navigation_course_1
[0.568s] -- Up-to-date: /home/koki-22/ac_search/vrx_ws/install/share/vrx_gz/models/short_navigation_course_1/model.config
[0.568s] -- Up-to-date: /home/koki-22/ac_search/vrx_ws/install/share/vrx_gz/models/short_navigation_course_1/model.sdf
[0.568s] -- Up-to-date: /home/koki-22/ac_search/vrx_ws/install/share/vrx_gz/models/dock_2022_base
[0.568s] -- Up-to-date: /home/koki-22/ac_search/vrx_ws/install/share/vrx_gz/models/dock_2022_base/model.config
[0.569s] -- Up-to-date: /home/koki-22/ac_search/vrx_ws/install/share/vrx_gz/models/dock_2022_base/model.sdf
[0.569s] -- Up-to-date: /home/koki-22/ac_search/vrx_ws/install/share/vrx_gz/models/symbol_triangle
[0.569s] -- Up-to-date: /home/koki-22/ac_search/vrx_ws/install/share/vrx_gz/models/symbol_triangle/model.config
[0.569s] -- Up-to-date: /home/koki-22/ac_search/vrx_ws/install/share/vrx_gz/models/symbol_triangle/mesh
[0.569s] -- Up-to-date: /home/koki-22/ac_search/vrx_ws/install/share/vrx_gz/models/symbol_triangle/mesh/triangle.dae
[0.570s] -- Up-to-date: /home/koki-22/ac_search/vrx_ws/install/share/vrx_gz/models/symbol_triangle/model.sdf
[0.570s] -- Up-to-date: /home/koki-22/ac_search/vrx_ws/install/share/vrx_gz/models/robotx_light_buoy_rgb
[0.570s] -- Up-to-date: /home/koki-22/ac_search/vrx_ws/install/share/vrx_gz/models/robotx_light_buoy_rgb/model.config
[0.570s] -- Up-to-date: /home/koki-22/ac_search/vrx_ws/install/share/vrx_gz/models/robotx_light_buoy_rgb/mesh
[0.571s] -- Up-to-date: /home/koki-22/ac_search/vrx_ws/install/share/vrx_gz/models/robotx_light_buoy_rgb/mesh/LightTower_Roughness.png
[0.571s] -- Up-to-date: /home/koki-22/ac_search/vrx_ws/install/share/vrx_gz/models/robotx_light_buoy_rgb/mesh/LightTower_Normal.png
[0.571s] -- Up-to-date: /home/koki-22/ac_search/vrx_ws/install/share/vrx_gz/models/robotx_light_buoy_rgb/mesh/LightTower_Opacity.png
[0.571s] -- Up-to-date: /home/koki-22/ac_search/vrx_ws/install/share/vrx_gz/models/robotx_light_buoy_rgb/mesh/LightTower_Albedo.png
[0.572s] -- Up-to-date: /home/koki-22/ac_search/vrx_ws/install/share/vrx_gz/models/robotx_light_buoy_rgb/mesh/robotx_light_buoy.dae
[0.572s] -- Up-to-date: /home/koki-22/ac_search/vrx_ws/install/share/vrx_gz/models/robotx_light_buoy_rgb/mesh/LightTower_Metalness.png
[0.572s] -- Up-to-date: /home/koki-22/ac_search/vrx_ws/install/share/vrx_gz/models/robotx_light_buoy_rgb/model.sdf
[0.572s] -- Up-to-date: /home/koki-22/ac_search/vrx_ws/install/share/vrx_gz/models/dock_2022
[0.572s] -- Up-to-date: /home/koki-22/ac_search/vrx_ws/install/share/vrx_gz/models/dock_2022/model.config
[0.572s] -- Up-to-date: /home/koki-22/ac_search/vrx_ws/install/share/vrx_gz/models/dock_2022/model.sdf
[0.573s] -- Up-to-date: /home/koki-22/ac_search/vrx_ws/install/share/vrx_gz/models/platform
[0.573s] -- Up-to-date: /home/koki-22/ac_search/vrx_ws/install/share/vrx_gz/models/platform/model.config
[0.573s] -- Up-to-date: /home/koki-22/ac_search/vrx_ws/install/share/vrx_gz/models/platform/model.sdf
[0.573s] -- Up-to-date: /home/koki-22/ac_search/vrx_ws/install/share/vrx_gz/models/placard_2022
[0.573s] -- Up-to-date: /home/koki-22/ac_search/vrx_ws/install/share/vrx_gz/models/placard_2022/meshes
[0.573s] -- Up-to-date: /home/koki-22/ac_search/vrx_ws/install/share/vrx_gz/models/placard_2022/meshes/placard_2022.dae
[0.573s] -- Up-to-date: /home/koki-22/ac_search/vrx_ws/install/share/vrx_gz/models/placard_2022/model.config
[0.573s] -- Up-to-date: /home/koki-22/ac_search/vrx_ws/install/share/vrx_gz/models/placard_2022/materials
[0.573s] -- Up-to-date: /home/koki-22/ac_search/vrx_ws/install/share/vrx_gz/models/placard_2022/materials/textures
[0.574s] -- Up-to-date: /home/koki-22/ac_search/vrx_ws/install/share/vrx_gz/models/placard_2022/materials/textures/Placard.png
[0.574s] -- Up-to-date: /home/koki-22/ac_search/vrx_ws/install/share/vrx_gz/models/placard_2022/model.sdf
[0.574s] -- Up-to-date: /home/koki-22/ac_search/vrx_ws/install/share/vrx_gz/models/obstacle_course
[0.574s] -- Up-to-date: /home/koki-22/ac_search/vrx_ws/install/share/vrx_gz/models/obstacle_course/model.config
[0.577s] -- Up-to-date: /home/koki-22/ac_search/vrx_ws/install/share/vrx_gz/models/obstacle_course/model.sdf
[0.577s] -- Up-to-date: /home/koki-22/ac_search/vrx_ws/install/share/vrx_gz/models/short_navigation_course_5
[0.578s] -- Up-to-date: /home/koki-22/ac_search/vrx_ws/install/share/vrx_gz/models/short_navigation_course_5/model.config
[0.578s] -- Up-to-date: /home/koki-22/ac_search/vrx_ws/install/share/vrx_gz/models/short_navigation_course_5/model.sdf
[0.578s] -- Up-to-date: /home/koki-22/ac_search/vrx_ws/install/share/vrx_gz/models/coast_waves
[0.578s] -- Up-to-date: /home/koki-22/ac_search/vrx_ws/install/share/vrx_gz/models/coast_waves/meshes
[0.578s] -- Up-to-date: /home/koki-22/ac_search/vrx_ws/install/share/vrx_gz/models/coast_waves/meshes/waterlow.dae
[0.578s] -- Up-to-date: /home/koki-22/ac_search/vrx_ws/install/share/vrx_gz/models/coast_waves/model.config
[0.578s] -- Up-to-date: /home/koki-22/ac_search/vrx_ws/install/share/vrx_gz/models/coast_waves/materials
[0.579s] -- Up-to-date: /home/koki-22/ac_search/vrx_ws/install/share/vrx_gz/models/coast_waves/materials/programs
[0.579s] -- Up-to-date: /home/koki-22/ac_search/vrx_ws/install/share/vrx_gz/models/coast_waves/materials/programs/GerstnerWaves_fs_330.glsl
[0.579s] -- Up-to-date: /home/koki-22/ac_search/vrx_ws/install/share/vrx_gz/models/coast_waves/materials/programs/GerstnerWaves_vs_330.glsl
[0.579s] -- Up-to-date: /home/koki-22/ac_search/vrx_ws/install/share/vrx_gz/models/coast_waves/materials/textures
[0.580s] -- Up-to-date: /home/koki-22/ac_search/vrx_ws/install/share/vrx_gz/models/coast_waves/materials/textures/wave_normals.dds
[0.581s] -- Up-to-date: /home/koki-22/ac_search/vrx_ws/install/share/vrx_gz/models/coast_waves/materials/textures/skybox_lowres.dds
[0.581s] -- Up-to-date: /home/koki-22/ac_search/vrx_ws/install/share/vrx_gz/models/coast_waves/model.sdf
[0.581s] -- Up-to-date: /home/koki-22/ac_search/vrx_ws/install/share/vrx_gz/models/articulated_platform
[0.581s] -- Up-to-date: /home/koki-22/ac_search/vrx_ws/install/share/vrx_gz/models/articulated_platform/model.config
[0.581s] -- Up-to-date: /home/koki-22/ac_search/vrx_ws/install/share/vrx_gz/models/articulated_platform/model.sdf
[0.582s] -- Up-to-date: /home/koki-22/ac_search/vrx_ws/install/share/vrx_gz/models/robotx_light_buoy_bgr
[0.582s] -- Up-to-date: /home/koki-22/ac_search/vrx_ws/install/share/vrx_gz/models/robotx_light_buoy_bgr/model.config
[0.582s] -- Up-to-date: /home/koki-22/ac_search/vrx_ws/install/share/vrx_gz/models/robotx_light_buoy_bgr/model.sdf
[0.582s] -- Up-to-date: /home/koki-22/ac_search/vrx_ws/install/share/vrx_gz/models/robotx_light_buoy_bgy
[0.582s] -- Up-to-date: /home/koki-22/ac_search/vrx_ws/install/share/vrx_gz/models/robotx_light_buoy_bgy/model.config
[0.582s] -- Up-to-date: /home/koki-22/ac_search/vrx_ws/install/share/vrx_gz/models/robotx_light_buoy_bgy/model.sdf
[0.584s] -- Up-to-date: /home/koki-22/ac_search/vrx_ws/install/share/vrx_gz/models/robotx_light_buoy_ybr
[0.584s] -- Up-to-date: /home/koki-22/ac_search/vrx_ws/install/share/vrx_gz/models/robotx_light_buoy_ybr/model.config
[0.584s] -- Up-to-date: /home/koki-22/ac_search/vrx_ws/install/share/vrx_gz/models/robotx_light_buoy_ybr/model.sdf
[0.584s] -- Up-to-date: /home/koki-22/ac_search/vrx_ws/install/share/vrx_gz/models/robotx_light_buoy_rbg
[0.585s] -- Up-to-date: /home/koki-22/ac_search/vrx_ws/install/share/vrx_gz/models/robotx_light_buoy_rbg/model.config
[0.585s] -- Up-to-date: /home/koki-22/ac_search/vrx_ws/install/share/vrx_gz/models/robotx_light_buoy_rbg/model.sdf
[0.585s] -- Up-to-date: /home/koki-22/ac_search/vrx_ws/install/share/vrx_gz/models/dock_block_4x4
[0.585s] -- Up-to-date: /home/koki-22/ac_search/vrx_ws/install/share/vrx_gz/models/dock_block_4x4/model.config
[0.586s] -- Up-to-date: /home/koki-22/ac_search/vrx_ws/install/share/vrx_gz/models/dock_block_4x4/mesh
[0.586s] -- Up-to-date: /home/koki-22/ac_search/vrx_ws/install/share/vrx_gz/models/dock_block_4x4/mesh/DockCubes_Roughness.png
[0.588s] -- Up-to-date: /home/koki-22/ac_search/vrx_ws/install/share/vrx_gz/models/dock_block_4x4/mesh/DockCubes_Metalness.png
[0.589s] -- Up-to-date: /home/koki-22/ac_search/vrx_ws/install/share/vrx_gz/models/dock_block_4x4/mesh/dock_block_4x4.dae
[0.589s] -- Up-to-date: /home/koki-22/ac_search/vrx_ws/install/share/vrx_gz/models/dock_block_4x4/mesh/DockCubes_Albedo.png
[0.589s] -- Up-to-date: /home/koki-22/ac_search/vrx_ws/install/share/vrx_gz/models/dock_block_4x4/mesh/DockCubes_Normal.png
[0.589s] -- Up-to-date: /home/koki-22/ac_search/vrx_ws/install/share/vrx_gz/models/dock_block_4x4/model.sdf
[0.589s] -- Up-to-date: /home/koki-22/ac_search/vrx_ws/install/share/vrx_gz/models/robotx_light_buoy_rgy
[0.590s] -- Up-to-date: /home/koki-22/ac_search/vrx_ws/install/share/vrx_gz/models/robotx_light_buoy_rgy/model.config
[0.590s] -- Up-to-date: /home/koki-22/ac_search/vrx_ws/install/share/vrx_gz/models/robotx_light_buoy_rgy/model.sdf
[0.590s] -- Up-to-date: /home/koki-22/ac_search/vrx_ws/install/share/vrx_gz/models/robotx_light_buoy_gbr
[0.590s] -- Up-to-date: /home/koki-22/ac_search/vrx_ws/install/share/vrx_gz/models/robotx_light_buoy_gbr/model.config
[0.590s] -- Up-to-date: /home/koki-22/ac_search/vrx_ws/install/share/vrx_gz/models/robotx_light_buoy_gbr/model.sdf
[0.590s] -- Up-to-date: /home/koki-22/ac_search/vrx_ws/install/share/vrx_gz/models/robotx_light_buoy_yrg
[0.591s] -- Up-to-date: /home/koki-22/ac_search/vrx_ws/install/share/vrx_gz/models/robotx_light_buoy_yrg/model.config
[0.591s] -- Up-to-date: /home/koki-22/ac_search/vrx_ws/install/share/vrx_gz/models/robotx_light_buoy_yrg/model.sdf
[0.591s] -- Up-to-date: /home/koki-22/ac_search/vrx_ws/install/share/vrx_gz/models/short_navigation_course_3
[0.591s] -- Up-to-date: /home/koki-22/ac_search/vrx_ws/install/share/vrx_gz/models/short_navigation_course_3/model.config
[0.591s] -- Up-to-date: /home/koki-22/ac_search/vrx_ws/install/share/vrx_gz/models/short_navigation_course_3/model.sdf
[0.591s] -- Up-to-date: /home/koki-22/ac_search/vrx_ws/install/share/vrx_gz/models/robotx_light_buoy_ygb
[0.592s] -- Up-to-date: /home/koki-22/ac_search/vrx_ws/install/share/vrx_gz/models/robotx_light_buoy_ygb/model.config
[0.592s] -- Up-to-date: /home/koki-22/ac_search/vrx_ws/install/share/vrx_gz/models/robotx_light_buoy_ygb/model.sdf
[0.593s] -- Up-to-date: /home/koki-22/ac_search/vrx_ws/install/share/vrx_gz/models/short_navigation_course_0
[0.593s] -- Up-to-date: /home/koki-22/ac_search/vrx_ws/install/share/vrx_gz/models/short_navigation_course_0/model.config
[0.594s] -- Up-to-date: /home/koki-22/ac_search/vrx_ws/install/share/vrx_gz/models/short_navigation_course_0/model.sdf
[0.594s] -- Up-to-date: /home/koki-22/ac_search/vrx_ws/install/share/vrx_gz/models/short_course_2023_phase3_1
[0.594s] -- Up-to-date: /home/koki-22/ac_search/vrx_ws/install/share/vrx_gz/models/short_course_2023_phase3_1/model.config
[0.594s] -- Up-to-date: /home/koki-22/ac_search/vrx_ws/install/share/vrx_gz/models/short_course_2023_phase3_1/model.sdf
[0.594s] -- Up-to-date: /home/koki-22/ac_search/vrx_ws/install/share/vrx_gz/models/short_navigation_course_2
[0.594s] -- Up-to-date: /home/koki-22/ac_search/vrx_ws/install/share/vrx_gz/models/short_navigation_course_2/model.config
[0.594s] -- Up-to-date: /home/koki-22/ac_search/vrx_ws/install/share/vrx_gz/models/short_navigation_course_2/model.sdf
[0.594s] -- Up-to-date: /home/koki-22/ac_search/vrx_ws/install/share/vrx_gz/models/entrance_exit
[0.594s] -- Up-to-date: /home/koki-22/ac_search/vrx_ws/install/share/vrx_gz/models/entrance_exit/model.config
[0.594s] -- Up-to-date: /home/koki-22/ac_search/vrx_ws/install/share/vrx_gz/models/entrance_exit/model.sdf
[0.594s] -- Up-to-date: /home/koki-22/ac_search/vrx_ws/install/share/vrx_gz/models/short_navigation_course_4
[0.595s] -- Up-to-date: /home/koki-22/ac_search/vrx_ws/install/share/vrx_gz/models/short_navigation_course_4/model.config
[0.595s] -- Up-to-date: /home/koki-22/ac_search/vrx_ws/install/share/vrx_gz/models/short_navigation_course_4/model.sdf
[0.595s] -- Up-to-date: /home/koki-22/ac_search/vrx_ws/install/share/vrx_gz/models/short_course_2023_phase3_2
[0.595s] -- Up-to-date: /home/koki-22/ac_search/vrx_ws/install/share/vrx_gz/models/short_course_2023_phase3_2/model.config
[0.595s] -- Up-to-date: /home/koki-22/ac_search/vrx_ws/install/share/vrx_gz/models/short_course_2023_phase3_2/model.sdf
[0.595s] -- Up-to-date: /home/koki-22/ac_search/vrx_ws/install/share/vrx_gz/worlds
[0.595s] -- Up-to-date: /home/koki-22/ac_search/vrx_ws/install/share/vrx_gz/worlds/wildlife_task.sdf
[0.595s] -- Up-to-date: /home/koki-22/ac_search/vrx_ws/install/share/vrx_gz/worlds/acoustic_tracking_task.sdf
[0.595s] -- Up-to-date: /home/koki-22/ac_search/vrx_ws/install/share/vrx_gz/worlds/acoustic_perception_task.sdf
[0.595s] -- Installing: /home/koki-22/ac_search/vrx_ws/install/share/vrx_gz/worlds/sydney_regatta.sdf
[0.595s] -- Up-to-date: /home/koki-22/ac_search/vrx_ws/install/share/vrx_gz/worlds/nbpark.sdf
[0.595s] -- Up-to-date: /home/koki-22/ac_search/vrx_ws/install/share/vrx_gz/worlds/wayfinding_task.sdf
[0.595s] -- Up-to-date: /home/koki-22/ac_search/vrx_ws/install/share/vrx_gz/worlds/navigation_task.sdf
[0.595s] -- Up-to-date: /home/koki-22/ac_search/vrx_ws/install/share/vrx_gz/worlds/2023_practice
[0.596s] -- Up-to-date: /home/koki-22/ac_search/vrx_ws/install/share/vrx_gz/worlds/2023_practice/practice_2023_stationkeeping0_task.sdf
[0.596s] -- Up-to-date: /home/koki-22/ac_search/vrx_ws/install/share/vrx_gz/worlds/2023_practice/practice_2023_follow_path2_task.sdf
[0.596s] -- Up-to-date: /home/koki-22/ac_search/vrx_ws/install/share/vrx_gz/worlds/2023_practice/practice_2023_follow_path1_task.sdf
[0.596s] -- Up-to-date: /home/koki-22/ac_search/vrx_ws/install/share/vrx_gz/worlds/2023_practice/practice_2023_follow_path0_task.sdf
[0.596s] -- Up-to-date: /home/koki-22/ac_search/vrx_ws/install/share/vrx_gz/worlds/2023_practice/practice_2023_wayfinding2_task.sdf
[0.596s] -- Up-to-date: /home/koki-22/ac_search/vrx_ws/install/share/vrx_gz/worlds/2023_practice/practice_2023_scan_dock_deliver2_task.sdf
[0.596s] -- Up-to-date: /home/koki-22/ac_search/vrx_ws/install/share/vrx_gz/worlds/2023_practice/practice_2023_perception0_task.sdf
[0.596s] -- Up-to-date: /home/koki-22/ac_search/vrx_ws/install/share/vrx_gz/worlds/2023_practice/practice_2023_acoustic_perception0_task.sdf
[0.596s] -- Up-to-date: /home/koki-22/ac_search/vrx_ws/install/share/vrx_gz/worlds/2023_practice/practice_2023_scan_dock_deliver1_task.sdf
[0.596s] -- Up-to-date: /home/koki-22/ac_search/vrx_ws/install/share/vrx_gz/worlds/2023_practice/practice_2023_acoustic_tracking1_task.sdf
[0.596s] -- Up-to-date: /home/koki-22/ac_search/vrx_ws/install/share/vrx_gz/worlds/2023_practice/practice_2023_wayfinding1_task.sdf
[0.596s] -- Up-to-date: /home/koki-22/ac_search/vrx_ws/install/share/vrx_gz/worlds/2023_practice/practice_2023_wildlife2_task.sdf
[0.596s] -- Up-to-date: /home/koki-22/ac_search/vrx_ws/install/share/vrx_gz/worlds/2023_practice/practice_2023_scan_dock_deliver0_task.sdf
[0.597s] -- Up-to-date: /home/koki-22/ac_search/vrx_ws/install/share/vrx_gz/worlds/2023_practice/practice_2023_wildlife1_task.sdf
[0.597s] -- Up-to-date: /home/koki-22/ac_search/vrx_ws/install/share/vrx_gz/worlds/2023_practice/practice_2023_perception2_task.sdf
[0.597s] -- Up-to-date: /home/koki-22/ac_search/vrx_ws/install/share/vrx_gz/worlds/2023_practice/practice_2023_acoustic_perception1_task.sdf
[0.597s] -- Up-to-date: /home/koki-22/ac_search/vrx_ws/install/share/vrx_gz/worlds/2023_practice/practice_2023_stationkeeping2_task.sdf
[0.597s] -- Up-to-date: /home/koki-22/ac_search/vrx_ws/install/share/vrx_gz/worlds/2023_practice/practice_2023_acoustic_perception2_task.sdf
[0.597s] -- Up-to-date: /home/koki-22/ac_search/vrx_ws/install/share/vrx_gz/worlds/2023_practice/practice_2023_stationkeeping1_task.sdf
[0.597s] -- Up-to-date: /home/koki-22/ac_search/vrx_ws/install/share/vrx_gz/worlds/2023_practice/practice_2023_wayfinding0_task.sdf
[0.597s] -- Up-to-date: /home/koki-22/ac_search/vrx_ws/install/share/vrx_gz/worlds/2023_practice/practice_2023_acoustic_tracking0_task.sdf
[0.597s] -- Up-to-date: /home/koki-22/ac_search/vrx_ws/install/share/vrx_gz/worlds/2023_practice/practice_2023_perception1_task.sdf
[0.597s] -- Up-to-date: /home/koki-22/ac_search/vrx_ws/install/share/vrx_gz/worlds/2023_practice/practice_2023_wildlife0_task.sdf
[0.597s] -- Up-to-date: /home/koki-22/ac_search/vrx_ws/install/share/vrx_gz/worlds/2023_practice/practice_2023_acoustic_tracking2_task.sdf
[0.597s] -- Up-to-date: /home/koki-22/ac_search/vrx_ws/install/share/vrx_gz/worlds/perception_task.sdf
[0.597s] -- Up-to-date: /home/koki-22/ac_search/vrx_ws/install/share/vrx_gz/worlds/gymkhana_task.sdf
[0.598s] -- Up-to-date: /home/koki-22/ac_search/vrx_ws/install/share/vrx_gz/worlds/follow_path_task.sdf
[0.598s] -- Up-to-date: /home/koki-22/ac_search/vrx_ws/install/share/vrx_gz/worlds/scan_dock_deliver_task.sdf
[0.598s] -- Up-to-date: /home/koki-22/ac_search/vrx_ws/install/share/vrx_gz/worlds/stationkeeping_task.sdf
[0.598s] -- Up-to-date: /home/koki-22/ac_search/vrx_ws/install/share/ament_index/resource_index/package_run_dependencies/vrx_gz
[0.598s] -- Up-to-date: /home/koki-22/ac_search/vrx_ws/install/share/ament_index/resource_index/parent_prefix_path/vrx_gz
[0.598s] -- Up-to-date: /home/koki-22/ac_search/vrx_ws/install/share/vrx_gz/environment/ament_prefix_path.sh
[0.598s] -- Up-to-date: /home/koki-22/ac_search/vrx_ws/install/share/vrx_gz/environment/ament_prefix_path.dsv
[0.598s] -- Up-to-date: /home/koki-22/ac_search/vrx_ws/install/share/vrx_gz/environment/path.sh
[0.598s] -- Up-to-date: /home/koki-22/ac_search/vrx_ws/install/share/vrx_gz/environment/path.dsv
[0.598s] -- Up-to-date: /home/koki-22/ac_search/vrx_ws/install/share/vrx_gz/local_setup.bash
[0.598s] -- Up-to-date: /home/koki-22/ac_search/vrx_ws/install/share/vrx_gz/local_setup.sh
[0.598s] -- Up-to-date: /home/koki-22/ac_search/vrx_ws/install/share/vrx_gz/local_setup.zsh
[0.598s] -- Up-to-date: /home/koki-22/ac_search/vrx_ws/install/share/vrx_gz/local_setup.dsv
[0.598s] -- Installing: /home/koki-22/ac_search/vrx_ws/install/share/vrx_gz/package.dsv
[0.598s] -- Up-to-date: /home/koki-22/ac_search/vrx_ws/install/share/ament_index/resource_index/packages/vrx_gz
[0.598s] -- Up-to-date: /home/koki-22/ac_search/vrx_ws/install/share/vrx_gz/cmake/vrx_gzConfig.cmake
[0.598s] -- Up-to-date: /home/koki-22/ac_search/vrx_ws/install/share/vrx_gz/cmake/vrx_gzConfig-version.cmake
[0.599s] -- Up-to-date: /home/koki-22/ac_search/vrx_ws/install/share/vrx_gz/package.xml
[0.599s] Invoked command in '/home/koki-22/ac_search/vrx_ws/build/vrx_gz' returned '0': CMAKE_PREFIX_PATH=${CMAKE_PREFIX_PATH}:/opt/ros/humble /usr/bin/cmake --install /home/koki-22/ac_search/vrx_ws/build/vrx_gz
