[1.263s] Invoking command in '/home/gaia-22/ac_search/vrx_ws/src/navigaitonGUI': PYTHONPATH=/home/gaia-22/ac_search/vrx_ws/build/navigaitonGUI/prefix_override:/home/gaia-22/ac_search/vrx_ws/install/lib/python3.10/site-packages:${PYTHONPATH} /usr/bin/python3 setup.py egg_info --egg-base ../../build/navigaitonGUI build --build-base /home/gaia-22/ac_search/vrx_ws/build/navigaitonGUI/build install --record /home/gaia-22/ac_search/vrx_ws/build/navigaitonGUI/install.log --single-version-externally-managed
[1.432s] running egg_info
[1.433s] writing ../../build/navigaitonGUI/navigaitonGUI.egg-info/PKG-INFO
[1.433s] writing dependency_links to ../../build/navigaitonGUI/navigaitonGUI.egg-info/dependency_links.txt
[1.433s] writing entry points to ../../build/navigaitonGUI/navigaitonGUI.egg-info/entry_points.txt
[1.433s] writing requirements to ../../build/navigaitonGUI/navigaitonGUI.egg-info/requires.txt
[1.433s] writing top-level names to ../../build/navigaitonGUI/navigaitonGUI.egg-info/top_level.txt
[3.428s] writing manifest file '../../build/navigaitonGUI/navigaitonGUI.egg-info/SOURCES.txt'
[3.428s] running build
[3.428s] running build_py
[3.428s] running install
[3.428s] /usr/lib/python3/dist-packages/setuptools/command/install.py:34: SetuptoolsDeprecationWarning: setup.py install is deprecated. Use build and pip and other standards-based tools.
[3.428s]   warnings.warn(
[3.428s] running install_lib
[3.429s] running install_data
[3.429s] running install_egg_info
[3.430s] removing '/home/gaia-22/ac_search/vrx_ws/install/lib/python3.10/site-packages/navigaitonGUI-0.0.0-py3.10.egg-info' (and everything under it)
[3.430s] Copying ../../build/navigaitonGUI/navigaitonGUI.egg-info to /home/gaia-22/ac_search/vrx_ws/install/lib/python3.10/site-packages/navigaitonGUI-0.0.0-py3.10.egg-info
[3.430s] running install_scripts
[3.441s] Installing navigation_GUI_node script to /home/gaia-22/ac_search/vrx_ws/install/lib/navigaitonGUI
[3.441s] writing list of installed files to '/home/gaia-22/ac_search/vrx_ws/build/navigaitonGUI/install.log'
[3.461s] Invoked command in '/home/gaia-22/ac_search/vrx_ws/src/navigaitonGUI' returned '0': PYTHONPATH=/home/gaia-22/ac_search/vrx_ws/build/navigaitonGUI/prefix_override:/home/gaia-22/ac_search/vrx_ws/install/lib/python3.10/site-packages:${PYTHONPATH} /usr/bin/python3 setup.py egg_info --egg-base ../../build/navigaitonGUI build --build-base /home/gaia-22/ac_search/vrx_ws/build/navigaitonGUI/build install --record /home/gaia-22/ac_search/vrx_ws/build/navigaitonGUI/install.log --single-version-externally-managed
