[0.670s] Invoking command in '/home/gaia-22/ac_search/vrx_ws/src/teleop_tools/joy_teleop': PYTHONPATH=/home/gaia-22/ac_search/vrx_ws/build/joy_teleop/prefix_override:/home/gaia-22/ac_search/vrx_ws/install/lib/python3.10/site-packages:/home/gaia-22/ac_search/vrx_ws/install/lib/python3.10/site-packages:/home/gaia-22/ac_search/vrx_ws/install/local/lib/python3.10/dist-packages:/opt/ros/humble/lib/python3.10/site-packages:/opt/ros/humble/local/lib/python3.10/dist-packages /usr/bin/python3 setup.py egg_info --egg-base ../../../build/joy_teleop build --build-base /home/gaia-22/ac_search/vrx_ws/build/joy_teleop/build install --record /home/gaia-22/ac_search/vrx_ws/build/joy_teleop/install.log --single-version-externally-managed
[0.851s] running egg_info
[0.851s] writing ../../../build/joy_teleop/joy_teleop.egg-info/PKG-INFO
[0.851s] writing dependency_links to ../../../build/joy_teleop/joy_teleop.egg-info/dependency_links.txt
[0.851s] writing entry points to ../../../build/joy_teleop/joy_teleop.egg-info/entry_points.txt
[0.852s] writing requirements to ../../../build/joy_teleop/joy_teleop.egg-info/requires.txt
[0.852s] writing top-level names to ../../../build/joy_teleop/joy_teleop.egg-info/top_level.txt
[0.877s] writing manifest file '../../../build/joy_teleop/joy_teleop.egg-info/SOURCES.txt'
[0.877s] running build
[0.877s] running build_py
[0.877s] running install
[0.877s] /usr/lib/python3/dist-packages/setuptools/command/install.py:34: SetuptoolsDeprecationWarning: setup.py install is deprecated. Use build and pip and other standards-based tools.
[0.877s]   warnings.warn(
[0.878s] running install_lib
[0.878s] running install_data
[0.879s] running install_egg_info
[0.879s] removing '/home/gaia-22/ac_search/vrx_ws/install/lib/python3.10/site-packages/joy_teleop-1.5.0-py3.10.egg-info' (and everything under it)
[0.879s] Copying ../../../build/joy_teleop/joy_teleop.egg-info to /home/gaia-22/ac_search/vrx_ws/install/lib/python3.10/site-packages/joy_teleop-1.5.0-py3.10.egg-info
[0.880s] running install_scripts
[0.892s] Installing incrementer_server script to /home/gaia-22/ac_search/vrx_ws/install/lib/joy_teleop
[0.892s] Installing joy_teleop script to /home/gaia-22/ac_search/vrx_ws/install/lib/joy_teleop
[0.892s] writing list of installed files to '/home/gaia-22/ac_search/vrx_ws/build/joy_teleop/install.log'
[1.039s] Invoked command in '/home/gaia-22/ac_search/vrx_ws/src/teleop_tools/joy_teleop' returned '0': PYTHONPATH=/home/gaia-22/ac_search/vrx_ws/build/joy_teleop/prefix_override:/home/gaia-22/ac_search/vrx_ws/install/lib/python3.10/site-packages:/home/gaia-22/ac_search/vrx_ws/install/lib/python3.10/site-packages:/home/gaia-22/ac_search/vrx_ws/install/local/lib/python3.10/dist-packages:/opt/ros/humble/lib/python3.10/site-packages:/opt/ros/humble/local/lib/python3.10/dist-packages /usr/bin/python3 setup.py egg_info --egg-base ../../../build/joy_teleop build --build-base /home/gaia-22/ac_search/vrx_ws/build/joy_teleop/build install --record /home/gaia-22/ac_search/vrx_ws/build/joy_teleop/install.log --single-version-externally-managed
