[0.020s] Invoking command in '/home/koki-22/ac_search/vrx_ws/build/vrx_gz': CMAKE_PREFIX_PATH=${CMAKE_PREFIX_PATH}:/opt/ros/humble /usr/bin/cmake --build /home/koki-22/ac_search/vrx_ws/build/vrx_gz -- -j16 -l16
[0.145s] [  4%] Built target ScoringPlugin
[0.149s] [  6%] Built target ament_cmake_python_copy_vrx_gz
[0.149s] [  8%] Built target Waves
[0.222s] [ 12%] Built target AcousticPingerPlugin
[0.225s] [ 18%] Built target StationkeepingScoringPlugin
[0.226s] [ 25%] Built target WayfindingScoringPlugin
[0.228s] [ 31%] Built target AcousticTrackingScoringPlugin
[0.232s] [ 41%] Built target LightBuoyPlugin
[0.232s] [ 45%] Built target PolyhedraBuoyancyDrag
[0.232s] [ 50%] Built target NavigationScoringPlugin
[0.234s] [ 52%] Built target BallShooterPlugin
[0.235s] [ 62%] Built target GymkhanaScoringPlugin
[0.235s] [ 62%] Built target AcousticPerceptionScoringPlugin
[0.237s] [ 66%] Built target PerceptionScoringPlugin
[0.243s] [ 70%] Built target PlacardPlugin
[0.246s] [ 75%] Built target PublisherPlugin
[0.250s] [ 79%] Built target ScanDockScoringPlugin
[0.251s] [ 83%] Built target SimpleHydrodynamics
[0.259s] [ 87%] Built target Surface
[0.282s] [ 91%] Built target WildlifeScoringPlugin
[0.287s] [100%] Built target USVWind
[0.288s] [100%] Built target WaveVisual
[0.961s] running egg_info
[0.962s] writing vrx_gz.egg-info/PKG-INFO
[0.963s] writing dependency_links to vrx_gz.egg-info/dependency_links.txt
[0.963s] writing top-level names to vrx_gz.egg-info/top_level.txt
[0.969s] reading manifest file 'vrx_gz.egg-info/SOURCES.txt'
[0.971s] writing manifest file 'vrx_gz.egg-info/SOURCES.txt'
[1.029s] [100%] Built target ament_cmake_python_build_vrx_gz_egg
[1.050s] Invoked command in '/home/koki-22/ac_search/vrx_ws/build/vrx_gz' returned '0': CMAKE_PREFIX_PATH=${CMAKE_PREFIX_PATH}:/opt/ros/humble /usr/bin/cmake --build /home/koki-22/ac_search/vrx_ws/build/vrx_gz -- -j16 -l16
[1.253s] Invoking command in '/home/koki-22/ac_search/vrx_ws/build/vrx_gz': CMAKE_PREFIX_PATH=${CMAKE_PREFIX_PATH}:/opt/ros/humble /usr/bin/cmake --install /home/koki-22/ac_search/vrx_ws/build/vrx_gz
[1.272s] -- Install configuration: ""
[1.272s] -- Up-to-date: /home/koki-22/ac_search/vrx_ws/install/share/vrx_gz/environment/resource_paths.dsv
[1.272s] -- Up-to-date: /home/koki-22/ac_search/vrx_ws/install/share/vrx_gz/environment/resource_paths.sh
[1.273s] -- Up-to-date: /home/koki-22/ac_search/vrx_ws/install/lib/libWaves.so
[1.273s] -- Up-to-date: /home/koki-22/ac_search/vrx_ws/install/lib/libPolyhedraBuoyancyDrag.so
[1.273s] -- Up-to-date: /home/koki-22/ac_search/vrx_ws/install/lib/libScoringPlugin.so
[1.274s] -- Up-to-date: /home/koki-22/ac_search/vrx_ws/install/lib/libStationkeepingScoringPlugin.so
[1.274s] -- Up-to-date: /home/koki-22/ac_search/vrx_ws/install/lib/libWayfindingScoringPlugin.so
[1.275s] -- Up-to-date: /home/koki-22/ac_search/vrx_ws/install/lib/libAcousticPerceptionScoringPlugin.so
[1.275s] -- Up-to-date: /home/koki-22/ac_search/vrx_ws/install/lib/libAcousticTrackingScoringPlugin.so
[1.276s] -- Up-to-date: /home/koki-22/ac_search/vrx_ws/install/lib/libAcousticPingerPlugin.so
[1.276s] -- Up-to-date: /home/koki-22/ac_search/vrx_ws/install/lib/libBallShooterPlugin.so
[1.277s] -- Up-to-date: /home/koki-22/ac_search/vrx_ws/install/lib/libLightBuoyPlugin.so
[1.277s] -- Up-to-date: /home/koki-22/ac_search/vrx_ws/install/lib/libNavigationScoringPlugin.so
[1.278s] -- Up-to-date: /home/koki-22/ac_search/vrx_ws/install/lib/libGymkhanaScoringPlugin.so
[1.278s] -- Up-to-date: /home/koki-22/ac_search/vrx_ws/install/lib/libPerceptionScoringPlugin.so
[1.279s] -- Up-to-date: /home/koki-22/ac_search/vrx_ws/install/lib/libPlacardPlugin.so
[1.280s] -- Up-to-date: /home/koki-22/ac_search/vrx_ws/install/lib/libPublisherPlugin.so
[1.281s] -- Up-to-date: /home/koki-22/ac_search/vrx_ws/install/lib/libScanDockScoringPlugin.so
[1.281s] -- Up-to-date: /home/koki-22/ac_search/vrx_ws/install/lib/libSimpleHydrodynamics.so
[1.282s] -- Up-to-date: /home/koki-22/ac_search/vrx_ws/install/lib/libSurface.so
[1.282s] -- Up-to-date: /home/koki-22/ac_search/vrx_ws/install/lib/libUSVWind.so
[1.283s] -- Up-to-date: /home/koki-22/ac_search/vrx_ws/install/lib/libWaveVisual.so
[1.284s] -- Up-to-date: /home/koki-22/ac_search/vrx_ws/install/lib/libWildlifeScoringPlugin.so
[1.284s] -- Up-to-date: /home/koki-22/ac_search/vrx_ws/install/share/vrx_gz/environment/pythonpath.sh
[1.284s] -- Up-to-date: /home/koki-22/ac_search/vrx_ws/install/share/vrx_gz/environment/pythonpath.dsv
[1.285s] -- Up-to-date: /home/koki-22/ac_search/vrx_ws/install/local/lib/python3.10/dist-packages/vrx_gz-0.0.0-py3.10.egg-info
[1.285s] -- Installing: /home/koki-22/ac_search/vrx_ws/install/local/lib/python3.10/dist-packages/vrx_gz-0.0.0-py3.10.egg-info/SOURCES.txt
[1.285s] -- Installing: /home/koki-22/ac_search/vrx_ws/install/local/lib/python3.10/dist-packages/vrx_gz-0.0.0-py3.10.egg-info/dependency_links.txt
[1.285s] -- Installing: /home/koki-22/ac_search/vrx_ws/install/local/lib/python3.10/dist-packages/vrx_gz-0.0.0-py3.10.egg-info/top_level.txt
[1.286s] -- Installing: /home/koki-22/ac_search/vrx_ws/install/local/lib/python3.10/dist-packages/vrx_gz-0.0.0-py3.10.egg-info/PKG-INFO
[1.286s] -- Up-to-date: /home/koki-22/ac_search/vrx_ws/install/local/lib/python3.10/dist-packages/vrx_gz
[1.286s] -- Up-to-date: /home/koki-22/ac_search/vrx_ws/install/local/lib/python3.10/dist-packages/vrx_gz/launch.py
[1.286s] -- Up-to-date: /home/koki-22/ac_search/vrx_ws/install/local/lib/python3.10/dist-packages/vrx_gz/bridges.py
[1.287s] -- Up-to-date: /home/koki-22/ac_search/vrx_ws/install/local/lib/python3.10/dist-packages/vrx_gz/__init__.py
[1.287s] -- Up-to-date: /home/koki-22/ac_search/vrx_ws/install/local/lib/python3.10/dist-packages/vrx_gz/bridge.py
[1.287s] -- Up-to-date: /home/koki-22/ac_search/vrx_ws/install/local/lib/python3.10/dist-packages/vrx_gz/model.py
[1.287s] -- Up-to-date: /home/koki-22/ac_search/vrx_ws/install/local/lib/python3.10/dist-packages/vrx_gz/payload_bridges.py
[1.363s] Listing '/home/koki-22/ac_search/vrx_ws/install/local/lib/python3.10/dist-packages/vrx_gz'...
[1.371s] -- Up-to-date: /home/koki-22/ac_search/vrx_ws/install/share/vrx_gz/config
[1.372s] -- Up-to-date: /home/koki-22/ac_search/vrx_ws/install/share/vrx_gz/config/wamv.yaml
[1.372s] -- Up-to-date: /home/koki-22/ac_search/vrx_ws/install/share/vrx_gz/launch
[1.373s] -- Up-to-date: /home/koki-22/ac_search/vrx_ws/install/share/vrx_gz/launch/spawn_config.launch.py
[1.373s] -- Up-to-date: /home/koki-22/ac_search/vrx_ws/install/share/vrx_gz/launch/spawn.launch.py
[1.374s] -- Up-to-date: /home/koki-22/ac_search/vrx_ws/install/share/vrx_gz/launch/usv_joy_teleop.py
[1.374s] -- Up-to-date: /home/koki-22/ac_search/vrx_ws/install/share/vrx_gz/launch/competition.launch.py
[1.375s] -- Up-to-date: /home/koki-22/ac_search/vrx_ws/install/share/vrx_gz/models
[1.375s] -- Up-to-date: /home/koki-22/ac_search/vrx_ws/install/share/vrx_gz/models/short_navigation_course_1
[1.375s] -- Up-to-date: /home/koki-22/ac_search/vrx_ws/install/share/vrx_gz/models/short_navigation_course_1/model.config
[1.376s] -- Up-to-date: /home/koki-22/ac_search/vrx_ws/install/share/vrx_gz/models/short_navigation_course_1/model.sdf
[1.376s] -- Up-to-date: /home/koki-22/ac_search/vrx_ws/install/share/vrx_gz/models/dock_2022_base
[1.377s] -- Up-to-date: /home/koki-22/ac_search/vrx_ws/install/share/vrx_gz/models/dock_2022_base/model.config
[1.377s] -- Up-to-date: /home/koki-22/ac_search/vrx_ws/install/share/vrx_gz/models/dock_2022_base/model.sdf
[1.378s] -- Up-to-date: /home/koki-22/ac_search/vrx_ws/install/share/vrx_gz/models/symbol_triangle
[1.379s] -- Up-to-date: /home/koki-22/ac_search/vrx_ws/install/share/vrx_gz/models/symbol_triangle/model.config
[1.379s] -- Up-to-date: /home/koki-22/ac_search/vrx_ws/install/share/vrx_gz/models/symbol_triangle/mesh
[1.379s] -- Up-to-date: /home/koki-22/ac_search/vrx_ws/install/share/vrx_gz/models/symbol_triangle/mesh/triangle.dae
[1.380s] -- Up-to-date: /home/koki-22/ac_search/vrx_ws/install/share/vrx_gz/models/symbol_triangle/model.sdf
[1.380s] -- Up-to-date: /home/koki-22/ac_search/vrx_ws/install/share/vrx_gz/models/robotx_light_buoy_rgb
[1.380s] -- Up-to-date: /home/koki-22/ac_search/vrx_ws/install/share/vrx_gz/models/robotx_light_buoy_rgb/model.config
[1.381s] -- Up-to-date: /home/koki-22/ac_search/vrx_ws/install/share/vrx_gz/models/robotx_light_buoy_rgb/mesh
[1.381s] -- Up-to-date: /home/koki-22/ac_search/vrx_ws/install/share/vrx_gz/models/robotx_light_buoy_rgb/mesh/LightTower_Roughness.png
[1.381s] -- Up-to-date: /home/koki-22/ac_search/vrx_ws/install/share/vrx_gz/models/robotx_light_buoy_rgb/mesh/LightTower_Normal.png
[1.382s] -- Up-to-date: /home/koki-22/ac_search/vrx_ws/install/share/vrx_gz/models/robotx_light_buoy_rgb/mesh/LightTower_Opacity.png
[1.382s] -- Up-to-date: /home/koki-22/ac_search/vrx_ws/install/share/vrx_gz/models/robotx_light_buoy_rgb/mesh/LightTower_Albedo.png
[1.382s] -- Up-to-date: /home/koki-22/ac_search/vrx_ws/install/share/vrx_gz/models/robotx_light_buoy_rgb/mesh/robotx_light_buoy.dae
[1.382s] -- Up-to-date: /home/koki-22/ac_search/vrx_ws/install/share/vrx_gz/models/robotx_light_buoy_rgb/mesh/LightTower_Metalness.png
[1.383s] -- Up-to-date: /home/koki-22/ac_search/vrx_ws/install/share/vrx_gz/models/robotx_light_buoy_rgb/model.sdf
[1.383s] -- Up-to-date: /home/koki-22/ac_search/vrx_ws/install/share/vrx_gz/models/dock_2022
[1.383s] -- Up-to-date: /home/koki-22/ac_search/vrx_ws/install/share/vrx_gz/models/dock_2022/model.config
[1.384s] -- Up-to-date: /home/koki-22/ac_search/vrx_ws/install/share/vrx_gz/models/dock_2022/model.sdf
[1.389s] -- Up-to-date: /home/koki-22/ac_search/vrx_ws/install/share/vrx_gz/models/platform
[1.390s] -- Up-to-date: /home/koki-22/ac_search/vrx_ws/install/share/vrx_gz/models/platform/model.config
[1.390s] -- Up-to-date: /home/koki-22/ac_search/vrx_ws/install/share/vrx_gz/models/platform/model.sdf
[1.391s] -- Up-to-date: /home/koki-22/ac_search/vrx_ws/install/share/vrx_gz/models/placard_2022
[1.391s] -- Up-to-date: /home/koki-22/ac_search/vrx_ws/install/share/vrx_gz/models/placard_2022/meshes
[1.391s] -- Up-to-date: /home/koki-22/ac_search/vrx_ws/install/share/vrx_gz/models/placard_2022/meshes/placard_2022.dae
[1.392s] -- Up-to-date: /home/koki-22/ac_search/vrx_ws/install/share/vrx_gz/models/placard_2022/model.config
[1.392s] -- Up-to-date: /home/koki-22/ac_search/vrx_ws/install/share/vrx_gz/models/placard_2022/materials
[1.392s] -- Up-to-date: /home/koki-22/ac_search/vrx_ws/install/share/vrx_gz/models/placard_2022/materials/textures
[1.393s] -- Up-to-date: /home/koki-22/ac_search/vrx_ws/install/share/vrx_gz/models/placard_2022/materials/textures/Placard.png
[1.393s] -- Up-to-date: /home/koki-22/ac_search/vrx_ws/install/share/vrx_gz/models/placard_2022/model.sdf
[1.397s] -- Up-to-date: /home/koki-22/ac_search/vrx_ws/install/share/vrx_gz/models/obstacle_course
[1.398s] -- Up-to-date: /home/koki-22/ac_search/vrx_ws/install/share/vrx_gz/models/obstacle_course/model.config
[1.398s] -- Up-to-date: /home/koki-22/ac_search/vrx_ws/install/share/vrx_gz/models/obstacle_course/model.sdf
[1.399s] -- Up-to-date: /home/koki-22/ac_search/vrx_ws/install/share/vrx_gz/models/short_navigation_course_5
[1.400s] -- Up-to-date: /home/koki-22/ac_search/vrx_ws/install/share/vrx_gz/models/short_navigation_course_5/model.config
[1.400s] -- Up-to-date: /home/koki-22/ac_search/vrx_ws/install/share/vrx_gz/models/short_navigation_course_5/model.sdf
[1.401s] -- Up-to-date: /home/koki-22/ac_search/vrx_ws/install/share/vrx_gz/models/coast_waves
[1.401s] -- Up-to-date: /home/koki-22/ac_search/vrx_ws/install/share/vrx_gz/models/coast_waves/meshes
[1.402s] -- Up-to-date: /home/koki-22/ac_search/vrx_ws/install/share/vrx_gz/models/coast_waves/meshes/waterlow.dae
[1.403s] -- Up-to-date: /home/koki-22/ac_search/vrx_ws/install/share/vrx_gz/models/coast_waves/model.config
[1.403s] -- Up-to-date: /home/koki-22/ac_search/vrx_ws/install/share/vrx_gz/models/coast_waves/materials
[1.403s] -- Up-to-date: /home/koki-22/ac_search/vrx_ws/install/share/vrx_gz/models/coast_waves/materials/programs
[1.404s] -- Up-to-date: /home/koki-22/ac_search/vrx_ws/install/share/vrx_gz/models/coast_waves/materials/programs/GerstnerWaves_fs_330.glsl
[1.404s] -- Up-to-date: /home/koki-22/ac_search/vrx_ws/install/share/vrx_gz/models/coast_waves/materials/programs/GerstnerWaves_vs_330.glsl
[1.407s] -- Up-to-date: /home/koki-22/ac_search/vrx_ws/install/share/vrx_gz/models/coast_waves/materials/textures
[1.408s] -- Up-to-date: /home/koki-22/ac_search/vrx_ws/install/share/vrx_gz/models/coast_waves/materials/textures/wave_normals.dds
[1.408s] -- Up-to-date: /home/koki-22/ac_search/vrx_ws/install/share/vrx_gz/models/coast_waves/materials/textures/skybox_lowres.dds
[1.409s] -- Up-to-date: /home/koki-22/ac_search/vrx_ws/install/share/vrx_gz/models/coast_waves/model.sdf
[1.409s] -- Up-to-date: /home/koki-22/ac_search/vrx_ws/install/share/vrx_gz/models/articulated_platform
[1.409s] -- Up-to-date: /home/koki-22/ac_search/vrx_ws/install/share/vrx_gz/models/articulated_platform/model.config
[1.410s] -- Up-to-date: /home/koki-22/ac_search/vrx_ws/install/share/vrx_gz/models/articulated_platform/model.sdf
[1.411s] -- Up-to-date: /home/koki-22/ac_search/vrx_ws/install/share/vrx_gz/models/robotx_light_buoy_bgr
[1.411s] -- Up-to-date: /home/koki-22/ac_search/vrx_ws/install/share/vrx_gz/models/robotx_light_buoy_bgr/model.config
[1.412s] -- Up-to-date: /home/koki-22/ac_search/vrx_ws/install/share/vrx_gz/models/robotx_light_buoy_bgr/model.sdf
[1.412s] -- Up-to-date: /home/koki-22/ac_search/vrx_ws/install/share/vrx_gz/models/robotx_light_buoy_bgy
[1.413s] -- Up-to-date: /home/koki-22/ac_search/vrx_ws/install/share/vrx_gz/models/robotx_light_buoy_bgy/model.config
[1.414s] -- Up-to-date: /home/koki-22/ac_search/vrx_ws/install/share/vrx_gz/models/robotx_light_buoy_bgy/model.sdf
[1.419s] -- Up-to-date: /home/koki-22/ac_search/vrx_ws/install/share/vrx_gz/models/robotx_light_buoy_ybr
[1.419s] -- Up-to-date: /home/koki-22/ac_search/vrx_ws/install/share/vrx_gz/models/robotx_light_buoy_ybr/model.config
[1.419s] -- Up-to-date: /home/koki-22/ac_search/vrx_ws/install/share/vrx_gz/models/robotx_light_buoy_ybr/model.sdf
[1.420s] -- Up-to-date: /home/koki-22/ac_search/vrx_ws/install/share/vrx_gz/models/robotx_light_buoy_rbg
[1.420s] -- Up-to-date: /home/koki-22/ac_search/vrx_ws/install/share/vrx_gz/models/robotx_light_buoy_rbg/model.config
[1.420s] -- Up-to-date: /home/koki-22/ac_search/vrx_ws/install/share/vrx_gz/models/robotx_light_buoy_rbg/model.sdf
[1.421s] -- Up-to-date: /home/koki-22/ac_search/vrx_ws/install/share/vrx_gz/models/dock_block_4x4
[1.421s] -- Up-to-date: /home/koki-22/ac_search/vrx_ws/install/share/vrx_gz/models/dock_block_4x4/model.config
[1.422s] -- Up-to-date: /home/koki-22/ac_search/vrx_ws/install/share/vrx_gz/models/dock_block_4x4/mesh
[1.422s] -- Up-to-date: /home/koki-22/ac_search/vrx_ws/install/share/vrx_gz/models/dock_block_4x4/mesh/DockCubes_Roughness.png
[1.423s] -- Up-to-date: /home/koki-22/ac_search/vrx_ws/install/share/vrx_gz/models/dock_block_4x4/mesh/DockCubes_Metalness.png
[1.423s] -- Up-to-date: /home/koki-22/ac_search/vrx_ws/install/share/vrx_gz/models/dock_block_4x4/mesh/dock_block_4x4.dae
[1.424s] -- Up-to-date: /home/koki-22/ac_search/vrx_ws/install/share/vrx_gz/models/dock_block_4x4/mesh/DockCubes_Albedo.png
[1.424s] -- Up-to-date: /home/koki-22/ac_search/vrx_ws/install/share/vrx_gz/models/dock_block_4x4/mesh/DockCubes_Normal.png
[1.425s] -- Up-to-date: /home/koki-22/ac_search/vrx_ws/install/share/vrx_gz/models/dock_block_4x4/model.sdf
[1.425s] -- Up-to-date: /home/koki-22/ac_search/vrx_ws/install/share/vrx_gz/models/robotx_light_buoy_rgy
[1.426s] -- Up-to-date: /home/koki-22/ac_search/vrx_ws/install/share/vrx_gz/models/robotx_light_buoy_rgy/model.config
[1.426s] -- Up-to-date: /home/koki-22/ac_search/vrx_ws/install/share/vrx_gz/models/robotx_light_buoy_rgy/model.sdf
[1.426s] -- Up-to-date: /home/koki-22/ac_search/vrx_ws/install/share/vrx_gz/models/robotx_light_buoy_gbr
[1.427s] -- Up-to-date: /home/koki-22/ac_search/vrx_ws/install/share/vrx_gz/models/robotx_light_buoy_gbr/model.config
[1.428s] -- Up-to-date: /home/koki-22/ac_search/vrx_ws/install/share/vrx_gz/models/robotx_light_buoy_gbr/model.sdf
[1.429s] -- Up-to-date: /home/koki-22/ac_search/vrx_ws/install/share/vrx_gz/models/robotx_light_buoy_yrg
[1.430s] -- Up-to-date: /home/koki-22/ac_search/vrx_ws/install/share/vrx_gz/models/robotx_light_buoy_yrg/model.config
[1.431s] -- Up-to-date: /home/koki-22/ac_search/vrx_ws/install/share/vrx_gz/models/robotx_light_buoy_yrg/model.sdf
[1.432s] -- Up-to-date: /home/koki-22/ac_search/vrx_ws/install/share/vrx_gz/models/short_navigation_course_3
[1.432s] -- Up-to-date: /home/koki-22/ac_search/vrx_ws/install/share/vrx_gz/models/short_navigation_course_3/model.config
[1.432s] -- Up-to-date: /home/koki-22/ac_search/vrx_ws/install/share/vrx_gz/models/short_navigation_course_3/model.sdf
[1.433s] -- Up-to-date: /home/koki-22/ac_search/vrx_ws/install/share/vrx_gz/models/robotx_light_buoy_ygb
[1.433s] -- Up-to-date: /home/koki-22/ac_search/vrx_ws/install/share/vrx_gz/models/robotx_light_buoy_ygb/model.config
[1.433s] -- Up-to-date: /home/koki-22/ac_search/vrx_ws/install/share/vrx_gz/models/robotx_light_buoy_ygb/model.sdf
[1.433s] -- Up-to-date: /home/koki-22/ac_search/vrx_ws/install/share/vrx_gz/models/short_navigation_course_0
[1.433s] -- Up-to-date: /home/koki-22/ac_search/vrx_ws/install/share/vrx_gz/models/short_navigation_course_0/model.config
[1.433s] -- Up-to-date: /home/koki-22/ac_search/vrx_ws/install/share/vrx_gz/models/short_navigation_course_0/model.sdf
[1.433s] -- Up-to-date: /home/koki-22/ac_search/vrx_ws/install/share/vrx_gz/models/short_course_2023_phase3_1
[1.434s] -- Up-to-date: /home/koki-22/ac_search/vrx_ws/install/share/vrx_gz/models/short_course_2023_phase3_1/model.config
[1.434s] -- Up-to-date: /home/koki-22/ac_search/vrx_ws/install/share/vrx_gz/models/short_course_2023_phase3_1/model.sdf
[1.434s] -- Up-to-date: /home/koki-22/ac_search/vrx_ws/install/share/vrx_gz/models/short_navigation_course_2
[1.434s] -- Up-to-date: /home/koki-22/ac_search/vrx_ws/install/share/vrx_gz/models/short_navigation_course_2/model.config
[1.434s] -- Up-to-date: /home/koki-22/ac_search/vrx_ws/install/share/vrx_gz/models/short_navigation_course_2/model.sdf
[1.434s] -- Up-to-date: /home/koki-22/ac_search/vrx_ws/install/share/vrx_gz/models/entrance_exit
[1.435s] -- Up-to-date: /home/koki-22/ac_search/vrx_ws/install/share/vrx_gz/models/entrance_exit/model.config
[1.435s] -- Up-to-date: /home/koki-22/ac_search/vrx_ws/install/share/vrx_gz/models/entrance_exit/model.sdf
[1.435s] -- Up-to-date: /home/koki-22/ac_search/vrx_ws/install/share/vrx_gz/models/short_navigation_course_4
[1.435s] -- Up-to-date: /home/koki-22/ac_search/vrx_ws/install/share/vrx_gz/models/short_navigation_course_4/model.config
[1.435s] -- Up-to-date: /home/koki-22/ac_search/vrx_ws/install/share/vrx_gz/models/short_navigation_course_4/model.sdf
[1.436s] -- Up-to-date: /home/koki-22/ac_search/vrx_ws/install/share/vrx_gz/models/short_course_2023_phase3_2
[1.436s] -- Up-to-date: /home/koki-22/ac_search/vrx_ws/install/share/vrx_gz/models/short_course_2023_phase3_2/model.config
[1.436s] -- Up-to-date: /home/koki-22/ac_search/vrx_ws/install/share/vrx_gz/models/short_course_2023_phase3_2/model.sdf
[1.436s] -- Up-to-date: /home/koki-22/ac_search/vrx_ws/install/share/vrx_gz/worlds
[1.436s] -- Up-to-date: /home/koki-22/ac_search/vrx_ws/install/share/vrx_gz/worlds/wildlife_task.sdf
[1.436s] -- Up-to-date: /home/koki-22/ac_search/vrx_ws/install/share/vrx_gz/worlds/acoustic_tracking_task.sdf
[1.436s] -- Up-to-date: /home/koki-22/ac_search/vrx_ws/install/share/vrx_gz/worlds/acoustic_perception_task.sdf
[1.437s] -- Up-to-date: /home/koki-22/ac_search/vrx_ws/install/share/vrx_gz/worlds/sydney_regatta.sdf
[1.437s] -- Up-to-date: /home/koki-22/ac_search/vrx_ws/install/share/vrx_gz/worlds/nbpark.sdf
[1.437s] -- Up-to-date: /home/koki-22/ac_search/vrx_ws/install/share/vrx_gz/worlds/wayfinding_task.sdf
[1.437s] -- Up-to-date: /home/koki-22/ac_search/vrx_ws/install/share/vrx_gz/worlds/navigation_task.sdf
[1.437s] -- Up-to-date: /home/koki-22/ac_search/vrx_ws/install/share/vrx_gz/worlds/2023_practice
[1.437s] -- Up-to-date: /home/koki-22/ac_search/vrx_ws/install/share/vrx_gz/worlds/2023_practice/practice_2023_stationkeeping0_task.sdf
[1.437s] -- Up-to-date: /home/koki-22/ac_search/vrx_ws/install/share/vrx_gz/worlds/2023_practice/practice_2023_follow_path2_task.sdf
[1.437s] -- Up-to-date: /home/koki-22/ac_search/vrx_ws/install/share/vrx_gz/worlds/2023_practice/practice_2023_follow_path1_task.sdf
[1.438s] -- Up-to-date: /home/koki-22/ac_search/vrx_ws/install/share/vrx_gz/worlds/2023_practice/practice_2023_follow_path0_task.sdf
[1.438s] -- Up-to-date: /home/koki-22/ac_search/vrx_ws/install/share/vrx_gz/worlds/2023_practice/practice_2023_wayfinding2_task.sdf
[1.438s] -- Up-to-date: /home/koki-22/ac_search/vrx_ws/install/share/vrx_gz/worlds/2023_practice/practice_2023_scan_dock_deliver2_task.sdf
[1.438s] -- Up-to-date: /home/koki-22/ac_search/vrx_ws/install/share/vrx_gz/worlds/2023_practice/practice_2023_perception0_task.sdf
[1.438s] -- Up-to-date: /home/koki-22/ac_search/vrx_ws/install/share/vrx_gz/worlds/2023_practice/practice_2023_acoustic_perception0_task.sdf
[1.438s] -- Up-to-date: /home/koki-22/ac_search/vrx_ws/install/share/vrx_gz/worlds/2023_practice/practice_2023_scan_dock_deliver1_task.sdf
[1.438s] -- Up-to-date: /home/koki-22/ac_search/vrx_ws/install/share/vrx_gz/worlds/2023_practice/practice_2023_acoustic_tracking1_task.sdf
[1.439s] -- Up-to-date: /home/koki-22/ac_search/vrx_ws/install/share/vrx_gz/worlds/2023_practice/practice_2023_wayfinding1_task.sdf
[1.439s] -- Up-to-date: /home/koki-22/ac_search/vrx_ws/install/share/vrx_gz/worlds/2023_practice/practice_2023_wildlife2_task.sdf
[1.439s] -- Up-to-date: /home/koki-22/ac_search/vrx_ws/install/share/vrx_gz/worlds/2023_practice/practice_2023_scan_dock_deliver0_task.sdf
[1.439s] -- Up-to-date: /home/koki-22/ac_search/vrx_ws/install/share/vrx_gz/worlds/2023_practice/practice_2023_wildlife1_task.sdf
[1.439s] -- Up-to-date: /home/koki-22/ac_search/vrx_ws/install/share/vrx_gz/worlds/2023_practice/practice_2023_perception2_task.sdf
[1.439s] -- Up-to-date: /home/koki-22/ac_search/vrx_ws/install/share/vrx_gz/worlds/2023_practice/practice_2023_acoustic_perception1_task.sdf
[1.439s] -- Up-to-date: /home/koki-22/ac_search/vrx_ws/install/share/vrx_gz/worlds/2023_practice/practice_2023_stationkeeping2_task.sdf
[1.440s] -- Up-to-date: /home/koki-22/ac_search/vrx_ws/install/share/vrx_gz/worlds/2023_practice/practice_2023_acoustic_perception2_task.sdf
[1.440s] -- Up-to-date: /home/koki-22/ac_search/vrx_ws/install/share/vrx_gz/worlds/2023_practice/practice_2023_stationkeeping1_task.sdf
[1.440s] -- Up-to-date: /home/koki-22/ac_search/vrx_ws/install/share/vrx_gz/worlds/2023_practice/practice_2023_wayfinding0_task.sdf
[1.440s] -- Up-to-date: /home/koki-22/ac_search/vrx_ws/install/share/vrx_gz/worlds/2023_practice/practice_2023_acoustic_tracking0_task.sdf
[1.440s] -- Up-to-date: /home/koki-22/ac_search/vrx_ws/install/share/vrx_gz/worlds/2023_practice/practice_2023_perception1_task.sdf
[1.440s] -- Up-to-date: /home/koki-22/ac_search/vrx_ws/install/share/vrx_gz/worlds/2023_practice/practice_2023_wildlife0_task.sdf
[1.440s] -- Up-to-date: /home/koki-22/ac_search/vrx_ws/install/share/vrx_gz/worlds/2023_practice/practice_2023_acoustic_tracking2_task.sdf
[1.440s] -- Up-to-date: /home/koki-22/ac_search/vrx_ws/install/share/vrx_gz/worlds/perception_task.sdf
[1.441s] -- Up-to-date: /home/koki-22/ac_search/vrx_ws/install/share/vrx_gz/worlds/gymkhana_task.sdf
[1.441s] -- Up-to-date: /home/koki-22/ac_search/vrx_ws/install/share/vrx_gz/worlds/follow_path_task.sdf
[1.441s] -- Up-to-date: /home/koki-22/ac_search/vrx_ws/install/share/vrx_gz/worlds/scan_dock_deliver_task.sdf
[1.441s] -- Up-to-date: /home/koki-22/ac_search/vrx_ws/install/share/vrx_gz/worlds/stationkeeping_task.sdf
[1.441s] -- Up-to-date: /home/koki-22/ac_search/vrx_ws/install/share/ament_index/resource_index/package_run_dependencies/vrx_gz
[1.441s] -- Up-to-date: /home/koki-22/ac_search/vrx_ws/install/share/ament_index/resource_index/parent_prefix_path/vrx_gz
[1.441s] -- Up-to-date: /home/koki-22/ac_search/vrx_ws/install/share/vrx_gz/environment/ament_prefix_path.sh
[1.441s] -- Up-to-date: /home/koki-22/ac_search/vrx_ws/install/share/vrx_gz/environment/ament_prefix_path.dsv
[1.442s] -- Up-to-date: /home/koki-22/ac_search/vrx_ws/install/share/vrx_gz/environment/path.sh
[1.442s] -- Up-to-date: /home/koki-22/ac_search/vrx_ws/install/share/vrx_gz/environment/path.dsv
[1.442s] -- Up-to-date: /home/koki-22/ac_search/vrx_ws/install/share/vrx_gz/local_setup.bash
[1.442s] -- Up-to-date: /home/koki-22/ac_search/vrx_ws/install/share/vrx_gz/local_setup.sh
[1.442s] -- Up-to-date: /home/koki-22/ac_search/vrx_ws/install/share/vrx_gz/local_setup.zsh
[1.442s] -- Up-to-date: /home/koki-22/ac_search/vrx_ws/install/share/vrx_gz/local_setup.dsv
[1.442s] -- Installing: /home/koki-22/ac_search/vrx_ws/install/share/vrx_gz/package.dsv
[1.443s] -- Up-to-date: /home/koki-22/ac_search/vrx_ws/install/share/ament_index/resource_index/packages/vrx_gz
[1.443s] -- Up-to-date: /home/koki-22/ac_search/vrx_ws/install/share/vrx_gz/cmake/vrx_gzConfig.cmake
[1.443s] -- Up-to-date: /home/koki-22/ac_search/vrx_ws/install/share/vrx_gz/cmake/vrx_gzConfig-version.cmake
[1.443s] -- Up-to-date: /home/koki-22/ac_search/vrx_ws/install/share/vrx_gz/package.xml
[1.443s] Invoked command in '/home/koki-22/ac_search/vrx_ws/build/vrx_gz' returned '0': CMAKE_PREFIX_PATH=${CMAKE_PREFIX_PATH}:/opt/ros/humble /usr/bin/cmake --install /home/koki-22/ac_search/vrx_ws/build/vrx_gz
