[0.009s] Invoking command in '/home/koki-22/ac_search/vrx_ws/src/build/wamv_gazebo': AMENT_PREFIX_PATH=/home/koki-22/ac_search/vrx_ws/src/install:${AMENT_PREFIX_PATH} CMAKE_PREFIX_PATH=/home/koki-22/ac_search/vrx_ws/src/install:/home/koki-22/ac_search/vrx_ws/install:/opt/ros/humble GZ_SIM_RESOURCE_PATH=/home/koki-22/ac_search/vrx_ws/src/install/share/wamv_description/models:/home/koki-22/ac_search/vrx_ws/src/install/share/vrx_gazebo/models:/home/koki-22/ac_search/vrx_ws/src/install/share:${GZ_SIM_RESOURCE_PATH} PYTHONPATH=/home/koki-22/ac_search/vrx_ws/src/install/lib/python3.10/site-packages:/home/koki-22/ac_search/vrx_ws/src/install/local/lib/python3.10/dist-packages:${PYTHONPATH} /usr/bin/cmake /home/koki-22/ac_search/vrx_ws/src/vrx/vrx_urdf/wamv_gazebo -DCMAKE_INSTALL_PREFIX=/home/koki-22/ac_search/vrx_ws/src/install
[0.053s] -- The C compiler identification is GNU 11.4.0
[0.100s] -- The CXX compiler identification is GNU 11.4.0
[0.105s] -- Detecting C compiler ABI info
[0.160s] -- Detecting C compiler ABI info - done
[0.167s] -- Check for working C compiler: /usr/bin/cc - skipped
[0.167s] -- Detecting C compile features
[0.168s] -- Detecting C compile features - done
[0.171s] -- Detecting CXX compiler ABI info
[0.236s] -- Detecting CXX compiler ABI info - done
[0.244s] -- Check for working CXX compiler: /usr/bin/c++ - skipped
[0.244s] -- Detecting CXX compile features
[0.244s] -- Detecting CXX compile features - done
[0.246s] -- Found ament_cmake: 1.3.3 (/opt/ros/humble/share/ament_cmake/cmake)
[0.403s] -- Found Python3: /usr/bin/python3.10 (found version "3.10.12") found components: Interpreter 
[0.479s] -- Found xacro: 2.0.8 (/opt/ros/humble/share/xacro/cmake)
[0.480s] -- Found wamv_description: 1.3.0 (/home/koki-22/ac_search/vrx_ws/src/install/share/wamv_description/cmake)
[0.540s] -- Configuring done
[0.543s] -- Generating done
[0.544s] -- Build files have been written to: /home/koki-22/ac_search/vrx_ws/src/build/wamv_gazebo
[0.548s] Invoked command in '/home/koki-22/ac_search/vrx_ws/src/build/wamv_gazebo' returned '0': AMENT_PREFIX_PATH=/home/koki-22/ac_search/vrx_ws/src/install:${AMENT_PREFIX_PATH} CMAKE_PREFIX_PATH=/home/koki-22/ac_search/vrx_ws/src/install:/home/koki-22/ac_search/vrx_ws/install:/opt/ros/humble GZ_SIM_RESOURCE_PATH=/home/koki-22/ac_search/vrx_ws/src/install/share/wamv_description/models:/home/koki-22/ac_search/vrx_ws/src/install/share/vrx_gazebo/models:/home/koki-22/ac_search/vrx_ws/src/install/share:${GZ_SIM_RESOURCE_PATH} PYTHONPATH=/home/koki-22/ac_search/vrx_ws/src/install/lib/python3.10/site-packages:/home/koki-22/ac_search/vrx_ws/src/install/local/lib/python3.10/dist-packages:${PYTHONPATH} /usr/bin/cmake /home/koki-22/ac_search/vrx_ws/src/vrx/vrx_urdf/wamv_gazebo -DCMAKE_INSTALL_PREFIX=/home/koki-22/ac_search/vrx_ws/src/install
[0.549s] Invoking command in '/home/koki-22/ac_search/vrx_ws/src/build/wamv_gazebo': AMENT_PREFIX_PATH=/home/koki-22/ac_search/vrx_ws/src/install:${AMENT_PREFIX_PATH} CMAKE_PREFIX_PATH=/home/koki-22/ac_search/vrx_ws/src/install:/home/koki-22/ac_search/vrx_ws/install:/opt/ros/humble GZ_SIM_RESOURCE_PATH=/home/koki-22/ac_search/vrx_ws/src/install/share/wamv_description/models:/home/koki-22/ac_search/vrx_ws/src/install/share/vrx_gazebo/models:/home/koki-22/ac_search/vrx_ws/src/install/share:${GZ_SIM_RESOURCE_PATH} PYTHONPATH=/home/koki-22/ac_search/vrx_ws/src/install/lib/python3.10/site-packages:/home/koki-22/ac_search/vrx_ws/src/install/local/lib/python3.10/dist-packages:${PYTHONPATH} /usr/bin/cmake --build /home/koki-22/ac_search/vrx_ws/src/build/wamv_gazebo -- -j16 -l16
[0.580s] Invoked command in '/home/koki-22/ac_search/vrx_ws/src/build/wamv_gazebo' returned '0': AMENT_PREFIX_PATH=/home/koki-22/ac_search/vrx_ws/src/install:${AMENT_PREFIX_PATH} CMAKE_PREFIX_PATH=/home/koki-22/ac_search/vrx_ws/src/install:/home/koki-22/ac_search/vrx_ws/install:/opt/ros/humble GZ_SIM_RESOURCE_PATH=/home/koki-22/ac_search/vrx_ws/src/install/share/wamv_description/models:/home/koki-22/ac_search/vrx_ws/src/install/share/vrx_gazebo/models:/home/koki-22/ac_search/vrx_ws/src/install/share:${GZ_SIM_RESOURCE_PATH} PYTHONPATH=/home/koki-22/ac_search/vrx_ws/src/install/lib/python3.10/site-packages:/home/koki-22/ac_search/vrx_ws/src/install/local/lib/python3.10/dist-packages:${PYTHONPATH} /usr/bin/cmake --build /home/koki-22/ac_search/vrx_ws/src/build/wamv_gazebo -- -j16 -l16
[0.599s] Invoking command in '/home/koki-22/ac_search/vrx_ws/src/build/wamv_gazebo': AMENT_PREFIX_PATH=/home/koki-22/ac_search/vrx_ws/src/install:${AMENT_PREFIX_PATH} CMAKE_PREFIX_PATH=/home/koki-22/ac_search/vrx_ws/src/install:/home/koki-22/ac_search/vrx_ws/install:/opt/ros/humble GZ_SIM_RESOURCE_PATH=/home/koki-22/ac_search/vrx_ws/src/install/share/wamv_description/models:/home/koki-22/ac_search/vrx_ws/src/install/share/vrx_gazebo/models:/home/koki-22/ac_search/vrx_ws/src/install/share:${GZ_SIM_RESOURCE_PATH} PYTHONPATH=/home/koki-22/ac_search/vrx_ws/src/install/lib/python3.10/site-packages:/home/koki-22/ac_search/vrx_ws/src/install/local/lib/python3.10/dist-packages:${PYTHONPATH} /usr/bin/cmake --install /home/koki-22/ac_search/vrx_ws/src/build/wamv_gazebo
[0.606s] -- Install configuration: ""
[0.606s] -- Installing: /home/koki-22/ac_search/vrx_ws/src/install/share/wamv_gazebo/models
[0.606s] -- Installing: /home/koki-22/ac_search/vrx_ws/src/install/share/wamv_gazebo/models/gps
[0.606s] -- Installing: /home/koki-22/ac_search/vrx_ws/src/install/share/wamv_gazebo/models/gps/model.config
[0.607s] -- Installing: /home/koki-22/ac_search/vrx_ws/src/install/share/wamv_gazebo/models/gps/mesh
[0.607s] -- Installing: /home/koki-22/ac_search/vrx_ws/src/install/share/wamv_gazebo/models/gps/mesh/gps.dae
[0.607s] -- Installing: /home/koki-22/ac_search/vrx_ws/src/install/share/wamv_gazebo/models/gps/mesh/gps.png
[0.607s] -- Installing: /home/koki-22/ac_search/vrx_ws/src/install/share/wamv_gazebo/urdf
[0.607s] -- Installing: /home/koki-22/ac_search/vrx_ws/src/install/share/wamv_gazebo/urdf/components
[0.607s] -- Installing: /home/koki-22/ac_search/vrx_ws/src/install/share/wamv_gazebo/urdf/components/wamv_camera.xacro
[0.607s] -- Installing: /home/koki-22/ac_search/vrx_ws/src/install/share/wamv_gazebo/urdf/components/wamv_gps.xacro
[0.608s] -- Installing: /home/koki-22/ac_search/vrx_ws/src/install/share/wamv_gazebo/urdf/components/wamv_pinger.xacro
[0.608s] -- Installing: /home/koki-22/ac_search/vrx_ws/src/install/share/wamv_gazebo/urdf/components/wamv_imu.xacro
[0.608s] -- Installing: /home/koki-22/ac_search/vrx_ws/src/install/share/wamv_gazebo/urdf/components/wamv_3d_lidar.xacro
[0.608s] -- Installing: /home/koki-22/ac_search/vrx_ws/src/install/share/wamv_gazebo/urdf/components/wamv_planar_lidar.xacro
[0.608s] -- Installing: /home/koki-22/ac_search/vrx_ws/src/install/share/wamv_gazebo/urdf/components/wamv_p3d.xacro
[0.609s] -- Installing: /home/koki-22/ac_search/vrx_ws/src/install/share/wamv_gazebo/urdf/components/ball_shooter.xacro
[0.609s] -- Installing: /home/koki-22/ac_search/vrx_ws/src/install/share/wamv_gazebo/urdf/components/lidar.xacro
[0.609s] -- Installing: /home/koki-22/ac_search/vrx_ws/src/install/share/wamv_gazebo/urdf/wamv_gazebo.urdf.xacro
[0.609s] -- Installing: /home/koki-22/ac_search/vrx_ws/src/install/share/wamv_gazebo/urdf/wamv_gazebo.xacro
[0.609s] -- Installing: /home/koki-22/ac_search/vrx_ws/src/install/share/wamv_gazebo/urdf/thruster_layouts
[0.609s] -- Installing: /home/koki-22/ac_search/vrx_ws/src/install/share/wamv_gazebo/urdf/thruster_layouts/wamv_x_thrusters.xacro
[0.609s] -- Installing: /home/koki-22/ac_search/vrx_ws/src/install/share/wamv_gazebo/urdf/thruster_layouts/wamv_gazebo_thruster_config.xacro
[0.610s] -- Installing: /home/koki-22/ac_search/vrx_ws/src/install/share/wamv_gazebo/urdf/thruster_layouts/wamv_aft_thrusters.xacro
[0.610s] -- Installing: /home/koki-22/ac_search/vrx_ws/src/install/share/wamv_gazebo/urdf/thruster_layouts/wamv_t_thrusters.xacro
[0.610s] -- Installing: /home/koki-22/ac_search/vrx_ws/src/install/share/wamv_gazebo/urdf/macros.xacro
[0.610s] -- Installing: /home/koki-22/ac_search/vrx_ws/src/install/share/wamv_gazebo/urdf/dynamics
[0.610s] -- Installing: /home/koki-22/ac_search/vrx_ws/src/install/share/wamv_gazebo/urdf/dynamics/wamv_gazebo_dynamics_plugin.xacro
[0.610s] -- Installing: /home/koki-22/ac_search/vrx_ws/src/install/share/ament_index/resource_index/package_run_dependencies/wamv_gazebo
[0.610s] -- Installing: /home/koki-22/ac_search/vrx_ws/src/install/share/ament_index/resource_index/parent_prefix_path/wamv_gazebo
[0.611s] -- Installing: /home/koki-22/ac_search/vrx_ws/src/install/share/wamv_gazebo/environment/ament_prefix_path.sh
[0.611s] -- Installing: /home/koki-22/ac_search/vrx_ws/src/install/share/wamv_gazebo/environment/ament_prefix_path.dsv
[0.611s] -- Installing: /home/koki-22/ac_search/vrx_ws/src/install/share/wamv_gazebo/environment/path.sh
[0.611s] -- Installing: /home/koki-22/ac_search/vrx_ws/src/install/share/wamv_gazebo/environment/path.dsv
[0.611s] -- Installing: /home/koki-22/ac_search/vrx_ws/src/install/share/wamv_gazebo/local_setup.bash
[0.611s] -- Installing: /home/koki-22/ac_search/vrx_ws/src/install/share/wamv_gazebo/local_setup.sh
[0.611s] -- Installing: /home/koki-22/ac_search/vrx_ws/src/install/share/wamv_gazebo/local_setup.zsh
[0.612s] -- Installing: /home/koki-22/ac_search/vrx_ws/src/install/share/wamv_gazebo/local_setup.dsv
[0.612s] -- Installing: /home/koki-22/ac_search/vrx_ws/src/install/share/wamv_gazebo/package.dsv
[0.612s] -- Installing: /home/koki-22/ac_search/vrx_ws/src/install/share/ament_index/resource_index/packages/wamv_gazebo
[0.612s] -- Installing: /home/koki-22/ac_search/vrx_ws/src/install/share/wamv_gazebo/cmake/wamv_gazeboConfig.cmake
[0.613s] -- Installing: /home/koki-22/ac_search/vrx_ws/src/install/share/wamv_gazebo/cmake/wamv_gazeboConfig-version.cmake
[0.615s] -- Installing: /home/koki-22/ac_search/vrx_ws/src/install/share/wamv_gazebo/package.xml
[0.616s] Invoked command in '/home/koki-22/ac_search/vrx_ws/src/build/wamv_gazebo' returned '0': AMENT_PREFIX_PATH=/home/koki-22/ac_search/vrx_ws/src/install:${AMENT_PREFIX_PATH} CMAKE_PREFIX_PATH=/home/koki-22/ac_search/vrx_ws/src/install:/home/koki-22/ac_search/vrx_ws/install:/opt/ros/humble GZ_SIM_RESOURCE_PATH=/home/koki-22/ac_search/vrx_ws/src/install/share/wamv_description/models:/home/koki-22/ac_search/vrx_ws/src/install/share/vrx_gazebo/models:/home/koki-22/ac_search/vrx_ws/src/install/share:${GZ_SIM_RESOURCE_PATH} PYTHONPATH=/home/koki-22/ac_search/vrx_ws/src/install/lib/python3.10/site-packages:/home/koki-22/ac_search/vrx_ws/src/install/local/lib/python3.10/dist-packages:${PYTHONPATH} /usr/bin/cmake --install /home/koki-22/ac_search/vrx_ws/src/build/wamv_gazebo
