running egg_info
creating ../../build/navigaitonGUI/navigaitonGUI.egg-info
writing ../../build/navigaitonGUI/navigaitonGUI.egg-info/PKG-INFO
writing dependency_links to ../../build/navigaitonGUI/navigaitonGUI.egg-info/dependency_links.txt
writing entry points to ../../build/navigaitonGUI/navigaitonGUI.egg-info/entry_points.txt
writing requirements to ../../build/navigaitonGUI/navigaitonGUI.egg-info/requires.txt
writing top-level names to ../../build/navigaitonGUI/navigaitonGUI.egg-info/top_level.txt
writing manifest file '../../build/navigaitonGUI/navigaitonGUI.egg-info/SOURCES.txt'
reading manifest file '../../build/navigaitonGUI/navigaitonGUI.egg-info/SOURCES.txt'
writing manifest file '../../build/navigaitonGUI/navigaitonGUI.egg-info/SOURCES.txt'
running build
running build_py
creating /home/koki-22/ac_search/vrx_ws/build/navigaitonGUI/build
creating /home/koki-22/ac_search/vrx_ws/build/navigaitonGUI/build/lib
creating /home/koki-22/ac_search/vrx_ws/build/navigaitonGUI/build/lib/navigaitonGUI
copying navigaitonGUI/__init__.py -> /home/koki-22/ac_search/vrx_ws/build/navigaitonGUI/build/lib/navigaitonGUI
running install
running install_lib
creating /home/koki-22/ac_search/vrx_ws/install/lib/python3.10/site-packages/navigaitonGUI
copying /home/koki-22/ac_search/vrx_ws/build/navigaitonGUI/build/lib/navigaitonGUI/__init__.py -> /home/koki-22/ac_search/vrx_ws/install/lib/python3.10/site-packages/navigaitonGUI
byte-compiling /home/koki-22/ac_search/vrx_ws/install/lib/python3.10/site-packages/navigaitonGUI/__init__.py to __init__.cpython-310.pyc
running install_data
copying resource/navigaitonGUI -> /home/koki-22/ac_search/vrx_ws/install/share/ament_index/resource_index/packages
copying package.xml -> /home/koki-22/ac_search/vrx_ws/install/share/navigaitonGUI
running install_egg_info
Copying ../../build/navigaitonGUI/navigaitonGUI.egg-info to /home/koki-22/ac_search/vrx_ws/install/lib/python3.10/site-packages/navigaitonGUI-0.0.0-py3.10.egg-info
running install_scripts
writing list of installed files to '/home/koki-22/ac_search/vrx_ws/build/navigaitonGUI/install.log'
