[0.025s] Invoking command in '/home/koki-22/ac_search/vrx_ws/src/build/vrx_gazebo': CMAKE_PREFIX_PATH=${CMAKE_PREFIX_PATH}:/opt/ros/humble /usr/bin/cmake /home/koki-22/ac_search/vrx_ws/src/vrx/vrx_urdf/vrx_gazebo -DCMAKE_INSTALL_PREFIX=/home/koki-22/ac_search/vrx_ws/src/install
[0.120s] -- The C compiler identification is GNU 11.4.0
[0.167s] -- The CXX compiler identification is GNU 11.4.0
[0.173s] -- Detecting C compiler ABI info
[0.230s] -- Detecting C compiler ABI info - done
[0.238s] -- Check for working C compiler: /usr/bin/cc - skipped
[0.238s] -- Detecting C compile features
[0.238s] -- Detecting C compile features - done
[0.241s] -- Detecting CXX compiler ABI info
[0.309s] -- Detecting CXX compiler ABI info - done
[0.321s] -- Check for working CXX compiler: /usr/bin/c++ - skipped
[0.322s] -- Detecting CXX compile features
[0.323s] -- Detecting CXX compile features - done
[0.326s] -- Found ament_cmake: 1.3.3 (/opt/ros/humble/share/ament_cmake/cmake)
[0.492s] -- Found Python3: /usr/bin/python3.10 (found version "3.10.12") found components: Interpreter 
[0.721s] -- Configuring done
[0.726s] -- Generating done
[0.727s] -- Build files have been written to: /home/koki-22/ac_search/vrx_ws/src/build/vrx_gazebo
[0.732s] Invoked command in '/home/koki-22/ac_search/vrx_ws/src/build/vrx_gazebo' returned '0': CMAKE_PREFIX_PATH=${CMAKE_PREFIX_PATH}:/opt/ros/humble /usr/bin/cmake /home/koki-22/ac_search/vrx_ws/src/vrx/vrx_urdf/vrx_gazebo -DCMAKE_INSTALL_PREFIX=/home/koki-22/ac_search/vrx_ws/src/install
[0.734s] Invoking command in '/home/koki-22/ac_search/vrx_ws/src/build/vrx_gazebo': CMAKE_PREFIX_PATH=${CMAKE_PREFIX_PATH}:/opt/ros/humble /usr/bin/cmake --build /home/koki-22/ac_search/vrx_ws/src/build/vrx_gazebo -- -j16 -l16
[0.779s] Built target ament_cmake_python_copy_vrx_gazebo
[1.069s] running egg_info
[1.069s] creating vrx_gazebo.egg-info
[1.070s] writing vrx_gazebo.egg-info/PKG-INFO
[1.070s] writing dependency_links to vrx_gazebo.egg-info/dependency_links.txt
[1.070s] writing top-level names to vrx_gazebo.egg-info/top_level.txt
[1.070s] writing manifest file 'vrx_gazebo.egg-info/SOURCES.txt'
[1.072s] reading manifest file 'vrx_gazebo.egg-info/SOURCES.txt'
[1.073s] writing manifest file 'vrx_gazebo.egg-info/SOURCES.txt'
[1.100s] Built target ament_cmake_python_build_vrx_gazebo_egg
[1.109s] Invoked command in '/home/koki-22/ac_search/vrx_ws/src/build/vrx_gazebo' returned '0': CMAKE_PREFIX_PATH=${CMAKE_PREFIX_PATH}:/opt/ros/humble /usr/bin/cmake --build /home/koki-22/ac_search/vrx_ws/src/build/vrx_gazebo -- -j16 -l16
[1.138s] Invoking command in '/home/koki-22/ac_search/vrx_ws/src/build/vrx_gazebo': CMAKE_PREFIX_PATH=${CMAKE_PREFIX_PATH}:/opt/ros/humble /usr/bin/cmake --install /home/koki-22/ac_search/vrx_ws/src/build/vrx_gazebo
[1.144s] -- Install configuration: ""
[1.144s] -- Installing: /home/koki-22/ac_search/vrx_ws/src/install/share/vrx_gazebo/environment/resource_paths.dsv
[1.145s] -- Installing: /home/koki-22/ac_search/vrx_ws/src/install/share/vrx_gazebo/environment/resource_paths.sh
[1.145s] -- Installing: /home/koki-22/ac_search/vrx_ws/src/install/share/vrx_gazebo/models
[1.145s] -- Installing: /home/koki-22/ac_search/vrx_ws/src/install/share/vrx_gazebo/models/blue_projectile
[1.145s] -- Installing: /home/koki-22/ac_search/vrx_ws/src/install/share/vrx_gazebo/models/blue_projectile/model.config
[1.145s] -- Installing: /home/koki-22/ac_search/vrx_ws/src/install/share/vrx_gazebo/models/blue_projectile/model.sdf
[1.145s] -- Installing: /home/koki-22/ac_search/vrx_ws/src/install/share/vrx_gazebo/models/mono_camera
[1.145s] -- Installing: /home/koki-22/ac_search/vrx_ws/src/install/share/vrx_gazebo/models/mono_camera/model.config
[1.146s] -- Installing: /home/koki-22/ac_search/vrx_ws/src/install/share/vrx_gazebo/models/mono_camera/mesh
[1.146s] -- Installing: /home/koki-22/ac_search/vrx_ws/src/install/share/vrx_gazebo/models/mono_camera/mesh/mono_camera.dae
[1.146s] -- Installing: /home/koki-22/ac_search/vrx_ws/src/install/share/vrx_gazebo/models/mono_camera/mesh/mono_camera_Roughness.png
[1.146s] -- Installing: /home/koki-22/ac_search/vrx_ws/src/install/share/vrx_gazebo/models/mono_camera/mesh/mono_camera_Metalness.png
[1.147s] -- Installing: /home/koki-22/ac_search/vrx_ws/src/install/share/vrx_gazebo/models/mono_camera/mesh/mono_camera_Normal.png
[1.147s] -- Installing: /home/koki-22/ac_search/vrx_ws/src/install/share/vrx_gazebo/models/mono_camera/mesh/mono_camera_Albedo.png
[1.147s] -- Installing: /home/koki-22/ac_search/vrx_ws/src/install/share/vrx_gazebo/models/mono_camera/mesh/mono_camera.png
[1.148s] -- Installing: /home/koki-22/ac_search/vrx_ws/src/install/share/vrx_gazebo/models/mono_camera/model.sdf
[1.148s] -- Installing: /home/koki-22/ac_search/vrx_ws/src/install/share/vrx_gazebo/models/sensor_post
[1.148s] -- Installing: /home/koki-22/ac_search/vrx_ws/src/install/share/vrx_gazebo/models/sensor_post/model.config
[1.148s] -- Installing: /home/koki-22/ac_search/vrx_ws/src/install/share/vrx_gazebo/models/sensor_post/mesh
[1.149s] -- Installing: /home/koki-22/ac_search/vrx_ws/src/install/share/vrx_gazebo/models/sensor_post/mesh/sensor_post.png
[1.150s] -- Installing: /home/koki-22/ac_search/vrx_ws/src/install/share/vrx_gazebo/models/sensor_post/mesh/sensor_post.dae
[1.152s] -- Installing: /home/koki-22/ac_search/vrx_ws/src/install/share/vrx_gazebo/models/sensor_post/mesh/sensor_post_arm.dae
[1.152s] -- Installing: /home/koki-22/ac_search/vrx_ws/src/install/share/vrx_gazebo/models/sensor_post/model.sdf
[1.152s] -- Installing: /home/koki-22/ac_search/vrx_ws/src/install/share/vrx_gazebo/models/3d_lidar
[1.152s] -- Installing: /home/koki-22/ac_search/vrx_ws/src/install/share/vrx_gazebo/models/3d_lidar/model.config
[1.153s] -- Installing: /home/koki-22/ac_search/vrx_ws/src/install/share/vrx_gazebo/models/3d_lidar/mesh
[1.153s] -- Installing: /home/koki-22/ac_search/vrx_ws/src/install/share/vrx_gazebo/models/3d_lidar/mesh/3d_Lidar_Metalness.png
[1.153s] -- Installing: /home/koki-22/ac_search/vrx_ws/src/install/share/vrx_gazebo/models/3d_lidar/mesh/3d_Lidar_Roughness.png
[1.153s] -- Installing: /home/koki-22/ac_search/vrx_ws/src/install/share/vrx_gazebo/models/3d_lidar/mesh/3d_lidar.png
[1.153s] -- Installing: /home/koki-22/ac_search/vrx_ws/src/install/share/vrx_gazebo/models/3d_lidar/mesh/3d_Lidar_Albedo.png
[1.153s] -- Installing: /home/koki-22/ac_search/vrx_ws/src/install/share/vrx_gazebo/models/3d_lidar/mesh/3d_lidar.dae
[1.153s] -- Installing: /home/koki-22/ac_search/vrx_ws/src/install/share/vrx_gazebo/models/3d_lidar/mesh/3d_Lidar_Normal.png
[1.154s] -- Installing: /home/koki-22/ac_search/vrx_ws/src/install/share/vrx_gazebo/models/3d_lidar/model.sdf
[1.154s] -- Installing: /home/koki-22/ac_search/vrx_ws/src/install/share/vrx_gazebo/models/battery
[1.154s] -- Installing: /home/koki-22/ac_search/vrx_ws/src/install/share/vrx_gazebo/models/battery/model.config
[1.155s] -- Installing: /home/koki-22/ac_search/vrx_ws/src/install/share/vrx_gazebo/models/battery/mesh
[1.155s] -- Installing: /home/koki-22/ac_search/vrx_ws/src/install/share/vrx_gazebo/models/battery/mesh/battery_Normal.png
[1.158s] -- Installing: /home/koki-22/ac_search/vrx_ws/src/install/share/vrx_gazebo/models/battery/mesh/battery.png
[1.165s] -- Installing: /home/koki-22/ac_search/vrx_ws/src/install/share/vrx_gazebo/models/battery/mesh/battery.dae
[1.165s] -- Installing: /home/koki-22/ac_search/vrx_ws/src/install/share/vrx_gazebo/models/battery/mesh/battery_Roughness.png
[1.167s] -- Installing: /home/koki-22/ac_search/vrx_ws/src/install/share/vrx_gazebo/models/battery/mesh/battery_Albedo.png
[1.172s] -- Installing: /home/koki-22/ac_search/vrx_ws/src/install/share/vrx_gazebo/models/battery/mesh/battery_Metalness.png
[1.172s] -- Installing: /home/koki-22/ac_search/vrx_ws/src/install/share/vrx_gazebo/models/battery/model.sdf
[1.172s] -- Installing: /home/koki-22/ac_search/vrx_ws/src/install/share/vrx_gazebo/models/cpu_cases
[1.172s] -- Installing: /home/koki-22/ac_search/vrx_ws/src/install/share/vrx_gazebo/models/cpu_cases/model.config
[1.172s] -- Installing: /home/koki-22/ac_search/vrx_ws/src/install/share/vrx_gazebo/models/cpu_cases/mesh
[1.172s] -- Installing: /home/koki-22/ac_search/vrx_ws/src/install/share/vrx_gazebo/models/cpu_cases/mesh/cpu_cases_Albedo.png
[1.178s] -- Installing: /home/koki-22/ac_search/vrx_ws/src/install/share/vrx_gazebo/models/cpu_cases/mesh/cpu_cases.png
[1.186s] -- Installing: /home/koki-22/ac_search/vrx_ws/src/install/share/vrx_gazebo/models/cpu_cases/mesh/cpu_cases.dae
[1.186s] -- Installing: /home/koki-22/ac_search/vrx_ws/src/install/share/vrx_gazebo/models/cpu_cases/mesh/cpu_cases_Roughness.png
[1.189s] -- Installing: /home/koki-22/ac_search/vrx_ws/src/install/share/vrx_gazebo/models/cpu_cases/mesh/cpu_cases_Normal.png
[1.195s] -- Installing: /home/koki-22/ac_search/vrx_ws/src/install/share/vrx_gazebo/models/cpu_cases/mesh/cpu_cases_Metalness.png
[1.196s] -- Installing: /home/koki-22/ac_search/vrx_ws/src/install/share/vrx_gazebo/models/cpu_cases/model.sdf
[1.196s] -- Installing: /home/koki-22/ac_search/vrx_ws/src/install/share/vrx_gazebo/models/ball_shooter
[1.196s] -- Installing: /home/koki-22/ac_search/vrx_ws/src/install/share/vrx_gazebo/models/ball_shooter/meshes
[1.196s] -- Installing: /home/koki-22/ac_search/vrx_ws/src/install/share/vrx_gazebo/models/ball_shooter/meshes/ball_shooter_launcher.dae
[1.196s] -- Installing: /home/koki-22/ac_search/vrx_ws/src/install/share/vrx_gazebo/models/ball_shooter/meshes/ball_shooter_base.dae
[1.196s] -- Installing: /home/koki-22/ac_search/vrx_ws/src/install/share/vrx_gazebo/models/ball_shooter/meshes/Launcher_Albedo.png
[1.197s] -- Installing: /home/koki-22/ac_search/vrx_ws/src/install/share/vrx_gazebo/models/ball_shooter/meshes/Glass_BaseColor.png
[1.197s] -- Installing: /home/koki-22/ac_search/vrx_ws/src/install/share/vrx_gazebo/models/ball_shooter/meshes/Launcher_BaseColor.png
[1.199s] -- Installing: /home/koki-22/ac_search/vrx_ws/src/install/share/vrx_gazebo/models/ball_shooter/model.config
[1.199s] -- Installing: /home/koki-22/ac_search/vrx_ws/src/install/share/vrx_gazebo/models/ball_shooter/materials
[1.200s] -- Installing: /home/koki-22/ac_search/vrx_ws/src/install/share/vrx_gazebo/models/ball_shooter/materials/Textures
[1.200s] -- Installing: /home/koki-22/ac_search/vrx_ws/src/install/share/vrx_gazebo/models/ball_shooter/materials/Textures/Launcher_Albedo.png
[1.201s] -- Installing: /home/koki-22/ac_search/vrx_ws/src/install/share/vrx_gazebo/models/ball_shooter/materials/Textures/Launcher_Roughness.png
[1.202s] -- Installing: /home/koki-22/ac_search/vrx_ws/src/install/share/vrx_gazebo/models/ball_shooter/materials/Textures/Launcher_Normal.png
[1.202s] -- Installing: /home/koki-22/ac_search/vrx_ws/src/install/share/vrx_gazebo/models/ball_shooter/materials/Textures/Launcher_Metalness.png
[1.202s] -- Installing: /home/koki-22/ac_search/vrx_ws/src/install/share/vrx_gazebo/models/ball_shooter/model.sdf
[1.203s] -- Installing: /home/koki-22/ac_search/vrx_ws/src/install/share/vrx_gazebo/launch
[1.203s] -- Installing: /home/koki-22/ac_search/vrx_ws/src/install/share/vrx_gazebo/launch/generate_wamv.launch.py
[1.203s] -- Installing: /home/koki-22/ac_search/vrx_ws/src/install/share/vrx_gazebo/launch/rviz.launch.py
[1.203s] -- Installing: /home/koki-22/ac_search/vrx_ws/src/install/share/vrx_gazebo/config
[1.203s] -- Installing: /home/koki-22/ac_search/vrx_ws/src/install/share/vrx_gazebo/config/wamv_config
[1.204s] -- Installing: /home/koki-22/ac_search/vrx_ws/src/install/share/vrx_gazebo/config/wamv_config/example_component_config.yaml
[1.204s] -- Installing: /home/koki-22/ac_search/vrx_ws/src/install/share/vrx_gazebo/config/wamv_config/example_thruster_config.yaml
[1.204s] -- Installing: /home/koki-22/ac_search/vrx_ws/src/install/share/vrx_gazebo/config/wamv_config/component_compliance
[1.204s] -- Installing: /home/koki-22/ac_search/vrx_ws/src/install/share/vrx_gazebo/config/wamv_config/component_compliance/bounding_boxes.yaml
[1.204s] -- Installing: /home/koki-22/ac_search/vrx_ws/src/install/share/vrx_gazebo/config/wamv_config/component_compliance/numeric.yaml
[1.204s] -- Installing: /home/koki-22/ac_search/vrx_ws/src/install/share/vrx_gazebo/config/wamv_config/thruster_compliance
[1.204s] -- Installing: /home/koki-22/ac_search/vrx_ws/src/install/share/vrx_gazebo/config/wamv_config/thruster_compliance/bounding_boxes.yaml
[1.204s] -- Installing: /home/koki-22/ac_search/vrx_ws/src/install/share/vrx_gazebo/config/wamv_config/thruster_compliance/numeric.yaml
[1.204s] -- Installing: /home/koki-22/ac_search/vrx_ws/src/install/share/vrx_gazebo/config/rviz_vrx_rsp.rviz
[1.205s] -- Installing: /home/koki-22/ac_search/vrx_ws/src/install/share/vrx_gazebo/config/rviz_vrx_final.rviz
[1.205s] -- Installing: /home/koki-22/ac_search/vrx_ws/src/install/lib/vrx_gazebo/generate_wamv.py
[1.205s] -- Installing: /home/koki-22/ac_search/vrx_ws/src/install/share/vrx_gazebo/environment/pythonpath.sh
[1.205s] -- Installing: /home/koki-22/ac_search/vrx_ws/src/install/share/vrx_gazebo/environment/pythonpath.dsv
[1.205s] -- Installing: /home/koki-22/ac_search/vrx_ws/src/install/local/lib/python3.10/dist-packages/vrx_gazebo-1.3.0-py3.10.egg-info
[1.205s] -- Installing: /home/koki-22/ac_search/vrx_ws/src/install/local/lib/python3.10/dist-packages/vrx_gazebo-1.3.0-py3.10.egg-info/SOURCES.txt
[1.205s] -- Installing: /home/koki-22/ac_search/vrx_ws/src/install/local/lib/python3.10/dist-packages/vrx_gazebo-1.3.0-py3.10.egg-info/dependency_links.txt
[1.205s] -- Installing: /home/koki-22/ac_search/vrx_ws/src/install/local/lib/python3.10/dist-packages/vrx_gazebo-1.3.0-py3.10.egg-info/top_level.txt
[1.206s] -- Installing: /home/koki-22/ac_search/vrx_ws/src/install/local/lib/python3.10/dist-packages/vrx_gazebo-1.3.0-py3.10.egg-info/PKG-INFO
[1.206s] -- Installing: /home/koki-22/ac_search/vrx_ws/src/install/local/lib/python3.10/dist-packages/vrx_gazebo
[1.206s] -- Installing: /home/koki-22/ac_search/vrx_ws/src/install/local/lib/python3.10/dist-packages/vrx_gazebo/configure_wamv.py
[1.206s] -- Installing: /home/koki-22/ac_search/vrx_ws/src/install/local/lib/python3.10/dist-packages/vrx_gazebo/utils.py
[1.206s] -- Installing: /home/koki-22/ac_search/vrx_ws/src/install/local/lib/python3.10/dist-packages/vrx_gazebo/__init__.py
[1.206s] -- Installing: /home/koki-22/ac_search/vrx_ws/src/install/local/lib/python3.10/dist-packages/vrx_gazebo/compliance.py
[1.235s] Listing '/home/koki-22/ac_search/vrx_ws/src/install/local/lib/python3.10/dist-packages/vrx_gazebo'...
[1.236s] Compiling '/home/koki-22/ac_search/vrx_ws/src/install/local/lib/python3.10/dist-packages/vrx_gazebo/__init__.py'...
[1.236s] Compiling '/home/koki-22/ac_search/vrx_ws/src/install/local/lib/python3.10/dist-packages/vrx_gazebo/compliance.py'...
[1.236s] Compiling '/home/koki-22/ac_search/vrx_ws/src/install/local/lib/python3.10/dist-packages/vrx_gazebo/configure_wamv.py'...
[1.236s] Compiling '/home/koki-22/ac_search/vrx_ws/src/install/local/lib/python3.10/dist-packages/vrx_gazebo/utils.py'...
[1.239s] -- Installing: /home/koki-22/ac_search/vrx_ws/src/install/share/ament_index/resource_index/package_run_dependencies/vrx_gazebo
[1.239s] -- Installing: /home/koki-22/ac_search/vrx_ws/src/install/share/ament_index/resource_index/parent_prefix_path/vrx_gazebo
[1.240s] -- Installing: /home/koki-22/ac_search/vrx_ws/src/install/share/vrx_gazebo/environment/ament_prefix_path.sh
[1.240s] -- Installing: /home/koki-22/ac_search/vrx_ws/src/install/share/vrx_gazebo/environment/ament_prefix_path.dsv
[1.240s] -- Installing: /home/koki-22/ac_search/vrx_ws/src/install/share/vrx_gazebo/environment/path.sh
[1.240s] -- Installing: /home/koki-22/ac_search/vrx_ws/src/install/share/vrx_gazebo/environment/path.dsv
[1.240s] -- Installing: /home/koki-22/ac_search/vrx_ws/src/install/share/vrx_gazebo/local_setup.bash
[1.240s] -- Installing: /home/koki-22/ac_search/vrx_ws/src/install/share/vrx_gazebo/local_setup.sh
[1.241s] -- Installing: /home/koki-22/ac_search/vrx_ws/src/install/share/vrx_gazebo/local_setup.zsh
[1.241s] -- Installing: /home/koki-22/ac_search/vrx_ws/src/install/share/vrx_gazebo/local_setup.dsv
[1.241s] -- Installing: /home/koki-22/ac_search/vrx_ws/src/install/share/vrx_gazebo/package.dsv
[1.241s] -- Installing: /home/koki-22/ac_search/vrx_ws/src/install/share/ament_index/resource_index/packages/vrx_gazebo
[1.242s] -- Installing: /home/koki-22/ac_search/vrx_ws/src/install/share/vrx_gazebo/cmake/vrx_gazeboConfig.cmake
[1.242s] -- Installing: /home/koki-22/ac_search/vrx_ws/src/install/share/vrx_gazebo/cmake/vrx_gazeboConfig-version.cmake
[1.242s] -- Installing: /home/koki-22/ac_search/vrx_ws/src/install/share/vrx_gazebo/package.xml
[1.246s] Invoked command in '/home/koki-22/ac_search/vrx_ws/src/build/vrx_gazebo' returned '0': CMAKE_PREFIX_PATH=${CMAKE_PREFIX_PATH}:/opt/ros/humble /usr/bin/cmake --install /home/koki-22/ac_search/vrx_ws/src/build/vrx_gazebo
