[0.052s] Invoking command in '/home/gaia-22/ac_search/vrx_ws/build/vrx_gz': CMAKE_PREFIX_PATH=/opt/ros/humble:${CMAKE_PREFIX_PATH} PYTHONPATH=/home/gaia-22/ac_search/vrx_ws/install/lib/python3.10/site-packages:/home/gaia-22/ac_search/vrx_ws/install/local/lib/python3.10/dist-packages:/opt/ros/humble/lib/python3.10/site-packages:/opt/ros/humble/local/lib/python3.10/dist-packages /usr/bin/cmake --build /home/gaia-22/ac_search/vrx_ws/build/vrx_gz -- -j20 -l20
[0.089s] [  8%] Built target ScoringPlugin
[0.089s] [  8%] Built target Waves
[0.095s] [  8%] Built target ament_cmake_python_copy_vrx_gz
[0.117s] [ 18%] Built target PerceptionScoringPlugin
[0.117s] [ 18%] Built target GymkhanaScoringPlugin
[0.118s] [ 22%] Built target StationkeepingScoringPlugin
[0.123s] [ 37%] Built target WildlifeScoringPlugin
[0.123s] [ 41%] Built target Surface
[0.123s] [ 50%] Built target ScanDockScoringPlugin
[0.123s] [ 50%] Built target NavigationScoringPlugin
[0.123s] [ 62%] Built target PolyhedraBuoyancyDrag
[0.124s] [ 66%] Built target USVWind
[0.124s] [ 81%] Built target AcousticTrackingScoringPlugin
[0.125s] [ 91%] Built target WaveVisual
[0.125s] [ 77%] Built target PlacardPlugin
[0.125s] [ 93%] Built target AcousticPerceptionScoringPlugin
[0.125s] [ 93%] Built target AcousticPingerPlugin
[0.125s] [ 93%] Built target LightBuoyPlugin
[0.125s] [ 93%] Built target PublisherPlugin
[0.126s] [ 93%] Built target SimpleHydrodynamics
[0.126s] [ 93%] Built target BallShooterPlugin
[0.128s] [100%] Built target WayfindingScoringPlugin
[0.301s] running egg_info
[0.302s] writing vrx_gz.egg-info/PKG-INFO
[0.302s] writing dependency_links to vrx_gz.egg-info/dependency_links.txt
[0.302s] writing top-level names to vrx_gz.egg-info/top_level.txt
[2.460s] reading manifest file 'vrx_gz.egg-info/SOURCES.txt'
[2.460s] writing manifest file 'vrx_gz.egg-info/SOURCES.txt'
[2.479s] [100%] Built target ament_cmake_python_build_vrx_gz_egg
[2.594s] Invoked command in '/home/gaia-22/ac_search/vrx_ws/build/vrx_gz' returned '0': CMAKE_PREFIX_PATH=/opt/ros/humble:${CMAKE_PREFIX_PATH} PYTHONPATH=/home/gaia-22/ac_search/vrx_ws/install/lib/python3.10/site-packages:/home/gaia-22/ac_search/vrx_ws/install/local/lib/python3.10/dist-packages:/opt/ros/humble/lib/python3.10/site-packages:/opt/ros/humble/local/lib/python3.10/dist-packages /usr/bin/cmake --build /home/gaia-22/ac_search/vrx_ws/build/vrx_gz -- -j20 -l20
[2.671s] Invoking command in '/home/gaia-22/ac_search/vrx_ws/build/vrx_gz': CMAKE_PREFIX_PATH=/opt/ros/humble:${CMAKE_PREFIX_PATH} PYTHONPATH=/home/gaia-22/ac_search/vrx_ws/install/lib/python3.10/site-packages:/home/gaia-22/ac_search/vrx_ws/install/local/lib/python3.10/dist-packages:/opt/ros/humble/lib/python3.10/site-packages:/opt/ros/humble/local/lib/python3.10/dist-packages /usr/bin/cmake --install /home/gaia-22/ac_search/vrx_ws/build/vrx_gz
[2.676s] -- Install configuration: ""
[2.676s] -- Installing: /home/gaia-22/ac_search/vrx_ws/install/share/vrx_gz/environment/resource_paths.dsv
[2.676s] -- Up-to-date: /home/gaia-22/ac_search/vrx_ws/install/share/vrx_gz/environment/resource_paths.sh
[2.676s] -- Up-to-date: /home/gaia-22/ac_search/vrx_ws/install/lib/libWaves.so
[2.676s] -- Up-to-date: /home/gaia-22/ac_search/vrx_ws/install/lib/libPolyhedraBuoyancyDrag.so
[2.676s] -- Up-to-date: /home/gaia-22/ac_search/vrx_ws/install/lib/libScoringPlugin.so
[2.676s] -- Up-to-date: /home/gaia-22/ac_search/vrx_ws/install/lib/libStationkeepingScoringPlugin.so
[2.676s] -- Up-to-date: /home/gaia-22/ac_search/vrx_ws/install/lib/libWayfindingScoringPlugin.so
[2.676s] -- Up-to-date: /home/gaia-22/ac_search/vrx_ws/install/lib/libAcousticPerceptionScoringPlugin.so
[2.676s] -- Up-to-date: /home/gaia-22/ac_search/vrx_ws/install/lib/libAcousticTrackingScoringPlugin.so
[2.677s] -- Up-to-date: /home/gaia-22/ac_search/vrx_ws/install/lib/libAcousticPingerPlugin.so
[2.677s] -- Up-to-date: /home/gaia-22/ac_search/vrx_ws/install/lib/libBallShooterPlugin.so
[2.677s] -- Up-to-date: /home/gaia-22/ac_search/vrx_ws/install/lib/libLightBuoyPlugin.so
[2.677s] -- Up-to-date: /home/gaia-22/ac_search/vrx_ws/install/lib/libNavigationScoringPlugin.so
[2.677s] -- Up-to-date: /home/gaia-22/ac_search/vrx_ws/install/lib/libGymkhanaScoringPlugin.so
[2.677s] -- Up-to-date: /home/gaia-22/ac_search/vrx_ws/install/lib/libPerceptionScoringPlugin.so
[2.677s] -- Up-to-date: /home/gaia-22/ac_search/vrx_ws/install/lib/libPlacardPlugin.so
[2.677s] -- Up-to-date: /home/gaia-22/ac_search/vrx_ws/install/lib/libPublisherPlugin.so
[2.677s] -- Up-to-date: /home/gaia-22/ac_search/vrx_ws/install/lib/libScanDockScoringPlugin.so
[2.677s] -- Up-to-date: /home/gaia-22/ac_search/vrx_ws/install/lib/libSimpleHydrodynamics.so
[2.678s] -- Up-to-date: /home/gaia-22/ac_search/vrx_ws/install/lib/libSurface.so
[2.678s] -- Up-to-date: /home/gaia-22/ac_search/vrx_ws/install/lib/libUSVWind.so
[2.678s] -- Up-to-date: /home/gaia-22/ac_search/vrx_ws/install/lib/libWaveVisual.so
[2.678s] -- Up-to-date: /home/gaia-22/ac_search/vrx_ws/install/lib/libWildlifeScoringPlugin.so
[2.678s] -- Up-to-date: /home/gaia-22/ac_search/vrx_ws/install/share/vrx_gz/environment/pythonpath.sh
[2.678s] -- Up-to-date: /home/gaia-22/ac_search/vrx_ws/install/share/vrx_gz/environment/pythonpath.dsv
[2.678s] -- Up-to-date: /home/gaia-22/ac_search/vrx_ws/install/local/lib/python3.10/dist-packages/vrx_gz-0.0.0-py3.10.egg-info
[2.678s] -- Installing: /home/gaia-22/ac_search/vrx_ws/install/local/lib/python3.10/dist-packages/vrx_gz-0.0.0-py3.10.egg-info/dependency_links.txt
[2.678s] -- Installing: /home/gaia-22/ac_search/vrx_ws/install/local/lib/python3.10/dist-packages/vrx_gz-0.0.0-py3.10.egg-info/PKG-INFO
[2.678s] -- Installing: /home/gaia-22/ac_search/vrx_ws/install/local/lib/python3.10/dist-packages/vrx_gz-0.0.0-py3.10.egg-info/top_level.txt
[2.678s] -- Installing: /home/gaia-22/ac_search/vrx_ws/install/local/lib/python3.10/dist-packages/vrx_gz-0.0.0-py3.10.egg-info/SOURCES.txt
[2.678s] -- Up-to-date: /home/gaia-22/ac_search/vrx_ws/install/local/lib/python3.10/dist-packages/vrx_gz
[2.678s] -- Up-to-date: /home/gaia-22/ac_search/vrx_ws/install/local/lib/python3.10/dist-packages/vrx_gz/launch.py
[2.678s] -- Up-to-date: /home/gaia-22/ac_search/vrx_ws/install/local/lib/python3.10/dist-packages/vrx_gz/bridge.py
[2.678s] -- Up-to-date: /home/gaia-22/ac_search/vrx_ws/install/local/lib/python3.10/dist-packages/vrx_gz/__init__.py
[2.678s] -- Up-to-date: /home/gaia-22/ac_search/vrx_ws/install/local/lib/python3.10/dist-packages/vrx_gz/payload_bridges.py
[2.678s] -- Up-to-date: /home/gaia-22/ac_search/vrx_ws/install/local/lib/python3.10/dist-packages/vrx_gz/bridges.py
[2.678s] -- Up-to-date: /home/gaia-22/ac_search/vrx_ws/install/local/lib/python3.10/dist-packages/vrx_gz/model.py
[2.696s] Listing '/home/gaia-22/ac_search/vrx_ws/install/local/lib/python3.10/dist-packages/vrx_gz'...
[2.698s] -- Up-to-date: /home/gaia-22/ac_search/vrx_ws/install/share/vrx_gz/config
[2.698s] -- Installing: /home/gaia-22/ac_search/vrx_ws/install/share/vrx_gz/config/wamv.yaml
[2.698s] -- Up-to-date: /home/gaia-22/ac_search/vrx_ws/install/share/vrx_gz/launch
[2.698s] -- Installing: /home/gaia-22/ac_search/vrx_ws/install/share/vrx_gz/launch/spawn.launch.py
[2.698s] -- Up-to-date: /home/gaia-22/ac_search/vrx_ws/install/share/vrx_gz/launch/vrx_environment.launch.py
[2.698s] -- Up-to-date: /home/gaia-22/ac_search/vrx_ws/install/share/vrx_gz/launch/competition.launch.py
[2.698s] -- Up-to-date: /home/gaia-22/ac_search/vrx_ws/install/share/vrx_gz/launch/spawn_config.launch.py
[2.698s] -- Up-to-date: /home/gaia-22/ac_search/vrx_ws/install/share/vrx_gz/launch/usv_joy_teleop.launch.py
[2.698s] -- Up-to-date: /home/gaia-22/ac_search/vrx_ws/install/share/vrx_gz/models
[2.698s] -- Up-to-date: /home/gaia-22/ac_search/vrx_ws/install/share/vrx_gz/models/short_navigation_course_1
[2.698s] -- Up-to-date: /home/gaia-22/ac_search/vrx_ws/install/share/vrx_gz/models/short_navigation_course_1/model.sdf
[2.698s] -- Up-to-date: /home/gaia-22/ac_search/vrx_ws/install/share/vrx_gz/models/short_navigation_course_1/model.config
[2.698s] -- Up-to-date: /home/gaia-22/ac_search/vrx_ws/install/share/vrx_gz/models/coast_waves
[2.698s] -- Up-to-date: /home/gaia-22/ac_search/vrx_ws/install/share/vrx_gz/models/coast_waves/model.sdf
[2.698s] -- Up-to-date: /home/gaia-22/ac_search/vrx_ws/install/share/vrx_gz/models/coast_waves/model.config
[2.698s] -- Up-to-date: /home/gaia-22/ac_search/vrx_ws/install/share/vrx_gz/models/coast_waves/meshes
[2.698s] -- Up-to-date: /home/gaia-22/ac_search/vrx_ws/install/share/vrx_gz/models/coast_waves/meshes/waterlow.dae
[2.699s] -- Up-to-date: /home/gaia-22/ac_search/vrx_ws/install/share/vrx_gz/models/coast_waves/materials
[2.699s] -- Up-to-date: /home/gaia-22/ac_search/vrx_ws/install/share/vrx_gz/models/coast_waves/materials/programs
[2.699s] -- Up-to-date: /home/gaia-22/ac_search/vrx_ws/install/share/vrx_gz/models/coast_waves/materials/programs/GerstnerWaves_fs_330.glsl
[2.699s] -- Up-to-date: /home/gaia-22/ac_search/vrx_ws/install/share/vrx_gz/models/coast_waves/materials/programs/GerstnerWaves_vs_330.glsl
[2.699s] -- Up-to-date: /home/gaia-22/ac_search/vrx_ws/install/share/vrx_gz/models/coast_waves/materials/textures
[2.699s] -- Up-to-date: /home/gaia-22/ac_search/vrx_ws/install/share/vrx_gz/models/coast_waves/materials/textures/skybox_lowres.dds
[2.699s] -- Up-to-date: /home/gaia-22/ac_search/vrx_ws/install/share/vrx_gz/models/coast_waves/materials/textures/wave_normals.dds
[2.699s] -- Up-to-date: /home/gaia-22/ac_search/vrx_ws/install/share/vrx_gz/models/obstacle_course
[2.699s] -- Up-to-date: /home/gaia-22/ac_search/vrx_ws/install/share/vrx_gz/models/obstacle_course/model.sdf
[2.699s] -- Up-to-date: /home/gaia-22/ac_search/vrx_ws/install/share/vrx_gz/models/obstacle_course/model.config
[2.699s] -- Up-to-date: /home/gaia-22/ac_search/vrx_ws/install/share/vrx_gz/models/dock_2022_base
[2.699s] -- Up-to-date: /home/gaia-22/ac_search/vrx_ws/install/share/vrx_gz/models/dock_2022_base/model.sdf
[2.699s] -- Up-to-date: /home/gaia-22/ac_search/vrx_ws/install/share/vrx_gz/models/dock_2022_base/model.config
[2.699s] -- Up-to-date: /home/gaia-22/ac_search/vrx_ws/install/share/vrx_gz/models/robotx_light_buoy_rgy
[2.699s] -- Up-to-date: /home/gaia-22/ac_search/vrx_ws/install/share/vrx_gz/models/robotx_light_buoy_rgy/model.sdf
[2.699s] -- Up-to-date: /home/gaia-22/ac_search/vrx_ws/install/share/vrx_gz/models/robotx_light_buoy_rgy/model.config
[2.699s] -- Up-to-date: /home/gaia-22/ac_search/vrx_ws/install/share/vrx_gz/models/short_navigation_course_5
[2.699s] -- Up-to-date: /home/gaia-22/ac_search/vrx_ws/install/share/vrx_gz/models/short_navigation_course_5/model.sdf
[2.699s] -- Up-to-date: /home/gaia-22/ac_search/vrx_ws/install/share/vrx_gz/models/short_navigation_course_5/model.config
[2.699s] -- Up-to-date: /home/gaia-22/ac_search/vrx_ws/install/share/vrx_gz/models/robotx_light_buoy_rgb
[2.699s] -- Up-to-date: /home/gaia-22/ac_search/vrx_ws/install/share/vrx_gz/models/robotx_light_buoy_rgb/model.sdf
[2.699s] -- Up-to-date: /home/gaia-22/ac_search/vrx_ws/install/share/vrx_gz/models/robotx_light_buoy_rgb/model.config
[2.699s] -- Up-to-date: /home/gaia-22/ac_search/vrx_ws/install/share/vrx_gz/models/robotx_light_buoy_rgb/mesh
[2.699s] -- Up-to-date: /home/gaia-22/ac_search/vrx_ws/install/share/vrx_gz/models/robotx_light_buoy_rgb/mesh/LightTower_Normal.png
[2.699s] -- Up-to-date: /home/gaia-22/ac_search/vrx_ws/install/share/vrx_gz/models/robotx_light_buoy_rgb/mesh/LightTower_Metalness.png
[2.699s] -- Up-to-date: /home/gaia-22/ac_search/vrx_ws/install/share/vrx_gz/models/robotx_light_buoy_rgb/mesh/robotx_light_buoy.dae
[2.699s] -- Up-to-date: /home/gaia-22/ac_search/vrx_ws/install/share/vrx_gz/models/robotx_light_buoy_rgb/mesh/LightTower_Roughness.png
[2.699s] -- Up-to-date: /home/gaia-22/ac_search/vrx_ws/install/share/vrx_gz/models/robotx_light_buoy_rgb/mesh/LightTower_Albedo.png
[2.699s] -- Up-to-date: /home/gaia-22/ac_search/vrx_ws/install/share/vrx_gz/models/robotx_light_buoy_rgb/mesh/LightTower_Opacity.png
[2.699s] -- Up-to-date: /home/gaia-22/ac_search/vrx_ws/install/share/vrx_gz/models/symbol_triangle
[2.699s] -- Up-to-date: /home/gaia-22/ac_search/vrx_ws/install/share/vrx_gz/models/symbol_triangle/model.sdf
[2.700s] -- Up-to-date: /home/gaia-22/ac_search/vrx_ws/install/share/vrx_gz/models/symbol_triangle/model.config
[2.700s] -- Up-to-date: /home/gaia-22/ac_search/vrx_ws/install/share/vrx_gz/models/symbol_triangle/mesh
[2.700s] -- Up-to-date: /home/gaia-22/ac_search/vrx_ws/install/share/vrx_gz/models/symbol_triangle/mesh/triangle.dae
[2.700s] -- Up-to-date: /home/gaia-22/ac_search/vrx_ws/install/share/vrx_gz/models/robotx_light_buoy_ygb
[2.700s] -- Up-to-date: /home/gaia-22/ac_search/vrx_ws/install/share/vrx_gz/models/robotx_light_buoy_ygb/model.sdf
[2.700s] -- Up-to-date: /home/gaia-22/ac_search/vrx_ws/install/share/vrx_gz/models/robotx_light_buoy_ygb/model.config
[2.700s] -- Up-to-date: /home/gaia-22/ac_search/vrx_ws/install/share/vrx_gz/models/robotx_light_buoy_rbg
[2.700s] -- Up-to-date: /home/gaia-22/ac_search/vrx_ws/install/share/vrx_gz/models/robotx_light_buoy_rbg/model.sdf
[2.700s] -- Up-to-date: /home/gaia-22/ac_search/vrx_ws/install/share/vrx_gz/models/robotx_light_buoy_rbg/model.config
[2.700s] -- Up-to-date: /home/gaia-22/ac_search/vrx_ws/install/share/vrx_gz/models/robotx_light_buoy_bgy
[2.700s] -- Up-to-date: /home/gaia-22/ac_search/vrx_ws/install/share/vrx_gz/models/robotx_light_buoy_bgy/model.sdf
[2.700s] -- Up-to-date: /home/gaia-22/ac_search/vrx_ws/install/share/vrx_gz/models/robotx_light_buoy_bgy/model.config
[2.700s] -- Up-to-date: /home/gaia-22/ac_search/vrx_ws/install/share/vrx_gz/models/placard_2022
[2.700s] -- Up-to-date: /home/gaia-22/ac_search/vrx_ws/install/share/vrx_gz/models/placard_2022/model.sdf
[2.700s] -- Up-to-date: /home/gaia-22/ac_search/vrx_ws/install/share/vrx_gz/models/placard_2022/model.config
[2.700s] -- Up-to-date: /home/gaia-22/ac_search/vrx_ws/install/share/vrx_gz/models/placard_2022/meshes
[2.700s] -- Up-to-date: /home/gaia-22/ac_search/vrx_ws/install/share/vrx_gz/models/placard_2022/meshes/placard_2022.dae
[2.700s] -- Up-to-date: /home/gaia-22/ac_search/vrx_ws/install/share/vrx_gz/models/placard_2022/materials
[2.700s] -- Up-to-date: /home/gaia-22/ac_search/vrx_ws/install/share/vrx_gz/models/placard_2022/materials/textures
[2.700s] -- Up-to-date: /home/gaia-22/ac_search/vrx_ws/install/share/vrx_gz/models/placard_2022/materials/textures/Placard.png
[2.700s] -- Up-to-date: /home/gaia-22/ac_search/vrx_ws/install/share/vrx_gz/models/short_course_2023_phase3_1
[2.700s] -- Up-to-date: /home/gaia-22/ac_search/vrx_ws/install/share/vrx_gz/models/short_course_2023_phase3_1/model.sdf
[2.700s] -- Up-to-date: /home/gaia-22/ac_search/vrx_ws/install/share/vrx_gz/models/short_course_2023_phase3_1/model.config
[2.700s] -- Up-to-date: /home/gaia-22/ac_search/vrx_ws/install/share/vrx_gz/models/robotx_light_buoy_bgr
[2.700s] -- Up-to-date: /home/gaia-22/ac_search/vrx_ws/install/share/vrx_gz/models/robotx_light_buoy_bgr/model.sdf
[2.700s] -- Up-to-date: /home/gaia-22/ac_search/vrx_ws/install/share/vrx_gz/models/robotx_light_buoy_bgr/model.config
[2.700s] -- Up-to-date: /home/gaia-22/ac_search/vrx_ws/install/share/vrx_gz/models/short_navigation_course_3
[2.700s] -- Up-to-date: /home/gaia-22/ac_search/vrx_ws/install/share/vrx_gz/models/short_navigation_course_3/model.sdf
[2.700s] -- Up-to-date: /home/gaia-22/ac_search/vrx_ws/install/share/vrx_gz/models/short_navigation_course_3/model.config
[2.700s] -- Up-to-date: /home/gaia-22/ac_search/vrx_ws/install/share/vrx_gz/models/short_navigation_course_4
[2.700s] -- Up-to-date: /home/gaia-22/ac_search/vrx_ws/install/share/vrx_gz/models/short_navigation_course_4/model.sdf
[2.700s] -- Up-to-date: /home/gaia-22/ac_search/vrx_ws/install/share/vrx_gz/models/short_navigation_course_4/model.config
[2.700s] -- Up-to-date: /home/gaia-22/ac_search/vrx_ws/install/share/vrx_gz/models/entrance_exit
[2.700s] -- Up-to-date: /home/gaia-22/ac_search/vrx_ws/install/share/vrx_gz/models/entrance_exit/model.sdf
[2.700s] -- Up-to-date: /home/gaia-22/ac_search/vrx_ws/install/share/vrx_gz/models/entrance_exit/model.config
[2.700s] -- Up-to-date: /home/gaia-22/ac_search/vrx_ws/install/share/vrx_gz/models/robotx_light_buoy_ybr
[2.700s] -- Up-to-date: /home/gaia-22/ac_search/vrx_ws/install/share/vrx_gz/models/robotx_light_buoy_ybr/model.sdf
[2.701s] -- Up-to-date: /home/gaia-22/ac_search/vrx_ws/install/share/vrx_gz/models/robotx_light_buoy_ybr/model.config
[2.701s] -- Up-to-date: /home/gaia-22/ac_search/vrx_ws/install/share/vrx_gz/models/roboboat_cpubox
[2.701s] -- Up-to-date: /home/gaia-22/ac_search/vrx_ws/install/share/vrx_gz/models/roboboat_cpubox/model.sdf
[2.701s] -- Up-to-date: /home/gaia-22/ac_search/vrx_ws/install/share/vrx_gz/models/roboboat_cpubox/model.config
[2.701s] -- Up-to-date: /home/gaia-22/ac_search/vrx_ws/install/share/vrx_gz/models/roboboat_cpubox/meshes
[2.701s] -- Up-to-date: /home/gaia-22/ac_search/vrx_ws/install/share/vrx_gz/models/roboboat_cpubox/meshes/drybox.dae
[2.701s] -- Up-to-date: /home/gaia-22/ac_search/vrx_ws/install/share/vrx_gz/models/roboboat_cpubox/materials
[2.701s] -- Up-to-date: /home/gaia-22/ac_search/vrx_ws/install/share/vrx_gz/models/roboboat_cpubox/materials/textures
[2.701s] -- Up-to-date: /home/gaia-22/ac_search/vrx_ws/install/share/vrx_gz/models/roboboat_cpubox/materials/textures/DryBox_Roughness.png
[2.701s] -- Up-to-date: /home/gaia-22/ac_search/vrx_ws/install/share/vrx_gz/models/roboboat_cpubox/materials/textures/DryBox_Albedo.png
[2.701s] -- Up-to-date: /home/gaia-22/ac_search/vrx_ws/install/share/vrx_gz/models/short_navigation_course_0
[2.701s] -- Up-to-date: /home/gaia-22/ac_search/vrx_ws/install/share/vrx_gz/models/short_navigation_course_0/model.sdf
[2.701s] -- Up-to-date: /home/gaia-22/ac_search/vrx_ws/install/share/vrx_gz/models/short_navigation_course_0/model.config
[2.701s] -- Up-to-date: /home/gaia-22/ac_search/vrx_ws/install/share/vrx_gz/models/roboboat01
[2.701s] -- Up-to-date: /home/gaia-22/ac_search/vrx_ws/install/share/vrx_gz/models/roboboat01/model.sdf
[2.701s] -- Up-to-date: /home/gaia-22/ac_search/vrx_ws/install/share/vrx_gz/models/roboboat01/model.config
[2.701s] -- Up-to-date: /home/gaia-22/ac_search/vrx_ws/install/share/vrx_gz/models/roboboat01/meshes
[2.701s] -- Up-to-date: /home/gaia-22/ac_search/vrx_ws/install/share/vrx_gz/models/roboboat01/meshes/mount.dae
[2.701s] -- Up-to-date: /home/gaia-22/ac_search/vrx_ws/install/share/vrx_gz/models/roboboat01/meshes/prop.dae
[2.701s] -- Up-to-date: /home/gaia-22/ac_search/vrx_ws/install/share/vrx_gz/models/roboboat01/meshes/roboboat01.dae
[2.701s] -- Up-to-date: /home/gaia-22/ac_search/vrx_ws/install/share/vrx_gz/models/roboboat01/meshes/housing.dae
[2.701s] -- Up-to-date: /home/gaia-22/ac_search/vrx_ws/install/share/vrx_gz/models/roboboat01/materials
[2.701s] -- Up-to-date: /home/gaia-22/ac_search/vrx_ws/install/share/vrx_gz/models/roboboat01/materials/scripts
[2.701s] -- Up-to-date: /home/gaia-22/ac_search/vrx_ws/install/share/vrx_gz/models/roboboat01/materials/scripts/model.material
[2.701s] -- Up-to-date: /home/gaia-22/ac_search/vrx_ws/install/share/vrx_gz/models/roboboat01/materials/textures
[2.701s] -- Up-to-date: /home/gaia-22/ac_search/vrx_ws/install/share/vrx_gz/models/roboboat01/materials/textures/Boat01_Metallic.png
[2.701s] -- Up-to-date: /home/gaia-22/ac_search/vrx_ws/install/share/vrx_gz/models/roboboat01/materials/textures/Boat01_Normal.png
[2.701s] -- Up-to-date: /home/gaia-22/ac_search/vrx_ws/install/share/vrx_gz/models/roboboat01/materials/textures/Boat01_Roughness.png
[2.701s] -- Up-to-date: /home/gaia-22/ac_search/vrx_ws/install/share/vrx_gz/models/roboboat01/materials/textures/Thruster_Albedo.png
[2.701s] -- Up-to-date: /home/gaia-22/ac_search/vrx_ws/install/share/vrx_gz/models/roboboat01/materials/textures/Boat01_Albedo.png
[2.701s] -- Up-to-date: /home/gaia-22/ac_search/vrx_ws/install/share/vrx_gz/models/roboboat01/materials/textures/Thruster_Roughness.png
[2.701s] -- Up-to-date: /home/gaia-22/ac_search/vrx_ws/install/share/vrx_gz/models/platform
[2.701s] -- Up-to-date: /home/gaia-22/ac_search/vrx_ws/install/share/vrx_gz/models/platform/model.sdf
[2.701s] -- Up-to-date: /home/gaia-22/ac_search/vrx_ws/install/share/vrx_gz/models/platform/model.config
[2.701s] -- Up-to-date: /home/gaia-22/ac_search/vrx_ws/install/share/vrx_gz/models/short_navigation_course_2
[2.701s] -- Up-to-date: /home/gaia-22/ac_search/vrx_ws/install/share/vrx_gz/models/short_navigation_course_2/model.sdf
[2.701s] -- Up-to-date: /home/gaia-22/ac_search/vrx_ws/install/share/vrx_gz/models/short_navigation_course_2/model.config
[2.701s] -- Up-to-date: /home/gaia-22/ac_search/vrx_ws/install/share/vrx_gz/models/articulated_platform
[2.701s] -- Up-to-date: /home/gaia-22/ac_search/vrx_ws/install/share/vrx_gz/models/articulated_platform/model.sdf
[2.701s] -- Up-to-date: /home/gaia-22/ac_search/vrx_ws/install/share/vrx_gz/models/articulated_platform/model.config
[2.701s] -- Up-to-date: /home/gaia-22/ac_search/vrx_ws/install/share/vrx_gz/models/dock_block_4x4
[2.702s] -- Up-to-date: /home/gaia-22/ac_search/vrx_ws/install/share/vrx_gz/models/dock_block_4x4/model.sdf
[2.702s] -- Up-to-date: /home/gaia-22/ac_search/vrx_ws/install/share/vrx_gz/models/dock_block_4x4/model.config
[2.702s] -- Up-to-date: /home/gaia-22/ac_search/vrx_ws/install/share/vrx_gz/models/dock_block_4x4/mesh
[2.702s] -- Up-to-date: /home/gaia-22/ac_search/vrx_ws/install/share/vrx_gz/models/dock_block_4x4/mesh/DockCubes_Normal.png
[2.702s] -- Up-to-date: /home/gaia-22/ac_search/vrx_ws/install/share/vrx_gz/models/dock_block_4x4/mesh/DockCubes_Albedo.png
[2.702s] -- Up-to-date: /home/gaia-22/ac_search/vrx_ws/install/share/vrx_gz/models/dock_block_4x4/mesh/dock_block_4x4.dae
[2.702s] -- Up-to-date: /home/gaia-22/ac_search/vrx_ws/install/share/vrx_gz/models/dock_block_4x4/mesh/DockCubes_Metalness.png
[2.702s] -- Up-to-date: /home/gaia-22/ac_search/vrx_ws/install/share/vrx_gz/models/dock_block_4x4/mesh/DockCubes_Roughness.png
[2.702s] -- Up-to-date: /home/gaia-22/ac_search/vrx_ws/install/share/vrx_gz/models/roboboat02
[2.702s] -- Up-to-date: /home/gaia-22/ac_search/vrx_ws/install/share/vrx_gz/models/roboboat02/model.sdf
[2.702s] -- Up-to-date: /home/gaia-22/ac_search/vrx_ws/install/share/vrx_gz/models/roboboat02/model.config
[2.702s] -- Up-to-date: /home/gaia-22/ac_search/vrx_ws/install/share/vrx_gz/models/roboboat02/meshes
[2.702s] -- Up-to-date: /home/gaia-22/ac_search/vrx_ws/install/share/vrx_gz/models/roboboat02/meshes/roboboat02.dae
[2.702s] -- Up-to-date: /home/gaia-22/ac_search/vrx_ws/install/share/vrx_gz/models/roboboat02/materials
[2.702s] -- Up-to-date: /home/gaia-22/ac_search/vrx_ws/install/share/vrx_gz/models/roboboat02/materials/scripts
[2.702s] -- Up-to-date: /home/gaia-22/ac_search/vrx_ws/install/share/vrx_gz/models/roboboat02/materials/scripts/model.material
[2.702s] -- Up-to-date: /home/gaia-22/ac_search/vrx_ws/install/share/vrx_gz/models/roboboat02/materials/textures
[2.702s] -- Up-to-date: /home/gaia-22/ac_search/vrx_ws/install/share/vrx_gz/models/roboboat02/materials/textures/Boat02_Albedo.png
[2.702s] -- Up-to-date: /home/gaia-22/ac_search/vrx_ws/install/share/vrx_gz/models/roboboat02/materials/textures/Boat02_Normal.png
[2.702s] -- Up-to-date: /home/gaia-22/ac_search/vrx_ws/install/share/vrx_gz/models/roboboat02/materials/textures/Boat02_Roughness.png
[2.702s] -- Up-to-date: /home/gaia-22/ac_search/vrx_ws/install/share/vrx_gz/models/roboboat02/materials/textures/Boat02_Metallic.png
[2.702s] -- Up-to-date: /home/gaia-22/ac_search/vrx_ws/install/share/vrx_gz/models/short_course_2023_phase3_2
[2.702s] -- Up-to-date: /home/gaia-22/ac_search/vrx_ws/install/share/vrx_gz/models/short_course_2023_phase3_2/model.sdf
[2.702s] -- Up-to-date: /home/gaia-22/ac_search/vrx_ws/install/share/vrx_gz/models/short_course_2023_phase3_2/model.config
[2.702s] -- Up-to-date: /home/gaia-22/ac_search/vrx_ws/install/share/vrx_gz/models/robotx_light_buoy_gbr
[2.702s] -- Up-to-date: /home/gaia-22/ac_search/vrx_ws/install/share/vrx_gz/models/robotx_light_buoy_gbr/model.sdf
[2.702s] -- Up-to-date: /home/gaia-22/ac_search/vrx_ws/install/share/vrx_gz/models/robotx_light_buoy_gbr/model.config
[2.702s] -- Up-to-date: /home/gaia-22/ac_search/vrx_ws/install/share/vrx_gz/models/robotx_light_buoy_yrg
[2.702s] -- Up-to-date: /home/gaia-22/ac_search/vrx_ws/install/share/vrx_gz/models/robotx_light_buoy_yrg/model.sdf
[2.702s] -- Up-to-date: /home/gaia-22/ac_search/vrx_ws/install/share/vrx_gz/models/robotx_light_buoy_yrg/model.config
[2.702s] -- Up-to-date: /home/gaia-22/ac_search/vrx_ws/install/share/vrx_gz/models/dock_2022
[2.702s] -- Up-to-date: /home/gaia-22/ac_search/vrx_ws/install/share/vrx_gz/models/dock_2022/model.sdf
[2.702s] -- Up-to-date: /home/gaia-22/ac_search/vrx_ws/install/share/vrx_gz/models/dock_2022/model.config
[2.703s] -- Up-to-date: /home/gaia-22/ac_search/vrx_ws/install/share/vrx_gz/worlds
[2.703s] -- Up-to-date: /home/gaia-22/ac_search/vrx_ws/install/share/vrx_gz/worlds/wayfinding_task.sdf
[2.703s] -- Up-to-date: /home/gaia-22/ac_search/vrx_ws/install/share/vrx_gz/worlds/navigation_task.sdf
[2.703s] -- Up-to-date: /home/gaia-22/ac_search/vrx_ws/install/share/vrx_gz/worlds/acoustic_perception_task.sdf
[2.703s] -- Up-to-date: /home/gaia-22/ac_search/vrx_ws/install/share/vrx_gz/worlds/2023_practice
[2.703s] -- Up-to-date: /home/gaia-22/ac_search/vrx_ws/install/share/vrx_gz/worlds/2023_practice/practice_2023_acoustic_perception1_task.sdf
[2.703s] -- Up-to-date: /home/gaia-22/ac_search/vrx_ws/install/share/vrx_gz/worlds/2023_practice/practice_2023_scan_dock_deliver1_task.sdf
[2.703s] -- Up-to-date: /home/gaia-22/ac_search/vrx_ws/install/share/vrx_gz/worlds/2023_practice/practice_2023_perception2_task.sdf
[2.703s] -- Up-to-date: /home/gaia-22/ac_search/vrx_ws/install/share/vrx_gz/worlds/2023_practice/practice_2023_wildlife1_task.sdf
[2.703s] -- Up-to-date: /home/gaia-22/ac_search/vrx_ws/install/share/vrx_gz/worlds/2023_practice/practice_2023_acoustic_perception0_task.sdf
[2.703s] -- Up-to-date: /home/gaia-22/ac_search/vrx_ws/install/share/vrx_gz/worlds/2023_practice/practice_2023_follow_path0_task.sdf
[2.703s] -- Up-to-date: /home/gaia-22/ac_search/vrx_ws/install/share/vrx_gz/worlds/2023_practice/practice_2023_acoustic_tracking2_task.sdf
[2.703s] -- Up-to-date: /home/gaia-22/ac_search/vrx_ws/install/share/vrx_gz/worlds/2023_practice/practice_2023_wildlife0_task.sdf
[2.703s] -- Up-to-date: /home/gaia-22/ac_search/vrx_ws/install/share/vrx_gz/worlds/2023_practice/practice_2023_wayfinding2_task.sdf
[2.703s] -- Up-to-date: /home/gaia-22/ac_search/vrx_ws/install/share/vrx_gz/worlds/2023_practice/practice_2023_wayfinding0_task.sdf
[2.703s] -- Up-to-date: /home/gaia-22/ac_search/vrx_ws/install/share/vrx_gz/worlds/2023_practice/practice_2023_acoustic_tracking1_task.sdf
[2.703s] -- Up-to-date: /home/gaia-22/ac_search/vrx_ws/install/share/vrx_gz/worlds/2023_practice/practice_2023_acoustic_perception2_task.sdf
[2.703s] -- Up-to-date: /home/gaia-22/ac_search/vrx_ws/install/share/vrx_gz/worlds/2023_practice/practice_2023_stationkeeping0_task.sdf
[2.703s] -- Up-to-date: /home/gaia-22/ac_search/vrx_ws/install/share/vrx_gz/worlds/2023_practice/practice_2023_acoustic_tracking0_task.sdf
[2.703s] -- Up-to-date: /home/gaia-22/ac_search/vrx_ws/install/share/vrx_gz/worlds/2023_practice/practice_2023_follow_path2_task.sdf
[2.703s] -- Up-to-date: /home/gaia-22/ac_search/vrx_ws/install/share/vrx_gz/worlds/2023_practice/practice_2023_scan_dock_deliver2_task.sdf
[2.703s] -- Up-to-date: /home/gaia-22/ac_search/vrx_ws/install/share/vrx_gz/worlds/2023_practice/practice_2023_stationkeeping2_task.sdf
[2.703s] -- Up-to-date: /home/gaia-22/ac_search/vrx_ws/install/share/vrx_gz/worlds/2023_practice/practice_2023_perception0_task.sdf
[2.703s] -- Up-to-date: /home/gaia-22/ac_search/vrx_ws/install/share/vrx_gz/worlds/2023_practice/practice_2023_stationkeeping1_task.sdf
[2.703s] -- Up-to-date: /home/gaia-22/ac_search/vrx_ws/install/share/vrx_gz/worlds/2023_practice/practice_2023_follow_path1_task.sdf
[2.703s] -- Up-to-date: /home/gaia-22/ac_search/vrx_ws/install/share/vrx_gz/worlds/2023_practice/practice_2023_wayfinding1_task.sdf
[2.703s] -- Up-to-date: /home/gaia-22/ac_search/vrx_ws/install/share/vrx_gz/worlds/2023_practice/practice_2023_perception1_task.sdf
[2.704s] -- Up-to-date: /home/gaia-22/ac_search/vrx_ws/install/share/vrx_gz/worlds/2023_practice/practice_2023_wildlife2_task.sdf
[2.704s] -- Up-to-date: /home/gaia-22/ac_search/vrx_ws/install/share/vrx_gz/worlds/2023_practice/practice_2023_scan_dock_deliver0_task.sdf
[2.704s] -- Up-to-date: /home/gaia-22/ac_search/vrx_ws/install/share/vrx_gz/worlds/sydney_regatta.sdf
[2.704s] -- Up-to-date: /home/gaia-22/ac_search/vrx_ws/install/share/vrx_gz/worlds/follow_path_task.sdf
[2.704s] -- Up-to-date: /home/gaia-22/ac_search/vrx_ws/install/share/vrx_gz/worlds/scan_dock_deliver_task.sdf
[2.704s] -- Up-to-date: /home/gaia-22/ac_search/vrx_ws/install/share/vrx_gz/worlds/perception_task.sdf
[2.704s] -- Up-to-date: /home/gaia-22/ac_search/vrx_ws/install/share/vrx_gz/worlds/wildlife_task.sdf
[2.704s] -- Up-to-date: /home/gaia-22/ac_search/vrx_ws/install/share/vrx_gz/worlds/acoustic_tracking_task.sdf
[2.704s] -- Up-to-date: /home/gaia-22/ac_search/vrx_ws/install/share/vrx_gz/worlds/stationkeeping_task.sdf
[2.704s] -- Up-to-date: /home/gaia-22/ac_search/vrx_ws/install/share/vrx_gz/worlds/gymkhana_task.sdf
[2.704s] -- Up-to-date: /home/gaia-22/ac_search/vrx_ws/install/share/vrx_gz/worlds/nbpark.sdf
[2.704s] -- Up-to-date: /home/gaia-22/ac_search/vrx_ws/install/share/ament_index/resource_index/package_run_dependencies/vrx_gz
[2.704s] -- Installing: /home/gaia-22/ac_search/vrx_ws/install/share/ament_index/resource_index/parent_prefix_path/vrx_gz
[2.704s] -- Up-to-date: /home/gaia-22/ac_search/vrx_ws/install/share/vrx_gz/environment/ament_prefix_path.sh
[2.704s] -- Up-to-date: /home/gaia-22/ac_search/vrx_ws/install/share/vrx_gz/environment/ament_prefix_path.dsv
[2.704s] -- Up-to-date: /home/gaia-22/ac_search/vrx_ws/install/share/vrx_gz/environment/path.sh
[2.704s] -- Up-to-date: /home/gaia-22/ac_search/vrx_ws/install/share/vrx_gz/environment/path.dsv
[2.704s] -- Up-to-date: /home/gaia-22/ac_search/vrx_ws/install/share/vrx_gz/local_setup.bash
[2.704s] -- Installing: /home/gaia-22/ac_search/vrx_ws/install/share/vrx_gz/local_setup.sh
[2.704s] -- Up-to-date: /home/gaia-22/ac_search/vrx_ws/install/share/vrx_gz/local_setup.zsh
[2.704s] -- Up-to-date: /home/gaia-22/ac_search/vrx_ws/install/share/vrx_gz/local_setup.dsv
[2.704s] -- Installing: /home/gaia-22/ac_search/vrx_ws/install/share/vrx_gz/package.dsv
[2.704s] -- Up-to-date: /home/gaia-22/ac_search/vrx_ws/install/share/ament_index/resource_index/packages/vrx_gz
[2.704s] -- Up-to-date: /home/gaia-22/ac_search/vrx_ws/install/share/vrx_gz/cmake/vrx_gzConfig.cmake
[2.704s] -- Up-to-date: /home/gaia-22/ac_search/vrx_ws/install/share/vrx_gz/cmake/vrx_gzConfig-version.cmake
[2.704s] -- Up-to-date: /home/gaia-22/ac_search/vrx_ws/install/share/vrx_gz/package.xml
[2.704s] Invoked command in '/home/gaia-22/ac_search/vrx_ws/build/vrx_gz' returned '0': CMAKE_PREFIX_PATH=/opt/ros/humble:${CMAKE_PREFIX_PATH} PYTHONPATH=/home/gaia-22/ac_search/vrx_ws/install/lib/python3.10/site-packages:/home/gaia-22/ac_search/vrx_ws/install/local/lib/python3.10/dist-packages:/opt/ros/humble/lib/python3.10/site-packages:/opt/ros/humble/local/lib/python3.10/dist-packages /usr/bin/cmake --install /home/gaia-22/ac_search/vrx_ws/build/vrx_gz
