[0.512s] Invoking command in '/home/gaia-22/ac_search/vrx_ws/build/vrx_ros': CMAKE_PREFIX_PATH=${CMAKE_PREFIX_PATH}:/opt/ros/humble /usr/bin/cmake --build /home/gaia-22/ac_search/vrx_ws/build/vrx_ros -- -j20 -l20
[1.030s] [ 50%] Built target optical_frame_publisher
[1.030s] [100%] Built target pose_tf_broadcaster
[1.287s] Invoked command in '/home/gaia-22/ac_search/vrx_ws/build/vrx_ros' returned '0': CMAKE_PREFIX_PATH=${CMAKE_PREFIX_PATH}:/opt/ros/humble /usr/bin/cmake --build /home/gaia-22/ac_search/vrx_ws/build/vrx_ros -- -j20 -l20
[1.312s] Invoking command in '/home/gaia-22/ac_search/vrx_ws/build/vrx_ros': CMAKE_PREFIX_PATH=${CMAKE_PREFIX_PATH}:/opt/ros/humble /usr/bin/cmake --install /home/gaia-22/ac_search/vrx_ws/build/vrx_ros
[1.318s] -- Install configuration: ""
[1.318s] -- Up-to-date: /home/gaia-22/ac_search/vrx_ws/install/lib/vrx_ros/optical_frame_publisher
[1.318s] -- Up-to-date: /home/gaia-22/ac_search/vrx_ws/install/lib/vrx_ros/pose_tf_broadcaster
[1.318s] -- Up-to-date: /home/gaia-22/ac_search/vrx_ws/install/share/vrx_ros/launch
[1.318s] -- Up-to-date: /home/gaia-22/ac_search/vrx_ws/install/share/vrx_ros/launch/monitor_sim.py
[1.318s] -- Up-to-date: /home/gaia-22/ac_search/vrx_ws/install/share/ament_index/resource_index/package_run_dependencies/vrx_ros
[1.318s] -- Up-to-date: /home/gaia-22/ac_search/vrx_ws/install/share/ament_index/resource_index/parent_prefix_path/vrx_ros
[1.318s] -- Up-to-date: /home/gaia-22/ac_search/vrx_ws/install/share/vrx_ros/environment/ament_prefix_path.sh
[1.319s] -- Up-to-date: /home/gaia-22/ac_search/vrx_ws/install/share/vrx_ros/environment/ament_prefix_path.dsv
[1.319s] -- Up-to-date: /home/gaia-22/ac_search/vrx_ws/install/share/vrx_ros/environment/path.sh
[1.319s] -- Up-to-date: /home/gaia-22/ac_search/vrx_ws/install/share/vrx_ros/environment/path.dsv
[1.319s] -- Up-to-date: /home/gaia-22/ac_search/vrx_ws/install/share/vrx_ros/local_setup.bash
[1.319s] -- Up-to-date: /home/gaia-22/ac_search/vrx_ws/install/share/vrx_ros/local_setup.sh
[1.319s] -- Up-to-date: /home/gaia-22/ac_search/vrx_ws/install/share/vrx_ros/local_setup.zsh
[1.319s] -- Up-to-date: /home/gaia-22/ac_search/vrx_ws/install/share/vrx_ros/local_setup.dsv
[1.319s] -- Installing: /home/gaia-22/ac_search/vrx_ws/install/share/vrx_ros/package.dsv
[1.319s] -- Up-to-date: /home/gaia-22/ac_search/vrx_ws/install/share/ament_index/resource_index/packages/vrx_ros
[1.319s] -- Up-to-date: /home/gaia-22/ac_search/vrx_ws/install/share/vrx_ros/cmake/vrx_rosConfig.cmake
[1.319s] -- Up-to-date: /home/gaia-22/ac_search/vrx_ws/install/share/vrx_ros/cmake/vrx_rosConfig-version.cmake
[1.319s] -- Up-to-date: /home/gaia-22/ac_search/vrx_ws/install/share/vrx_ros/package.xml
[1.321s] Invoked command in '/home/gaia-22/ac_search/vrx_ws/build/vrx_ros' returned '0': CMAKE_PREFIX_PATH=${CMAKE_PREFIX_PATH}:/opt/ros/humble /usr/bin/cmake --install /home/gaia-22/ac_search/vrx_ws/build/vrx_ros
