[1.884s] Invoking command in '/home/gaia-22/ac_search/vrx_ws/src/pure_pursuit': PYTHONPATH=/home/gaia-22/ac_search/vrx_ws/build/pure_pursuit/prefix_override:/home/gaia-22/ac_search/vrx_ws/install/lib/python3.10/site-packages:${PYTHONPATH} /usr/bin/python3 setup.py egg_info --egg-base ../../build/pure_pursuit build --build-base /home/gaia-22/ac_search/vrx_ws/build/pure_pursuit/build install --record /home/gaia-22/ac_search/vrx_ws/build/pure_pursuit/install.log --single-version-externally-managed
[2.106s] running egg_info
[2.108s] writing ../../build/pure_pursuit/pure_pursuit.egg-info/PKG-INFO
[2.108s] writing dependency_links to ../../build/pure_pursuit/pure_pursuit.egg-info/dependency_links.txt
[2.108s] writing entry points to ../../build/pure_pursuit/pure_pursuit.egg-info/entry_points.txt
[2.108s] writing requirements to ../../build/pure_pursuit/pure_pursuit.egg-info/requires.txt
[2.108s] writing top-level names to ../../build/pure_pursuit/pure_pursuit.egg-info/top_level.txt
[4.421s] writing manifest file '../../build/pure_pursuit/pure_pursuit.egg-info/SOURCES.txt'
[4.422s] running build
[4.422s] running build_py
[4.422s] running install
[4.422s] running install_lib
[4.422s] running install_data
[4.423s] running install_egg_info
[4.423s] removing '/home/gaia-22/ac_search/vrx_ws/install/lib/python3.10/site-packages/pure_pursuit-0.0.0-py3.10.egg-info' (and everything under it)
[4.423s] Copying ../../build/pure_pursuit/pure_pursuit.egg-info to /home/gaia-22/ac_search/vrx_ws/install/lib/python3.10/site-packages/pure_pursuit-0.0.0-py3.10.egg-info
[4.423s] running install_scripts
[4.438s] Installing pure_pursuit_node script to /home/gaia-22/ac_search/vrx_ws/install/lib/pure_pursuit
[4.438s] writing list of installed files to '/home/gaia-22/ac_search/vrx_ws/build/pure_pursuit/install.log'
[4.507s] Invoked command in '/home/gaia-22/ac_search/vrx_ws/src/pure_pursuit' returned '0': PYTHONPATH=/home/gaia-22/ac_search/vrx_ws/build/pure_pursuit/prefix_override:/home/gaia-22/ac_search/vrx_ws/install/lib/python3.10/site-packages:${PYTHONPATH} /usr/bin/python3 setup.py egg_info --egg-base ../../build/pure_pursuit build --build-base /home/gaia-22/ac_search/vrx_ws/build/pure_pursuit/build install --record /home/gaia-22/ac_search/vrx_ws/build/pure_pursuit/install.log --single-version-externally-managed
