[0.127s] Invoking command in '/home/gaia-22/ac_search/vrx_ws/build/vrx_ros': CMAKE_PREFIX_PATH=/opt/ros/humble /usr/bin/cmake /home/gaia-22/ac_search/vrx_ws/src/vrx/vrx_ros -DCMAKE_INSTALL_PREFIX=/home/gaia-22/ac_search/vrx_ws/install
[0.374s] -- The C compiler identification is GNU 11.4.0
[0.374s] -- The CXX compiler identification is GNU 11.4.0
[0.374s] -- Detecting C compiler ABI info
[0.374s] -- Detecting C compiler ABI info - done
[0.374s] -- Check for working C compiler: /usr/bin/cc - skipped
[0.374s] -- Detecting C compile features
[0.374s] -- Detecting C compile features - done
[0.374s] -- Detecting CXX compiler ABI info
[0.374s] -- Detecting CXX compiler ABI info - done
[0.374s] -- Check for working CXX compiler: /usr/bin/c++ - skipped
[0.374s] -- Detecting CXX compile features
[0.374s] -- Detecting CXX compile features - done
[0.374s] -- Found ament_cmake: 1.3.6 (/opt/ros/humble/share/ament_cmake/cmake)
[0.454s] -- Found Python3: /usr/bin/python3.10 (found version "3.10.12") found components: Interpreter 
[0.511s] -- Found geometry_msgs: 4.2.3 (/opt/ros/humble/share/geometry_msgs/cmake)
[0.539s] -- Found rosidl_generator_c: 3.1.5 (/opt/ros/humble/share/rosidl_generator_c/cmake)
[0.543s] -- Found rosidl_adapter: 3.1.5 (/opt/ros/humble/share/rosidl_adapter/cmake)
[0.549s] -- Found rosidl_generator_cpp: 3.1.5 (/opt/ros/humble/share/rosidl_generator_cpp/cmake)
[0.559s] -- Using all available rosidl_typesupport_c: rosidl_typesupport_fastrtps_c;rosidl_typesupport_introspection_c
[0.572s] -- Using all available rosidl_typesupport_cpp: rosidl_typesupport_fastrtps_cpp;rosidl_typesupport_introspection_cpp
[0.646s] -- Looking for gz-msgs9 -- found version 9.5.0
[0.653s] -- Searching for dependencies of gz-msgs9
[0.756s] -- Found Protobuf: /usr/lib/x86_64-linux-gnu/libprotobuf.so (found version "3.12.4") 
[0.758s] -- Looking for gz-math7 -- found version 7.3.0
[0.758s] -- Searching for dependencies of gz-math7
[0.759s] -- Looking for gz-utils2 -- found version 2.2.0
[0.759s] -- Searching for dependencies of gz-utils2
[0.764s] -- Checking for module 'tinyxml2'
[0.771s] --   Found tinyxml2, version 9.0.0
[0.787s] -- Looking for gz-transport12 -- found version 12.2.1
[0.787s] -- Searching for dependencies of gz-transport12
[0.805s] -- Config-file not installed for ZeroMQ -- checking for pkg-config
[0.808s] -- Checking for module 'libzmq >= 4'
[0.815s] --   Found libzmq , version 4.3.4
[0.832s] -- Found ZeroMQ: TRUE (Required is at least version "4") 
[0.836s] -- Checking for module 'uuid'
[0.842s] --   Found uuid, version 2.37.2
[0.857s] -- Found UUID: TRUE  
[0.857s] -- Looking for gz-utils2 -- found version 2.2.0
[0.858s] -- Searching for dependencies of gz-utils2
[0.858s] -- Searching for <gz-utils2> component [cli]
[0.859s] -- Looking for gz-utils2-cli -- found version 2.2.0
[0.860s] -- Searching for dependencies of gz-utils2-cli
[0.860s] -- Looking for gz-msgs9 -- found version 9.5.0
[0.862s] -- Found rclcpp: 16.0.7 (/opt/ros/humble/share/rclcpp/cmake)
[0.905s] -- Found rmw_implementation_cmake: 6.1.1 (/opt/ros/humble/share/rmw_implementation_cmake/cmake)
[0.907s] -- Found rmw_cyclonedds_cpp: 1.3.4 (/opt/ros/humble/share/rmw_cyclonedds_cpp/cmake)
[0.935s] -- Using RMW implementation 'rmw_cyclonedds_cpp' as default
[0.942s] -- Found Threads: TRUE  
[1.026s] [31mCMake Error at CMakeLists.txt:12 (find_package):
[1.026s]   By not providing "Findros_gz_interfaces.cmake" in CMAKE_MODULE_PATH this
[1.026s]   project has asked CMake to find a package configuration file provided by
[1.026s]   "ros_gz_interfaces", but CMake did not find one.
[1.026s] 
[1.026s]   Could not find a package configuration file provided by "ros_gz_interfaces"
[1.027s]   with any of the following names:
[1.027s] 
[1.027s]     ros_gz_interfacesConfig.cmake
[1.027s]     ros_gz_interfaces-config.cmake
[1.027s] 
[1.027s]   Add the installation prefix of "ros_gz_interfaces" to CMAKE_PREFIX_PATH or
[1.027s]   set "ros_gz_interfaces_DIR" to a directory containing one of the above
[1.027s]   files.  If "ros_gz_interfaces" provides a separate development package or
[1.027s]   SDK, be sure it has been installed.
[1.027s] 
[1.027s] [0m
[1.027s] -- Configuring incomplete, errors occurred!
[1.027s] See also "/home/gaia-22/ac_search/vrx_ws/build/vrx_ros/CMakeFiles/CMakeOutput.log".
[1.032s] Invoked command in '/home/gaia-22/ac_search/vrx_ws/build/vrx_ros' returned '1': CMAKE_PREFIX_PATH=/opt/ros/humble /usr/bin/cmake /home/gaia-22/ac_search/vrx_ws/src/vrx/vrx_ros -DCMAKE_INSTALL_PREFIX=/home/gaia-22/ac_search/vrx_ws/install
