running egg_info
writing ../../build/data_collect/data_collect.egg-info/PKG-INFO
writing dependency_links to ../../build/data_collect/data_collect.egg-info/dependency_links.txt
writing entry points to ../../build/data_collect/data_collect.egg-info/entry_points.txt
writing requirements to ../../build/data_collect/data_collect.egg-info/requires.txt
writing top-level names to ../../build/data_collect/data_collect.egg-info/top_level.txt
writing manifest file '../../build/data_collect/data_collect.egg-info/SOURCES.txt'
running build
/usr/lib/python3/dist-packages/setuptools/command/install.py:34: SetuptoolsDeprecationWarning: setup.py install is deprecated. Use build and pip and other standards-based tools.
  warnings.warn(
running build_py
running install
running install_lib
running install_data
running install_egg_info
removing '/home/gaia-22/ac_search/vrx_ws/install/lib/python3.10/site-packages/data_collect-0.0.0-py3.10.egg-info' (and everything under it)
Copying ../../build/data_collect/data_collect.egg-info to /home/gaia-22/ac_search/vrx_ws/install/lib/python3.10/site-packages/data_collect-0.0.0-py3.10.egg-info
running install_scripts
Installing data_collect_node script to /home/gaia-22/ac_search/vrx_ws/install/lib/data_collect
Installing wave_direction script to /home/gaia-22/ac_search/vrx_ws/install/lib/data_collect
Installing wave_gain script to /home/gaia-22/ac_search/vrx_ws/install/lib/data_collect
Installing wave_period script to /home/gaia-22/ac_search/vrx_ws/install/lib/data_collect
Installing wave_stepness script to /home/gaia-22/ac_search/vrx_ws/install/lib/data_collect
writing list of installed files to '/home/gaia-22/ac_search/vrx_ws/build/data_collect/install.log'
