[2.724s] Invoking command in '/home/koki-22/ac_search/vrx_ws/src/data_collect': PYTHONPATH=/home/koki-22/ac_search/vrx_ws/build/data_collect/prefix_override:/home/koki-22/ac_search/vrx_ws/install/lib/python3.10/site-packages:${PYTHONPATH} /usr/bin/python3 setup.py egg_info --egg-base ../../build/data_collect build --build-base /home/koki-22/ac_search/vrx_ws/build/data_collect/build install --record /home/koki-22/ac_search/vrx_ws/build/data_collect/install.log --single-version-externally-managed
[3.381s] running egg_info
[3.382s] writing ../../build/data_collect/data_collect.egg-info/PKG-INFO
[3.383s] writing dependency_links to ../../build/data_collect/data_collect.egg-info/dependency_links.txt
[3.384s] writing entry points to ../../build/data_collect/data_collect.egg-info/entry_points.txt
[3.384s] writing requirements to ../../build/data_collect/data_collect.egg-info/requires.txt
[3.384s] writing top-level names to ../../build/data_collect/data_collect.egg-info/top_level.txt
[3.388s] reading manifest file '../../build/data_collect/data_collect.egg-info/SOURCES.txt'
[3.391s] writing manifest file '../../build/data_collect/data_collect.egg-info/SOURCES.txt'
[3.391s] running build
[3.392s] running build_py
[3.392s] running install
[3.392s] running install_lib
[3.395s] running install_data
[3.396s] running install_egg_info
[3.400s] removing '/home/koki-22/ac_search/vrx_ws/install/lib/python3.10/site-packages/data_collect-0.0.0-py3.10.egg-info' (and everything under it)
[3.401s] Copying ../../build/data_collect/data_collect.egg-info to /home/koki-22/ac_search/vrx_ws/install/lib/python3.10/site-packages/data_collect-0.0.0-py3.10.egg-info
[3.403s] running install_scripts
[3.442s] Installing data_collect_node script to /home/koki-22/ac_search/vrx_ws/install/lib/data_collect
[3.442s] Installing wave_direction script to /home/koki-22/ac_search/vrx_ws/install/lib/data_collect
[3.442s] Installing wave_gain script to /home/koki-22/ac_search/vrx_ws/install/lib/data_collect
[3.443s] Installing wave_period script to /home/koki-22/ac_search/vrx_ws/install/lib/data_collect
[3.443s] Installing wave_stepness script to /home/koki-22/ac_search/vrx_ws/install/lib/data_collect
[3.443s] writing list of installed files to '/home/koki-22/ac_search/vrx_ws/build/data_collect/install.log'
[3.548s] Invoked command in '/home/koki-22/ac_search/vrx_ws/src/data_collect' returned '0': PYTHONPATH=/home/koki-22/ac_search/vrx_ws/build/data_collect/prefix_override:/home/koki-22/ac_search/vrx_ws/install/lib/python3.10/site-packages:${PYTHONPATH} /usr/bin/python3 setup.py egg_info --egg-base ../../build/data_collect build --build-base /home/koki-22/ac_search/vrx_ws/build/data_collect/build install --record /home/koki-22/ac_search/vrx_ws/build/data_collect/install.log --single-version-externally-managed
