running egg_info
writing ../../build/data_collect/data_collect.egg-info/PKG-INFO
writing dependency_links to ../../build/data_collect/data_collect.egg-info/dependency_links.txt
writing entry points to ../../build/data_collect/data_collect.egg-info/entry_points.txt
writing requirements to ../../build/data_collect/data_collect.egg-info/requires.txt
writing top-level names to ../../build/data_collect/data_collect.egg-info/top_level.txt
reading manifest file '../../build/data_collect/data_collect.egg-info/SOURCES.txt'
writing manifest file '../../build/data_collect/data_collect.egg-info/SOURCES.txt'
running build
running build_py
copying data_collect/data_collect.py -> /home/koki-22/ac_search/vrx_ws/build/data_collect/build/lib/data_collect
copying data_collect/__init__.py -> /home/koki-22/ac_search/vrx_ws/build/data_collect/build/lib/data_collect
running install
running install_lib
copying /home/koki-22/ac_search/vrx_ws/build/data_collect/build/lib/data_collect/data_collect.py -> /home/koki-22/ac_search/vrx_ws/install/lib/python3.10/site-packages/data_collect
copying /home/koki-22/ac_search/vrx_ws/build/data_collect/build/lib/data_collect/__init__.py -> /home/koki-22/ac_search/vrx_ws/install/lib/python3.10/site-packages/data_collect
byte-compiling /home/koki-22/ac_search/vrx_ws/install/lib/python3.10/site-packages/data_collect/data_collect.py to data_collect.cpython-310.pyc
byte-compiling /home/koki-22/ac_search/vrx_ws/install/lib/python3.10/site-packages/data_collect/__init__.py to __init__.cpython-310.pyc
running install_data
copying resource/data_collect -> /home/koki-22/ac_search/vrx_ws/install/share/ament_index/resource_index/packages
copying package.xml -> /home/koki-22/ac_search/vrx_ws/install/share/data_collect
copying launch/data_collect.launch.py -> /home/koki-22/ac_search/vrx_ws/install/share/data_collect
running install_egg_info
removing '/home/koki-22/ac_search/vrx_ws/install/lib/python3.10/site-packages/data_collect-0.0.0-py3.10.egg-info' (and everything under it)
Copying ../../build/data_collect/data_collect.egg-info to /home/koki-22/ac_search/vrx_ws/install/lib/python3.10/site-packages/data_collect-0.0.0-py3.10.egg-info
running install_scripts
Installing data_collect_node script to /home/koki-22/ac_search/vrx_ws/install/lib/data_collect
Installing wave_direction script to /home/koki-22/ac_search/vrx_ws/install/lib/data_collect
Installing wave_gain script to /home/koki-22/ac_search/vrx_ws/install/lib/data_collect
Installing wave_period script to /home/koki-22/ac_search/vrx_ws/install/lib/data_collect
Installing wave_stepness script to /home/koki-22/ac_search/vrx_ws/install/lib/data_collect
writing list of installed files to '/home/koki-22/ac_search/vrx_ws/build/data_collect/install.log'
