[0.413s] DEBUG:colcon:Command line arguments: ['/usr/bin/colcon', 'build', '--packages-select', 'rolloutDebugger']
[0.413s] DEBUG:colcon:Parsed command line arguments: Namespace(log_base=None, log_level=None, verb_name='build', build_base='build', install_base='install', merge_install=False, symlink_install=False, test_result_base=None, continue_on_error=False, executor='parallel', parallel_workers=16, event_handlers=None, ignore_user_meta=False, metas=['./colcon.meta'], base_paths=['.'], packages_ignore=None, packages_ignore_regex=None, paths=None, packages_up_to=None, packages_up_to_regex=None, packages_above=None, packages_above_and_dependencies=None, packages_above_depth=None, packages_select_by_dep=None, packages_skip_by_dep=None, packages_skip_up_to=None, packages_select_build_failed=False, packages_skip_build_finished=False, packages_select_test_failures=False, packages_skip_test_passed=False, packages_select=['rolloutDebugger'], packages_skip=None, packages_select_regex=None, packages_skip_regex=None, packages_start=None, packages_end=None, allow_overriding=[], cmake_args=None, cmake_target=None, cmake_target_skip_unavailable=False, cmake_clean_cache=False, cmake_clean_first=False, cmake_force_configure=False, ament_cmake_args=None, catkin_cmake_args=None, catkin_skip_building_tests=False, mixin_files=None, mixin=None, verb_parser=<colcon_mixin.mixin.mixin_argument.MixinArgumentDecorator object at 0x7f582b166b30>, verb_extension=<colcon_core.verb.build.BuildVerb object at 0x7f582b166530>, main=<bound method BuildVerb.main of <colcon_core.verb.build.BuildVerb object at 0x7f582b166530>>, mixin_verb=('build',))
[0.447s] Level 1:colcon.colcon_core.package_discovery:discover_packages(colcon_meta) check parameters
[0.447s] Level 1:colcon.colcon_core.package_discovery:discover_packages(recursive) check parameters
[0.447s] Level 1:colcon.colcon_core.package_discovery:discover_packages(ignore) check parameters
[0.447s] Level 1:colcon.colcon_core.package_discovery:discover_packages(path) check parameters
[0.447s] Level 1:colcon.colcon_core.package_discovery:discover_packages(colcon_meta) discover
[0.447s] Level 1:colcon.colcon_core.package_discovery:discover_packages(recursive) discover
[0.447s] INFO:colcon.colcon_core.package_discovery:Crawling recursively for packages in '/home/koki-22/ac_search/cameleon/cameleon_ros_ws'
[0.447s] Level 1:colcon.colcon_core.package_identification:_identify(.) by extensions ['ignore', 'ignore_ament_install']
[0.447s] Level 1:colcon.colcon_core.package_identification:_identify(.) by extension 'ignore'
[0.447s] Level 1:colcon.colcon_core.package_identification:_identify(.) by extension 'ignore_ament_install'
[0.447s] Level 1:colcon.colcon_core.package_identification:_identify(.) by extensions ['colcon_pkg']
[0.447s] Level 1:colcon.colcon_core.package_identification:_identify(.) by extension 'colcon_pkg'
[0.447s] Level 1:colcon.colcon_core.package_identification:_identify(.) by extensions ['colcon_meta']
[0.447s] Level 1:colcon.colcon_core.package_identification:_identify(.) by extension 'colcon_meta'
[0.447s] Level 1:colcon.colcon_core.package_identification:_identify(.) by extensions ['ros']
[0.447s] Level 1:colcon.colcon_core.package_identification:_identify(.) by extension 'ros'
[0.456s] Level 1:colcon.colcon_core.package_identification:_identify(.) by extensions ['cmake', 'python']
[0.456s] Level 1:colcon.colcon_core.package_identification:_identify(.) by extension 'cmake'
[0.456s] Level 1:colcon.colcon_core.package_identification:_identify(.) by extension 'python'
[0.456s] Level 1:colcon.colcon_core.package_identification:_identify(.) by extensions ['python_setup_py']
[0.456s] Level 1:colcon.colcon_core.package_identification:_identify(.) by extension 'python_setup_py'
[0.457s] Level 1:colcon.colcon_core.package_identification:_identify(build) by extensions ['ignore', 'ignore_ament_install']
[0.457s] Level 1:colcon.colcon_core.package_identification:_identify(build) by extension 'ignore'
[0.457s] Level 1:colcon.colcon_core.package_identification:_identify(build) ignored
[0.457s] Level 1:colcon.colcon_core.package_identification:_identify(install) by extensions ['ignore', 'ignore_ament_install']
[0.457s] Level 1:colcon.colcon_core.package_identification:_identify(install) by extension 'ignore'
[0.457s] Level 1:colcon.colcon_core.package_identification:_identify(install) ignored
[0.457s] Level 1:colcon.colcon_core.package_identification:_identify(log) by extensions ['ignore', 'ignore_ament_install']
[0.457s] Level 1:colcon.colcon_core.package_identification:_identify(log) by extension 'ignore'
[0.457s] Level 1:colcon.colcon_core.package_identification:_identify(log) ignored
[0.457s] Level 1:colcon.colcon_core.package_identification:_identify(src) by extensions ['ignore', 'ignore_ament_install']
[0.457s] Level 1:colcon.colcon_core.package_identification:_identify(src) by extension 'ignore'
[0.457s] Level 1:colcon.colcon_core.package_identification:_identify(src) by extension 'ignore_ament_install'
[0.457s] Level 1:colcon.colcon_core.package_identification:_identify(src) by extensions ['colcon_pkg']
[0.457s] Level 1:colcon.colcon_core.package_identification:_identify(src) by extension 'colcon_pkg'
[0.457s] Level 1:colcon.colcon_core.package_identification:_identify(src) by extensions ['colcon_meta']
[0.457s] Level 1:colcon.colcon_core.package_identification:_identify(src) by extension 'colcon_meta'
[0.458s] Level 1:colcon.colcon_core.package_identification:_identify(src) by extensions ['ros']
[0.458s] Level 1:colcon.colcon_core.package_identification:_identify(src) by extension 'ros'
[0.458s] Level 1:colcon.colcon_core.package_identification:_identify(src) by extensions ['cmake', 'python']
[0.458s] Level 1:colcon.colcon_core.package_identification:_identify(src) by extension 'cmake'
[0.458s] Level 1:colcon.colcon_core.package_identification:_identify(src) by extension 'python'
[0.458s] Level 1:colcon.colcon_core.package_identification:_identify(src) by extensions ['python_setup_py']
[0.458s] Level 1:colcon.colcon_core.package_identification:_identify(src) by extension 'python_setup_py'
[0.458s] Level 1:colcon.colcon_core.package_identification:_identify(src/makeExpertData) by extensions ['ignore', 'ignore_ament_install']
[0.458s] Level 1:colcon.colcon_core.package_identification:_identify(src/makeExpertData) by extension 'ignore'
[0.458s] Level 1:colcon.colcon_core.package_identification:_identify(src/makeExpertData) by extension 'ignore_ament_install'
[0.458s] Level 1:colcon.colcon_core.package_identification:_identify(src/makeExpertData) by extensions ['colcon_pkg']
[0.458s] Level 1:colcon.colcon_core.package_identification:_identify(src/makeExpertData) by extension 'colcon_pkg'
[0.458s] Level 1:colcon.colcon_core.package_identification:_identify(src/makeExpertData) by extensions ['colcon_meta']
[0.458s] Level 1:colcon.colcon_core.package_identification:_identify(src/makeExpertData) by extension 'colcon_meta'
[0.458s] Level 1:colcon.colcon_core.package_identification:_identify(src/makeExpertData) by extensions ['ros']
[0.458s] Level 1:colcon.colcon_core.package_identification:_identify(src/makeExpertData) by extension 'ros'
[0.460s] DEBUG:colcon.colcon_core.package_identification:Package 'src/makeExpertData' with type 'ros.ament_python' and name 'makeExpertData'
[0.460s] Level 1:colcon.colcon_core.package_identification:_identify(src/make_expertData) by extensions ['ignore', 'ignore_ament_install']
[0.460s] Level 1:colcon.colcon_core.package_identification:_identify(src/make_expertData) by extension 'ignore'
[0.460s] Level 1:colcon.colcon_core.package_identification:_identify(src/make_expertData) by extension 'ignore_ament_install'
[0.460s] Level 1:colcon.colcon_core.package_identification:_identify(src/make_expertData) by extensions ['colcon_pkg']
[0.460s] Level 1:colcon.colcon_core.package_identification:_identify(src/make_expertData) by extension 'colcon_pkg'
[0.460s] Level 1:colcon.colcon_core.package_identification:_identify(src/make_expertData) by extensions ['colcon_meta']
[0.460s] Level 1:colcon.colcon_core.package_identification:_identify(src/make_expertData) by extension 'colcon_meta'
[0.460s] Level 1:colcon.colcon_core.package_identification:_identify(src/make_expertData) by extensions ['ros']
[0.461s] Level 1:colcon.colcon_core.package_identification:_identify(src/make_expertData) by extension 'ros'
[0.461s] DEBUG:colcon.colcon_core.package_identification:Package 'src/make_expertData' with type 'ros.ament_python' and name 'make_expertData'
[0.461s] Level 1:colcon.colcon_core.package_identification:_identify(src/rolloutDebugger) by extensions ['ignore', 'ignore_ament_install']
[0.461s] Level 1:colcon.colcon_core.package_identification:_identify(src/rolloutDebugger) by extension 'ignore'
[0.461s] Level 1:colcon.colcon_core.package_identification:_identify(src/rolloutDebugger) by extension 'ignore_ament_install'
[0.461s] Level 1:colcon.colcon_core.package_identification:_identify(src/rolloutDebugger) by extensions ['colcon_pkg']
[0.461s] Level 1:colcon.colcon_core.package_identification:_identify(src/rolloutDebugger) by extension 'colcon_pkg'
[0.461s] Level 1:colcon.colcon_core.package_identification:_identify(src/rolloutDebugger) by extensions ['colcon_meta']
[0.461s] Level 1:colcon.colcon_core.package_identification:_identify(src/rolloutDebugger) by extension 'colcon_meta'
[0.462s] Level 1:colcon.colcon_core.package_identification:_identify(src/rolloutDebugger) by extensions ['ros']
[0.462s] Level 1:colcon.colcon_core.package_identification:_identify(src/rolloutDebugger) by extension 'ros'
[0.462s] DEBUG:colcon.colcon_core.package_identification:Package 'src/rolloutDebugger' with type 'ros.ament_python' and name 'rolloutDebugger'
[0.462s] Level 1:colcon.colcon_core.package_discovery:discover_packages(recursive) using defaults
[0.462s] Level 1:colcon.colcon_core.package_discovery:discover_packages(ignore) discover
[0.462s] Level 1:colcon.colcon_core.package_discovery:discover_packages(ignore) using defaults
[0.462s] Level 1:colcon.colcon_core.package_discovery:discover_packages(path) discover
[0.462s] Level 1:colcon.colcon_core.package_discovery:discover_packages(path) using defaults
[0.489s] INFO:colcon.colcon_core.package_selection:Skipping not selected package 'makeExpertData' in 'src/makeExpertData'
[0.489s] INFO:colcon.colcon_core.package_selection:Skipping not selected package 'make_expertData' in 'src/make_expertData'
[0.491s] Level 1:colcon.colcon_core.package_discovery:discover_packages(prefix_path) check parameters
[0.491s] Level 1:colcon.colcon_core.package_discovery:discover_packages(prefix_path) discover
[0.497s] DEBUG:colcon.colcon_installed_package_information.package_discovery:Found 2 installed packages in /home/koki-22/ac_search/cameleon/cameleon_ros_ws/install
[0.501s] DEBUG:colcon.colcon_installed_package_information.package_discovery:Found 347 installed packages in /opt/ros/humble
[0.502s] Level 1:colcon.colcon_core.package_discovery:discover_packages(prefix_path) using defaults
[0.560s] Level 5:colcon.colcon_core.verb:set package 'rolloutDebugger' build argument 'cmake_args' from command line to 'None'
[0.560s] Level 5:colcon.colcon_core.verb:set package 'rolloutDebugger' build argument 'cmake_target' from command line to 'None'
[0.560s] Level 5:colcon.colcon_core.verb:set package 'rolloutDebugger' build argument 'cmake_target_skip_unavailable' from command line to 'False'
[0.560s] Level 5:colcon.colcon_core.verb:set package 'rolloutDebugger' build argument 'cmake_clean_cache' from command line to 'False'
[0.560s] Level 5:colcon.colcon_core.verb:set package 'rolloutDebugger' build argument 'cmake_clean_first' from command line to 'False'
[0.560s] Level 5:colcon.colcon_core.verb:set package 'rolloutDebugger' build argument 'cmake_force_configure' from command line to 'False'
[0.560s] Level 5:colcon.colcon_core.verb:set package 'rolloutDebugger' build argument 'ament_cmake_args' from command line to 'None'
[0.560s] Level 5:colcon.colcon_core.verb:set package 'rolloutDebugger' build argument 'catkin_cmake_args' from command line to 'None'
[0.561s] Level 5:colcon.colcon_core.verb:set package 'rolloutDebugger' build argument 'catkin_skip_building_tests' from command line to 'False'
[0.561s] DEBUG:colcon.colcon_core.verb:Building package 'rolloutDebugger' with the following arguments: {'ament_cmake_args': None, 'build_base': '/home/koki-22/ac_search/cameleon/cameleon_ros_ws/build/rolloutDebugger', 'catkin_cmake_args': None, 'catkin_skip_building_tests': False, 'cmake_args': None, 'cmake_clean_cache': False, 'cmake_clean_first': False, 'cmake_force_configure': False, 'cmake_target': None, 'cmake_target_skip_unavailable': False, 'install_base': '/home/koki-22/ac_search/cameleon/cameleon_ros_ws/install/rolloutDebugger', 'merge_install': False, 'path': '/home/koki-22/ac_search/cameleon/cameleon_ros_ws/src/rolloutDebugger', 'symlink_install': False, 'test_result_base': None}
[0.562s] INFO:colcon.colcon_core.executor:Executing jobs using 'parallel' executor
[0.567s] DEBUG:colcon.colcon_parallel_executor.executor.parallel:run_until_complete
[0.567s] INFO:colcon.colcon_ros.task.ament_python.build:Building ROS package in '/home/koki-22/ac_search/cameleon/cameleon_ros_ws/src/rolloutDebugger' with build type 'ament_python'
[0.567s] Level 1:colcon.colcon_core.shell:create_environment_hook('rolloutDebugger', 'ament_prefix_path')
[0.572s] INFO:colcon.colcon_core.plugin_system:Skipping extension 'colcon_core.shell.bat': Not used on non-Windows systems
[0.572s] INFO:colcon.colcon_core.shell:Creating environment hook '/home/koki-22/ac_search/cameleon/cameleon_ros_ws/install/rolloutDebugger/share/rolloutDebugger/hook/ament_prefix_path.ps1'
[0.573s] INFO:colcon.colcon_core.shell:Creating environment descriptor '/home/koki-22/ac_search/cameleon/cameleon_ros_ws/install/rolloutDebugger/share/rolloutDebugger/hook/ament_prefix_path.dsv'
[0.573s] INFO:colcon.colcon_core.shell:Creating environment hook '/home/koki-22/ac_search/cameleon/cameleon_ros_ws/install/rolloutDebugger/share/rolloutDebugger/hook/ament_prefix_path.sh'
[0.576s] INFO:colcon.colcon_core.shell:Skip shell extension 'powershell' for command environment: Not usable outside of PowerShell
[0.576s] DEBUG:colcon.colcon_core.shell:Skip shell extension 'dsv' for command environment
[0.888s] INFO:colcon.colcon_core.task.python.build:Building Python package in '/home/koki-22/ac_search/cameleon/cameleon_ros_ws/src/rolloutDebugger'
[0.891s] INFO:colcon.colcon_core.shell:Skip shell extension 'powershell' for command environment: Not usable outside of PowerShell
[0.891s] DEBUG:colcon.colcon_core.shell:Skip shell extension 'dsv' for command environment
[1.380s] DEBUG:colcon.colcon_core.event_handler.log_command:Invoking command in '/home/koki-22/ac_search/cameleon/cameleon_ros_ws/src/rolloutDebugger': PYTHONPATH=/home/koki-22/ac_search/cameleon/cameleon_ros_ws/build/rolloutDebugger/prefix_override:/home/koki-22/ac_search/cameleon/cameleon_ros_ws/install/rolloutDebugger/lib/python3.10/site-packages:${PYTHONPATH} /usr/bin/python3 setup.py egg_info --egg-base ../../build/rolloutDebugger build --build-base /home/koki-22/ac_search/cameleon/cameleon_ros_ws/build/rolloutDebugger/build install --record /home/koki-22/ac_search/cameleon/cameleon_ros_ws/build/rolloutDebugger/install.log --single-version-externally-managed
[2.598s] DEBUG:colcon.colcon_core.event_handler.log_command:Invoked command in '/home/koki-22/ac_search/cameleon/cameleon_ros_ws/src/rolloutDebugger' returned '0': PYTHONPATH=/home/koki-22/ac_search/cameleon/cameleon_ros_ws/build/rolloutDebugger/prefix_override:/home/koki-22/ac_search/cameleon/cameleon_ros_ws/install/rolloutDebugger/lib/python3.10/site-packages:${PYTHONPATH} /usr/bin/python3 setup.py egg_info --egg-base ../../build/rolloutDebugger build --build-base /home/koki-22/ac_search/cameleon/cameleon_ros_ws/build/rolloutDebugger/build install --record /home/koki-22/ac_search/cameleon/cameleon_ros_ws/build/rolloutDebugger/install.log --single-version-externally-managed
[2.603s] Level 1:colcon.colcon_core.environment:checking '/home/koki-22/ac_search/cameleon/cameleon_ros_ws/install/rolloutDebugger' for CMake module files
[2.603s] Level 1:colcon.colcon_core.environment:checking '/home/koki-22/ac_search/cameleon/cameleon_ros_ws/install/rolloutDebugger' for CMake config files
[2.604s] Level 1:colcon.colcon_core.environment:checking '/home/koki-22/ac_search/cameleon/cameleon_ros_ws/install/rolloutDebugger/lib'
[2.604s] Level 1:colcon.colcon_core.environment:checking '/home/koki-22/ac_search/cameleon/cameleon_ros_ws/install/rolloutDebugger/bin'
[2.604s] Level 1:colcon.colcon_core.environment:checking '/home/koki-22/ac_search/cameleon/cameleon_ros_ws/install/rolloutDebugger/lib/pkgconfig/rolloutDebugger.pc'
[2.604s] Level 1:colcon.colcon_core.environment:checking '/home/koki-22/ac_search/cameleon/cameleon_ros_ws/install/rolloutDebugger/lib/python3.10/site-packages'
[2.604s] Level 1:colcon.colcon_core.shell:create_environment_hook('rolloutDebugger', 'pythonpath')
[2.607s] INFO:colcon.colcon_core.shell:Creating environment hook '/home/koki-22/ac_search/cameleon/cameleon_ros_ws/install/rolloutDebugger/share/rolloutDebugger/hook/pythonpath.ps1'
[2.607s] INFO:colcon.colcon_core.shell:Creating environment descriptor '/home/koki-22/ac_search/cameleon/cameleon_ros_ws/install/rolloutDebugger/share/rolloutDebugger/hook/pythonpath.dsv'
[2.607s] INFO:colcon.colcon_core.shell:Creating environment hook '/home/koki-22/ac_search/cameleon/cameleon_ros_ws/install/rolloutDebugger/share/rolloutDebugger/hook/pythonpath.sh'
[2.608s] Level 1:colcon.colcon_core.environment:checking '/home/koki-22/ac_search/cameleon/cameleon_ros_ws/install/rolloutDebugger/bin'
[2.608s] Level 1:colcon.colcon_core.environment:create_environment_scripts_only(rolloutDebugger)
[2.610s] INFO:colcon.colcon_core.shell:Creating package script '/home/koki-22/ac_search/cameleon/cameleon_ros_ws/install/rolloutDebugger/share/rolloutDebugger/package.ps1'
[2.611s] INFO:colcon.colcon_core.shell:Creating package descriptor '/home/koki-22/ac_search/cameleon/cameleon_ros_ws/install/rolloutDebugger/share/rolloutDebugger/package.dsv'
[2.611s] INFO:colcon.colcon_core.shell:Creating package script '/home/koki-22/ac_search/cameleon/cameleon_ros_ws/install/rolloutDebugger/share/rolloutDebugger/package.sh'
[2.612s] INFO:colcon.colcon_core.shell:Creating package script '/home/koki-22/ac_search/cameleon/cameleon_ros_ws/install/rolloutDebugger/share/rolloutDebugger/package.bash'
[2.613s] INFO:colcon.colcon_core.shell:Creating package script '/home/koki-22/ac_search/cameleon/cameleon_ros_ws/install/rolloutDebugger/share/rolloutDebugger/package.zsh'
[2.613s] Level 1:colcon.colcon_core.environment:create_file_with_runtime_dependencies(/home/koki-22/ac_search/cameleon/cameleon_ros_ws/install/rolloutDebugger/share/colcon-core/packages/rolloutDebugger)
[2.613s] DEBUG:colcon.colcon_parallel_executor.executor.parallel:closing loop
[2.614s] DEBUG:colcon.colcon_parallel_executor.executor.parallel:loop closed
[2.614s] DEBUG:colcon.colcon_parallel_executor.executor.parallel:run_until_complete finished with '0'
[2.614s] DEBUG:colcon.colcon_core.event_reactor:joining thread
[2.618s] INFO:colcon.colcon_core.plugin_system:Skipping extension 'colcon_notification.desktop_notification.terminal_notifier': Not used on non-Darwin systems
[2.618s] INFO:colcon.colcon_core.plugin_system:Skipping extension 'colcon_notification.desktop_notification.win32': Not used on non-Windows systems
[2.618s] INFO:colcon.colcon_notification.desktop_notification:Sending desktop notification using 'notify2'
[2.629s] DEBUG:colcon.colcon_core.event_reactor:joined thread
[2.631s] INFO:colcon.colcon_core.shell:Creating prefix script '/home/koki-22/ac_search/cameleon/cameleon_ros_ws/install/local_setup.ps1'
[2.632s] INFO:colcon.colcon_core.shell:Creating prefix util module '/home/koki-22/ac_search/cameleon/cameleon_ros_ws/install/_local_setup_util_ps1.py'
[2.633s] INFO:colcon.colcon_core.shell:Creating prefix chain script '/home/koki-22/ac_search/cameleon/cameleon_ros_ws/install/setup.ps1'
[2.635s] INFO:colcon.colcon_core.shell:Creating prefix script '/home/koki-22/ac_search/cameleon/cameleon_ros_ws/install/local_setup.sh'
[2.635s] INFO:colcon.colcon_core.shell:Creating prefix util module '/home/koki-22/ac_search/cameleon/cameleon_ros_ws/install/_local_setup_util_sh.py'
[2.636s] INFO:colcon.colcon_core.shell:Creating prefix chain script '/home/koki-22/ac_search/cameleon/cameleon_ros_ws/install/setup.sh'
[2.638s] INFO:colcon.colcon_core.shell:Creating prefix script '/home/koki-22/ac_search/cameleon/cameleon_ros_ws/install/local_setup.bash'
[2.638s] INFO:colcon.colcon_core.shell:Creating prefix chain script '/home/koki-22/ac_search/cameleon/cameleon_ros_ws/install/setup.bash'
[2.640s] INFO:colcon.colcon_core.shell:Creating prefix script '/home/koki-22/ac_search/cameleon/cameleon_ros_ws/install/local_setup.zsh'
[2.640s] INFO:colcon.colcon_core.shell:Creating prefix chain script '/home/koki-22/ac_search/cameleon/cameleon_ros_ws/install/setup.zsh'
