running egg_info
writing ../../build/navigaitonGUI/navigaitonGUI.egg-info/PKG-INFO
writing dependency_links to ../../build/navigaitonGUI/navigaitonGUI.egg-info/dependency_links.txt
writing entry points to ../../build/navigaitonGUI/navigaitonGUI.egg-info/entry_points.txt
writing requirements to ../../build/navigaitonGUI/navigaitonGUI.egg-info/requires.txt
writing top-level names to ../../build/navigaitonGUI/navigaitonGUI.egg-info/top_level.txt
writing manifest file '../../build/navigaitonGUI/navigaitonGUI.egg-info/SOURCES.txt'
running build
running build_py
copying navigaitonGUI/navigaitonGUI.py -> /home/gaia-22/ac_search/vrx_ws/build/navigaitonGUI/build/lib/navigaitonGUI
running install
/usr/lib/python3/dist-packages/setuptools/command/install.py:34: SetuptoolsDeprecationWarning: setup.py install is deprecated. Use build and pip and other standards-based tools.
  warnings.warn(
running install_lib
copying /home/gaia-22/ac_search/vrx_ws/build/navigaitonGUI/build/lib/navigaitonGUI/navigaitonGUI.py -> /home/gaia-22/ac_search/vrx_ws/install/lib/python3.10/site-packages/navigaitonGUI
byte-compiling /home/gaia-22/ac_search/vrx_ws/install/lib/python3.10/site-packages/navigaitonGUI/navigaitonGUI.py to navigaitonGUI.cpython-310.pyc
running install_data
running install_egg_info
removing '/home/gaia-22/ac_search/vrx_ws/install/lib/python3.10/site-packages/navigaitonGUI-0.0.0-py3.10.egg-info' (and everything under it)
Copying ../../build/navigaitonGUI/navigaitonGUI.egg-info to /home/gaia-22/ac_search/vrx_ws/install/lib/python3.10/site-packages/navigaitonGUI-0.0.0-py3.10.egg-info
running install_scripts
Installing navigation_GUI_node script to /home/gaia-22/ac_search/vrx_ws/install/lib/navigaitonGUI
writing list of installed files to '/home/gaia-22/ac_search/vrx_ws/build/navigaitonGUI/install.log'
