[0.025s] Invoking command in '/home/koki-22/ac_search/vrx_ws/build/vrx_gazebo': CMAKE_PREFIX_PATH=${CMAKE_PREFIX_PATH}:/opt/ros/humble /usr/bin/cmake --build /home/koki-22/ac_search/vrx_ws/build/vrx_gazebo -- -j16 -l16
[0.097s] Built target ament_cmake_python_copy_vrx_gazebo
[0.363s] running egg_info
[0.364s] writing vrx_gazebo.egg-info/PKG-INFO
[0.365s] writing dependency_links to vrx_gazebo.egg-info/dependency_links.txt
[0.365s] writing top-level names to vrx_gazebo.egg-info/top_level.txt
[0.366s] reading manifest file 'vrx_gazebo.egg-info/SOURCES.txt'
[0.367s] writing manifest file 'vrx_gazebo.egg-info/SOURCES.txt'
[0.388s] Built target ament_cmake_python_build_vrx_gazebo_egg
[0.397s] Invoked command in '/home/koki-22/ac_search/vrx_ws/build/vrx_gazebo' returned '0': CMAKE_PREFIX_PATH=${CMAKE_PREFIX_PATH}:/opt/ros/humble /usr/bin/cmake --build /home/koki-22/ac_search/vrx_ws/build/vrx_gazebo -- -j16 -l16
[0.438s] Invoking command in '/home/koki-22/ac_search/vrx_ws/build/vrx_gazebo': CMAKE_PREFIX_PATH=${CMAKE_PREFIX_PATH}:/opt/ros/humble /usr/bin/cmake --install /home/koki-22/ac_search/vrx_ws/build/vrx_gazebo
[0.446s] -- Install configuration: ""
[0.446s] -- Installing: /home/koki-22/ac_search/vrx_ws/install/share/vrx_gazebo/environment/resource_paths.dsv
[0.446s] -- Installing: /home/koki-22/ac_search/vrx_ws/install/share/vrx_gazebo/environment/resource_paths.sh
[0.446s] -- Installing: /home/koki-22/ac_search/vrx_ws/install/share/vrx_gazebo/models
[0.446s] -- Installing: /home/koki-22/ac_search/vrx_ws/install/share/vrx_gazebo/models/blue_projectile
[0.447s] -- Installing: /home/koki-22/ac_search/vrx_ws/install/share/vrx_gazebo/models/blue_projectile/model.config
[0.447s] -- Installing: /home/koki-22/ac_search/vrx_ws/install/share/vrx_gazebo/models/blue_projectile/model.sdf
[0.447s] -- Installing: /home/koki-22/ac_search/vrx_ws/install/share/vrx_gazebo/models/mono_camera
[0.447s] -- Installing: /home/koki-22/ac_search/vrx_ws/install/share/vrx_gazebo/models/mono_camera/model.config
[0.447s] -- Installing: /home/koki-22/ac_search/vrx_ws/install/share/vrx_gazebo/models/mono_camera/mesh
[0.447s] -- Installing: /home/koki-22/ac_search/vrx_ws/install/share/vrx_gazebo/models/mono_camera/mesh/mono_camera.dae
[0.448s] -- Installing: /home/koki-22/ac_search/vrx_ws/install/share/vrx_gazebo/models/mono_camera/mesh/mono_camera_Roughness.png
[0.449s] -- Installing: /home/koki-22/ac_search/vrx_ws/install/share/vrx_gazebo/models/mono_camera/mesh/mono_camera_Metalness.png
[0.449s] -- Installing: /home/koki-22/ac_search/vrx_ws/install/share/vrx_gazebo/models/mono_camera/mesh/mono_camera_Normal.png
[0.450s] -- Installing: /home/koki-22/ac_search/vrx_ws/install/share/vrx_gazebo/models/mono_camera/mesh/mono_camera_Albedo.png
[0.450s] -- Installing: /home/koki-22/ac_search/vrx_ws/install/share/vrx_gazebo/models/mono_camera/mesh/mono_camera.png
[0.452s] -- Installing: /home/koki-22/ac_search/vrx_ws/install/share/vrx_gazebo/models/mono_camera/model.sdf
[0.452s] -- Installing: /home/koki-22/ac_search/vrx_ws/install/share/vrx_gazebo/models/sensor_post
[0.452s] -- Installing: /home/koki-22/ac_search/vrx_ws/install/share/vrx_gazebo/models/sensor_post/model.config
[0.453s] -- Installing: /home/koki-22/ac_search/vrx_ws/install/share/vrx_gazebo/models/sensor_post/mesh
[0.453s] -- Installing: /home/koki-22/ac_search/vrx_ws/install/share/vrx_gazebo/models/sensor_post/mesh/sensor_post.png
[0.454s] -- Installing: /home/koki-22/ac_search/vrx_ws/install/share/vrx_gazebo/models/sensor_post/mesh/sensor_post.dae
[0.454s] -- Installing: /home/koki-22/ac_search/vrx_ws/install/share/vrx_gazebo/models/sensor_post/mesh/sensor_post_arm.dae
[0.455s] -- Installing: /home/koki-22/ac_search/vrx_ws/install/share/vrx_gazebo/models/sensor_post/model.sdf
[0.455s] -- Installing: /home/koki-22/ac_search/vrx_ws/install/share/vrx_gazebo/models/3d_lidar
[0.455s] -- Installing: /home/koki-22/ac_search/vrx_ws/install/share/vrx_gazebo/models/3d_lidar/model.config
[0.455s] -- Installing: /home/koki-22/ac_search/vrx_ws/install/share/vrx_gazebo/models/3d_lidar/mesh
[0.456s] -- Installing: /home/koki-22/ac_search/vrx_ws/install/share/vrx_gazebo/models/3d_lidar/mesh/3d_Lidar_Metalness.png
[0.456s] -- Installing: /home/koki-22/ac_search/vrx_ws/install/share/vrx_gazebo/models/3d_lidar/mesh/3d_Lidar_Roughness.png
[0.457s] -- Installing: /home/koki-22/ac_search/vrx_ws/install/share/vrx_gazebo/models/3d_lidar/mesh/3d_lidar.png
[0.458s] -- Installing: /home/koki-22/ac_search/vrx_ws/install/share/vrx_gazebo/models/3d_lidar/mesh/3d_Lidar_Albedo.png
[0.460s] -- Installing: /home/koki-22/ac_search/vrx_ws/install/share/vrx_gazebo/models/3d_lidar/mesh/3d_lidar.dae
[0.460s] -- Installing: /home/koki-22/ac_search/vrx_ws/install/share/vrx_gazebo/models/3d_lidar/mesh/3d_Lidar_Normal.png
[0.461s] -- Installing: /home/koki-22/ac_search/vrx_ws/install/share/vrx_gazebo/models/3d_lidar/model.sdf
[0.461s] -- Installing: /home/koki-22/ac_search/vrx_ws/install/share/vrx_gazebo/models/battery
[0.461s] -- Installing: /home/koki-22/ac_search/vrx_ws/install/share/vrx_gazebo/models/battery/model.config
[0.461s] -- Installing: /home/koki-22/ac_search/vrx_ws/install/share/vrx_gazebo/models/battery/mesh
[0.462s] -- Installing: /home/koki-22/ac_search/vrx_ws/install/share/vrx_gazebo/models/battery/mesh/battery_Normal.png
[0.470s] -- Installing: /home/koki-22/ac_search/vrx_ws/install/share/vrx_gazebo/models/battery/mesh/battery.png
[0.480s] -- Installing: /home/koki-22/ac_search/vrx_ws/install/share/vrx_gazebo/models/battery/mesh/battery.dae
[0.480s] -- Installing: /home/koki-22/ac_search/vrx_ws/install/share/vrx_gazebo/models/battery/mesh/battery_Roughness.png
[0.485s] -- Installing: /home/koki-22/ac_search/vrx_ws/install/share/vrx_gazebo/models/battery/mesh/battery_Albedo.png
[0.494s] -- Installing: /home/koki-22/ac_search/vrx_ws/install/share/vrx_gazebo/models/battery/mesh/battery_Metalness.png
[0.494s] -- Installing: /home/koki-22/ac_search/vrx_ws/install/share/vrx_gazebo/models/battery/model.sdf
[0.495s] -- Installing: /home/koki-22/ac_search/vrx_ws/install/share/vrx_gazebo/models/cpu_cases
[0.495s] -- Installing: /home/koki-22/ac_search/vrx_ws/install/share/vrx_gazebo/models/cpu_cases/model.config
[0.495s] -- Installing: /home/koki-22/ac_search/vrx_ws/install/share/vrx_gazebo/models/cpu_cases/mesh
[0.495s] -- Installing: /home/koki-22/ac_search/vrx_ws/install/share/vrx_gazebo/models/cpu_cases/mesh/cpu_cases_Albedo.png
[0.504s] -- Installing: /home/koki-22/ac_search/vrx_ws/install/share/vrx_gazebo/models/cpu_cases/mesh/cpu_cases.png
[0.515s] -- Installing: /home/koki-22/ac_search/vrx_ws/install/share/vrx_gazebo/models/cpu_cases/mesh/cpu_cases.dae
[0.516s] -- Installing: /home/koki-22/ac_search/vrx_ws/install/share/vrx_gazebo/models/cpu_cases/mesh/cpu_cases_Roughness.png
[0.524s] -- Installing: /home/koki-22/ac_search/vrx_ws/install/share/vrx_gazebo/models/cpu_cases/mesh/cpu_cases_Normal.png
[0.540s] -- Installing: /home/koki-22/ac_search/vrx_ws/install/share/vrx_gazebo/models/cpu_cases/mesh/cpu_cases_Metalness.png
[0.541s] -- Installing: /home/koki-22/ac_search/vrx_ws/install/share/vrx_gazebo/models/cpu_cases/model.sdf
[0.541s] -- Installing: /home/koki-22/ac_search/vrx_ws/install/share/vrx_gazebo/models/ball_shooter
[0.543s] -- Installing: /home/koki-22/ac_search/vrx_ws/install/share/vrx_gazebo/models/ball_shooter/meshes
[0.543s] -- Installing: /home/koki-22/ac_search/vrx_ws/install/share/vrx_gazebo/models/ball_shooter/meshes/ball_shooter_launcher.dae
[0.544s] -- Installing: /home/koki-22/ac_search/vrx_ws/install/share/vrx_gazebo/models/ball_shooter/meshes/ball_shooter_base.dae
[0.546s] -- Installing: /home/koki-22/ac_search/vrx_ws/install/share/vrx_gazebo/models/ball_shooter/meshes/Launcher_Albedo.png
[0.547s] -- Installing: /home/koki-22/ac_search/vrx_ws/install/share/vrx_gazebo/models/ball_shooter/meshes/Glass_BaseColor.png
[0.547s] -- Installing: /home/koki-22/ac_search/vrx_ws/install/share/vrx_gazebo/models/ball_shooter/meshes/Launcher_BaseColor.png
[0.553s] -- Installing: /home/koki-22/ac_search/vrx_ws/install/share/vrx_gazebo/models/ball_shooter/model.config
[0.554s] -- Installing: /home/koki-22/ac_search/vrx_ws/install/share/vrx_gazebo/models/ball_shooter/materials
[0.555s] -- Installing: /home/koki-22/ac_search/vrx_ws/install/share/vrx_gazebo/models/ball_shooter/materials/Textures
[0.556s] -- Installing: /home/koki-22/ac_search/vrx_ws/install/share/vrx_gazebo/models/ball_shooter/materials/Textures/Launcher_Albedo.png
[0.559s] -- Installing: /home/koki-22/ac_search/vrx_ws/install/share/vrx_gazebo/models/ball_shooter/materials/Textures/Launcher_Roughness.png
[0.561s] -- Installing: /home/koki-22/ac_search/vrx_ws/install/share/vrx_gazebo/models/ball_shooter/materials/Textures/Launcher_Normal.png
[0.563s] -- Installing: /home/koki-22/ac_search/vrx_ws/install/share/vrx_gazebo/models/ball_shooter/materials/Textures/Launcher_Metalness.png
[0.564s] -- Installing: /home/koki-22/ac_search/vrx_ws/install/share/vrx_gazebo/models/ball_shooter/model.sdf
[0.565s] -- Installing: /home/koki-22/ac_search/vrx_ws/install/share/vrx_gazebo/launch
[0.566s] -- Installing: /home/koki-22/ac_search/vrx_ws/install/share/vrx_gazebo/launch/generate_wamv.launch.py
[0.566s] -- Installing: /home/koki-22/ac_search/vrx_ws/install/share/vrx_gazebo/launch/rviz.launch.py
[0.566s] -- Installing: /home/koki-22/ac_search/vrx_ws/install/share/vrx_gazebo/config
[0.566s] -- Installing: /home/koki-22/ac_search/vrx_ws/install/share/vrx_gazebo/config/wamv_config
[0.567s] -- Installing: /home/koki-22/ac_search/vrx_ws/install/share/vrx_gazebo/config/wamv_config/example_component_config.yaml
[0.567s] -- Installing: /home/koki-22/ac_search/vrx_ws/install/share/vrx_gazebo/config/wamv_config/example_thruster_config.yaml
[0.568s] -- Installing: /home/koki-22/ac_search/vrx_ws/install/share/vrx_gazebo/config/wamv_config/component_compliance
[0.568s] -- Installing: /home/koki-22/ac_search/vrx_ws/install/share/vrx_gazebo/config/wamv_config/component_compliance/bounding_boxes.yaml
[0.569s] -- Installing: /home/koki-22/ac_search/vrx_ws/install/share/vrx_gazebo/config/wamv_config/component_compliance/numeric.yaml
[0.570s] -- Installing: /home/koki-22/ac_search/vrx_ws/install/share/vrx_gazebo/config/wamv_config/thruster_compliance
[0.570s] -- Installing: /home/koki-22/ac_search/vrx_ws/install/share/vrx_gazebo/config/wamv_config/thruster_compliance/bounding_boxes.yaml
[0.570s] -- Installing: /home/koki-22/ac_search/vrx_ws/install/share/vrx_gazebo/config/wamv_config/thruster_compliance/numeric.yaml
[0.571s] -- Installing: /home/koki-22/ac_search/vrx_ws/install/share/vrx_gazebo/config/rviz_vrx_rsp.rviz
[0.572s] -- Installing: /home/koki-22/ac_search/vrx_ws/install/share/vrx_gazebo/config/rviz_vrx_final.rviz
[0.572s] -- Installing: /home/koki-22/ac_search/vrx_ws/install/lib/vrx_gazebo/generate_wamv.py
[0.573s] -- Installing: /home/koki-22/ac_search/vrx_ws/install/share/vrx_gazebo/environment/pythonpath.sh
[0.573s] -- Installing: /home/koki-22/ac_search/vrx_ws/install/share/vrx_gazebo/environment/pythonpath.dsv
[0.573s] -- Installing: /home/koki-22/ac_search/vrx_ws/install/local/lib/python3.10/dist-packages/vrx_gazebo-1.3.0-py3.10.egg-info
[0.574s] -- Installing: /home/koki-22/ac_search/vrx_ws/install/local/lib/python3.10/dist-packages/vrx_gazebo-1.3.0-py3.10.egg-info/SOURCES.txt
[0.574s] -- Installing: /home/koki-22/ac_search/vrx_ws/install/local/lib/python3.10/dist-packages/vrx_gazebo-1.3.0-py3.10.egg-info/dependency_links.txt
[0.574s] -- Installing: /home/koki-22/ac_search/vrx_ws/install/local/lib/python3.10/dist-packages/vrx_gazebo-1.3.0-py3.10.egg-info/top_level.txt
[0.574s] -- Installing: /home/koki-22/ac_search/vrx_ws/install/local/lib/python3.10/dist-packages/vrx_gazebo-1.3.0-py3.10.egg-info/PKG-INFO
[0.574s] -- Installing: /home/koki-22/ac_search/vrx_ws/install/local/lib/python3.10/dist-packages/vrx_gazebo
[0.575s] -- Installing: /home/koki-22/ac_search/vrx_ws/install/local/lib/python3.10/dist-packages/vrx_gazebo/configure_wamv.py
[0.575s] -- Installing: /home/koki-22/ac_search/vrx_ws/install/local/lib/python3.10/dist-packages/vrx_gazebo/utils.py
[0.575s] -- Installing: /home/koki-22/ac_search/vrx_ws/install/local/lib/python3.10/dist-packages/vrx_gazebo/__init__.py
[0.575s] -- Installing: /home/koki-22/ac_search/vrx_ws/install/local/lib/python3.10/dist-packages/vrx_gazebo/compliance.py
[0.626s] Listing '/home/koki-22/ac_search/vrx_ws/install/local/lib/python3.10/dist-packages/vrx_gazebo'...
[0.626s] Compiling '/home/koki-22/ac_search/vrx_ws/install/local/lib/python3.10/dist-packages/vrx_gazebo/__init__.py'...
[0.626s] Compiling '/home/koki-22/ac_search/vrx_ws/install/local/lib/python3.10/dist-packages/vrx_gazebo/compliance.py'...
[0.627s] Compiling '/home/koki-22/ac_search/vrx_ws/install/local/lib/python3.10/dist-packages/vrx_gazebo/configure_wamv.py'...
[0.627s] Compiling '/home/koki-22/ac_search/vrx_ws/install/local/lib/python3.10/dist-packages/vrx_gazebo/utils.py'...
[0.630s] -- Installing: /home/koki-22/ac_search/vrx_ws/install/share/ament_index/resource_index/package_run_dependencies/vrx_gazebo
[0.631s] -- Installing: /home/koki-22/ac_search/vrx_ws/install/share/ament_index/resource_index/parent_prefix_path/vrx_gazebo
[0.631s] -- Installing: /home/koki-22/ac_search/vrx_ws/install/share/vrx_gazebo/environment/ament_prefix_path.sh
[0.631s] -- Installing: /home/koki-22/ac_search/vrx_ws/install/share/vrx_gazebo/environment/ament_prefix_path.dsv
[0.632s] -- Installing: /home/koki-22/ac_search/vrx_ws/install/share/vrx_gazebo/environment/path.sh
[0.632s] -- Installing: /home/koki-22/ac_search/vrx_ws/install/share/vrx_gazebo/environment/path.dsv
[0.632s] -- Installing: /home/koki-22/ac_search/vrx_ws/install/share/vrx_gazebo/local_setup.bash
[0.632s] -- Installing: /home/koki-22/ac_search/vrx_ws/install/share/vrx_gazebo/local_setup.sh
[0.633s] -- Installing: /home/koki-22/ac_search/vrx_ws/install/share/vrx_gazebo/local_setup.zsh
[0.633s] -- Installing: /home/koki-22/ac_search/vrx_ws/install/share/vrx_gazebo/local_setup.dsv
[0.633s] -- Installing: /home/koki-22/ac_search/vrx_ws/install/share/vrx_gazebo/package.dsv
[0.634s] -- Installing: /home/koki-22/ac_search/vrx_ws/install/share/ament_index/resource_index/packages/vrx_gazebo
[0.634s] -- Installing: /home/koki-22/ac_search/vrx_ws/install/share/vrx_gazebo/cmake/vrx_gazeboConfig.cmake
[0.634s] -- Installing: /home/koki-22/ac_search/vrx_ws/install/share/vrx_gazebo/cmake/vrx_gazeboConfig-version.cmake
[0.634s] -- Installing: /home/koki-22/ac_search/vrx_ws/install/share/vrx_gazebo/package.xml
[0.639s] Invoked command in '/home/koki-22/ac_search/vrx_ws/build/vrx_gazebo' returned '0': CMAKE_PREFIX_PATH=${CMAKE_PREFIX_PATH}:/opt/ros/humble /usr/bin/cmake --install /home/koki-22/ac_search/vrx_ws/build/vrx_gazebo
