[0.862s] Invoking command in '/home/gaia-22/ac_search/vrx_ws/src/navigaitonGUI': PYTHONPATH=/home/gaia-22/ac_search/vrx_ws/build/navigaitonGUI/prefix_override:/home/gaia-22/ac_search/vrx_ws/install/lib/python3.10/site-packages:${PYTHONPATH} /usr/bin/python3 setup.py egg_info --egg-base ../../build/navigaitonGUI build --build-base /home/gaia-22/ac_search/vrx_ws/build/navigaitonGUI/build install --record /home/gaia-22/ac_search/vrx_ws/build/navigaitonGUI/install.log --single-version-externally-managed
[1.039s] running egg_info
[1.039s] creating ../../build/navigaitonGUI/navigaitonGUI.egg-info
[1.039s] writing ../../build/navigaitonGUI/navigaitonGUI.egg-info/PKG-INFO
[1.040s] writing dependency_links to ../../build/navigaitonGUI/navigaitonGUI.egg-info/dependency_links.txt
[1.040s] writing entry points to ../../build/navigaitonGUI/navigaitonGUI.egg-info/entry_points.txt
[1.040s] writing requirements to ../../build/navigaitonGUI/navigaitonGUI.egg-info/requires.txt
[1.040s] writing top-level names to ../../build/navigaitonGUI/navigaitonGUI.egg-info/top_level.txt
[1.040s] writing manifest file '../../build/navigaitonGUI/navigaitonGUI.egg-info/SOURCES.txt'
[3.051s] writing manifest file '../../build/navigaitonGUI/navigaitonGUI.egg-info/SOURCES.txt'
[3.051s] running build
[3.051s] running build_py
[3.051s] creating /home/gaia-22/ac_search/vrx_ws/build/navigaitonGUI/build
[3.051s] creating /home/gaia-22/ac_search/vrx_ws/build/navigaitonGUI/build/lib
[3.051s] creating /home/gaia-22/ac_search/vrx_ws/build/navigaitonGUI/build/lib/navigaitonGUI
[3.051s] copying navigaitonGUI/__init__.py -> /home/gaia-22/ac_search/vrx_ws/build/navigaitonGUI/build/lib/navigaitonGUI
[3.051s] copying navigaitonGUI/navigaitonGUI.py -> /home/gaia-22/ac_search/vrx_ws/build/navigaitonGUI/build/lib/navigaitonGUI
[3.051s] running install
[3.051s] /usr/lib/python3/dist-packages/setuptools/command/install.py:34: SetuptoolsDeprecationWarning: setup.py install is deprecated. Use build and pip and other standards-based tools.
[3.051s]   warnings.warn(
[3.052s] running install_lib
[3.052s] creating /home/gaia-22/ac_search/vrx_ws/install/lib/python3.10/site-packages/navigaitonGUI
[3.052s] copying /home/gaia-22/ac_search/vrx_ws/build/navigaitonGUI/build/lib/navigaitonGUI/__init__.py -> /home/gaia-22/ac_search/vrx_ws/install/lib/python3.10/site-packages/navigaitonGUI
[3.052s] copying /home/gaia-22/ac_search/vrx_ws/build/navigaitonGUI/build/lib/navigaitonGUI/navigaitonGUI.py -> /home/gaia-22/ac_search/vrx_ws/install/lib/python3.10/site-packages/navigaitonGUI
[3.052s] byte-compiling /home/gaia-22/ac_search/vrx_ws/install/lib/python3.10/site-packages/navigaitonGUI/__init__.py to __init__.cpython-310.pyc
[3.053s] byte-compiling /home/gaia-22/ac_search/vrx_ws/install/lib/python3.10/site-packages/navigaitonGUI/navigaitonGUI.py to navigaitonGUI.cpython-310.pyc
[3.053s] running install_data
[3.053s] running install_egg_info
[3.054s] Copying ../../build/navigaitonGUI/navigaitonGUI.egg-info to /home/gaia-22/ac_search/vrx_ws/install/lib/python3.10/site-packages/navigaitonGUI-0.0.0-py3.10.egg-info
[3.054s] running install_scripts
[3.065s] Installing navigation_GUI_node script to /home/gaia-22/ac_search/vrx_ws/install/lib/navigaitonGUI
[3.065s] writing list of installed files to '/home/gaia-22/ac_search/vrx_ws/build/navigaitonGUI/install.log'
