[0.298s] DEBUG:colcon:Command line arguments: ['/usr/bin/colcon', 'build', '--merge-install']
[0.299s] DEBUG:colcon:Parsed command line arguments: Namespace(log_base=None, log_level=None, verb_name='build', build_base='build', install_base='install', merge_install=True, symlink_install=False, test_result_base=None, continue_on_error=False, executor='parallel', parallel_workers=16, event_handlers=None, ignore_user_meta=False, metas=['./colcon.meta'], base_paths=['.'], packages_ignore=None, packages_ignore_regex=None, paths=None, packages_up_to=None, packages_up_to_regex=None, packages_above=None, packages_above_and_dependencies=None, packages_above_depth=None, packages_select_by_dep=None, packages_skip_by_dep=None, packages_skip_up_to=None, packages_select_build_failed=False, packages_skip_build_finished=False, packages_select_test_failures=False, packages_skip_test_passed=False, packages_select=None, packages_skip=None, packages_select_regex=None, packages_skip_regex=None, packages_start=None, packages_end=None, allow_overriding=[], cmake_args=None, cmake_target=None, cmake_target_skip_unavailable=False, cmake_clean_cache=False, cmake_clean_first=False, cmake_force_configure=False, ament_cmake_args=None, catkin_cmake_args=None, catkin_skip_building_tests=False, mixin_files=None, mixin=None, verb_parser=<colcon_mixin.mixin.mixin_argument.MixinArgumentDecorator object at 0x7fe2f11324a0>, verb_extension=<colcon_core.verb.build.BuildVerb object at 0x7fe2f1131e10>, main=<bound method BuildVerb.main of <colcon_core.verb.build.BuildVerb object at 0x7fe2f1131e10>>, mixin_verb=('build',))
[0.316s] Level 1:colcon.colcon_core.package_discovery:discover_packages(colcon_meta) check parameters
[0.316s] Level 1:colcon.colcon_core.package_discovery:discover_packages(recursive) check parameters
[0.316s] Level 1:colcon.colcon_core.package_discovery:discover_packages(ignore) check parameters
[0.316s] Level 1:colcon.colcon_core.package_discovery:discover_packages(path) check parameters
[0.316s] Level 1:colcon.colcon_core.package_discovery:discover_packages(colcon_meta) discover
[0.316s] Level 1:colcon.colcon_core.package_discovery:discover_packages(recursive) discover
[0.316s] INFO:colcon.colcon_core.package_discovery:Crawling recursively for packages in '/home/koki-22/ac_search/vrx_ws'
[0.316s] Level 1:colcon.colcon_core.package_identification:_identify(.) by extensions ['ignore', 'ignore_ament_install']
[0.317s] Level 1:colcon.colcon_core.package_identification:_identify(.) by extension 'ignore'
[0.317s] Level 1:colcon.colcon_core.package_identification:_identify(.) by extension 'ignore_ament_install'
[0.317s] Level 1:colcon.colcon_core.package_identification:_identify(.) by extensions ['colcon_pkg']
[0.317s] Level 1:colcon.colcon_core.package_identification:_identify(.) by extension 'colcon_pkg'
[0.317s] Level 1:colcon.colcon_core.package_identification:_identify(.) by extensions ['colcon_meta']
[0.317s] Level 1:colcon.colcon_core.package_identification:_identify(.) by extension 'colcon_meta'
[0.317s] Level 1:colcon.colcon_core.package_identification:_identify(.) by extensions ['ros']
[0.317s] Level 1:colcon.colcon_core.package_identification:_identify(.) by extension 'ros'
[0.325s] Level 1:colcon.colcon_core.package_identification:_identify(.) by extensions ['cmake', 'python']
[0.325s] Level 1:colcon.colcon_core.package_identification:_identify(.) by extension 'cmake'
[0.325s] Level 1:colcon.colcon_core.package_identification:_identify(.) by extension 'python'
[0.325s] Level 1:colcon.colcon_core.package_identification:_identify(.) by extensions ['python_setup_py']
[0.325s] Level 1:colcon.colcon_core.package_identification:_identify(.) by extension 'python_setup_py'
[0.325s] Level 1:colcon.colcon_core.package_identification:_identify(build) by extensions ['ignore', 'ignore_ament_install']
[0.325s] Level 1:colcon.colcon_core.package_identification:_identify(build) by extension 'ignore'
[0.325s] Level 1:colcon.colcon_core.package_identification:_identify(build) ignored
[0.326s] Level 1:colcon.colcon_core.package_identification:_identify(install) by extensions ['ignore', 'ignore_ament_install']
[0.326s] Level 1:colcon.colcon_core.package_identification:_identify(install) by extension 'ignore'
[0.326s] Level 1:colcon.colcon_core.package_identification:_identify(install) ignored
[0.326s] Level 1:colcon.colcon_core.package_identification:_identify(log) by extensions ['ignore', 'ignore_ament_install']
[0.326s] Level 1:colcon.colcon_core.package_identification:_identify(log) by extension 'ignore'
[0.326s] Level 1:colcon.colcon_core.package_identification:_identify(log) ignored
[0.326s] Level 1:colcon.colcon_core.package_identification:_identify(src) by extensions ['ignore', 'ignore_ament_install']
[0.327s] Level 1:colcon.colcon_core.package_identification:_identify(src) by extension 'ignore'
[0.327s] Level 1:colcon.colcon_core.package_identification:_identify(src) by extension 'ignore_ament_install'
[0.327s] Level 1:colcon.colcon_core.package_identification:_identify(src) by extensions ['colcon_pkg']
[0.327s] Level 1:colcon.colcon_core.package_identification:_identify(src) by extension 'colcon_pkg'
[0.327s] Level 1:colcon.colcon_core.package_identification:_identify(src) by extensions ['colcon_meta']
[0.327s] Level 1:colcon.colcon_core.package_identification:_identify(src) by extension 'colcon_meta'
[0.327s] Level 1:colcon.colcon_core.package_identification:_identify(src) by extensions ['ros']
[0.327s] Level 1:colcon.colcon_core.package_identification:_identify(src) by extension 'ros'
[0.327s] Level 1:colcon.colcon_core.package_identification:_identify(src) by extensions ['cmake', 'python']
[0.327s] Level 1:colcon.colcon_core.package_identification:_identify(src) by extension 'cmake'
[0.327s] Level 1:colcon.colcon_core.package_identification:_identify(src) by extension 'python'
[0.327s] Level 1:colcon.colcon_core.package_identification:_identify(src) by extensions ['python_setup_py']
[0.327s] Level 1:colcon.colcon_core.package_identification:_identify(src) by extension 'python_setup_py'
[0.327s] Level 1:colcon.colcon_core.package_identification:_identify(src/data_collect) by extensions ['ignore', 'ignore_ament_install']
[0.328s] Level 1:colcon.colcon_core.package_identification:_identify(src/data_collect) by extension 'ignore'
[0.328s] Level 1:colcon.colcon_core.package_identification:_identify(src/data_collect) by extension 'ignore_ament_install'
[0.328s] Level 1:colcon.colcon_core.package_identification:_identify(src/data_collect) by extensions ['colcon_pkg']
[0.328s] Level 1:colcon.colcon_core.package_identification:_identify(src/data_collect) by extension 'colcon_pkg'
[0.328s] Level 1:colcon.colcon_core.package_identification:_identify(src/data_collect) by extensions ['colcon_meta']
[0.328s] Level 1:colcon.colcon_core.package_identification:_identify(src/data_collect) by extension 'colcon_meta'
[0.328s] Level 1:colcon.colcon_core.package_identification:_identify(src/data_collect) by extensions ['ros']
[0.328s] Level 1:colcon.colcon_core.package_identification:_identify(src/data_collect) by extension 'ros'
[0.330s] DEBUG:colcon.colcon_core.package_identification:Package 'src/data_collect' with type 'ros.ament_python' and name 'data_collect'
[0.330s] Level 1:colcon.colcon_core.package_identification:_identify(src/vrx) by extensions ['ignore', 'ignore_ament_install']
[0.330s] Level 1:colcon.colcon_core.package_identification:_identify(src/vrx) by extension 'ignore'
[0.330s] Level 1:colcon.colcon_core.package_identification:_identify(src/vrx) by extension 'ignore_ament_install'
[0.330s] Level 1:colcon.colcon_core.package_identification:_identify(src/vrx) by extensions ['colcon_pkg']
[0.330s] Level 1:colcon.colcon_core.package_identification:_identify(src/vrx) by extension 'colcon_pkg'
[0.330s] Level 1:colcon.colcon_core.package_identification:_identify(src/vrx) by extensions ['colcon_meta']
[0.330s] Level 1:colcon.colcon_core.package_identification:_identify(src/vrx) by extension 'colcon_meta'
[0.330s] Level 1:colcon.colcon_core.package_identification:_identify(src/vrx) by extensions ['ros']
[0.331s] Level 1:colcon.colcon_core.package_identification:_identify(src/vrx) by extension 'ros'
[0.331s] Level 1:colcon.colcon_core.package_identification:_identify(src/vrx) by extensions ['cmake', 'python']
[0.331s] Level 1:colcon.colcon_core.package_identification:_identify(src/vrx) by extension 'cmake'
[0.331s] Level 1:colcon.colcon_core.package_identification:_identify(src/vrx) by extension 'python'
[0.331s] Level 1:colcon.colcon_core.package_identification:_identify(src/vrx) by extensions ['python_setup_py']
[0.331s] Level 1:colcon.colcon_core.package_identification:_identify(src/vrx) by extension 'python_setup_py'
[0.331s] Level 1:colcon.colcon_core.package_identification:_identify(src/vrx/images) by extensions ['ignore', 'ignore_ament_install']
[0.331s] Level 1:colcon.colcon_core.package_identification:_identify(src/vrx/images) by extension 'ignore'
[0.331s] Level 1:colcon.colcon_core.package_identification:_identify(src/vrx/images) by extension 'ignore_ament_install'
[0.331s] Level 1:colcon.colcon_core.package_identification:_identify(src/vrx/images) by extensions ['colcon_pkg']
[0.331s] Level 1:colcon.colcon_core.package_identification:_identify(src/vrx/images) by extension 'colcon_pkg'
[0.331s] Level 1:colcon.colcon_core.package_identification:_identify(src/vrx/images) by extensions ['colcon_meta']
[0.331s] Level 1:colcon.colcon_core.package_identification:_identify(src/vrx/images) by extension 'colcon_meta'
[0.331s] Level 1:colcon.colcon_core.package_identification:_identify(src/vrx/images) by extensions ['ros']
[0.331s] Level 1:colcon.colcon_core.package_identification:_identify(src/vrx/images) by extension 'ros'
[0.332s] Level 1:colcon.colcon_core.package_identification:_identify(src/vrx/images) by extensions ['cmake', 'python']
[0.332s] Level 1:colcon.colcon_core.package_identification:_identify(src/vrx/images) by extension 'cmake'
[0.332s] Level 1:colcon.colcon_core.package_identification:_identify(src/vrx/images) by extension 'python'
[0.332s] Level 1:colcon.colcon_core.package_identification:_identify(src/vrx/images) by extensions ['python_setup_py']
[0.332s] Level 1:colcon.colcon_core.package_identification:_identify(src/vrx/images) by extension 'python_setup_py'
[0.332s] Level 1:colcon.colcon_core.package_identification:_identify(src/vrx/vrx_gz) by extensions ['ignore', 'ignore_ament_install']
[0.332s] Level 1:colcon.colcon_core.package_identification:_identify(src/vrx/vrx_gz) by extension 'ignore'
[0.332s] Level 1:colcon.colcon_core.package_identification:_identify(src/vrx/vrx_gz) by extension 'ignore_ament_install'
[0.332s] Level 1:colcon.colcon_core.package_identification:_identify(src/vrx/vrx_gz) by extensions ['colcon_pkg']
[0.332s] Level 1:colcon.colcon_core.package_identification:_identify(src/vrx/vrx_gz) by extension 'colcon_pkg'
[0.332s] Level 1:colcon.colcon_core.package_identification:_identify(src/vrx/vrx_gz) by extensions ['colcon_meta']
[0.332s] Level 1:colcon.colcon_core.package_identification:_identify(src/vrx/vrx_gz) by extension 'colcon_meta'
[0.332s] Level 1:colcon.colcon_core.package_identification:_identify(src/vrx/vrx_gz) by extensions ['ros']
[0.332s] Level 1:colcon.colcon_core.package_identification:_identify(src/vrx/vrx_gz) by extension 'ros'
[0.333s] DEBUG:colcon.colcon_core.package_identification:Package 'src/vrx/vrx_gz' with type 'ros.ament_cmake' and name 'vrx_gz'
[0.333s] Level 1:colcon.colcon_core.package_identification:_identify(src/vrx/vrx_ros) by extensions ['ignore', 'ignore_ament_install']
[0.333s] Level 1:colcon.colcon_core.package_identification:_identify(src/vrx/vrx_ros) by extension 'ignore'
[0.333s] Level 1:colcon.colcon_core.package_identification:_identify(src/vrx/vrx_ros) by extension 'ignore_ament_install'
[0.333s] Level 1:colcon.colcon_core.package_identification:_identify(src/vrx/vrx_ros) by extensions ['colcon_pkg']
[0.333s] Level 1:colcon.colcon_core.package_identification:_identify(src/vrx/vrx_ros) by extension 'colcon_pkg'
[0.333s] Level 1:colcon.colcon_core.package_identification:_identify(src/vrx/vrx_ros) by extensions ['colcon_meta']
[0.333s] Level 1:colcon.colcon_core.package_identification:_identify(src/vrx/vrx_ros) by extension 'colcon_meta'
[0.333s] Level 1:colcon.colcon_core.package_identification:_identify(src/vrx/vrx_ros) by extensions ['ros']
[0.333s] Level 1:colcon.colcon_core.package_identification:_identify(src/vrx/vrx_ros) by extension 'ros'
[0.334s] DEBUG:colcon.colcon_core.package_identification:Package 'src/vrx/vrx_ros' with type 'ros.ament_cmake' and name 'vrx_ros'
[0.335s] Level 1:colcon.colcon_core.package_identification:_identify(src/vrx/vrx_urdf) by extensions ['ignore', 'ignore_ament_install']
[0.335s] Level 1:colcon.colcon_core.package_identification:_identify(src/vrx/vrx_urdf) by extension 'ignore'
[0.335s] Level 1:colcon.colcon_core.package_identification:_identify(src/vrx/vrx_urdf) by extension 'ignore_ament_install'
[0.335s] Level 1:colcon.colcon_core.package_identification:_identify(src/vrx/vrx_urdf) by extensions ['colcon_pkg']
[0.335s] Level 1:colcon.colcon_core.package_identification:_identify(src/vrx/vrx_urdf) by extension 'colcon_pkg'
[0.335s] Level 1:colcon.colcon_core.package_identification:_identify(src/vrx/vrx_urdf) by extensions ['colcon_meta']
[0.335s] Level 1:colcon.colcon_core.package_identification:_identify(src/vrx/vrx_urdf) by extension 'colcon_meta'
[0.335s] Level 1:colcon.colcon_core.package_identification:_identify(src/vrx/vrx_urdf) by extensions ['ros']
[0.335s] Level 1:colcon.colcon_core.package_identification:_identify(src/vrx/vrx_urdf) by extension 'ros'
[0.335s] Level 1:colcon.colcon_core.package_identification:_identify(src/vrx/vrx_urdf) by extensions ['cmake', 'python']
[0.335s] Level 1:colcon.colcon_core.package_identification:_identify(src/vrx/vrx_urdf) by extension 'cmake'
[0.335s] Level 1:colcon.colcon_core.package_identification:_identify(src/vrx/vrx_urdf) by extension 'python'
[0.335s] Level 1:colcon.colcon_core.package_identification:_identify(src/vrx/vrx_urdf) by extensions ['python_setup_py']
[0.335s] Level 1:colcon.colcon_core.package_identification:_identify(src/vrx/vrx_urdf) by extension 'python_setup_py'
[0.335s] Level 1:colcon.colcon_core.package_identification:_identify(src/vrx/vrx_urdf/vrx_gazebo) by extensions ['ignore', 'ignore_ament_install']
[0.335s] Level 1:colcon.colcon_core.package_identification:_identify(src/vrx/vrx_urdf/vrx_gazebo) by extension 'ignore'
[0.335s] Level 1:colcon.colcon_core.package_identification:_identify(src/vrx/vrx_urdf/vrx_gazebo) by extension 'ignore_ament_install'
[0.336s] Level 1:colcon.colcon_core.package_identification:_identify(src/vrx/vrx_urdf/vrx_gazebo) by extensions ['colcon_pkg']
[0.336s] Level 1:colcon.colcon_core.package_identification:_identify(src/vrx/vrx_urdf/vrx_gazebo) by extension 'colcon_pkg'
[0.336s] Level 1:colcon.colcon_core.package_identification:_identify(src/vrx/vrx_urdf/vrx_gazebo) by extensions ['colcon_meta']
[0.336s] Level 1:colcon.colcon_core.package_identification:_identify(src/vrx/vrx_urdf/vrx_gazebo) by extension 'colcon_meta'
[0.336s] Level 1:colcon.colcon_core.package_identification:_identify(src/vrx/vrx_urdf/vrx_gazebo) by extensions ['ros']
[0.336s] Level 1:colcon.colcon_core.package_identification:_identify(src/vrx/vrx_urdf/vrx_gazebo) by extension 'ros'
[0.336s] DEBUG:colcon.colcon_core.package_identification:Package 'src/vrx/vrx_urdf/vrx_gazebo' with type 'ros.ament_cmake' and name 'vrx_gazebo'
[0.336s] Level 1:colcon.colcon_core.package_identification:_identify(src/vrx/vrx_urdf/wamv_description) by extensions ['ignore', 'ignore_ament_install']
[0.336s] Level 1:colcon.colcon_core.package_identification:_identify(src/vrx/vrx_urdf/wamv_description) by extension 'ignore'
[0.336s] Level 1:colcon.colcon_core.package_identification:_identify(src/vrx/vrx_urdf/wamv_description) by extension 'ignore_ament_install'
[0.337s] Level 1:colcon.colcon_core.package_identification:_identify(src/vrx/vrx_urdf/wamv_description) by extensions ['colcon_pkg']
[0.337s] Level 1:colcon.colcon_core.package_identification:_identify(src/vrx/vrx_urdf/wamv_description) by extension 'colcon_pkg'
[0.337s] Level 1:colcon.colcon_core.package_identification:_identify(src/vrx/vrx_urdf/wamv_description) by extensions ['colcon_meta']
[0.337s] Level 1:colcon.colcon_core.package_identification:_identify(src/vrx/vrx_urdf/wamv_description) by extension 'colcon_meta'
[0.337s] Level 1:colcon.colcon_core.package_identification:_identify(src/vrx/vrx_urdf/wamv_description) by extensions ['ros']
[0.337s] Level 1:colcon.colcon_core.package_identification:_identify(src/vrx/vrx_urdf/wamv_description) by extension 'ros'
[0.337s] DEBUG:colcon.colcon_core.package_identification:Package 'src/vrx/vrx_urdf/wamv_description' with type 'ros.ament_cmake' and name 'wamv_description'
[0.337s] Level 1:colcon.colcon_core.package_identification:_identify(src/vrx/vrx_urdf/wamv_gazebo) by extensions ['ignore', 'ignore_ament_install']
[0.337s] Level 1:colcon.colcon_core.package_identification:_identify(src/vrx/vrx_urdf/wamv_gazebo) by extension 'ignore'
[0.338s] Level 1:colcon.colcon_core.package_identification:_identify(src/vrx/vrx_urdf/wamv_gazebo) by extension 'ignore_ament_install'
[0.338s] Level 1:colcon.colcon_core.package_identification:_identify(src/vrx/vrx_urdf/wamv_gazebo) by extensions ['colcon_pkg']
[0.338s] Level 1:colcon.colcon_core.package_identification:_identify(src/vrx/vrx_urdf/wamv_gazebo) by extension 'colcon_pkg'
[0.338s] Level 1:colcon.colcon_core.package_identification:_identify(src/vrx/vrx_urdf/wamv_gazebo) by extensions ['colcon_meta']
[0.338s] Level 1:colcon.colcon_core.package_identification:_identify(src/vrx/vrx_urdf/wamv_gazebo) by extension 'colcon_meta'
[0.338s] Level 1:colcon.colcon_core.package_identification:_identify(src/vrx/vrx_urdf/wamv_gazebo) by extensions ['ros']
[0.338s] Level 1:colcon.colcon_core.package_identification:_identify(src/vrx/vrx_urdf/wamv_gazebo) by extension 'ros'
[0.338s] DEBUG:colcon.colcon_core.package_identification:Package 'src/vrx/vrx_urdf/wamv_gazebo' with type 'ros.ament_cmake' and name 'wamv_gazebo'
[0.338s] Level 1:colcon.colcon_core.package_discovery:discover_packages(recursive) using defaults
[0.339s] Level 1:colcon.colcon_core.package_discovery:discover_packages(ignore) discover
[0.339s] Level 1:colcon.colcon_core.package_discovery:discover_packages(ignore) using defaults
[0.339s] Level 1:colcon.colcon_core.package_discovery:discover_packages(path) discover
[0.339s] Level 1:colcon.colcon_core.package_discovery:discover_packages(path) using defaults
[0.356s] Level 1:colcon.colcon_core.package_discovery:discover_packages(prefix_path) check parameters
[0.356s] Level 1:colcon.colcon_core.package_discovery:discover_packages(prefix_path) discover
[0.358s] DEBUG:colcon.colcon_installed_package_information.package_discovery:Found 6 installed packages in /home/koki-22/ac_search/vrx_ws/install
[0.359s] DEBUG:colcon.colcon_installed_package_information.package_discovery:Found 347 installed packages in /opt/ros/humble
[0.361s] Level 1:colcon.colcon_core.package_discovery:discover_packages(prefix_path) using defaults
[0.416s] Level 5:colcon.colcon_core.verb:set package 'data_collect' build argument 'cmake_args' from command line to 'None'
[0.416s] Level 5:colcon.colcon_core.verb:set package 'data_collect' build argument 'cmake_target' from command line to 'None'
[0.416s] Level 5:colcon.colcon_core.verb:set package 'data_collect' build argument 'cmake_target_skip_unavailable' from command line to 'False'
[0.416s] Level 5:colcon.colcon_core.verb:set package 'data_collect' build argument 'cmake_clean_cache' from command line to 'False'
[0.416s] Level 5:colcon.colcon_core.verb:set package 'data_collect' build argument 'cmake_clean_first' from command line to 'False'
[0.416s] Level 5:colcon.colcon_core.verb:set package 'data_collect' build argument 'cmake_force_configure' from command line to 'False'
[0.416s] Level 5:colcon.colcon_core.verb:set package 'data_collect' build argument 'ament_cmake_args' from command line to 'None'
[0.416s] Level 5:colcon.colcon_core.verb:set package 'data_collect' build argument 'catkin_cmake_args' from command line to 'None'
[0.416s] Level 5:colcon.colcon_core.verb:set package 'data_collect' build argument 'catkin_skip_building_tests' from command line to 'False'
[0.416s] DEBUG:colcon.colcon_core.verb:Building package 'data_collect' with the following arguments: {'ament_cmake_args': None, 'build_base': '/home/koki-22/ac_search/vrx_ws/build/data_collect', 'catkin_cmake_args': None, 'catkin_skip_building_tests': False, 'cmake_args': None, 'cmake_clean_cache': False, 'cmake_clean_first': False, 'cmake_force_configure': False, 'cmake_target': None, 'cmake_target_skip_unavailable': False, 'install_base': '/home/koki-22/ac_search/vrx_ws/install', 'merge_install': True, 'path': '/home/koki-22/ac_search/vrx_ws/src/data_collect', 'symlink_install': False, 'test_result_base': None}
[0.417s] Level 5:colcon.colcon_core.verb:set package 'vrx_gazebo' build argument 'cmake_args' from command line to 'None'
[0.417s] Level 5:colcon.colcon_core.verb:set package 'vrx_gazebo' build argument 'cmake_target' from command line to 'None'
[0.417s] Level 5:colcon.colcon_core.verb:set package 'vrx_gazebo' build argument 'cmake_target_skip_unavailable' from command line to 'False'
[0.417s] Level 5:colcon.colcon_core.verb:set package 'vrx_gazebo' build argument 'cmake_clean_cache' from command line to 'False'
[0.417s] Level 5:colcon.colcon_core.verb:set package 'vrx_gazebo' build argument 'cmake_clean_first' from command line to 'False'
[0.417s] Level 5:colcon.colcon_core.verb:set package 'vrx_gazebo' build argument 'cmake_force_configure' from command line to 'False'
[0.417s] Level 5:colcon.colcon_core.verb:set package 'vrx_gazebo' build argument 'ament_cmake_args' from command line to 'None'
[0.417s] Level 5:colcon.colcon_core.verb:set package 'vrx_gazebo' build argument 'catkin_cmake_args' from command line to 'None'
[0.417s] Level 5:colcon.colcon_core.verb:set package 'vrx_gazebo' build argument 'catkin_skip_building_tests' from command line to 'False'
[0.417s] DEBUG:colcon.colcon_core.verb:Building package 'vrx_gazebo' with the following arguments: {'ament_cmake_args': None, 'build_base': '/home/koki-22/ac_search/vrx_ws/build/vrx_gazebo', 'catkin_cmake_args': None, 'catkin_skip_building_tests': False, 'cmake_args': None, 'cmake_clean_cache': False, 'cmake_clean_first': False, 'cmake_force_configure': False, 'cmake_target': None, 'cmake_target_skip_unavailable': False, 'install_base': '/home/koki-22/ac_search/vrx_ws/install', 'merge_install': True, 'path': '/home/koki-22/ac_search/vrx_ws/src/vrx/vrx_urdf/vrx_gazebo', 'symlink_install': False, 'test_result_base': None}
[0.418s] Level 5:colcon.colcon_core.verb:set package 'vrx_ros' build argument 'cmake_args' from command line to 'None'
[0.418s] Level 5:colcon.colcon_core.verb:set package 'vrx_ros' build argument 'cmake_target' from command line to 'None'
[0.418s] Level 5:colcon.colcon_core.verb:set package 'vrx_ros' build argument 'cmake_target_skip_unavailable' from command line to 'False'
[0.418s] Level 5:colcon.colcon_core.verb:set package 'vrx_ros' build argument 'cmake_clean_cache' from command line to 'False'
[0.418s] Level 5:colcon.colcon_core.verb:set package 'vrx_ros' build argument 'cmake_clean_first' from command line to 'False'
[0.418s] Level 5:colcon.colcon_core.verb:set package 'vrx_ros' build argument 'cmake_force_configure' from command line to 'False'
[0.418s] Level 5:colcon.colcon_core.verb:set package 'vrx_ros' build argument 'ament_cmake_args' from command line to 'None'
[0.419s] Level 5:colcon.colcon_core.verb:set package 'vrx_ros' build argument 'catkin_cmake_args' from command line to 'None'
[0.419s] Level 5:colcon.colcon_core.verb:set package 'vrx_ros' build argument 'catkin_skip_building_tests' from command line to 'False'
[0.419s] DEBUG:colcon.colcon_core.verb:Building package 'vrx_ros' with the following arguments: {'ament_cmake_args': None, 'build_base': '/home/koki-22/ac_search/vrx_ws/build/vrx_ros', 'catkin_cmake_args': None, 'catkin_skip_building_tests': False, 'cmake_args': None, 'cmake_clean_cache': False, 'cmake_clean_first': False, 'cmake_force_configure': False, 'cmake_target': None, 'cmake_target_skip_unavailable': False, 'install_base': '/home/koki-22/ac_search/vrx_ws/install', 'merge_install': True, 'path': '/home/koki-22/ac_search/vrx_ws/src/vrx/vrx_ros', 'symlink_install': False, 'test_result_base': None}
[0.419s] Level 5:colcon.colcon_core.verb:set package 'vrx_gz' build argument 'cmake_args' from command line to 'None'
[0.419s] Level 5:colcon.colcon_core.verb:set package 'vrx_gz' build argument 'cmake_target' from command line to 'None'
[0.419s] Level 5:colcon.colcon_core.verb:set package 'vrx_gz' build argument 'cmake_target_skip_unavailable' from command line to 'False'
[0.420s] Level 5:colcon.colcon_core.verb:set package 'vrx_gz' build argument 'cmake_clean_cache' from command line to 'False'
[0.420s] Level 5:colcon.colcon_core.verb:set package 'vrx_gz' build argument 'cmake_clean_first' from command line to 'False'
[0.420s] Level 5:colcon.colcon_core.verb:set package 'vrx_gz' build argument 'cmake_force_configure' from command line to 'False'
[0.420s] Level 5:colcon.colcon_core.verb:set package 'vrx_gz' build argument 'ament_cmake_args' from command line to 'None'
[0.420s] Level 5:colcon.colcon_core.verb:set package 'vrx_gz' build argument 'catkin_cmake_args' from command line to 'None'
[0.420s] Level 5:colcon.colcon_core.verb:set package 'vrx_gz' build argument 'catkin_skip_building_tests' from command line to 'False'
[0.420s] DEBUG:colcon.colcon_core.verb:Building package 'vrx_gz' with the following arguments: {'ament_cmake_args': None, 'build_base': '/home/koki-22/ac_search/vrx_ws/build/vrx_gz', 'catkin_cmake_args': None, 'catkin_skip_building_tests': False, 'cmake_args': None, 'cmake_clean_cache': False, 'cmake_clean_first': False, 'cmake_force_configure': False, 'cmake_target': None, 'cmake_target_skip_unavailable': False, 'install_base': '/home/koki-22/ac_search/vrx_ws/install', 'merge_install': True, 'path': '/home/koki-22/ac_search/vrx_ws/src/vrx/vrx_gz', 'symlink_install': False, 'test_result_base': None}
[0.421s] Level 5:colcon.colcon_core.verb:set package 'wamv_description' build argument 'cmake_args' from command line to 'None'
[0.421s] Level 5:colcon.colcon_core.verb:set package 'wamv_description' build argument 'cmake_target' from command line to 'None'
[0.421s] Level 5:colcon.colcon_core.verb:set package 'wamv_description' build argument 'cmake_target_skip_unavailable' from command line to 'False'
[0.421s] Level 5:colcon.colcon_core.verb:set package 'wamv_description' build argument 'cmake_clean_cache' from command line to 'False'
[0.421s] Level 5:colcon.colcon_core.verb:set package 'wamv_description' build argument 'cmake_clean_first' from command line to 'False'
[0.421s] Level 5:colcon.colcon_core.verb:set package 'wamv_description' build argument 'cmake_force_configure' from command line to 'False'
[0.421s] Level 5:colcon.colcon_core.verb:set package 'wamv_description' build argument 'ament_cmake_args' from command line to 'None'
[0.421s] Level 5:colcon.colcon_core.verb:set package 'wamv_description' build argument 'catkin_cmake_args' from command line to 'None'
[0.421s] Level 5:colcon.colcon_core.verb:set package 'wamv_description' build argument 'catkin_skip_building_tests' from command line to 'False'
[0.421s] DEBUG:colcon.colcon_core.verb:Building package 'wamv_description' with the following arguments: {'ament_cmake_args': None, 'build_base': '/home/koki-22/ac_search/vrx_ws/build/wamv_description', 'catkin_cmake_args': None, 'catkin_skip_building_tests': False, 'cmake_args': None, 'cmake_clean_cache': False, 'cmake_clean_first': False, 'cmake_force_configure': False, 'cmake_target': None, 'cmake_target_skip_unavailable': False, 'install_base': '/home/koki-22/ac_search/vrx_ws/install', 'merge_install': True, 'path': '/home/koki-22/ac_search/vrx_ws/src/vrx/vrx_urdf/wamv_description', 'symlink_install': False, 'test_result_base': None}
[0.422s] Level 5:colcon.colcon_core.verb:set package 'wamv_gazebo' build argument 'cmake_args' from command line to 'None'
[0.422s] Level 5:colcon.colcon_core.verb:set package 'wamv_gazebo' build argument 'cmake_target' from command line to 'None'
[0.422s] Level 5:colcon.colcon_core.verb:set package 'wamv_gazebo' build argument 'cmake_target_skip_unavailable' from command line to 'False'
[0.422s] Level 5:colcon.colcon_core.verb:set package 'wamv_gazebo' build argument 'cmake_clean_cache' from command line to 'False'
[0.422s] Level 5:colcon.colcon_core.verb:set package 'wamv_gazebo' build argument 'cmake_clean_first' from command line to 'False'
[0.422s] Level 5:colcon.colcon_core.verb:set package 'wamv_gazebo' build argument 'cmake_force_configure' from command line to 'False'
[0.422s] Level 5:colcon.colcon_core.verb:set package 'wamv_gazebo' build argument 'ament_cmake_args' from command line to 'None'
[0.422s] Level 5:colcon.colcon_core.verb:set package 'wamv_gazebo' build argument 'catkin_cmake_args' from command line to 'None'
[0.422s] Level 5:colcon.colcon_core.verb:set package 'wamv_gazebo' build argument 'catkin_skip_building_tests' from command line to 'False'
[0.422s] DEBUG:colcon.colcon_core.verb:Building package 'wamv_gazebo' with the following arguments: {'ament_cmake_args': None, 'build_base': '/home/koki-22/ac_search/vrx_ws/build/wamv_gazebo', 'catkin_cmake_args': None, 'catkin_skip_building_tests': False, 'cmake_args': None, 'cmake_clean_cache': False, 'cmake_clean_first': False, 'cmake_force_configure': False, 'cmake_target': None, 'cmake_target_skip_unavailable': False, 'install_base': '/home/koki-22/ac_search/vrx_ws/install', 'merge_install': True, 'path': '/home/koki-22/ac_search/vrx_ws/src/vrx/vrx_urdf/wamv_gazebo', 'symlink_install': False, 'test_result_base': None}
[0.423s] INFO:colcon.colcon_core.executor:Executing jobs using 'parallel' executor
[0.425s] DEBUG:colcon.colcon_parallel_executor.executor.parallel:run_until_complete
[0.426s] INFO:colcon.colcon_ros.task.ament_cmake.build:Building ROS package in '/home/koki-22/ac_search/vrx_ws/src/vrx/vrx_urdf/vrx_gazebo' with build type 'ament_cmake'
[0.426s] INFO:colcon.colcon_cmake.task.cmake.build:Building CMake package in '/home/koki-22/ac_search/vrx_ws/src/vrx/vrx_urdf/vrx_gazebo'
[0.430s] INFO:colcon.colcon_core.plugin_system:Skipping extension 'colcon_core.shell.bat': Not used on non-Windows systems
[0.430s] INFO:colcon.colcon_core.shell:Skip shell extension 'powershell' for command environment: Not usable outside of PowerShell
[0.430s] DEBUG:colcon.colcon_core.shell:Skip shell extension 'dsv' for command environment
[0.434s] INFO:colcon.colcon_ros.task.ament_cmake.build:Building ROS package in '/home/koki-22/ac_search/vrx_ws/src/vrx/vrx_ros' with build type 'ament_cmake'
[0.434s] INFO:colcon.colcon_cmake.task.cmake.build:Building CMake package in '/home/koki-22/ac_search/vrx_ws/src/vrx/vrx_ros'
[0.435s] INFO:colcon.colcon_core.shell:Skip shell extension 'powershell' for command environment: Not usable outside of PowerShell
[0.435s] DEBUG:colcon.colcon_core.shell:Skip shell extension 'dsv' for command environment
[0.439s] INFO:colcon.colcon_ros.task.ament_python.build:Building ROS package in '/home/koki-22/ac_search/vrx_ws/src/data_collect' with build type 'ament_python'
[0.439s] Level 1:colcon.colcon_core.shell:create_environment_hook('data_collect', 'ament_prefix_path')
[0.441s] INFO:colcon.colcon_core.shell:Creating environment hook '/home/koki-22/ac_search/vrx_ws/install/share/data_collect/hook/ament_prefix_path.ps1'
[0.441s] INFO:colcon.colcon_core.shell:Creating environment descriptor '/home/koki-22/ac_search/vrx_ws/install/share/data_collect/hook/ament_prefix_path.dsv'
[0.442s] INFO:colcon.colcon_core.shell:Creating environment hook '/home/koki-22/ac_search/vrx_ws/install/share/data_collect/hook/ament_prefix_path.sh'
[0.443s] INFO:colcon.colcon_core.shell:Skip shell extension 'powershell' for command environment: Not usable outside of PowerShell
[0.444s] DEBUG:colcon.colcon_core.shell:Skip shell extension 'dsv' for command environment
[0.452s] DEBUG:colcon.colcon_core.event_handler.log_command:Invoking command in '/home/koki-22/ac_search/vrx_ws/build/vrx_gazebo': CMAKE_PREFIX_PATH=${CMAKE_PREFIX_PATH}:/opt/ros/humble /usr/bin/cmake --build /home/koki-22/ac_search/vrx_ws/build/vrx_gazebo -- -j16 -l16
[0.455s] DEBUG:colcon.colcon_core.event_handler.log_command:Invoking command in '/home/koki-22/ac_search/vrx_ws/build/vrx_ros': CMAKE_PREFIX_PATH=${CMAKE_PREFIX_PATH}:/opt/ros/humble /usr/bin/cmake --build /home/koki-22/ac_search/vrx_ws/build/vrx_ros -- -j16 -l16
[0.716s] INFO:colcon.colcon_core.task.python.build:Building Python package in '/home/koki-22/ac_search/vrx_ws/src/data_collect'
[0.718s] INFO:colcon.colcon_core.shell:Skip shell extension 'powershell' for command environment: Not usable outside of PowerShell
[0.718s] DEBUG:colcon.colcon_core.shell:Skip shell extension 'dsv' for command environment
[0.723s] DEBUG:colcon.colcon_core.event_handler.log_command:Invoked command in '/home/koki-22/ac_search/vrx_ws/build/vrx_ros' returned '0': CMAKE_PREFIX_PATH=${CMAKE_PREFIX_PATH}:/opt/ros/humble /usr/bin/cmake --build /home/koki-22/ac_search/vrx_ws/build/vrx_ros -- -j16 -l16
[0.753s] DEBUG:colcon.colcon_core.event_handler.log_command:Invoking command in '/home/koki-22/ac_search/vrx_ws/build/vrx_ros': CMAKE_PREFIX_PATH=${CMAKE_PREFIX_PATH}:/opt/ros/humble /usr/bin/cmake --install /home/koki-22/ac_search/vrx_ws/build/vrx_ros
[0.762s] Level 1:colcon.colcon_core.environment:create_environment_scripts_only(vrx_ros)
[0.762s] DEBUG:colcon.colcon_core.event_handler.log_command:Invoked command in '/home/koki-22/ac_search/vrx_ws/build/vrx_ros' returned '0': CMAKE_PREFIX_PATH=${CMAKE_PREFIX_PATH}:/opt/ros/humble /usr/bin/cmake --install /home/koki-22/ac_search/vrx_ws/build/vrx_ros
[0.766s] Level 1:colcon.colcon_core.environment:checking '/home/koki-22/ac_search/vrx_ws/install' for CMake module files
[0.767s] Level 1:colcon.colcon_core.environment:checking '/home/koki-22/ac_search/vrx_ws/install' for CMake config files
[0.767s] Level 1:colcon.colcon_core.shell:create_environment_hook('vrx_ros', 'cmake_prefix_path')
[0.768s] INFO:colcon.colcon_core.shell:Creating environment hook '/home/koki-22/ac_search/vrx_ws/install/share/vrx_ros/hook/cmake_prefix_path.ps1'
[0.768s] INFO:colcon.colcon_core.shell:Creating environment descriptor '/home/koki-22/ac_search/vrx_ws/install/share/vrx_ros/hook/cmake_prefix_path.dsv'
[0.769s] INFO:colcon.colcon_core.shell:Creating environment hook '/home/koki-22/ac_search/vrx_ws/install/share/vrx_ros/hook/cmake_prefix_path.sh'
[0.769s] Level 1:colcon.colcon_core.environment:checking '/home/koki-22/ac_search/vrx_ws/install/lib'
[0.770s] Level 1:colcon.colcon_core.shell:create_environment_hook('vrx_ros', 'ld_library_path_lib')
[0.771s] INFO:colcon.colcon_core.shell:Creating environment hook '/home/koki-22/ac_search/vrx_ws/install/share/vrx_ros/hook/ld_library_path_lib.ps1'
[0.771s] INFO:colcon.colcon_core.shell:Creating environment descriptor '/home/koki-22/ac_search/vrx_ws/install/share/vrx_ros/hook/ld_library_path_lib.dsv'
[0.771s] INFO:colcon.colcon_core.shell:Creating environment hook '/home/koki-22/ac_search/vrx_ws/install/share/vrx_ros/hook/ld_library_path_lib.sh'
[0.772s] Level 1:colcon.colcon_core.environment:checking '/home/koki-22/ac_search/vrx_ws/install/bin'
[0.772s] Level 1:colcon.colcon_core.environment:checking '/home/koki-22/ac_search/vrx_ws/install/lib/pkgconfig/vrx_ros.pc'
[0.772s] Level 1:colcon.colcon_core.environment:checking '/home/koki-22/ac_search/vrx_ws/install/lib/python3.10/site-packages'
[0.772s] Level 1:colcon.colcon_core.shell:create_environment_hook('vrx_ros', 'pythonpath')
[0.774s] INFO:colcon.colcon_core.shell:Creating environment hook '/home/koki-22/ac_search/vrx_ws/install/share/vrx_ros/hook/pythonpath.ps1'
[0.774s] INFO:colcon.colcon_core.shell:Creating environment descriptor '/home/koki-22/ac_search/vrx_ws/install/share/vrx_ros/hook/pythonpath.dsv'
[0.775s] INFO:colcon.colcon_core.shell:Creating environment hook '/home/koki-22/ac_search/vrx_ws/install/share/vrx_ros/hook/pythonpath.sh'
[0.775s] Level 1:colcon.colcon_core.environment:checking '/home/koki-22/ac_search/vrx_ws/install/bin'
[0.776s] INFO:colcon.colcon_core.shell:Creating package script '/home/koki-22/ac_search/vrx_ws/install/share/vrx_ros/package.ps1'
[0.777s] INFO:colcon.colcon_core.shell:Creating package descriptor '/home/koki-22/ac_search/vrx_ws/install/share/vrx_ros/package.dsv'
[0.778s] INFO:colcon.colcon_core.shell:Creating package script '/home/koki-22/ac_search/vrx_ws/install/share/vrx_ros/package.sh'
[0.779s] INFO:colcon.colcon_core.shell:Creating package script '/home/koki-22/ac_search/vrx_ws/install/share/vrx_ros/package.bash'
[0.779s] INFO:colcon.colcon_core.shell:Creating package script '/home/koki-22/ac_search/vrx_ws/install/share/vrx_ros/package.zsh'
[0.780s] Level 1:colcon.colcon_core.environment:create_file_with_runtime_dependencies(/home/koki-22/ac_search/vrx_ws/install/share/colcon-core/packages/vrx_ros)
[0.783s] DEBUG:colcon.colcon_core.event_handler.log_command:Invoked command in '/home/koki-22/ac_search/vrx_ws/build/vrx_gazebo' returned '0': CMAKE_PREFIX_PATH=${CMAKE_PREFIX_PATH}:/opt/ros/humble /usr/bin/cmake --build /home/koki-22/ac_search/vrx_ws/build/vrx_gazebo -- -j16 -l16
[0.801s] DEBUG:colcon.colcon_core.event_handler.log_command:Invoking command in '/home/koki-22/ac_search/vrx_ws/build/vrx_gazebo': CMAKE_PREFIX_PATH=${CMAKE_PREFIX_PATH}:/opt/ros/humble /usr/bin/cmake --install /home/koki-22/ac_search/vrx_ws/build/vrx_gazebo
[0.802s] Level 1:colcon.colcon_core.environment:create_environment_scripts_only(vrx_ros)
[0.804s] Level 1:colcon.colcon_core.environment:checking '/home/koki-22/ac_search/vrx_ws/install' for CMake module files
[0.804s] Level 1:colcon.colcon_core.environment:checking '/home/koki-22/ac_search/vrx_ws/install' for CMake config files
[0.804s] Level 1:colcon.colcon_core.shell:create_environment_hook('vrx_ros', 'cmake_prefix_path')
[0.806s] INFO:colcon.colcon_core.shell:Creating environment hook '/home/koki-22/ac_search/vrx_ws/install/share/vrx_ros/hook/cmake_prefix_path.ps1'
[0.807s] INFO:colcon.colcon_core.shell:Creating environment descriptor '/home/koki-22/ac_search/vrx_ws/install/share/vrx_ros/hook/cmake_prefix_path.dsv'
[0.807s] INFO:colcon.colcon_core.shell:Creating environment hook '/home/koki-22/ac_search/vrx_ws/install/share/vrx_ros/hook/cmake_prefix_path.sh'
[0.808s] Level 1:colcon.colcon_core.environment:checking '/home/koki-22/ac_search/vrx_ws/install/lib'
[0.809s] Level 1:colcon.colcon_core.shell:create_environment_hook('vrx_ros', 'ld_library_path_lib')
[0.810s] INFO:colcon.colcon_core.shell:Creating environment hook '/home/koki-22/ac_search/vrx_ws/install/share/vrx_ros/hook/ld_library_path_lib.ps1'
[0.811s] INFO:colcon.colcon_core.shell:Creating environment descriptor '/home/koki-22/ac_search/vrx_ws/install/share/vrx_ros/hook/ld_library_path_lib.dsv'
[0.811s] INFO:colcon.colcon_core.shell:Creating environment hook '/home/koki-22/ac_search/vrx_ws/install/share/vrx_ros/hook/ld_library_path_lib.sh'
[0.812s] Level 1:colcon.colcon_core.environment:checking '/home/koki-22/ac_search/vrx_ws/install/bin'
[0.812s] Level 1:colcon.colcon_core.environment:checking '/home/koki-22/ac_search/vrx_ws/install/lib/pkgconfig/vrx_ros.pc'
[0.812s] Level 1:colcon.colcon_core.environment:checking '/home/koki-22/ac_search/vrx_ws/install/lib/python3.10/site-packages'
[0.812s] Level 1:colcon.colcon_core.shell:create_environment_hook('vrx_ros', 'pythonpath')
[0.814s] INFO:colcon.colcon_core.shell:Creating environment hook '/home/koki-22/ac_search/vrx_ws/install/share/vrx_ros/hook/pythonpath.ps1'
[0.814s] INFO:colcon.colcon_core.shell:Creating environment descriptor '/home/koki-22/ac_search/vrx_ws/install/share/vrx_ros/hook/pythonpath.dsv'
[0.815s] INFO:colcon.colcon_core.shell:Creating environment hook '/home/koki-22/ac_search/vrx_ws/install/share/vrx_ros/hook/pythonpath.sh'
[0.816s] Level 1:colcon.colcon_core.environment:checking '/home/koki-22/ac_search/vrx_ws/install/bin'
[0.817s] INFO:colcon.colcon_core.shell:Creating package script '/home/koki-22/ac_search/vrx_ws/install/share/vrx_ros/package.ps1'
[0.818s] INFO:colcon.colcon_core.shell:Creating package descriptor '/home/koki-22/ac_search/vrx_ws/install/share/vrx_ros/package.dsv'
[0.819s] INFO:colcon.colcon_core.shell:Creating package script '/home/koki-22/ac_search/vrx_ws/install/share/vrx_ros/package.sh'
[0.819s] INFO:colcon.colcon_core.shell:Creating package script '/home/koki-22/ac_search/vrx_ws/install/share/vrx_ros/package.bash'
[0.820s] INFO:colcon.colcon_core.shell:Creating package script '/home/koki-22/ac_search/vrx_ws/install/share/vrx_ros/package.zsh'
[0.821s] Level 1:colcon.colcon_core.environment:create_file_with_runtime_dependencies(/home/koki-22/ac_search/vrx_ws/install/share/colcon-core/packages/vrx_ros)
[0.821s] INFO:colcon.colcon_ros.task.ament_cmake.build:Building ROS package in '/home/koki-22/ac_search/vrx_ws/src/vrx/vrx_gz' with build type 'ament_cmake'
[0.821s] INFO:colcon.colcon_cmake.task.cmake.build:Building CMake package in '/home/koki-22/ac_search/vrx_ws/src/vrx/vrx_gz'
[0.823s] INFO:colcon.colcon_core.shell:Skip shell extension 'powershell' for command environment: Not usable outside of PowerShell
[0.823s] DEBUG:colcon.colcon_core.shell:Skip shell extension 'dsv' for command environment
[0.840s] DEBUG:colcon.colcon_core.event_handler.log_command:Invoking command in '/home/koki-22/ac_search/vrx_ws/build/vrx_gz': CMAKE_PREFIX_PATH=${CMAKE_PREFIX_PATH}:/opt/ros/humble PYTHONPATH=/home/koki-22/ac_search/vrx_ws/install/lib/python3.10/site-packages:/home/koki-22/ac_search/vrx_ws/install/local/lib/python3.10/dist-packages:/opt/ros/humble/lib/python3.10/site-packages:/opt/ros/humble/local/lib/python3.10/dist-packages /usr/bin/cmake --build /home/koki-22/ac_search/vrx_ws/build/vrx_gz -- -j16 -l16
[0.846s] Level 1:colcon.colcon_core.environment:create_environment_scripts_only(vrx_gazebo)
[0.848s] Level 1:colcon.colcon_core.environment:checking '/home/koki-22/ac_search/vrx_ws/install' for CMake module files
[0.849s] DEBUG:colcon.colcon_core.event_handler.log_command:Invoked command in '/home/koki-22/ac_search/vrx_ws/build/vrx_gazebo' returned '0': CMAKE_PREFIX_PATH=${CMAKE_PREFIX_PATH}:/opt/ros/humble /usr/bin/cmake --install /home/koki-22/ac_search/vrx_ws/build/vrx_gazebo
[0.849s] Level 1:colcon.colcon_core.environment:checking '/home/koki-22/ac_search/vrx_ws/install' for CMake config files
[0.849s] Level 1:colcon.colcon_core.shell:create_environment_hook('vrx_gazebo', 'cmake_prefix_path')
[0.851s] INFO:colcon.colcon_core.shell:Creating environment hook '/home/koki-22/ac_search/vrx_ws/install/share/vrx_gazebo/hook/cmake_prefix_path.ps1'
[0.851s] INFO:colcon.colcon_core.shell:Creating environment descriptor '/home/koki-22/ac_search/vrx_ws/install/share/vrx_gazebo/hook/cmake_prefix_path.dsv'
[0.851s] INFO:colcon.colcon_core.shell:Creating environment hook '/home/koki-22/ac_search/vrx_ws/install/share/vrx_gazebo/hook/cmake_prefix_path.sh'
[0.852s] Level 1:colcon.colcon_core.environment:checking '/home/koki-22/ac_search/vrx_ws/install/lib'
[0.852s] Level 1:colcon.colcon_core.shell:create_environment_hook('vrx_gazebo', 'ld_library_path_lib')
[0.853s] INFO:colcon.colcon_core.shell:Creating environment hook '/home/koki-22/ac_search/vrx_ws/install/share/vrx_gazebo/hook/ld_library_path_lib.ps1'
[0.853s] INFO:colcon.colcon_core.shell:Creating environment descriptor '/home/koki-22/ac_search/vrx_ws/install/share/vrx_gazebo/hook/ld_library_path_lib.dsv'
[0.853s] INFO:colcon.colcon_core.shell:Creating environment hook '/home/koki-22/ac_search/vrx_ws/install/share/vrx_gazebo/hook/ld_library_path_lib.sh'
[0.854s] Level 1:colcon.colcon_core.environment:checking '/home/koki-22/ac_search/vrx_ws/install/bin'
[0.854s] Level 1:colcon.colcon_core.environment:checking '/home/koki-22/ac_search/vrx_ws/install/lib/pkgconfig/vrx_gazebo.pc'
[0.854s] Level 1:colcon.colcon_core.environment:checking '/home/koki-22/ac_search/vrx_ws/install/lib/python3.10/site-packages'
[0.854s] Level 1:colcon.colcon_core.shell:create_environment_hook('vrx_gazebo', 'pythonpath')
[0.855s] INFO:colcon.colcon_core.shell:Creating environment hook '/home/koki-22/ac_search/vrx_ws/install/share/vrx_gazebo/hook/pythonpath.ps1'
[0.856s] INFO:colcon.colcon_core.shell:Creating environment descriptor '/home/koki-22/ac_search/vrx_ws/install/share/vrx_gazebo/hook/pythonpath.dsv'
[0.856s] INFO:colcon.colcon_core.shell:Creating environment hook '/home/koki-22/ac_search/vrx_ws/install/share/vrx_gazebo/hook/pythonpath.sh'
[0.857s] Level 1:colcon.colcon_core.environment:checking '/home/koki-22/ac_search/vrx_ws/install/bin'
[0.858s] INFO:colcon.colcon_core.shell:Creating package script '/home/koki-22/ac_search/vrx_ws/install/share/vrx_gazebo/package.ps1'
[0.858s] INFO:colcon.colcon_core.shell:Creating package descriptor '/home/koki-22/ac_search/vrx_ws/install/share/vrx_gazebo/package.dsv'
[0.859s] INFO:colcon.colcon_core.shell:Creating package script '/home/koki-22/ac_search/vrx_ws/install/share/vrx_gazebo/package.sh'
[0.859s] INFO:colcon.colcon_core.shell:Creating package script '/home/koki-22/ac_search/vrx_ws/install/share/vrx_gazebo/package.bash'
[0.860s] INFO:colcon.colcon_core.shell:Creating package script '/home/koki-22/ac_search/vrx_ws/install/share/vrx_gazebo/package.zsh'
[0.860s] Level 1:colcon.colcon_core.environment:create_file_with_runtime_dependencies(/home/koki-22/ac_search/vrx_ws/install/share/colcon-core/packages/vrx_gazebo)
[0.879s] Level 1:colcon.colcon_core.environment:create_environment_scripts_only(vrx_gazebo)
[0.881s] Level 1:colcon.colcon_core.environment:checking '/home/koki-22/ac_search/vrx_ws/install' for CMake module files
[0.882s] Level 1:colcon.colcon_core.environment:checking '/home/koki-22/ac_search/vrx_ws/install' for CMake config files
[0.882s] Level 1:colcon.colcon_core.shell:create_environment_hook('vrx_gazebo', 'cmake_prefix_path')
[0.884s] INFO:colcon.colcon_core.shell:Creating environment hook '/home/koki-22/ac_search/vrx_ws/install/share/vrx_gazebo/hook/cmake_prefix_path.ps1'
[0.884s] INFO:colcon.colcon_core.shell:Creating environment descriptor '/home/koki-22/ac_search/vrx_ws/install/share/vrx_gazebo/hook/cmake_prefix_path.dsv'
[0.885s] INFO:colcon.colcon_core.shell:Creating environment hook '/home/koki-22/ac_search/vrx_ws/install/share/vrx_gazebo/hook/cmake_prefix_path.sh'
[0.885s] Level 1:colcon.colcon_core.environment:checking '/home/koki-22/ac_search/vrx_ws/install/lib'
[0.885s] Level 1:colcon.colcon_core.shell:create_environment_hook('vrx_gazebo', 'ld_library_path_lib')
[0.887s] INFO:colcon.colcon_core.shell:Creating environment hook '/home/koki-22/ac_search/vrx_ws/install/share/vrx_gazebo/hook/ld_library_path_lib.ps1'
[0.888s] INFO:colcon.colcon_core.shell:Creating environment descriptor '/home/koki-22/ac_search/vrx_ws/install/share/vrx_gazebo/hook/ld_library_path_lib.dsv'
[0.888s] INFO:colcon.colcon_core.shell:Creating environment hook '/home/koki-22/ac_search/vrx_ws/install/share/vrx_gazebo/hook/ld_library_path_lib.sh'
[0.889s] Level 1:colcon.colcon_core.environment:checking '/home/koki-22/ac_search/vrx_ws/install/bin'
[0.889s] Level 1:colcon.colcon_core.environment:checking '/home/koki-22/ac_search/vrx_ws/install/lib/pkgconfig/vrx_gazebo.pc'
[0.889s] Level 1:colcon.colcon_core.environment:checking '/home/koki-22/ac_search/vrx_ws/install/lib/python3.10/site-packages'
[0.889s] Level 1:colcon.colcon_core.shell:create_environment_hook('vrx_gazebo', 'pythonpath')
[0.891s] INFO:colcon.colcon_core.shell:Creating environment hook '/home/koki-22/ac_search/vrx_ws/install/share/vrx_gazebo/hook/pythonpath.ps1'
[0.891s] INFO:colcon.colcon_core.shell:Creating environment descriptor '/home/koki-22/ac_search/vrx_ws/install/share/vrx_gazebo/hook/pythonpath.dsv'
[0.892s] INFO:colcon.colcon_core.shell:Creating environment hook '/home/koki-22/ac_search/vrx_ws/install/share/vrx_gazebo/hook/pythonpath.sh'
[0.892s] Level 1:colcon.colcon_core.environment:checking '/home/koki-22/ac_search/vrx_ws/install/bin'
[0.895s] INFO:colcon.colcon_core.shell:Creating package script '/home/koki-22/ac_search/vrx_ws/install/share/vrx_gazebo/package.ps1'
[0.896s] INFO:colcon.colcon_core.shell:Creating package descriptor '/home/koki-22/ac_search/vrx_ws/install/share/vrx_gazebo/package.dsv'
[0.896s] INFO:colcon.colcon_core.shell:Creating package script '/home/koki-22/ac_search/vrx_ws/install/share/vrx_gazebo/package.sh'
[0.898s] INFO:colcon.colcon_core.shell:Creating package script '/home/koki-22/ac_search/vrx_ws/install/share/vrx_gazebo/package.bash'
[0.899s] INFO:colcon.colcon_core.shell:Creating package script '/home/koki-22/ac_search/vrx_ws/install/share/vrx_gazebo/package.zsh'
[0.902s] Level 1:colcon.colcon_core.environment:create_file_with_runtime_dependencies(/home/koki-22/ac_search/vrx_ws/install/share/colcon-core/packages/vrx_gazebo)
[0.904s] INFO:colcon.colcon_ros.task.ament_cmake.build:Building ROS package in '/home/koki-22/ac_search/vrx_ws/src/vrx/vrx_urdf/wamv_description' with build type 'ament_cmake'
[0.905s] INFO:colcon.colcon_cmake.task.cmake.build:Building CMake package in '/home/koki-22/ac_search/vrx_ws/src/vrx/vrx_urdf/wamv_description'
[0.909s] INFO:colcon.colcon_core.shell:Skip shell extension 'powershell' for command environment: Not usable outside of PowerShell
[0.909s] DEBUG:colcon.colcon_core.shell:Skip shell extension 'dsv' for command environment
[0.930s] DEBUG:colcon.colcon_core.event_handler.log_command:Invoking command in '/home/koki-22/ac_search/vrx_ws/build/wamv_description': CMAKE_PREFIX_PATH=${CMAKE_PREFIX_PATH}:/opt/ros/humble GZ_SIM_RESOURCE_PATH=/home/koki-22/ac_search/vrx_ws/install/share:${GZ_SIM_RESOURCE_PATH} PYTHONPATH=/home/koki-22/ac_search/vrx_ws/install/lib/python3.10/site-packages:/home/koki-22/ac_search/vrx_ws/install/local/lib/python3.10/dist-packages:/opt/ros/humble/lib/python3.10/site-packages:/opt/ros/humble/local/lib/python3.10/dist-packages /usr/bin/cmake --build /home/koki-22/ac_search/vrx_ws/build/wamv_description -- -j16 -l16
[1.002s] DEBUG:colcon.colcon_core.event_handler.log_command:Invoked command in '/home/koki-22/ac_search/vrx_ws/build/wamv_description' returned '0': CMAKE_PREFIX_PATH=${CMAKE_PREFIX_PATH}:/opt/ros/humble GZ_SIM_RESOURCE_PATH=/home/koki-22/ac_search/vrx_ws/install/share:${GZ_SIM_RESOURCE_PATH} PYTHONPATH=/home/koki-22/ac_search/vrx_ws/install/lib/python3.10/site-packages:/home/koki-22/ac_search/vrx_ws/install/local/lib/python3.10/dist-packages:/opt/ros/humble/lib/python3.10/site-packages:/opt/ros/humble/local/lib/python3.10/dist-packages /usr/bin/cmake --build /home/koki-22/ac_search/vrx_ws/build/wamv_description -- -j16 -l16
[1.024s] DEBUG:colcon.colcon_core.event_handler.log_command:Invoking command in '/home/koki-22/ac_search/vrx_ws/build/wamv_description': CMAKE_PREFIX_PATH=${CMAKE_PREFIX_PATH}:/opt/ros/humble GZ_SIM_RESOURCE_PATH=/home/koki-22/ac_search/vrx_ws/install/share:${GZ_SIM_RESOURCE_PATH} PYTHONPATH=/home/koki-22/ac_search/vrx_ws/install/lib/python3.10/site-packages:/home/koki-22/ac_search/vrx_ws/install/local/lib/python3.10/dist-packages:/opt/ros/humble/lib/python3.10/site-packages:/opt/ros/humble/local/lib/python3.10/dist-packages /usr/bin/cmake --install /home/koki-22/ac_search/vrx_ws/build/wamv_description
[1.036s] Level 1:colcon.colcon_core.environment:create_environment_scripts_only(wamv_description)
[1.039s] Level 1:colcon.colcon_core.environment:checking '/home/koki-22/ac_search/vrx_ws/install' for CMake module files
[1.041s] Level 1:colcon.colcon_core.environment:checking '/home/koki-22/ac_search/vrx_ws/install' for CMake config files
[1.043s] Level 1:colcon.colcon_core.shell:create_environment_hook('wamv_description', 'cmake_prefix_path')
[1.044s] INFO:colcon.colcon_core.shell:Creating environment hook '/home/koki-22/ac_search/vrx_ws/install/share/wamv_description/hook/cmake_prefix_path.ps1'
[1.045s] DEBUG:colcon.colcon_core.event_handler.log_command:Invoked command in '/home/koki-22/ac_search/vrx_ws/build/wamv_description' returned '0': CMAKE_PREFIX_PATH=${CMAKE_PREFIX_PATH}:/opt/ros/humble GZ_SIM_RESOURCE_PATH=/home/koki-22/ac_search/vrx_ws/install/share:${GZ_SIM_RESOURCE_PATH} PYTHONPATH=/home/koki-22/ac_search/vrx_ws/install/lib/python3.10/site-packages:/home/koki-22/ac_search/vrx_ws/install/local/lib/python3.10/dist-packages:/opt/ros/humble/lib/python3.10/site-packages:/opt/ros/humble/local/lib/python3.10/dist-packages /usr/bin/cmake --install /home/koki-22/ac_search/vrx_ws/build/wamv_description
[1.045s] INFO:colcon.colcon_core.shell:Creating environment descriptor '/home/koki-22/ac_search/vrx_ws/install/share/wamv_description/hook/cmake_prefix_path.dsv'
[1.046s] INFO:colcon.colcon_core.shell:Creating environment hook '/home/koki-22/ac_search/vrx_ws/install/share/wamv_description/hook/cmake_prefix_path.sh'
[1.046s] Level 1:colcon.colcon_core.environment:checking '/home/koki-22/ac_search/vrx_ws/install/lib'
[1.046s] Level 1:colcon.colcon_core.shell:create_environment_hook('wamv_description', 'ld_library_path_lib')
[1.048s] INFO:colcon.colcon_core.shell:Creating environment hook '/home/koki-22/ac_search/vrx_ws/install/share/wamv_description/hook/ld_library_path_lib.ps1'
[1.048s] INFO:colcon.colcon_core.shell:Creating environment descriptor '/home/koki-22/ac_search/vrx_ws/install/share/wamv_description/hook/ld_library_path_lib.dsv'
[1.049s] INFO:colcon.colcon_core.shell:Creating environment hook '/home/koki-22/ac_search/vrx_ws/install/share/wamv_description/hook/ld_library_path_lib.sh'
[1.049s] Level 1:colcon.colcon_core.environment:checking '/home/koki-22/ac_search/vrx_ws/install/bin'
[1.049s] Level 1:colcon.colcon_core.environment:checking '/home/koki-22/ac_search/vrx_ws/install/lib/pkgconfig/wamv_description.pc'
[1.049s] Level 1:colcon.colcon_core.environment:checking '/home/koki-22/ac_search/vrx_ws/install/lib/python3.10/site-packages'
[1.050s] Level 1:colcon.colcon_core.shell:create_environment_hook('wamv_description', 'pythonpath')
[1.051s] INFO:colcon.colcon_core.shell:Creating environment hook '/home/koki-22/ac_search/vrx_ws/install/share/wamv_description/hook/pythonpath.ps1'
[1.051s] INFO:colcon.colcon_core.shell:Creating environment descriptor '/home/koki-22/ac_search/vrx_ws/install/share/wamv_description/hook/pythonpath.dsv'
[1.052s] INFO:colcon.colcon_core.shell:Creating environment hook '/home/koki-22/ac_search/vrx_ws/install/share/wamv_description/hook/pythonpath.sh'
[1.052s] Level 1:colcon.colcon_core.environment:checking '/home/koki-22/ac_search/vrx_ws/install/bin'
[1.054s] INFO:colcon.colcon_core.shell:Creating package script '/home/koki-22/ac_search/vrx_ws/install/share/wamv_description/package.ps1'
[1.055s] INFO:colcon.colcon_core.shell:Creating package descriptor '/home/koki-22/ac_search/vrx_ws/install/share/wamv_description/package.dsv'
[1.055s] INFO:colcon.colcon_core.shell:Creating package script '/home/koki-22/ac_search/vrx_ws/install/share/wamv_description/package.sh'
[1.056s] INFO:colcon.colcon_core.shell:Creating package script '/home/koki-22/ac_search/vrx_ws/install/share/wamv_description/package.bash'
[1.056s] INFO:colcon.colcon_core.shell:Creating package script '/home/koki-22/ac_search/vrx_ws/install/share/wamv_description/package.zsh'
[1.056s] Level 1:colcon.colcon_core.environment:create_file_with_runtime_dependencies(/home/koki-22/ac_search/vrx_ws/install/share/colcon-core/packages/wamv_description)
[1.077s] Level 1:colcon.colcon_core.environment:create_environment_scripts_only(wamv_description)
[1.079s] Level 1:colcon.colcon_core.environment:checking '/home/koki-22/ac_search/vrx_ws/install' for CMake module files
[1.079s] Level 1:colcon.colcon_core.environment:checking '/home/koki-22/ac_search/vrx_ws/install' for CMake config files
[1.080s] Level 1:colcon.colcon_core.shell:create_environment_hook('wamv_description', 'cmake_prefix_path')
[1.081s] INFO:colcon.colcon_core.shell:Creating environment hook '/home/koki-22/ac_search/vrx_ws/install/share/wamv_description/hook/cmake_prefix_path.ps1'
[1.081s] INFO:colcon.colcon_core.shell:Creating environment descriptor '/home/koki-22/ac_search/vrx_ws/install/share/wamv_description/hook/cmake_prefix_path.dsv'
[1.081s] INFO:colcon.colcon_core.shell:Creating environment hook '/home/koki-22/ac_search/vrx_ws/install/share/wamv_description/hook/cmake_prefix_path.sh'
[1.082s] Level 1:colcon.colcon_core.environment:checking '/home/koki-22/ac_search/vrx_ws/install/lib'
[1.082s] Level 1:colcon.colcon_core.shell:create_environment_hook('wamv_description', 'ld_library_path_lib')
[1.083s] INFO:colcon.colcon_core.shell:Creating environment hook '/home/koki-22/ac_search/vrx_ws/install/share/wamv_description/hook/ld_library_path_lib.ps1'
[1.083s] INFO:colcon.colcon_core.shell:Creating environment descriptor '/home/koki-22/ac_search/vrx_ws/install/share/wamv_description/hook/ld_library_path_lib.dsv'
[1.084s] INFO:colcon.colcon_core.shell:Creating environment hook '/home/koki-22/ac_search/vrx_ws/install/share/wamv_description/hook/ld_library_path_lib.sh'
[1.084s] Level 1:colcon.colcon_core.environment:checking '/home/koki-22/ac_search/vrx_ws/install/bin'
[1.084s] Level 1:colcon.colcon_core.environment:checking '/home/koki-22/ac_search/vrx_ws/install/lib/pkgconfig/wamv_description.pc'
[1.084s] Level 1:colcon.colcon_core.environment:checking '/home/koki-22/ac_search/vrx_ws/install/lib/python3.10/site-packages'
[1.084s] Level 1:colcon.colcon_core.shell:create_environment_hook('wamv_description', 'pythonpath')
[1.085s] INFO:colcon.colcon_core.shell:Creating environment hook '/home/koki-22/ac_search/vrx_ws/install/share/wamv_description/hook/pythonpath.ps1'
[1.086s] INFO:colcon.colcon_core.shell:Creating environment descriptor '/home/koki-22/ac_search/vrx_ws/install/share/wamv_description/hook/pythonpath.dsv'
[1.086s] INFO:colcon.colcon_core.shell:Creating environment hook '/home/koki-22/ac_search/vrx_ws/install/share/wamv_description/hook/pythonpath.sh'
[1.086s] Level 1:colcon.colcon_core.environment:checking '/home/koki-22/ac_search/vrx_ws/install/bin'
[1.088s] INFO:colcon.colcon_core.shell:Creating package script '/home/koki-22/ac_search/vrx_ws/install/share/wamv_description/package.ps1'
[1.088s] INFO:colcon.colcon_core.shell:Creating package descriptor '/home/koki-22/ac_search/vrx_ws/install/share/wamv_description/package.dsv'
[1.089s] INFO:colcon.colcon_core.shell:Creating package script '/home/koki-22/ac_search/vrx_ws/install/share/wamv_description/package.sh'
[1.089s] INFO:colcon.colcon_core.shell:Creating package script '/home/koki-22/ac_search/vrx_ws/install/share/wamv_description/package.bash'
[1.090s] INFO:colcon.colcon_core.shell:Creating package script '/home/koki-22/ac_search/vrx_ws/install/share/wamv_description/package.zsh'
[1.090s] Level 1:colcon.colcon_core.environment:create_file_with_runtime_dependencies(/home/koki-22/ac_search/vrx_ws/install/share/colcon-core/packages/wamv_description)
[1.091s] INFO:colcon.colcon_ros.task.ament_cmake.build:Building ROS package in '/home/koki-22/ac_search/vrx_ws/src/vrx/vrx_urdf/wamv_gazebo' with build type 'ament_cmake'
[1.091s] INFO:colcon.colcon_cmake.task.cmake.build:Building CMake package in '/home/koki-22/ac_search/vrx_ws/src/vrx/vrx_urdf/wamv_gazebo'
[1.092s] INFO:colcon.colcon_core.shell:Skip shell extension 'powershell' for command environment: Not usable outside of PowerShell
[1.092s] DEBUG:colcon.colcon_core.shell:Skip shell extension 'dsv' for command environment
[1.104s] DEBUG:colcon.colcon_core.event_handler.log_command:Invoking command in '/home/koki-22/ac_search/vrx_ws/build/wamv_gazebo': CMAKE_PREFIX_PATH=${CMAKE_PREFIX_PATH}:/opt/ros/humble GZ_SIM_RESOURCE_PATH=/home/koki-22/ac_search/vrx_ws/install/share:${GZ_SIM_RESOURCE_PATH} PYTHONPATH=/home/koki-22/ac_search/vrx_ws/install/lib/python3.10/site-packages:/home/koki-22/ac_search/vrx_ws/install/local/lib/python3.10/dist-packages:/opt/ros/humble/lib/python3.10/site-packages:/opt/ros/humble/local/lib/python3.10/dist-packages /usr/bin/cmake --build /home/koki-22/ac_search/vrx_ws/build/wamv_gazebo -- -j16 -l16
[1.135s] DEBUG:colcon.colcon_core.event_handler.log_command:Invoked command in '/home/koki-22/ac_search/vrx_ws/build/wamv_gazebo' returned '0': CMAKE_PREFIX_PATH=${CMAKE_PREFIX_PATH}:/opt/ros/humble GZ_SIM_RESOURCE_PATH=/home/koki-22/ac_search/vrx_ws/install/share:${GZ_SIM_RESOURCE_PATH} PYTHONPATH=/home/koki-22/ac_search/vrx_ws/install/lib/python3.10/site-packages:/home/koki-22/ac_search/vrx_ws/install/local/lib/python3.10/dist-packages:/opt/ros/humble/lib/python3.10/site-packages:/opt/ros/humble/local/lib/python3.10/dist-packages /usr/bin/cmake --build /home/koki-22/ac_search/vrx_ws/build/wamv_gazebo -- -j16 -l16
[1.153s] DEBUG:colcon.colcon_core.event_handler.log_command:Invoking command in '/home/koki-22/ac_search/vrx_ws/build/wamv_gazebo': CMAKE_PREFIX_PATH=${CMAKE_PREFIX_PATH}:/opt/ros/humble GZ_SIM_RESOURCE_PATH=/home/koki-22/ac_search/vrx_ws/install/share:${GZ_SIM_RESOURCE_PATH} PYTHONPATH=/home/koki-22/ac_search/vrx_ws/install/lib/python3.10/site-packages:/home/koki-22/ac_search/vrx_ws/install/local/lib/python3.10/dist-packages:/opt/ros/humble/lib/python3.10/site-packages:/opt/ros/humble/local/lib/python3.10/dist-packages /usr/bin/cmake --install /home/koki-22/ac_search/vrx_ws/build/wamv_gazebo
[1.163s] Level 1:colcon.colcon_core.environment:create_environment_scripts_only(wamv_gazebo)
[1.165s] Level 1:colcon.colcon_core.environment:checking '/home/koki-22/ac_search/vrx_ws/install' for CMake module files
[1.166s] Level 1:colcon.colcon_core.environment:checking '/home/koki-22/ac_search/vrx_ws/install' for CMake config files
[1.167s] DEBUG:colcon.colcon_core.event_handler.log_command:Invoked command in '/home/koki-22/ac_search/vrx_ws/build/wamv_gazebo' returned '0': CMAKE_PREFIX_PATH=${CMAKE_PREFIX_PATH}:/opt/ros/humble GZ_SIM_RESOURCE_PATH=/home/koki-22/ac_search/vrx_ws/install/share:${GZ_SIM_RESOURCE_PATH} PYTHONPATH=/home/koki-22/ac_search/vrx_ws/install/lib/python3.10/site-packages:/home/koki-22/ac_search/vrx_ws/install/local/lib/python3.10/dist-packages:/opt/ros/humble/lib/python3.10/site-packages:/opt/ros/humble/local/lib/python3.10/dist-packages /usr/bin/cmake --install /home/koki-22/ac_search/vrx_ws/build/wamv_gazebo
[1.167s] Level 1:colcon.colcon_core.shell:create_environment_hook('wamv_gazebo', 'cmake_prefix_path')
[1.168s] INFO:colcon.colcon_core.shell:Creating environment hook '/home/koki-22/ac_search/vrx_ws/install/share/wamv_gazebo/hook/cmake_prefix_path.ps1'
[1.169s] INFO:colcon.colcon_core.shell:Creating environment descriptor '/home/koki-22/ac_search/vrx_ws/install/share/wamv_gazebo/hook/cmake_prefix_path.dsv'
[1.169s] INFO:colcon.colcon_core.shell:Creating environment hook '/home/koki-22/ac_search/vrx_ws/install/share/wamv_gazebo/hook/cmake_prefix_path.sh'
[1.169s] Level 1:colcon.colcon_core.environment:checking '/home/koki-22/ac_search/vrx_ws/install/lib'
[1.170s] Level 1:colcon.colcon_core.shell:create_environment_hook('wamv_gazebo', 'ld_library_path_lib')
[1.171s] INFO:colcon.colcon_core.shell:Creating environment hook '/home/koki-22/ac_search/vrx_ws/install/share/wamv_gazebo/hook/ld_library_path_lib.ps1'
[1.171s] INFO:colcon.colcon_core.shell:Creating environment descriptor '/home/koki-22/ac_search/vrx_ws/install/share/wamv_gazebo/hook/ld_library_path_lib.dsv'
[1.171s] INFO:colcon.colcon_core.shell:Creating environment hook '/home/koki-22/ac_search/vrx_ws/install/share/wamv_gazebo/hook/ld_library_path_lib.sh'
[1.172s] Level 1:colcon.colcon_core.environment:checking '/home/koki-22/ac_search/vrx_ws/install/bin'
[1.172s] Level 1:colcon.colcon_core.environment:checking '/home/koki-22/ac_search/vrx_ws/install/lib/pkgconfig/wamv_gazebo.pc'
[1.172s] Level 1:colcon.colcon_core.environment:checking '/home/koki-22/ac_search/vrx_ws/install/lib/python3.10/site-packages'
[1.172s] Level 1:colcon.colcon_core.shell:create_environment_hook('wamv_gazebo', 'pythonpath')
[1.174s] INFO:colcon.colcon_core.shell:Creating environment hook '/home/koki-22/ac_search/vrx_ws/install/share/wamv_gazebo/hook/pythonpath.ps1'
[1.174s] INFO:colcon.colcon_core.shell:Creating environment descriptor '/home/koki-22/ac_search/vrx_ws/install/share/wamv_gazebo/hook/pythonpath.dsv'
[1.174s] INFO:colcon.colcon_core.shell:Creating environment hook '/home/koki-22/ac_search/vrx_ws/install/share/wamv_gazebo/hook/pythonpath.sh'
[1.175s] Level 1:colcon.colcon_core.environment:checking '/home/koki-22/ac_search/vrx_ws/install/bin'
[1.176s] INFO:colcon.colcon_core.shell:Creating package script '/home/koki-22/ac_search/vrx_ws/install/share/wamv_gazebo/package.ps1'
[1.177s] INFO:colcon.colcon_core.shell:Creating package descriptor '/home/koki-22/ac_search/vrx_ws/install/share/wamv_gazebo/package.dsv'
[1.177s] INFO:colcon.colcon_core.shell:Creating package script '/home/koki-22/ac_search/vrx_ws/install/share/wamv_gazebo/package.sh'
[1.177s] INFO:colcon.colcon_core.shell:Creating package script '/home/koki-22/ac_search/vrx_ws/install/share/wamv_gazebo/package.bash'
[1.178s] INFO:colcon.colcon_core.shell:Creating package script '/home/koki-22/ac_search/vrx_ws/install/share/wamv_gazebo/package.zsh'
[1.178s] Level 1:colcon.colcon_core.environment:create_file_with_runtime_dependencies(/home/koki-22/ac_search/vrx_ws/install/share/colcon-core/packages/wamv_gazebo)
[1.195s] Level 1:colcon.colcon_core.environment:create_environment_scripts_only(wamv_gazebo)
[1.197s] Level 1:colcon.colcon_core.environment:checking '/home/koki-22/ac_search/vrx_ws/install' for CMake module files
[1.198s] Level 1:colcon.colcon_core.environment:checking '/home/koki-22/ac_search/vrx_ws/install' for CMake config files
[1.198s] Level 1:colcon.colcon_core.shell:create_environment_hook('wamv_gazebo', 'cmake_prefix_path')
[1.199s] INFO:colcon.colcon_core.shell:Creating environment hook '/home/koki-22/ac_search/vrx_ws/install/share/wamv_gazebo/hook/cmake_prefix_path.ps1'
[1.200s] INFO:colcon.colcon_core.shell:Creating environment descriptor '/home/koki-22/ac_search/vrx_ws/install/share/wamv_gazebo/hook/cmake_prefix_path.dsv'
[1.200s] INFO:colcon.colcon_core.shell:Creating environment hook '/home/koki-22/ac_search/vrx_ws/install/share/wamv_gazebo/hook/cmake_prefix_path.sh'
[1.200s] Level 1:colcon.colcon_core.environment:checking '/home/koki-22/ac_search/vrx_ws/install/lib'
[1.200s] Level 1:colcon.colcon_core.shell:create_environment_hook('wamv_gazebo', 'ld_library_path_lib')
[1.201s] INFO:colcon.colcon_core.shell:Creating environment hook '/home/koki-22/ac_search/vrx_ws/install/share/wamv_gazebo/hook/ld_library_path_lib.ps1'
[1.202s] INFO:colcon.colcon_core.shell:Creating environment descriptor '/home/koki-22/ac_search/vrx_ws/install/share/wamv_gazebo/hook/ld_library_path_lib.dsv'
[1.202s] INFO:colcon.colcon_core.shell:Creating environment hook '/home/koki-22/ac_search/vrx_ws/install/share/wamv_gazebo/hook/ld_library_path_lib.sh'
[1.202s] Level 1:colcon.colcon_core.environment:checking '/home/koki-22/ac_search/vrx_ws/install/bin'
[1.203s] Level 1:colcon.colcon_core.environment:checking '/home/koki-22/ac_search/vrx_ws/install/lib/pkgconfig/wamv_gazebo.pc'
[1.203s] Level 1:colcon.colcon_core.environment:checking '/home/koki-22/ac_search/vrx_ws/install/lib/python3.10/site-packages'
[1.203s] Level 1:colcon.colcon_core.shell:create_environment_hook('wamv_gazebo', 'pythonpath')
[1.204s] INFO:colcon.colcon_core.shell:Creating environment hook '/home/koki-22/ac_search/vrx_ws/install/share/wamv_gazebo/hook/pythonpath.ps1'
[1.204s] INFO:colcon.colcon_core.shell:Creating environment descriptor '/home/koki-22/ac_search/vrx_ws/install/share/wamv_gazebo/hook/pythonpath.dsv'
[1.205s] INFO:colcon.colcon_core.shell:Creating environment hook '/home/koki-22/ac_search/vrx_ws/install/share/wamv_gazebo/hook/pythonpath.sh'
[1.205s] Level 1:colcon.colcon_core.environment:checking '/home/koki-22/ac_search/vrx_ws/install/bin'
[1.207s] INFO:colcon.colcon_core.shell:Creating package script '/home/koki-22/ac_search/vrx_ws/install/share/wamv_gazebo/package.ps1'
[1.207s] INFO:colcon.colcon_core.shell:Creating package descriptor '/home/koki-22/ac_search/vrx_ws/install/share/wamv_gazebo/package.dsv'
[1.208s] INFO:colcon.colcon_core.shell:Creating package script '/home/koki-22/ac_search/vrx_ws/install/share/wamv_gazebo/package.sh'
[1.208s] INFO:colcon.colcon_core.shell:Creating package script '/home/koki-22/ac_search/vrx_ws/install/share/wamv_gazebo/package.bash'
[1.208s] INFO:colcon.colcon_core.shell:Creating package script '/home/koki-22/ac_search/vrx_ws/install/share/wamv_gazebo/package.zsh'
[1.209s] Level 1:colcon.colcon_core.environment:create_file_with_runtime_dependencies(/home/koki-22/ac_search/vrx_ws/install/share/colcon-core/packages/wamv_gazebo)
[1.211s] DEBUG:colcon.colcon_core.event_handler.log_command:Invoking command in '/home/koki-22/ac_search/vrx_ws/src/data_collect': PYTHONPATH=/home/koki-22/ac_search/vrx_ws/build/data_collect/prefix_override:/home/koki-22/ac_search/vrx_ws/install/lib/python3.10/site-packages:${PYTHONPATH} /usr/bin/python3 setup.py egg_info --egg-base ../../build/data_collect build --build-base /home/koki-22/ac_search/vrx_ws/build/data_collect/build install --record /home/koki-22/ac_search/vrx_ws/build/data_collect/install.log --single-version-externally-managed
[1.317s] DEBUG:colcon.colcon_core.event_handler.log_command:Invoked command in '/home/koki-22/ac_search/vrx_ws/build/vrx_gz' returned '0': CMAKE_PREFIX_PATH=${CMAKE_PREFIX_PATH}:/opt/ros/humble PYTHONPATH=/home/koki-22/ac_search/vrx_ws/install/lib/python3.10/site-packages:/home/koki-22/ac_search/vrx_ws/install/local/lib/python3.10/dist-packages:/opt/ros/humble/lib/python3.10/site-packages:/opt/ros/humble/local/lib/python3.10/dist-packages /usr/bin/cmake --build /home/koki-22/ac_search/vrx_ws/build/vrx_gz -- -j16 -l16
[1.383s] DEBUG:colcon.colcon_core.event_handler.log_command:Invoking command in '/home/koki-22/ac_search/vrx_ws/build/vrx_gz': CMAKE_PREFIX_PATH=${CMAKE_PREFIX_PATH}:/opt/ros/humble PYTHONPATH=/home/koki-22/ac_search/vrx_ws/install/lib/python3.10/site-packages:/home/koki-22/ac_search/vrx_ws/install/local/lib/python3.10/dist-packages:/opt/ros/humble/lib/python3.10/site-packages:/opt/ros/humble/local/lib/python3.10/dist-packages /usr/bin/cmake --install /home/koki-22/ac_search/vrx_ws/build/vrx_gz
[1.430s] Level 1:colcon.colcon_core.environment:create_environment_scripts_only(vrx_gz)
[1.432s] Level 1:colcon.colcon_core.environment:checking '/home/koki-22/ac_search/vrx_ws/install' for CMake module files
[1.433s] Level 1:colcon.colcon_core.environment:checking '/home/koki-22/ac_search/vrx_ws/install' for CMake config files
[1.434s] Level 1:colcon.colcon_core.shell:create_environment_hook('vrx_gz', 'cmake_prefix_path')
[1.435s] INFO:colcon.colcon_core.shell:Creating environment hook '/home/koki-22/ac_search/vrx_ws/install/share/vrx_gz/hook/cmake_prefix_path.ps1'
[1.436s] INFO:colcon.colcon_core.shell:Creating environment descriptor '/home/koki-22/ac_search/vrx_ws/install/share/vrx_gz/hook/cmake_prefix_path.dsv'
[1.437s] INFO:colcon.colcon_core.shell:Creating environment hook '/home/koki-22/ac_search/vrx_ws/install/share/vrx_gz/hook/cmake_prefix_path.sh'
[1.438s] Level 1:colcon.colcon_core.environment:checking '/home/koki-22/ac_search/vrx_ws/install/lib'
[1.438s] Level 1:colcon.colcon_core.shell:create_environment_hook('vrx_gz', 'ld_library_path_lib')
[1.440s] INFO:colcon.colcon_core.shell:Creating environment hook '/home/koki-22/ac_search/vrx_ws/install/share/vrx_gz/hook/ld_library_path_lib.ps1'
[1.441s] INFO:colcon.colcon_core.shell:Creating environment descriptor '/home/koki-22/ac_search/vrx_ws/install/share/vrx_gz/hook/ld_library_path_lib.dsv'
[1.441s] INFO:colcon.colcon_core.shell:Creating environment hook '/home/koki-22/ac_search/vrx_ws/install/share/vrx_gz/hook/ld_library_path_lib.sh'
[1.442s] Level 1:colcon.colcon_core.environment:checking '/home/koki-22/ac_search/vrx_ws/install/bin'
[1.442s] Level 1:colcon.colcon_core.environment:checking '/home/koki-22/ac_search/vrx_ws/install/lib/pkgconfig/vrx_gz.pc'
[1.442s] Level 1:colcon.colcon_core.environment:checking '/home/koki-22/ac_search/vrx_ws/install/lib/python3.10/site-packages'
[1.442s] Level 1:colcon.colcon_core.shell:create_environment_hook('vrx_gz', 'pythonpath')
[1.444s] INFO:colcon.colcon_core.shell:Creating environment hook '/home/koki-22/ac_search/vrx_ws/install/share/vrx_gz/hook/pythonpath.ps1'
[1.445s] INFO:colcon.colcon_core.shell:Creating environment descriptor '/home/koki-22/ac_search/vrx_ws/install/share/vrx_gz/hook/pythonpath.dsv'
[1.445s] INFO:colcon.colcon_core.shell:Creating environment hook '/home/koki-22/ac_search/vrx_ws/install/share/vrx_gz/hook/pythonpath.sh'
[1.446s] Level 1:colcon.colcon_core.environment:checking '/home/koki-22/ac_search/vrx_ws/install/bin'
[1.448s] INFO:colcon.colcon_core.shell:Creating package script '/home/koki-22/ac_search/vrx_ws/install/share/vrx_gz/package.ps1'
[1.449s] INFO:colcon.colcon_core.shell:Creating package descriptor '/home/koki-22/ac_search/vrx_ws/install/share/vrx_gz/package.dsv'
[1.450s] INFO:colcon.colcon_core.shell:Creating package script '/home/koki-22/ac_search/vrx_ws/install/share/vrx_gz/package.sh'
[1.451s] INFO:colcon.colcon_core.shell:Creating package script '/home/koki-22/ac_search/vrx_ws/install/share/vrx_gz/package.bash'
[1.451s] INFO:colcon.colcon_core.shell:Creating package script '/home/koki-22/ac_search/vrx_ws/install/share/vrx_gz/package.zsh'
[1.452s] Level 1:colcon.colcon_core.environment:create_file_with_runtime_dependencies(/home/koki-22/ac_search/vrx_ws/install/share/colcon-core/packages/vrx_gz)
[1.454s] DEBUG:colcon.colcon_core.event_handler.log_command:Invoked command in '/home/koki-22/ac_search/vrx_ws/build/vrx_gz' returned '0': CMAKE_PREFIX_PATH=${CMAKE_PREFIX_PATH}:/opt/ros/humble PYTHONPATH=/home/koki-22/ac_search/vrx_ws/install/lib/python3.10/site-packages:/home/koki-22/ac_search/vrx_ws/install/local/lib/python3.10/dist-packages:/opt/ros/humble/lib/python3.10/site-packages:/opt/ros/humble/local/lib/python3.10/dist-packages /usr/bin/cmake --install /home/koki-22/ac_search/vrx_ws/build/vrx_gz
[1.519s] Level 1:colcon.colcon_core.environment:create_environment_scripts_only(vrx_gz)
[1.521s] Level 1:colcon.colcon_core.environment:checking '/home/koki-22/ac_search/vrx_ws/install' for CMake module files
[1.521s] Level 1:colcon.colcon_core.environment:checking '/home/koki-22/ac_search/vrx_ws/install' for CMake config files
[1.522s] Level 1:colcon.colcon_core.shell:create_environment_hook('vrx_gz', 'cmake_prefix_path')
[1.523s] INFO:colcon.colcon_core.shell:Creating environment hook '/home/koki-22/ac_search/vrx_ws/install/share/vrx_gz/hook/cmake_prefix_path.ps1'
[1.523s] INFO:colcon.colcon_core.shell:Creating environment descriptor '/home/koki-22/ac_search/vrx_ws/install/share/vrx_gz/hook/cmake_prefix_path.dsv'
[1.524s] INFO:colcon.colcon_core.shell:Creating environment hook '/home/koki-22/ac_search/vrx_ws/install/share/vrx_gz/hook/cmake_prefix_path.sh'
[1.524s] Level 1:colcon.colcon_core.environment:checking '/home/koki-22/ac_search/vrx_ws/install/lib'
[1.524s] Level 1:colcon.colcon_core.shell:create_environment_hook('vrx_gz', 'ld_library_path_lib')
[1.525s] INFO:colcon.colcon_core.shell:Creating environment hook '/home/koki-22/ac_search/vrx_ws/install/share/vrx_gz/hook/ld_library_path_lib.ps1'
[1.526s] INFO:colcon.colcon_core.shell:Creating environment descriptor '/home/koki-22/ac_search/vrx_ws/install/share/vrx_gz/hook/ld_library_path_lib.dsv'
[1.526s] INFO:colcon.colcon_core.shell:Creating environment hook '/home/koki-22/ac_search/vrx_ws/install/share/vrx_gz/hook/ld_library_path_lib.sh'
[1.526s] Level 1:colcon.colcon_core.environment:checking '/home/koki-22/ac_search/vrx_ws/install/bin'
[1.526s] Level 1:colcon.colcon_core.environment:checking '/home/koki-22/ac_search/vrx_ws/install/lib/pkgconfig/vrx_gz.pc'
[1.526s] Level 1:colcon.colcon_core.environment:checking '/home/koki-22/ac_search/vrx_ws/install/lib/python3.10/site-packages'
[1.527s] Level 1:colcon.colcon_core.shell:create_environment_hook('vrx_gz', 'pythonpath')
[1.528s] INFO:colcon.colcon_core.shell:Creating environment hook '/home/koki-22/ac_search/vrx_ws/install/share/vrx_gz/hook/pythonpath.ps1'
[1.528s] INFO:colcon.colcon_core.shell:Creating environment descriptor '/home/koki-22/ac_search/vrx_ws/install/share/vrx_gz/hook/pythonpath.dsv'
[1.528s] INFO:colcon.colcon_core.shell:Creating environment hook '/home/koki-22/ac_search/vrx_ws/install/share/vrx_gz/hook/pythonpath.sh'
[1.529s] Level 1:colcon.colcon_core.environment:checking '/home/koki-22/ac_search/vrx_ws/install/bin'
[1.530s] INFO:colcon.colcon_core.shell:Creating package script '/home/koki-22/ac_search/vrx_ws/install/share/vrx_gz/package.ps1'
[1.531s] INFO:colcon.colcon_core.shell:Creating package descriptor '/home/koki-22/ac_search/vrx_ws/install/share/vrx_gz/package.dsv'
[1.531s] INFO:colcon.colcon_core.shell:Creating package script '/home/koki-22/ac_search/vrx_ws/install/share/vrx_gz/package.sh'
[1.532s] INFO:colcon.colcon_core.shell:Creating package script '/home/koki-22/ac_search/vrx_ws/install/share/vrx_gz/package.bash'
[1.532s] INFO:colcon.colcon_core.shell:Creating package script '/home/koki-22/ac_search/vrx_ws/install/share/vrx_gz/package.zsh'
[1.532s] Level 1:colcon.colcon_core.environment:create_file_with_runtime_dependencies(/home/koki-22/ac_search/vrx_ws/install/share/colcon-core/packages/vrx_gz)
[1.536s] Level 1:colcon.colcon_core.environment:checking '/home/koki-22/ac_search/vrx_ws/install' for CMake module files
[1.537s] DEBUG:colcon.colcon_core.event_handler.log_command:Invoked command in '/home/koki-22/ac_search/vrx_ws/src/data_collect' returned '0': PYTHONPATH=/home/koki-22/ac_search/vrx_ws/build/data_collect/prefix_override:/home/koki-22/ac_search/vrx_ws/install/lib/python3.10/site-packages:${PYTHONPATH} /usr/bin/python3 setup.py egg_info --egg-base ../../build/data_collect build --build-base /home/koki-22/ac_search/vrx_ws/build/data_collect/build install --record /home/koki-22/ac_search/vrx_ws/build/data_collect/install.log --single-version-externally-managed
[1.537s] Level 1:colcon.colcon_core.environment:checking '/home/koki-22/ac_search/vrx_ws/install' for CMake config files
[1.537s] Level 1:colcon.colcon_core.shell:create_environment_hook('data_collect', 'cmake_prefix_path')
[1.538s] INFO:colcon.colcon_core.shell:Creating environment hook '/home/koki-22/ac_search/vrx_ws/install/share/data_collect/hook/cmake_prefix_path.ps1'
[1.539s] INFO:colcon.colcon_core.shell:Creating environment descriptor '/home/koki-22/ac_search/vrx_ws/install/share/data_collect/hook/cmake_prefix_path.dsv'
[1.539s] INFO:colcon.colcon_core.shell:Creating environment hook '/home/koki-22/ac_search/vrx_ws/install/share/data_collect/hook/cmake_prefix_path.sh'
[1.539s] Level 1:colcon.colcon_core.environment:checking '/home/koki-22/ac_search/vrx_ws/install/lib'
[1.539s] Level 1:colcon.colcon_core.shell:create_environment_hook('data_collect', 'ld_library_path_lib')
[1.541s] INFO:colcon.colcon_core.shell:Creating environment hook '/home/koki-22/ac_search/vrx_ws/install/share/data_collect/hook/ld_library_path_lib.ps1'
[1.541s] INFO:colcon.colcon_core.shell:Creating environment descriptor '/home/koki-22/ac_search/vrx_ws/install/share/data_collect/hook/ld_library_path_lib.dsv'
[1.541s] INFO:colcon.colcon_core.shell:Creating environment hook '/home/koki-22/ac_search/vrx_ws/install/share/data_collect/hook/ld_library_path_lib.sh'
[1.541s] Level 1:colcon.colcon_core.environment:checking '/home/koki-22/ac_search/vrx_ws/install/bin'
[1.541s] Level 1:colcon.colcon_core.environment:checking '/home/koki-22/ac_search/vrx_ws/install/lib/pkgconfig/data_collect.pc'
[1.542s] Level 1:colcon.colcon_core.environment:checking '/home/koki-22/ac_search/vrx_ws/install/lib/python3.10/site-packages'
[1.542s] Level 1:colcon.colcon_core.shell:create_environment_hook('data_collect', 'pythonpath')
[1.543s] INFO:colcon.colcon_core.shell:Creating environment hook '/home/koki-22/ac_search/vrx_ws/install/share/data_collect/hook/pythonpath.ps1'
[1.543s] INFO:colcon.colcon_core.shell:Creating environment descriptor '/home/koki-22/ac_search/vrx_ws/install/share/data_collect/hook/pythonpath.dsv'
[1.544s] INFO:colcon.colcon_core.shell:Creating environment hook '/home/koki-22/ac_search/vrx_ws/install/share/data_collect/hook/pythonpath.sh'
[1.544s] Level 1:colcon.colcon_core.environment:checking '/home/koki-22/ac_search/vrx_ws/install/bin'
[1.545s] Level 1:colcon.colcon_core.environment:create_environment_scripts_only(data_collect)
[1.546s] INFO:colcon.colcon_core.shell:Creating package script '/home/koki-22/ac_search/vrx_ws/install/share/data_collect/package.ps1'
[1.547s] INFO:colcon.colcon_core.shell:Creating package descriptor '/home/koki-22/ac_search/vrx_ws/install/share/data_collect/package.dsv'
[1.547s] INFO:colcon.colcon_core.shell:Creating package script '/home/koki-22/ac_search/vrx_ws/install/share/data_collect/package.sh'
[1.548s] INFO:colcon.colcon_core.shell:Creating package script '/home/koki-22/ac_search/vrx_ws/install/share/data_collect/package.bash'
[1.548s] INFO:colcon.colcon_core.shell:Creating package script '/home/koki-22/ac_search/vrx_ws/install/share/data_collect/package.zsh'
[1.549s] Level 1:colcon.colcon_core.environment:create_file_with_runtime_dependencies(/home/koki-22/ac_search/vrx_ws/install/share/colcon-core/packages/data_collect)
[1.549s] DEBUG:colcon.colcon_parallel_executor.executor.parallel:closing loop
[1.549s] DEBUG:colcon.colcon_parallel_executor.executor.parallel:loop closed
[1.549s] DEBUG:colcon.colcon_parallel_executor.executor.parallel:run_until_complete finished with '0'
[1.549s] DEBUG:colcon.colcon_core.event_reactor:joining thread
[1.554s] INFO:colcon.colcon_core.plugin_system:Skipping extension 'colcon_notification.desktop_notification.terminal_notifier': Not used on non-Darwin systems
[1.554s] INFO:colcon.colcon_core.plugin_system:Skipping extension 'colcon_notification.desktop_notification.win32': Not used on non-Windows systems
[1.554s] INFO:colcon.colcon_notification.desktop_notification:Sending desktop notification using 'notify2'
[1.564s] DEBUG:colcon.colcon_core.event_reactor:joined thread
[1.565s] INFO:colcon.colcon_core.shell:Creating prefix script '/home/koki-22/ac_search/vrx_ws/install/local_setup.ps1'
[1.566s] INFO:colcon.colcon_core.shell:Creating prefix util module '/home/koki-22/ac_search/vrx_ws/install/_local_setup_util_ps1.py'
[1.567s] INFO:colcon.colcon_core.shell:Creating prefix chain script '/home/koki-22/ac_search/vrx_ws/install/setup.ps1'
[1.569s] INFO:colcon.colcon_core.shell:Creating prefix script '/home/koki-22/ac_search/vrx_ws/install/local_setup.sh'
[1.569s] INFO:colcon.colcon_core.shell:Creating prefix util module '/home/koki-22/ac_search/vrx_ws/install/_local_setup_util_sh.py'
[1.570s] INFO:colcon.colcon_core.shell:Creating prefix chain script '/home/koki-22/ac_search/vrx_ws/install/setup.sh'
[1.571s] INFO:colcon.colcon_core.shell:Creating prefix script '/home/koki-22/ac_search/vrx_ws/install/local_setup.bash'
[1.571s] INFO:colcon.colcon_core.shell:Creating prefix chain script '/home/koki-22/ac_search/vrx_ws/install/setup.bash'
[1.573s] INFO:colcon.colcon_core.shell:Creating prefix script '/home/koki-22/ac_search/vrx_ws/install/local_setup.zsh'
[1.573s] INFO:colcon.colcon_core.shell:Creating prefix chain script '/home/koki-22/ac_search/vrx_ws/install/setup.zsh'
