[0.698s] Invoking command in '/home/koki-22/ac_search/vrx_ws/src/data_collect': PYTHONPATH=/home/koki-22/ac_search/vrx_ws/build/data_collect/prefix_override:/home/koki-22/ac_search/vrx_ws/install/lib/python3.10/site-packages:${PYTHONPATH} /usr/bin/python3 setup.py egg_info --egg-base ../../build/data_collect build --build-base /home/koki-22/ac_search/vrx_ws/build/data_collect/build install --record /home/koki-22/ac_search/vrx_ws/build/data_collect/install.log --single-version-externally-managed
[0.941s] running egg_info
[0.942s] writing ../../build/data_collect/data_collect.egg-info/PKG-INFO
[0.942s] writing dependency_links to ../../build/data_collect/data_collect.egg-info/dependency_links.txt
[0.942s] writing entry points to ../../build/data_collect/data_collect.egg-info/entry_points.txt
[0.942s] writing requirements to ../../build/data_collect/data_collect.egg-info/requires.txt
[0.942s] writing top-level names to ../../build/data_collect/data_collect.egg-info/top_level.txt
[0.944s] reading manifest file '../../build/data_collect/data_collect.egg-info/SOURCES.txt'
[0.944s] writing manifest file '../../build/data_collect/data_collect.egg-info/SOURCES.txt'
[0.944s] running build
[0.945s] running build_py
[0.945s] running install
[0.945s] running install_lib
[0.946s] running install_data
[0.946s] running install_egg_info
[0.948s] removing '/home/koki-22/ac_search/vrx_ws/install/lib/python3.10/site-packages/data_collect-0.0.0-py3.10.egg-info' (and everything under it)
[0.948s] Copying ../../build/data_collect/data_collect.egg-info to /home/koki-22/ac_search/vrx_ws/install/lib/python3.10/site-packages/data_collect-0.0.0-py3.10.egg-info
[0.949s] running install_scripts
[0.965s] Installing data_collect_node script to /home/koki-22/ac_search/vrx_ws/install/lib/data_collect
[0.966s] Installing wave_direction script to /home/koki-22/ac_search/vrx_ws/install/lib/data_collect
[0.966s] Installing wave_gain script to /home/koki-22/ac_search/vrx_ws/install/lib/data_collect
[0.966s] Installing wave_period script to /home/koki-22/ac_search/vrx_ws/install/lib/data_collect
[0.966s] Installing wave_stepness script to /home/koki-22/ac_search/vrx_ws/install/lib/data_collect
[0.966s] writing list of installed files to '/home/koki-22/ac_search/vrx_ws/build/data_collect/install.log'
[0.993s] Invoked command in '/home/koki-22/ac_search/vrx_ws/src/data_collect' returned '0': PYTHONPATH=/home/koki-22/ac_search/vrx_ws/build/data_collect/prefix_override:/home/koki-22/ac_search/vrx_ws/install/lib/python3.10/site-packages:${PYTHONPATH} /usr/bin/python3 setup.py egg_info --egg-base ../../build/data_collect build --build-base /home/koki-22/ac_search/vrx_ws/build/data_collect/build install --record /home/koki-22/ac_search/vrx_ws/build/data_collect/install.log --single-version-externally-managed
