[0.820s] Invoking command in '/home/gaia-22/ac_search/vrx_ws/src/data_collect': PYTHONPATH=/home/gaia-22/ac_search/vrx_ws/build/data_collect/prefix_override:/home/gaia-22/ac_search/vrx_ws/install/lib/python3.10/site-packages:${PYTHONPATH} /usr/bin/python3 setup.py egg_info --egg-base ../../build/data_collect build --build-base /home/gaia-22/ac_search/vrx_ws/build/data_collect/build install --record /home/gaia-22/ac_search/vrx_ws/build/data_collect/install.log --single-version-externally-managed
[0.994s] running egg_info
[0.995s] writing ../../build/data_collect/data_collect.egg-info/PKG-INFO
[0.995s] writing dependency_links to ../../build/data_collect/data_collect.egg-info/dependency_links.txt
[0.995s] writing entry points to ../../build/data_collect/data_collect.egg-info/entry_points.txt
[0.995s] writing requirements to ../../build/data_collect/data_collect.egg-info/requires.txt
[0.995s] writing top-level names to ../../build/data_collect/data_collect.egg-info/top_level.txt
[3.035s] writing manifest file '../../build/data_collect/data_collect.egg-info/SOURCES.txt'
[3.035s] running build
[3.036s] running build_py
[3.036s] running install
[3.036s] /usr/lib/python3/dist-packages/setuptools/command/install.py:34: SetuptoolsDeprecationWarning: setup.py install is deprecated. Use build and pip and other standards-based tools.
[3.036s]   warnings.warn(
[3.036s] running install_lib
[3.037s] running install_data
[3.037s] running install_egg_info
[3.038s] removing '/home/gaia-22/ac_search/vrx_ws/install/lib/python3.10/site-packages/data_collect-0.0.0-py3.10.egg-info' (and everything under it)
[3.038s] Copying ../../build/data_collect/data_collect.egg-info to /home/gaia-22/ac_search/vrx_ws/install/lib/python3.10/site-packages/data_collect-0.0.0-py3.10.egg-info
[3.038s] running install_scripts
[3.050s] Installing data_collect_node script to /home/gaia-22/ac_search/vrx_ws/install/lib/data_collect
[3.050s] Installing wave_direction script to /home/gaia-22/ac_search/vrx_ws/install/lib/data_collect
[3.050s] Installing wave_gain script to /home/gaia-22/ac_search/vrx_ws/install/lib/data_collect
[3.051s] Installing wave_period script to /home/gaia-22/ac_search/vrx_ws/install/lib/data_collect
[3.051s] Installing wave_stepness script to /home/gaia-22/ac_search/vrx_ws/install/lib/data_collect
[3.051s] writing list of installed files to '/home/gaia-22/ac_search/vrx_ws/build/data_collect/install.log'
[3.108s] Invoked command in '/home/gaia-22/ac_search/vrx_ws/src/data_collect' returned '0': PYTHONPATH=/home/gaia-22/ac_search/vrx_ws/build/data_collect/prefix_override:/home/gaia-22/ac_search/vrx_ws/install/lib/python3.10/site-packages:${PYTHONPATH} /usr/bin/python3 setup.py egg_info --egg-base ../../build/data_collect build --build-base /home/gaia-22/ac_search/vrx_ws/build/data_collect/build install --record /home/gaia-22/ac_search/vrx_ws/build/data_collect/install.log --single-version-externally-managed
