[0.923s] Invoking command in '/home/koki-22/ac_search/vrx_ws/src/data_collect': PYTHONPATH=/home/koki-22/ac_search/vrx_ws/build/data_collect/prefix_override:/home/koki-22/ac_search/vrx_ws/install/lib/python3.10/site-packages:${PYTHONPATH} /usr/bin/python3 setup.py egg_info --egg-base ../../build/data_collect build --build-base /home/koki-22/ac_search/vrx_ws/build/data_collect/build install --record /home/koki-22/ac_search/vrx_ws/build/data_collect/install.log --single-version-externally-managed
[1.306s] running egg_info
[1.307s] writing ../../build/data_collect/data_collect.egg-info/PKG-INFO
[1.307s] writing dependency_links to ../../build/data_collect/data_collect.egg-info/dependency_links.txt
[1.307s] writing entry points to ../../build/data_collect/data_collect.egg-info/entry_points.txt
[1.308s] writing requirements to ../../build/data_collect/data_collect.egg-info/requires.txt
[1.308s] writing top-level names to ../../build/data_collect/data_collect.egg-info/top_level.txt
[1.310s] reading manifest file '../../build/data_collect/data_collect.egg-info/SOURCES.txt'
[1.310s] writing manifest file '../../build/data_collect/data_collect.egg-info/SOURCES.txt'
[1.310s] running build
[1.310s] running build_py
[1.311s] running install
[1.311s] running install_lib
[1.314s] running install_data
[1.314s] running install_egg_info
[1.314s] removing '/home/koki-22/ac_search/vrx_ws/install/lib/python3.10/site-packages/data_collect-0.0.0-py3.10.egg-info' (and everything under it)
[1.315s] Copying ../../build/data_collect/data_collect.egg-info to /home/koki-22/ac_search/vrx_ws/install/lib/python3.10/site-packages/data_collect-0.0.0-py3.10.egg-info
[1.318s] running install_scripts
[1.341s] Installing data_collect_node script to /home/koki-22/ac_search/vrx_ws/install/lib/data_collect
[1.342s] writing list of installed files to '/home/koki-22/ac_search/vrx_ws/build/data_collect/install.log'
[1.376s] Invoked command in '/home/koki-22/ac_search/vrx_ws/src/data_collect' returned '0': PYTHONPATH=/home/koki-22/ac_search/vrx_ws/build/data_collect/prefix_override:/home/koki-22/ac_search/vrx_ws/install/lib/python3.10/site-packages:${PYTHONPATH} /usr/bin/python3 setup.py egg_info --egg-base ../../build/data_collect build --build-base /home/koki-22/ac_search/vrx_ws/build/data_collect/build install --record /home/koki-22/ac_search/vrx_ws/build/data_collect/install.log --single-version-externally-managed
