[0.069s] Invoking command in '/home/koki-22/ac_search/vrx_ws/build/vrx_gz': CMAKE_PREFIX_PATH=/opt/ros/humble:${CMAKE_PREFIX_PATH} PYTHONPATH=/home/koki-22/ac_search/vrx_ws/install/lib/python3.10/site-packages:/home/koki-22/ac_search/vrx_ws/install/local/lib/python3.10/dist-packages:/opt/ros/humble/lib/python3.10/site-packages:/opt/ros/humble/local/lib/python3.10/dist-packages /usr/bin/cmake --build /home/koki-22/ac_search/vrx_ws/build/vrx_gz -- -j16 -l16
[0.174s] [  4%] Built target ScoringPlugin
[0.176s] [  8%] Built target Waves
[0.186s] [  8%] Built target ament_cmake_python_copy_vrx_gz
[0.262s] [ 18%] Built target StationkeepingScoringPlugin
[0.262s] [ 18%] Built target LightBuoyPlugin
[0.263s] [ 25%] Built target AcousticPerceptionScoringPlugin
[0.263s] [ 31%] Built target AcousticTrackingScoringPlugin
[0.268s] [ 37%] Built target WayfindingScoringPlugin
[0.268s] [ 41%] Built target BallShooterPlugin
[0.276s] [ 50%] Built target AcousticPingerPlugin
[0.276s] [ 54%] Built target PolyhedraBuoyancyDrag
[0.276s] [ 58%] Built target GymkhanaScoringPlugin
[0.292s] [ 64%] Built target PublisherPlugin
[0.292s] [ 66%] Built target PlacardPlugin
[0.293s] [ 70%] Built target PerceptionScoringPlugin
[0.296s] [ 75%] Built target NavigationScoringPlugin
[0.297s] [ 79%] Built target ScanDockScoringPlugin
[0.327s] [ 83%] Built target SimpleHydrodynamics
[0.346s] [ 87%] Built target Surface
[0.350s] [ 91%] Built target USVWind
[0.357s] [ 95%] Built target WaveVisual
[0.359s] [100%] Built target WildlifeScoringPlugin
[0.997s] running egg_info
[0.998s] writing vrx_gz.egg-info/PKG-INFO
[0.999s] writing dependency_links to vrx_gz.egg-info/dependency_links.txt
[0.999s] writing top-level names to vrx_gz.egg-info/top_level.txt
[1.005s] reading manifest file 'vrx_gz.egg-info/SOURCES.txt'
[1.007s] writing manifest file 'vrx_gz.egg-info/SOURCES.txt'
[1.053s] [100%] Built target ament_cmake_python_build_vrx_gz_egg
[1.075s] Invoked command in '/home/koki-22/ac_search/vrx_ws/build/vrx_gz' returned '0': CMAKE_PREFIX_PATH=/opt/ros/humble:${CMAKE_PREFIX_PATH} PYTHONPATH=/home/koki-22/ac_search/vrx_ws/install/lib/python3.10/site-packages:/home/koki-22/ac_search/vrx_ws/install/local/lib/python3.10/dist-packages:/opt/ros/humble/lib/python3.10/site-packages:/opt/ros/humble/local/lib/python3.10/dist-packages /usr/bin/cmake --build /home/koki-22/ac_search/vrx_ws/build/vrx_gz -- -j16 -l16
[1.234s] Invoking command in '/home/koki-22/ac_search/vrx_ws/build/vrx_gz': CMAKE_PREFIX_PATH=/opt/ros/humble:${CMAKE_PREFIX_PATH} PYTHONPATH=/home/koki-22/ac_search/vrx_ws/install/lib/python3.10/site-packages:/home/koki-22/ac_search/vrx_ws/install/local/lib/python3.10/dist-packages:/opt/ros/humble/lib/python3.10/site-packages:/opt/ros/humble/local/lib/python3.10/dist-packages /usr/bin/cmake --install /home/koki-22/ac_search/vrx_ws/build/vrx_gz
[1.249s] -- Install configuration: ""
[1.250s] -- Up-to-date: /home/koki-22/ac_search/vrx_ws/install/share/vrx_gz/environment/resource_paths.dsv
[1.250s] -- Up-to-date: /home/koki-22/ac_search/vrx_ws/install/share/vrx_gz/environment/resource_paths.sh
[1.250s] -- Up-to-date: /home/koki-22/ac_search/vrx_ws/install/lib/libWaves.so
[1.251s] -- Up-to-date: /home/koki-22/ac_search/vrx_ws/install/lib/libPolyhedraBuoyancyDrag.so
[1.251s] -- Up-to-date: /home/koki-22/ac_search/vrx_ws/install/lib/libScoringPlugin.so
[1.252s] -- Up-to-date: /home/koki-22/ac_search/vrx_ws/install/lib/libStationkeepingScoringPlugin.so
[1.253s] -- Up-to-date: /home/koki-22/ac_search/vrx_ws/install/lib/libWayfindingScoringPlugin.so
[1.254s] -- Up-to-date: /home/koki-22/ac_search/vrx_ws/install/lib/libAcousticPerceptionScoringPlugin.so
[1.254s] -- Up-to-date: /home/koki-22/ac_search/vrx_ws/install/lib/libAcousticTrackingScoringPlugin.so
[1.254s] -- Up-to-date: /home/koki-22/ac_search/vrx_ws/install/lib/libAcousticPingerPlugin.so
[1.255s] -- Up-to-date: /home/koki-22/ac_search/vrx_ws/install/lib/libBallShooterPlugin.so
[1.256s] -- Up-to-date: /home/koki-22/ac_search/vrx_ws/install/lib/libLightBuoyPlugin.so
[1.256s] -- Up-to-date: /home/koki-22/ac_search/vrx_ws/install/lib/libNavigationScoringPlugin.so
[1.256s] -- Up-to-date: /home/koki-22/ac_search/vrx_ws/install/lib/libGymkhanaScoringPlugin.so
[1.257s] -- Up-to-date: /home/koki-22/ac_search/vrx_ws/install/lib/libPerceptionScoringPlugin.so
[1.257s] -- Up-to-date: /home/koki-22/ac_search/vrx_ws/install/lib/libPlacardPlugin.so
[1.258s] -- Up-to-date: /home/koki-22/ac_search/vrx_ws/install/lib/libPublisherPlugin.so
[1.259s] -- Up-to-date: /home/koki-22/ac_search/vrx_ws/install/lib/libScanDockScoringPlugin.so
[1.259s] -- Up-to-date: /home/koki-22/ac_search/vrx_ws/install/lib/libSimpleHydrodynamics.so
[1.259s] -- Up-to-date: /home/koki-22/ac_search/vrx_ws/install/lib/libSurface.so
[1.260s] -- Up-to-date: /home/koki-22/ac_search/vrx_ws/install/lib/libUSVWind.so
[1.260s] -- Up-to-date: /home/koki-22/ac_search/vrx_ws/install/lib/libWaveVisual.so
[1.261s] -- Up-to-date: /home/koki-22/ac_search/vrx_ws/install/lib/libWildlifeScoringPlugin.so
[1.261s] -- Up-to-date: /home/koki-22/ac_search/vrx_ws/install/share/vrx_gz/environment/pythonpath.sh
[1.261s] -- Up-to-date: /home/koki-22/ac_search/vrx_ws/install/share/vrx_gz/environment/pythonpath.dsv
[1.261s] -- Up-to-date: /home/koki-22/ac_search/vrx_ws/install/local/lib/python3.10/dist-packages/vrx_gz-0.0.0-py3.10.egg-info
[1.262s] -- Installing: /home/koki-22/ac_search/vrx_ws/install/local/lib/python3.10/dist-packages/vrx_gz-0.0.0-py3.10.egg-info/SOURCES.txt
[1.262s] -- Installing: /home/koki-22/ac_search/vrx_ws/install/local/lib/python3.10/dist-packages/vrx_gz-0.0.0-py3.10.egg-info/dependency_links.txt
[1.262s] -- Installing: /home/koki-22/ac_search/vrx_ws/install/local/lib/python3.10/dist-packages/vrx_gz-0.0.0-py3.10.egg-info/top_level.txt
[1.262s] -- Installing: /home/koki-22/ac_search/vrx_ws/install/local/lib/python3.10/dist-packages/vrx_gz-0.0.0-py3.10.egg-info/PKG-INFO
[1.263s] -- Up-to-date: /home/koki-22/ac_search/vrx_ws/install/local/lib/python3.10/dist-packages/vrx_gz
[1.263s] -- Up-to-date: /home/koki-22/ac_search/vrx_ws/install/local/lib/python3.10/dist-packages/vrx_gz/launch.py
[1.263s] -- Up-to-date: /home/koki-22/ac_search/vrx_ws/install/local/lib/python3.10/dist-packages/vrx_gz/bridges.py
[1.263s] -- Up-to-date: /home/koki-22/ac_search/vrx_ws/install/local/lib/python3.10/dist-packages/vrx_gz/__init__.py
[1.263s] -- Up-to-date: /home/koki-22/ac_search/vrx_ws/install/local/lib/python3.10/dist-packages/vrx_gz/bridge.py
[1.263s] -- Up-to-date: /home/koki-22/ac_search/vrx_ws/install/local/lib/python3.10/dist-packages/vrx_gz/model.py
[1.263s] -- Up-to-date: /home/koki-22/ac_search/vrx_ws/install/local/lib/python3.10/dist-packages/vrx_gz/payload_bridges.py
[1.327s] Listing '/home/koki-22/ac_search/vrx_ws/install/local/lib/python3.10/dist-packages/vrx_gz'...
[1.338s] -- Up-to-date: /home/koki-22/ac_search/vrx_ws/install/share/vrx_gz/config
[1.338s] -- Up-to-date: /home/koki-22/ac_search/vrx_ws/install/share/vrx_gz/config/wamv.yaml
[1.339s] -- Up-to-date: /home/koki-22/ac_search/vrx_ws/install/share/vrx_gz/launch
[1.340s] -- Up-to-date: /home/koki-22/ac_search/vrx_ws/install/share/vrx_gz/launch/spawn_config.launch.py
[1.340s] -- Up-to-date: /home/koki-22/ac_search/vrx_ws/install/share/vrx_gz/launch/spawn.launch.py
[1.340s] -- Up-to-date: /home/koki-22/ac_search/vrx_ws/install/share/vrx_gz/launch/usv_joy_teleop.launch.py
[1.341s] -- Up-to-date: /home/koki-22/ac_search/vrx_ws/install/share/vrx_gz/launch/competition.launch.py
[1.341s] -- Up-to-date: /home/koki-22/ac_search/vrx_ws/install/share/vrx_gz/models
[1.342s] -- Up-to-date: /home/koki-22/ac_search/vrx_ws/install/share/vrx_gz/models/short_navigation_course_1
[1.342s] -- Up-to-date: /home/koki-22/ac_search/vrx_ws/install/share/vrx_gz/models/short_navigation_course_1/model.config
[1.343s] -- Up-to-date: /home/koki-22/ac_search/vrx_ws/install/share/vrx_gz/models/short_navigation_course_1/model.sdf
[1.343s] -- Up-to-date: /home/koki-22/ac_search/vrx_ws/install/share/vrx_gz/models/dock_2022_base
[1.343s] -- Up-to-date: /home/koki-22/ac_search/vrx_ws/install/share/vrx_gz/models/dock_2022_base/model.config
[1.344s] -- Up-to-date: /home/koki-22/ac_search/vrx_ws/install/share/vrx_gz/models/dock_2022_base/model.sdf
[1.344s] -- Up-to-date: /home/koki-22/ac_search/vrx_ws/install/share/vrx_gz/models/symbol_triangle
[1.344s] -- Up-to-date: /home/koki-22/ac_search/vrx_ws/install/share/vrx_gz/models/symbol_triangle/model.config
[1.345s] -- Up-to-date: /home/koki-22/ac_search/vrx_ws/install/share/vrx_gz/models/symbol_triangle/mesh
[1.345s] -- Up-to-date: /home/koki-22/ac_search/vrx_ws/install/share/vrx_gz/models/symbol_triangle/mesh/triangle.dae
[1.345s] -- Up-to-date: /home/koki-22/ac_search/vrx_ws/install/share/vrx_gz/models/symbol_triangle/model.sdf
[1.345s] -- Up-to-date: /home/koki-22/ac_search/vrx_ws/install/share/vrx_gz/models/robotx_light_buoy_rgb
[1.346s] -- Up-to-date: /home/koki-22/ac_search/vrx_ws/install/share/vrx_gz/models/robotx_light_buoy_rgb/model.config
[1.346s] -- Up-to-date: /home/koki-22/ac_search/vrx_ws/install/share/vrx_gz/models/robotx_light_buoy_rgb/mesh
[1.346s] -- Up-to-date: /home/koki-22/ac_search/vrx_ws/install/share/vrx_gz/models/robotx_light_buoy_rgb/mesh/LightTower_Roughness.png
[1.347s] -- Up-to-date: /home/koki-22/ac_search/vrx_ws/install/share/vrx_gz/models/robotx_light_buoy_rgb/mesh/LightTower_Normal.png
[1.347s] -- Up-to-date: /home/koki-22/ac_search/vrx_ws/install/share/vrx_gz/models/robotx_light_buoy_rgb/mesh/LightTower_Opacity.png
[1.348s] -- Up-to-date: /home/koki-22/ac_search/vrx_ws/install/share/vrx_gz/models/robotx_light_buoy_rgb/mesh/LightTower_Albedo.png
[1.348s] -- Up-to-date: /home/koki-22/ac_search/vrx_ws/install/share/vrx_gz/models/robotx_light_buoy_rgb/mesh/robotx_light_buoy.dae
[1.348s] -- Up-to-date: /home/koki-22/ac_search/vrx_ws/install/share/vrx_gz/models/robotx_light_buoy_rgb/mesh/LightTower_Metalness.png
[1.349s] -- Up-to-date: /home/koki-22/ac_search/vrx_ws/install/share/vrx_gz/models/robotx_light_buoy_rgb/model.sdf
[1.349s] -- Up-to-date: /home/koki-22/ac_search/vrx_ws/install/share/vrx_gz/models/dock_2022
[1.349s] -- Up-to-date: /home/koki-22/ac_search/vrx_ws/install/share/vrx_gz/models/dock_2022/model.config
[1.350s] -- Up-to-date: /home/koki-22/ac_search/vrx_ws/install/share/vrx_gz/models/dock_2022/model.sdf
[1.350s] -- Up-to-date: /home/koki-22/ac_search/vrx_ws/install/share/vrx_gz/models/platform
[1.351s] -- Up-to-date: /home/koki-22/ac_search/vrx_ws/install/share/vrx_gz/models/platform/model.config
[1.351s] -- Up-to-date: /home/koki-22/ac_search/vrx_ws/install/share/vrx_gz/models/platform/model.sdf
[1.351s] -- Up-to-date: /home/koki-22/ac_search/vrx_ws/install/share/vrx_gz/models/placard_2022
[1.351s] -- Up-to-date: /home/koki-22/ac_search/vrx_ws/install/share/vrx_gz/models/placard_2022/meshes
[1.352s] -- Up-to-date: /home/koki-22/ac_search/vrx_ws/install/share/vrx_gz/models/placard_2022/meshes/placard_2022.dae
[1.352s] -- Up-to-date: /home/koki-22/ac_search/vrx_ws/install/share/vrx_gz/models/placard_2022/model.config
[1.352s] -- Up-to-date: /home/koki-22/ac_search/vrx_ws/install/share/vrx_gz/models/placard_2022/materials
[1.352s] -- Up-to-date: /home/koki-22/ac_search/vrx_ws/install/share/vrx_gz/models/placard_2022/materials/textures
[1.353s] -- Up-to-date: /home/koki-22/ac_search/vrx_ws/install/share/vrx_gz/models/placard_2022/materials/textures/Placard.png
[1.354s] -- Up-to-date: /home/koki-22/ac_search/vrx_ws/install/share/vrx_gz/models/placard_2022/model.sdf
[1.360s] -- Up-to-date: /home/koki-22/ac_search/vrx_ws/install/share/vrx_gz/models/obstacle_course
[1.361s] -- Up-to-date: /home/koki-22/ac_search/vrx_ws/install/share/vrx_gz/models/obstacle_course/model.config
[1.361s] -- Up-to-date: /home/koki-22/ac_search/vrx_ws/install/share/vrx_gz/models/obstacle_course/model.sdf
[1.361s] -- Up-to-date: /home/koki-22/ac_search/vrx_ws/install/share/vrx_gz/models/short_navigation_course_5
[1.362s] -- Up-to-date: /home/koki-22/ac_search/vrx_ws/install/share/vrx_gz/models/short_navigation_course_5/model.config
[1.362s] -- Up-to-date: /home/koki-22/ac_search/vrx_ws/install/share/vrx_gz/models/short_navigation_course_5/model.sdf
[1.362s] -- Up-to-date: /home/koki-22/ac_search/vrx_ws/install/share/vrx_gz/models/coast_waves
[1.363s] -- Up-to-date: /home/koki-22/ac_search/vrx_ws/install/share/vrx_gz/models/coast_waves/meshes
[1.363s] -- Up-to-date: /home/koki-22/ac_search/vrx_ws/install/share/vrx_gz/models/coast_waves/meshes/waterlow.dae
[1.363s] -- Up-to-date: /home/koki-22/ac_search/vrx_ws/install/share/vrx_gz/models/coast_waves/model.config
[1.364s] -- Up-to-date: /home/koki-22/ac_search/vrx_ws/install/share/vrx_gz/models/coast_waves/materials
[1.364s] -- Up-to-date: /home/koki-22/ac_search/vrx_ws/install/share/vrx_gz/models/coast_waves/materials/programs
[1.364s] -- Up-to-date: /home/koki-22/ac_search/vrx_ws/install/share/vrx_gz/models/coast_waves/materials/programs/GerstnerWaves_fs_330.glsl
[1.367s] -- Up-to-date: /home/koki-22/ac_search/vrx_ws/install/share/vrx_gz/models/coast_waves/materials/programs/GerstnerWaves_vs_330.glsl
[1.367s] -- Up-to-date: /home/koki-22/ac_search/vrx_ws/install/share/vrx_gz/models/coast_waves/materials/textures
[1.368s] -- Up-to-date: /home/koki-22/ac_search/vrx_ws/install/share/vrx_gz/models/coast_waves/materials/textures/wave_normals.dds
[1.368s] -- Up-to-date: /home/koki-22/ac_search/vrx_ws/install/share/vrx_gz/models/coast_waves/materials/textures/skybox_lowres.dds
[1.369s] -- Up-to-date: /home/koki-22/ac_search/vrx_ws/install/share/vrx_gz/models/coast_waves/model.sdf
[1.369s] -- Up-to-date: /home/koki-22/ac_search/vrx_ws/install/share/vrx_gz/models/articulated_platform
[1.369s] -- Up-to-date: /home/koki-22/ac_search/vrx_ws/install/share/vrx_gz/models/articulated_platform/model.config
[1.369s] -- Up-to-date: /home/koki-22/ac_search/vrx_ws/install/share/vrx_gz/models/articulated_platform/model.sdf
[1.370s] -- Up-to-date: /home/koki-22/ac_search/vrx_ws/install/share/vrx_gz/models/robotx_light_buoy_bgr
[1.370s] -- Up-to-date: /home/koki-22/ac_search/vrx_ws/install/share/vrx_gz/models/robotx_light_buoy_bgr/model.config
[1.370s] -- Up-to-date: /home/koki-22/ac_search/vrx_ws/install/share/vrx_gz/models/robotx_light_buoy_bgr/model.sdf
[1.371s] -- Up-to-date: /home/koki-22/ac_search/vrx_ws/install/share/vrx_gz/models/robotx_light_buoy_bgy
[1.371s] -- Up-to-date: /home/koki-22/ac_search/vrx_ws/install/share/vrx_gz/models/robotx_light_buoy_bgy/model.config
[1.372s] -- Up-to-date: /home/koki-22/ac_search/vrx_ws/install/share/vrx_gz/models/robotx_light_buoy_bgy/model.sdf
[1.372s] -- Up-to-date: /home/koki-22/ac_search/vrx_ws/install/share/vrx_gz/models/robotx_light_buoy_ybr
[1.377s] -- Up-to-date: /home/koki-22/ac_search/vrx_ws/install/share/vrx_gz/models/robotx_light_buoy_ybr/model.config
[1.378s] -- Up-to-date: /home/koki-22/ac_search/vrx_ws/install/share/vrx_gz/models/robotx_light_buoy_ybr/model.sdf
[1.379s] -- Up-to-date: /home/koki-22/ac_search/vrx_ws/install/share/vrx_gz/models/robotx_light_buoy_rbg
[1.379s] -- Up-to-date: /home/koki-22/ac_search/vrx_ws/install/share/vrx_gz/models/robotx_light_buoy_rbg/model.config
[1.380s] -- Up-to-date: /home/koki-22/ac_search/vrx_ws/install/share/vrx_gz/models/robotx_light_buoy_rbg/model.sdf
[1.381s] -- Up-to-date: /home/koki-22/ac_search/vrx_ws/install/share/vrx_gz/models/dock_block_4x4
[1.382s] -- Up-to-date: /home/koki-22/ac_search/vrx_ws/install/share/vrx_gz/models/dock_block_4x4/model.config
[1.382s] -- Up-to-date: /home/koki-22/ac_search/vrx_ws/install/share/vrx_gz/models/dock_block_4x4/mesh
[1.384s] -- Up-to-date: /home/koki-22/ac_search/vrx_ws/install/share/vrx_gz/models/dock_block_4x4/mesh/DockCubes_Roughness.png
[1.388s] -- Up-to-date: /home/koki-22/ac_search/vrx_ws/install/share/vrx_gz/models/dock_block_4x4/mesh/DockCubes_Metalness.png
[1.388s] -- Up-to-date: /home/koki-22/ac_search/vrx_ws/install/share/vrx_gz/models/dock_block_4x4/mesh/dock_block_4x4.dae
[1.389s] -- Up-to-date: /home/koki-22/ac_search/vrx_ws/install/share/vrx_gz/models/dock_block_4x4/mesh/DockCubes_Albedo.png
[1.389s] -- Up-to-date: /home/koki-22/ac_search/vrx_ws/install/share/vrx_gz/models/dock_block_4x4/mesh/DockCubes_Normal.png
[1.389s] -- Up-to-date: /home/koki-22/ac_search/vrx_ws/install/share/vrx_gz/models/dock_block_4x4/model.sdf
[1.390s] -- Up-to-date: /home/koki-22/ac_search/vrx_ws/install/share/vrx_gz/models/robotx_light_buoy_rgy
[1.390s] -- Up-to-date: /home/koki-22/ac_search/vrx_ws/install/share/vrx_gz/models/robotx_light_buoy_rgy/model.config
[1.391s] -- Up-to-date: /home/koki-22/ac_search/vrx_ws/install/share/vrx_gz/models/robotx_light_buoy_rgy/model.sdf
[1.391s] -- Up-to-date: /home/koki-22/ac_search/vrx_ws/install/share/vrx_gz/models/robotx_light_buoy_gbr
[1.392s] -- Up-to-date: /home/koki-22/ac_search/vrx_ws/install/share/vrx_gz/models/robotx_light_buoy_gbr/model.config
[1.392s] -- Up-to-date: /home/koki-22/ac_search/vrx_ws/install/share/vrx_gz/models/robotx_light_buoy_gbr/model.sdf
[1.397s] -- Up-to-date: /home/koki-22/ac_search/vrx_ws/install/share/vrx_gz/models/robotx_light_buoy_yrg
[1.397s] -- Up-to-date: /home/koki-22/ac_search/vrx_ws/install/share/vrx_gz/models/robotx_light_buoy_yrg/model.config
[1.398s] -- Up-to-date: /home/koki-22/ac_search/vrx_ws/install/share/vrx_gz/models/robotx_light_buoy_yrg/model.sdf
[1.398s] -- Up-to-date: /home/koki-22/ac_search/vrx_ws/install/share/vrx_gz/models/short_navigation_course_3
[1.399s] -- Up-to-date: /home/koki-22/ac_search/vrx_ws/install/share/vrx_gz/models/short_navigation_course_3/model.config
[1.399s] -- Up-to-date: /home/koki-22/ac_search/vrx_ws/install/share/vrx_gz/models/short_navigation_course_3/model.sdf
[1.400s] -- Up-to-date: /home/koki-22/ac_search/vrx_ws/install/share/vrx_gz/models/robotx_light_buoy_ygb
[1.400s] -- Up-to-date: /home/koki-22/ac_search/vrx_ws/install/share/vrx_gz/models/robotx_light_buoy_ygb/model.config
[1.400s] -- Up-to-date: /home/koki-22/ac_search/vrx_ws/install/share/vrx_gz/models/robotx_light_buoy_ygb/model.sdf
[1.401s] -- Up-to-date: /home/koki-22/ac_search/vrx_ws/install/share/vrx_gz/models/short_navigation_course_0
[1.401s] -- Up-to-date: /home/koki-22/ac_search/vrx_ws/install/share/vrx_gz/models/short_navigation_course_0/model.config
[1.402s] -- Up-to-date: /home/koki-22/ac_search/vrx_ws/install/share/vrx_gz/models/short_navigation_course_0/model.sdf
[1.402s] -- Up-to-date: /home/koki-22/ac_search/vrx_ws/install/share/vrx_gz/models/short_course_2023_phase3_1
[1.403s] -- Up-to-date: /home/koki-22/ac_search/vrx_ws/install/share/vrx_gz/models/short_course_2023_phase3_1/model.config
[1.403s] -- Up-to-date: /home/koki-22/ac_search/vrx_ws/install/share/vrx_gz/models/short_course_2023_phase3_1/model.sdf
[1.403s] -- Up-to-date: /home/koki-22/ac_search/vrx_ws/install/share/vrx_gz/models/short_navigation_course_2
[1.404s] -- Up-to-date: /home/koki-22/ac_search/vrx_ws/install/share/vrx_gz/models/short_navigation_course_2/model.config
[1.404s] -- Up-to-date: /home/koki-22/ac_search/vrx_ws/install/share/vrx_gz/models/short_navigation_course_2/model.sdf
[1.405s] -- Up-to-date: /home/koki-22/ac_search/vrx_ws/install/share/vrx_gz/models/entrance_exit
[1.405s] -- Up-to-date: /home/koki-22/ac_search/vrx_ws/install/share/vrx_gz/models/entrance_exit/model.config
[1.407s] -- Up-to-date: /home/koki-22/ac_search/vrx_ws/install/share/vrx_gz/models/entrance_exit/model.sdf
[1.408s] -- Up-to-date: /home/koki-22/ac_search/vrx_ws/install/share/vrx_gz/models/short_navigation_course_4
[1.409s] -- Up-to-date: /home/koki-22/ac_search/vrx_ws/install/share/vrx_gz/models/short_navigation_course_4/model.config
[1.409s] -- Up-to-date: /home/koki-22/ac_search/vrx_ws/install/share/vrx_gz/models/short_navigation_course_4/model.sdf
[1.409s] -- Up-to-date: /home/koki-22/ac_search/vrx_ws/install/share/vrx_gz/models/short_course_2023_phase3_2
[1.409s] -- Up-to-date: /home/koki-22/ac_search/vrx_ws/install/share/vrx_gz/models/short_course_2023_phase3_2/model.config
[1.410s] -- Up-to-date: /home/koki-22/ac_search/vrx_ws/install/share/vrx_gz/models/short_course_2023_phase3_2/model.sdf
[1.410s] -- Up-to-date: /home/koki-22/ac_search/vrx_ws/install/share/vrx_gz/worlds
[1.410s] -- Up-to-date: /home/koki-22/ac_search/vrx_ws/install/share/vrx_gz/worlds/wildlife_task.sdf
[1.410s] -- Up-to-date: /home/koki-22/ac_search/vrx_ws/install/share/vrx_gz/worlds/sydney_regatta_my.sdf
[1.410s] -- Up-to-date: /home/koki-22/ac_search/vrx_ws/install/share/vrx_gz/worlds/acoustic_tracking_task.sdf
[1.411s] -- Up-to-date: /home/koki-22/ac_search/vrx_ws/install/share/vrx_gz/worlds/acoustic_perception_task.sdf
[1.411s] -- Up-to-date: /home/koki-22/ac_search/vrx_ws/install/share/vrx_gz/worlds/sydney_regatta.sdf
[1.411s] -- Up-to-date: /home/koki-22/ac_search/vrx_ws/install/share/vrx_gz/worlds/sydney_regatta_debug.sdf
[1.411s] -- Up-to-date: /home/koki-22/ac_search/vrx_ws/install/share/vrx_gz/worlds/nbpark.sdf
[1.411s] -- Up-to-date: /home/koki-22/ac_search/vrx_ws/install/share/vrx_gz/worlds/wayfinding_task.sdf
[1.411s] -- Up-to-date: /home/koki-22/ac_search/vrx_ws/install/share/vrx_gz/worlds/navigation_task.sdf
[1.412s] -- Up-to-date: /home/koki-22/ac_search/vrx_ws/install/share/vrx_gz/worlds/2023_practice
[1.412s] -- Up-to-date: /home/koki-22/ac_search/vrx_ws/install/share/vrx_gz/worlds/2023_practice/practice_2023_stationkeeping0_task.sdf
[1.412s] -- Up-to-date: /home/koki-22/ac_search/vrx_ws/install/share/vrx_gz/worlds/2023_practice/practice_2023_follow_path2_task.sdf
[1.412s] -- Up-to-date: /home/koki-22/ac_search/vrx_ws/install/share/vrx_gz/worlds/2023_practice/practice_2023_follow_path1_task.sdf
[1.412s] -- Up-to-date: /home/koki-22/ac_search/vrx_ws/install/share/vrx_gz/worlds/2023_practice/practice_2023_follow_path0_task.sdf
[1.413s] -- Up-to-date: /home/koki-22/ac_search/vrx_ws/install/share/vrx_gz/worlds/2023_practice/practice_2023_wayfinding2_task.sdf
[1.413s] -- Up-to-date: /home/koki-22/ac_search/vrx_ws/install/share/vrx_gz/worlds/2023_practice/practice_2023_scan_dock_deliver2_task.sdf
[1.413s] -- Up-to-date: /home/koki-22/ac_search/vrx_ws/install/share/vrx_gz/worlds/2023_practice/practice_2023_perception0_task.sdf
[1.413s] -- Up-to-date: /home/koki-22/ac_search/vrx_ws/install/share/vrx_gz/worlds/2023_practice/practice_2023_acoustic_perception0_task.sdf
[1.413s] -- Up-to-date: /home/koki-22/ac_search/vrx_ws/install/share/vrx_gz/worlds/2023_practice/practice_2023_scan_dock_deliver1_task.sdf
[1.413s] -- Up-to-date: /home/koki-22/ac_search/vrx_ws/install/share/vrx_gz/worlds/2023_practice/practice_2023_acoustic_tracking1_task.sdf
[1.414s] -- Up-to-date: /home/koki-22/ac_search/vrx_ws/install/share/vrx_gz/worlds/2023_practice/practice_2023_wayfinding1_task.sdf
[1.414s] -- Up-to-date: /home/koki-22/ac_search/vrx_ws/install/share/vrx_gz/worlds/2023_practice/practice_2023_wildlife2_task.sdf
[1.414s] -- Up-to-date: /home/koki-22/ac_search/vrx_ws/install/share/vrx_gz/worlds/2023_practice/practice_2023_scan_dock_deliver0_task.sdf
[1.414s] -- Up-to-date: /home/koki-22/ac_search/vrx_ws/install/share/vrx_gz/worlds/2023_practice/practice_2023_wildlife1_task.sdf
[1.414s] -- Up-to-date: /home/koki-22/ac_search/vrx_ws/install/share/vrx_gz/worlds/2023_practice/practice_2023_perception2_task.sdf
[1.414s] -- Up-to-date: /home/koki-22/ac_search/vrx_ws/install/share/vrx_gz/worlds/2023_practice/practice_2023_acoustic_perception1_task.sdf
[1.415s] -- Up-to-date: /home/koki-22/ac_search/vrx_ws/install/share/vrx_gz/worlds/2023_practice/practice_2023_stationkeeping2_task.sdf
[1.415s] -- Up-to-date: /home/koki-22/ac_search/vrx_ws/install/share/vrx_gz/worlds/2023_practice/practice_2023_acoustic_perception2_task.sdf
[1.415s] -- Up-to-date: /home/koki-22/ac_search/vrx_ws/install/share/vrx_gz/worlds/2023_practice/practice_2023_stationkeeping1_task.sdf
[1.415s] -- Up-to-date: /home/koki-22/ac_search/vrx_ws/install/share/vrx_gz/worlds/2023_practice/practice_2023_wayfinding0_task.sdf
[1.415s] -- Up-to-date: /home/koki-22/ac_search/vrx_ws/install/share/vrx_gz/worlds/2023_practice/practice_2023_acoustic_tracking0_task.sdf
[1.416s] -- Up-to-date: /home/koki-22/ac_search/vrx_ws/install/share/vrx_gz/worlds/2023_practice/practice_2023_perception1_task.sdf
[1.416s] -- Up-to-date: /home/koki-22/ac_search/vrx_ws/install/share/vrx_gz/worlds/2023_practice/practice_2023_wildlife0_task.sdf
[1.416s] -- Up-to-date: /home/koki-22/ac_search/vrx_ws/install/share/vrx_gz/worlds/2023_practice/practice_2023_acoustic_tracking2_task.sdf
[1.416s] -- Up-to-date: /home/koki-22/ac_search/vrx_ws/install/share/vrx_gz/worlds/perception_task.sdf
[1.416s] -- Up-to-date: /home/koki-22/ac_search/vrx_ws/install/share/vrx_gz/worlds/gymkhana_task.sdf
[1.416s] -- Up-to-date: /home/koki-22/ac_search/vrx_ws/install/share/vrx_gz/worlds/follow_path_task.sdf
[1.417s] -- Up-to-date: /home/koki-22/ac_search/vrx_ws/install/share/vrx_gz/worlds/scan_dock_deliver_task.sdf
[1.417s] -- Up-to-date: /home/koki-22/ac_search/vrx_ws/install/share/vrx_gz/worlds/stationkeeping_task.sdf
[1.417s] -- Up-to-date: /home/koki-22/ac_search/vrx_ws/install/share/ament_index/resource_index/package_run_dependencies/vrx_gz
[1.417s] -- Up-to-date: /home/koki-22/ac_search/vrx_ws/install/share/ament_index/resource_index/parent_prefix_path/vrx_gz
[1.417s] -- Up-to-date: /home/koki-22/ac_search/vrx_ws/install/share/vrx_gz/environment/ament_prefix_path.sh
[1.417s] -- Up-to-date: /home/koki-22/ac_search/vrx_ws/install/share/vrx_gz/environment/ament_prefix_path.dsv
[1.418s] -- Up-to-date: /home/koki-22/ac_search/vrx_ws/install/share/vrx_gz/environment/path.sh
[1.418s] -- Up-to-date: /home/koki-22/ac_search/vrx_ws/install/share/vrx_gz/environment/path.dsv
[1.418s] -- Up-to-date: /home/koki-22/ac_search/vrx_ws/install/share/vrx_gz/local_setup.bash
[1.418s] -- Up-to-date: /home/koki-22/ac_search/vrx_ws/install/share/vrx_gz/local_setup.sh
[1.418s] -- Up-to-date: /home/koki-22/ac_search/vrx_ws/install/share/vrx_gz/local_setup.zsh
[1.418s] -- Up-to-date: /home/koki-22/ac_search/vrx_ws/install/share/vrx_gz/local_setup.dsv
[1.419s] -- Installing: /home/koki-22/ac_search/vrx_ws/install/share/vrx_gz/package.dsv
[1.419s] -- Up-to-date: /home/koki-22/ac_search/vrx_ws/install/share/ament_index/resource_index/packages/vrx_gz
[1.419s] -- Up-to-date: /home/koki-22/ac_search/vrx_ws/install/share/vrx_gz/cmake/vrx_gzConfig.cmake
[1.419s] -- Up-to-date: /home/koki-22/ac_search/vrx_ws/install/share/vrx_gz/cmake/vrx_gzConfig-version.cmake
[1.419s] -- Up-to-date: /home/koki-22/ac_search/vrx_ws/install/share/vrx_gz/package.xml
[1.419s] Invoked command in '/home/koki-22/ac_search/vrx_ws/build/vrx_gz' returned '0': CMAKE_PREFIX_PATH=/opt/ros/humble:${CMAKE_PREFIX_PATH} PYTHONPATH=/home/koki-22/ac_search/vrx_ws/install/lib/python3.10/site-packages:/home/koki-22/ac_search/vrx_ws/install/local/lib/python3.10/dist-packages:/opt/ros/humble/lib/python3.10/site-packages:/opt/ros/humble/local/lib/python3.10/dist-packages /usr/bin/cmake --install /home/koki-22/ac_search/vrx_ws/build/vrx_gz
