[0.445s] DEBUG:colcon:Command line arguments: ['/usr/bin/colcon', 'build', '--merge-install']
[0.445s] DEBUG:colcon:Parsed command line arguments: Namespace(log_base=None, log_level=None, verb_name='build', build_base='build', install_base='install', merge_install=True, symlink_install=False, test_result_base=None, continue_on_error=False, executor='parallel', parallel_workers=16, event_handlers=None, ignore_user_meta=False, metas=['./colcon.meta'], base_paths=['.'], packages_ignore=None, packages_ignore_regex=None, paths=None, packages_up_to=None, packages_up_to_regex=None, packages_above=None, packages_above_and_dependencies=None, packages_above_depth=None, packages_select_by_dep=None, packages_skip_by_dep=None, packages_skip_up_to=None, packages_select_build_failed=False, packages_skip_build_finished=False, packages_select_test_failures=False, packages_skip_test_passed=False, packages_select=None, packages_skip=None, packages_select_regex=None, packages_skip_regex=None, packages_start=None, packages_end=None, allow_overriding=[], cmake_args=None, cmake_target=None, cmake_target_skip_unavailable=False, cmake_clean_cache=False, cmake_clean_first=False, cmake_force_configure=False, ament_cmake_args=None, catkin_cmake_args=None, catkin_skip_building_tests=False, mixin_files=None, mixin=None, verb_parser=<colcon_mixin.mixin.mixin_argument.MixinArgumentDecorator object at 0x7f4f94c9e6b0>, verb_extension=<colcon_core.verb.build.BuildVerb object at 0x7f4f94c9e020>, main=<bound method BuildVerb.main of <colcon_core.verb.build.BuildVerb object at 0x7f4f94c9e020>>, mixin_verb=('build',))
[0.470s] Level 1:colcon.colcon_core.package_discovery:discover_packages(colcon_meta) check parameters
[0.470s] Level 1:colcon.colcon_core.package_discovery:discover_packages(recursive) check parameters
[0.470s] Level 1:colcon.colcon_core.package_discovery:discover_packages(ignore) check parameters
[0.470s] Level 1:colcon.colcon_core.package_discovery:discover_packages(path) check parameters
[0.470s] Level 1:colcon.colcon_core.package_discovery:discover_packages(colcon_meta) discover
[0.470s] Level 1:colcon.colcon_core.package_discovery:discover_packages(recursive) discover
[0.470s] INFO:colcon.colcon_core.package_discovery:Crawling recursively for packages in '/home/koki-22/ac_search/vrx_ws'
[0.470s] Level 1:colcon.colcon_core.package_identification:_identify(.) by extensions ['ignore', 'ignore_ament_install']
[0.470s] Level 1:colcon.colcon_core.package_identification:_identify(.) by extension 'ignore'
[0.470s] Level 1:colcon.colcon_core.package_identification:_identify(.) by extension 'ignore_ament_install'
[0.470s] Level 1:colcon.colcon_core.package_identification:_identify(.) by extensions ['colcon_pkg']
[0.470s] Level 1:colcon.colcon_core.package_identification:_identify(.) by extension 'colcon_pkg'
[0.470s] Level 1:colcon.colcon_core.package_identification:_identify(.) by extensions ['colcon_meta']
[0.470s] Level 1:colcon.colcon_core.package_identification:_identify(.) by extension 'colcon_meta'
[0.470s] Level 1:colcon.colcon_core.package_identification:_identify(.) by extensions ['ros']
[0.470s] Level 1:colcon.colcon_core.package_identification:_identify(.) by extension 'ros'
[0.483s] Level 1:colcon.colcon_core.package_identification:_identify(.) by extensions ['cmake', 'python']
[0.483s] Level 1:colcon.colcon_core.package_identification:_identify(.) by extension 'cmake'
[0.483s] Level 1:colcon.colcon_core.package_identification:_identify(.) by extension 'python'
[0.483s] Level 1:colcon.colcon_core.package_identification:_identify(.) by extensions ['python_setup_py']
[0.483s] Level 1:colcon.colcon_core.package_identification:_identify(.) by extension 'python_setup_py'
[0.483s] Level 1:colcon.colcon_core.package_identification:_identify(build) by extensions ['ignore', 'ignore_ament_install']
[0.483s] Level 1:colcon.colcon_core.package_identification:_identify(build) by extension 'ignore'
[0.484s] Level 1:colcon.colcon_core.package_identification:_identify(build) ignored
[0.484s] Level 1:colcon.colcon_core.package_identification:_identify(install) by extensions ['ignore', 'ignore_ament_install']
[0.484s] Level 1:colcon.colcon_core.package_identification:_identify(install) by extension 'ignore'
[0.484s] Level 1:colcon.colcon_core.package_identification:_identify(install) ignored
[0.484s] Level 1:colcon.colcon_core.package_identification:_identify(log) by extensions ['ignore', 'ignore_ament_install']
[0.484s] Level 1:colcon.colcon_core.package_identification:_identify(log) by extension 'ignore'
[0.484s] Level 1:colcon.colcon_core.package_identification:_identify(log) ignored
[0.484s] Level 1:colcon.colcon_core.package_identification:_identify(src) by extensions ['ignore', 'ignore_ament_install']
[0.485s] Level 1:colcon.colcon_core.package_identification:_identify(src) by extension 'ignore'
[0.485s] Level 1:colcon.colcon_core.package_identification:_identify(src) by extension 'ignore_ament_install'
[0.485s] Level 1:colcon.colcon_core.package_identification:_identify(src) by extensions ['colcon_pkg']
[0.485s] Level 1:colcon.colcon_core.package_identification:_identify(src) by extension 'colcon_pkg'
[0.485s] Level 1:colcon.colcon_core.package_identification:_identify(src) by extensions ['colcon_meta']
[0.485s] Level 1:colcon.colcon_core.package_identification:_identify(src) by extension 'colcon_meta'
[0.485s] Level 1:colcon.colcon_core.package_identification:_identify(src) by extensions ['ros']
[0.485s] Level 1:colcon.colcon_core.package_identification:_identify(src) by extension 'ros'
[0.485s] Level 1:colcon.colcon_core.package_identification:_identify(src) by extensions ['cmake', 'python']
[0.485s] Level 1:colcon.colcon_core.package_identification:_identify(src) by extension 'cmake'
[0.485s] Level 1:colcon.colcon_core.package_identification:_identify(src) by extension 'python'
[0.485s] Level 1:colcon.colcon_core.package_identification:_identify(src) by extensions ['python_setup_py']
[0.485s] Level 1:colcon.colcon_core.package_identification:_identify(src) by extension 'python_setup_py'
[0.485s] Level 1:colcon.colcon_core.package_identification:_identify(src/data_collect) by extensions ['ignore', 'ignore_ament_install']
[0.486s] Level 1:colcon.colcon_core.package_identification:_identify(src/data_collect) by extension 'ignore'
[0.486s] Level 1:colcon.colcon_core.package_identification:_identify(src/data_collect) by extension 'ignore_ament_install'
[0.486s] Level 1:colcon.colcon_core.package_identification:_identify(src/data_collect) by extensions ['colcon_pkg']
[0.486s] Level 1:colcon.colcon_core.package_identification:_identify(src/data_collect) by extension 'colcon_pkg'
[0.486s] Level 1:colcon.colcon_core.package_identification:_identify(src/data_collect) by extensions ['colcon_meta']
[0.486s] Level 1:colcon.colcon_core.package_identification:_identify(src/data_collect) by extension 'colcon_meta'
[0.486s] Level 1:colcon.colcon_core.package_identification:_identify(src/data_collect) by extensions ['ros']
[0.486s] Level 1:colcon.colcon_core.package_identification:_identify(src/data_collect) by extension 'ros'
[0.488s] DEBUG:colcon.colcon_core.package_identification:Package 'src/data_collect' with type 'ros.ament_python' and name 'data_collect'
[0.489s] Level 1:colcon.colcon_core.package_identification:_identify(src/navigaitonGUI) by extensions ['ignore', 'ignore_ament_install']
[0.489s] Level 1:colcon.colcon_core.package_identification:_identify(src/navigaitonGUI) by extension 'ignore'
[0.489s] Level 1:colcon.colcon_core.package_identification:_identify(src/navigaitonGUI) by extension 'ignore_ament_install'
[0.489s] Level 1:colcon.colcon_core.package_identification:_identify(src/navigaitonGUI) by extensions ['colcon_pkg']
[0.489s] Level 1:colcon.colcon_core.package_identification:_identify(src/navigaitonGUI) by extension 'colcon_pkg'
[0.489s] Level 1:colcon.colcon_core.package_identification:_identify(src/navigaitonGUI) by extensions ['colcon_meta']
[0.489s] Level 1:colcon.colcon_core.package_identification:_identify(src/navigaitonGUI) by extension 'colcon_meta'
[0.489s] Level 1:colcon.colcon_core.package_identification:_identify(src/navigaitonGUI) by extensions ['ros']
[0.489s] Level 1:colcon.colcon_core.package_identification:_identify(src/navigaitonGUI) by extension 'ros'
[0.490s] DEBUG:colcon.colcon_core.package_identification:Package 'src/navigaitonGUI' with type 'ros.ament_python' and name 'navigaitonGUI'
[0.490s] Level 1:colcon.colcon_core.package_identification:_identify(src/vrx) by extensions ['ignore', 'ignore_ament_install']
[0.490s] Level 1:colcon.colcon_core.package_identification:_identify(src/vrx) by extension 'ignore'
[0.490s] Level 1:colcon.colcon_core.package_identification:_identify(src/vrx) by extension 'ignore_ament_install'
[0.490s] Level 1:colcon.colcon_core.package_identification:_identify(src/vrx) by extensions ['colcon_pkg']
[0.490s] Level 1:colcon.colcon_core.package_identification:_identify(src/vrx) by extension 'colcon_pkg'
[0.490s] Level 1:colcon.colcon_core.package_identification:_identify(src/vrx) by extensions ['colcon_meta']
[0.490s] Level 1:colcon.colcon_core.package_identification:_identify(src/vrx) by extension 'colcon_meta'
[0.490s] Level 1:colcon.colcon_core.package_identification:_identify(src/vrx) by extensions ['ros']
[0.490s] Level 1:colcon.colcon_core.package_identification:_identify(src/vrx) by extension 'ros'
[0.490s] Level 1:colcon.colcon_core.package_identification:_identify(src/vrx) by extensions ['cmake', 'python']
[0.490s] Level 1:colcon.colcon_core.package_identification:_identify(src/vrx) by extension 'cmake'
[0.491s] Level 1:colcon.colcon_core.package_identification:_identify(src/vrx) by extension 'python'
[0.491s] Level 1:colcon.colcon_core.package_identification:_identify(src/vrx) by extensions ['python_setup_py']
[0.491s] Level 1:colcon.colcon_core.package_identification:_identify(src/vrx) by extension 'python_setup_py'
[0.491s] Level 1:colcon.colcon_core.package_identification:_identify(src/vrx/images) by extensions ['ignore', 'ignore_ament_install']
[0.491s] Level 1:colcon.colcon_core.package_identification:_identify(src/vrx/images) by extension 'ignore'
[0.491s] Level 1:colcon.colcon_core.package_identification:_identify(src/vrx/images) by extension 'ignore_ament_install'
[0.491s] Level 1:colcon.colcon_core.package_identification:_identify(src/vrx/images) by extensions ['colcon_pkg']
[0.491s] Level 1:colcon.colcon_core.package_identification:_identify(src/vrx/images) by extension 'colcon_pkg'
[0.491s] Level 1:colcon.colcon_core.package_identification:_identify(src/vrx/images) by extensions ['colcon_meta']
[0.491s] Level 1:colcon.colcon_core.package_identification:_identify(src/vrx/images) by extension 'colcon_meta'
[0.491s] Level 1:colcon.colcon_core.package_identification:_identify(src/vrx/images) by extensions ['ros']
[0.491s] Level 1:colcon.colcon_core.package_identification:_identify(src/vrx/images) by extension 'ros'
[0.491s] Level 1:colcon.colcon_core.package_identification:_identify(src/vrx/images) by extensions ['cmake', 'python']
[0.491s] Level 1:colcon.colcon_core.package_identification:_identify(src/vrx/images) by extension 'cmake'
[0.491s] Level 1:colcon.colcon_core.package_identification:_identify(src/vrx/images) by extension 'python'
[0.491s] Level 1:colcon.colcon_core.package_identification:_identify(src/vrx/images) by extensions ['python_setup_py']
[0.492s] Level 1:colcon.colcon_core.package_identification:_identify(src/vrx/images) by extension 'python_setup_py'
[0.492s] Level 1:colcon.colcon_core.package_identification:_identify(src/vrx/vrx_gz) by extensions ['ignore', 'ignore_ament_install']
[0.492s] Level 1:colcon.colcon_core.package_identification:_identify(src/vrx/vrx_gz) by extension 'ignore'
[0.492s] Level 1:colcon.colcon_core.package_identification:_identify(src/vrx/vrx_gz) by extension 'ignore_ament_install'
[0.492s] Level 1:colcon.colcon_core.package_identification:_identify(src/vrx/vrx_gz) by extensions ['colcon_pkg']
[0.492s] Level 1:colcon.colcon_core.package_identification:_identify(src/vrx/vrx_gz) by extension 'colcon_pkg'
[0.492s] Level 1:colcon.colcon_core.package_identification:_identify(src/vrx/vrx_gz) by extensions ['colcon_meta']
[0.492s] Level 1:colcon.colcon_core.package_identification:_identify(src/vrx/vrx_gz) by extension 'colcon_meta'
[0.492s] Level 1:colcon.colcon_core.package_identification:_identify(src/vrx/vrx_gz) by extensions ['ros']
[0.492s] Level 1:colcon.colcon_core.package_identification:_identify(src/vrx/vrx_gz) by extension 'ros'
[0.493s] DEBUG:colcon.colcon_core.package_identification:Package 'src/vrx/vrx_gz' with type 'ros.ament_cmake' and name 'vrx_gz'
[0.493s] Level 1:colcon.colcon_core.package_identification:_identify(src/vrx/vrx_ros) by extensions ['ignore', 'ignore_ament_install']
[0.493s] Level 1:colcon.colcon_core.package_identification:_identify(src/vrx/vrx_ros) by extension 'ignore'
[0.493s] Level 1:colcon.colcon_core.package_identification:_identify(src/vrx/vrx_ros) by extension 'ignore_ament_install'
[0.493s] Level 1:colcon.colcon_core.package_identification:_identify(src/vrx/vrx_ros) by extensions ['colcon_pkg']
[0.493s] Level 1:colcon.colcon_core.package_identification:_identify(src/vrx/vrx_ros) by extension 'colcon_pkg'
[0.493s] Level 1:colcon.colcon_core.package_identification:_identify(src/vrx/vrx_ros) by extensions ['colcon_meta']
[0.493s] Level 1:colcon.colcon_core.package_identification:_identify(src/vrx/vrx_ros) by extension 'colcon_meta'
[0.493s] Level 1:colcon.colcon_core.package_identification:_identify(src/vrx/vrx_ros) by extensions ['ros']
[0.493s] Level 1:colcon.colcon_core.package_identification:_identify(src/vrx/vrx_ros) by extension 'ros'
[0.494s] DEBUG:colcon.colcon_core.package_identification:Package 'src/vrx/vrx_ros' with type 'ros.ament_cmake' and name 'vrx_ros'
[0.494s] Level 1:colcon.colcon_core.package_identification:_identify(src/vrx/vrx_urdf) by extensions ['ignore', 'ignore_ament_install']
[0.494s] Level 1:colcon.colcon_core.package_identification:_identify(src/vrx/vrx_urdf) by extension 'ignore'
[0.494s] Level 1:colcon.colcon_core.package_identification:_identify(src/vrx/vrx_urdf) by extension 'ignore_ament_install'
[0.495s] Level 1:colcon.colcon_core.package_identification:_identify(src/vrx/vrx_urdf) by extensions ['colcon_pkg']
[0.495s] Level 1:colcon.colcon_core.package_identification:_identify(src/vrx/vrx_urdf) by extension 'colcon_pkg'
[0.495s] Level 1:colcon.colcon_core.package_identification:_identify(src/vrx/vrx_urdf) by extensions ['colcon_meta']
[0.495s] Level 1:colcon.colcon_core.package_identification:_identify(src/vrx/vrx_urdf) by extension 'colcon_meta'
[0.495s] Level 1:colcon.colcon_core.package_identification:_identify(src/vrx/vrx_urdf) by extensions ['ros']
[0.495s] Level 1:colcon.colcon_core.package_identification:_identify(src/vrx/vrx_urdf) by extension 'ros'
[0.495s] Level 1:colcon.colcon_core.package_identification:_identify(src/vrx/vrx_urdf) by extensions ['cmake', 'python']
[0.495s] Level 1:colcon.colcon_core.package_identification:_identify(src/vrx/vrx_urdf) by extension 'cmake'
[0.495s] Level 1:colcon.colcon_core.package_identification:_identify(src/vrx/vrx_urdf) by extension 'python'
[0.495s] Level 1:colcon.colcon_core.package_identification:_identify(src/vrx/vrx_urdf) by extensions ['python_setup_py']
[0.495s] Level 1:colcon.colcon_core.package_identification:_identify(src/vrx/vrx_urdf) by extension 'python_setup_py'
[0.495s] Level 1:colcon.colcon_core.package_identification:_identify(src/vrx/vrx_urdf/vrx_gazebo) by extensions ['ignore', 'ignore_ament_install']
[0.495s] Level 1:colcon.colcon_core.package_identification:_identify(src/vrx/vrx_urdf/vrx_gazebo) by extension 'ignore'
[0.495s] Level 1:colcon.colcon_core.package_identification:_identify(src/vrx/vrx_urdf/vrx_gazebo) by extension 'ignore_ament_install'
[0.495s] Level 1:colcon.colcon_core.package_identification:_identify(src/vrx/vrx_urdf/vrx_gazebo) by extensions ['colcon_pkg']
[0.495s] Level 1:colcon.colcon_core.package_identification:_identify(src/vrx/vrx_urdf/vrx_gazebo) by extension 'colcon_pkg'
[0.495s] Level 1:colcon.colcon_core.package_identification:_identify(src/vrx/vrx_urdf/vrx_gazebo) by extensions ['colcon_meta']
[0.495s] Level 1:colcon.colcon_core.package_identification:_identify(src/vrx/vrx_urdf/vrx_gazebo) by extension 'colcon_meta'
[0.495s] Level 1:colcon.colcon_core.package_identification:_identify(src/vrx/vrx_urdf/vrx_gazebo) by extensions ['ros']
[0.495s] Level 1:colcon.colcon_core.package_identification:_identify(src/vrx/vrx_urdf/vrx_gazebo) by extension 'ros'
[0.496s] DEBUG:colcon.colcon_core.package_identification:Package 'src/vrx/vrx_urdf/vrx_gazebo' with type 'ros.ament_cmake' and name 'vrx_gazebo'
[0.496s] Level 1:colcon.colcon_core.package_identification:_identify(src/vrx/vrx_urdf/wamv_description) by extensions ['ignore', 'ignore_ament_install']
[0.496s] Level 1:colcon.colcon_core.package_identification:_identify(src/vrx/vrx_urdf/wamv_description) by extension 'ignore'
[0.496s] Level 1:colcon.colcon_core.package_identification:_identify(src/vrx/vrx_urdf/wamv_description) by extension 'ignore_ament_install'
[0.496s] Level 1:colcon.colcon_core.package_identification:_identify(src/vrx/vrx_urdf/wamv_description) by extensions ['colcon_pkg']
[0.496s] Level 1:colcon.colcon_core.package_identification:_identify(src/vrx/vrx_urdf/wamv_description) by extension 'colcon_pkg'
[0.496s] Level 1:colcon.colcon_core.package_identification:_identify(src/vrx/vrx_urdf/wamv_description) by extensions ['colcon_meta']
[0.496s] Level 1:colcon.colcon_core.package_identification:_identify(src/vrx/vrx_urdf/wamv_description) by extension 'colcon_meta'
[0.497s] Level 1:colcon.colcon_core.package_identification:_identify(src/vrx/vrx_urdf/wamv_description) by extensions ['ros']
[0.497s] Level 1:colcon.colcon_core.package_identification:_identify(src/vrx/vrx_urdf/wamv_description) by extension 'ros'
[0.497s] DEBUG:colcon.colcon_core.package_identification:Package 'src/vrx/vrx_urdf/wamv_description' with type 'ros.ament_cmake' and name 'wamv_description'
[0.498s] Level 1:colcon.colcon_core.package_identification:_identify(src/vrx/vrx_urdf/wamv_gazebo) by extensions ['ignore', 'ignore_ament_install']
[0.498s] Level 1:colcon.colcon_core.package_identification:_identify(src/vrx/vrx_urdf/wamv_gazebo) by extension 'ignore'
[0.498s] Level 1:colcon.colcon_core.package_identification:_identify(src/vrx/vrx_urdf/wamv_gazebo) by extension 'ignore_ament_install'
[0.498s] Level 1:colcon.colcon_core.package_identification:_identify(src/vrx/vrx_urdf/wamv_gazebo) by extensions ['colcon_pkg']
[0.498s] Level 1:colcon.colcon_core.package_identification:_identify(src/vrx/vrx_urdf/wamv_gazebo) by extension 'colcon_pkg'
[0.498s] Level 1:colcon.colcon_core.package_identification:_identify(src/vrx/vrx_urdf/wamv_gazebo) by extensions ['colcon_meta']
[0.498s] Level 1:colcon.colcon_core.package_identification:_identify(src/vrx/vrx_urdf/wamv_gazebo) by extension 'colcon_meta'
[0.498s] Level 1:colcon.colcon_core.package_identification:_identify(src/vrx/vrx_urdf/wamv_gazebo) by extensions ['ros']
[0.498s] Level 1:colcon.colcon_core.package_identification:_identify(src/vrx/vrx_urdf/wamv_gazebo) by extension 'ros'
[0.499s] DEBUG:colcon.colcon_core.package_identification:Package 'src/vrx/vrx_urdf/wamv_gazebo' with type 'ros.ament_cmake' and name 'wamv_gazebo'
[0.499s] Level 1:colcon.colcon_core.package_discovery:discover_packages(recursive) using defaults
[0.499s] Level 1:colcon.colcon_core.package_discovery:discover_packages(ignore) discover
[0.499s] Level 1:colcon.colcon_core.package_discovery:discover_packages(ignore) using defaults
[0.499s] Level 1:colcon.colcon_core.package_discovery:discover_packages(path) discover
[0.499s] Level 1:colcon.colcon_core.package_discovery:discover_packages(path) using defaults
[0.525s] Level 1:colcon.colcon_core.package_discovery:discover_packages(prefix_path) check parameters
[0.525s] Level 1:colcon.colcon_core.package_discovery:discover_packages(prefix_path) discover
[0.527s] DEBUG:colcon.colcon_installed_package_information.package_discovery:Found 7 installed packages in /home/koki-22/ac_search/vrx_ws/install
[0.529s] DEBUG:colcon.colcon_installed_package_information.package_discovery:Found 347 installed packages in /opt/ros/humble
[0.531s] Level 1:colcon.colcon_core.package_discovery:discover_packages(prefix_path) using defaults
[0.611s] Level 5:colcon.colcon_core.verb:set package 'data_collect' build argument 'cmake_args' from command line to 'None'
[0.611s] Level 5:colcon.colcon_core.verb:set package 'data_collect' build argument 'cmake_target' from command line to 'None'
[0.611s] Level 5:colcon.colcon_core.verb:set package 'data_collect' build argument 'cmake_target_skip_unavailable' from command line to 'False'
[0.611s] Level 5:colcon.colcon_core.verb:set package 'data_collect' build argument 'cmake_clean_cache' from command line to 'False'
[0.611s] Level 5:colcon.colcon_core.verb:set package 'data_collect' build argument 'cmake_clean_first' from command line to 'False'
[0.611s] Level 5:colcon.colcon_core.verb:set package 'data_collect' build argument 'cmake_force_configure' from command line to 'False'
[0.611s] Level 5:colcon.colcon_core.verb:set package 'data_collect' build argument 'ament_cmake_args' from command line to 'None'
[0.611s] Level 5:colcon.colcon_core.verb:set package 'data_collect' build argument 'catkin_cmake_args' from command line to 'None'
[0.611s] Level 5:colcon.colcon_core.verb:set package 'data_collect' build argument 'catkin_skip_building_tests' from command line to 'False'
[0.611s] DEBUG:colcon.colcon_core.verb:Building package 'data_collect' with the following arguments: {'ament_cmake_args': None, 'build_base': '/home/koki-22/ac_search/vrx_ws/build/data_collect', 'catkin_cmake_args': None, 'catkin_skip_building_tests': False, 'cmake_args': None, 'cmake_clean_cache': False, 'cmake_clean_first': False, 'cmake_force_configure': False, 'cmake_target': None, 'cmake_target_skip_unavailable': False, 'install_base': '/home/koki-22/ac_search/vrx_ws/install', 'merge_install': True, 'path': '/home/koki-22/ac_search/vrx_ws/src/data_collect', 'symlink_install': False, 'test_result_base': None}
[0.612s] Level 5:colcon.colcon_core.verb:set package 'navigaitonGUI' build argument 'cmake_args' from command line to 'None'
[0.612s] Level 5:colcon.colcon_core.verb:set package 'navigaitonGUI' build argument 'cmake_target' from command line to 'None'
[0.612s] Level 5:colcon.colcon_core.verb:set package 'navigaitonGUI' build argument 'cmake_target_skip_unavailable' from command line to 'False'
[0.612s] Level 5:colcon.colcon_core.verb:set package 'navigaitonGUI' build argument 'cmake_clean_cache' from command line to 'False'
[0.612s] Level 5:colcon.colcon_core.verb:set package 'navigaitonGUI' build argument 'cmake_clean_first' from command line to 'False'
[0.612s] Level 5:colcon.colcon_core.verb:set package 'navigaitonGUI' build argument 'cmake_force_configure' from command line to 'False'
[0.612s] Level 5:colcon.colcon_core.verb:set package 'navigaitonGUI' build argument 'ament_cmake_args' from command line to 'None'
[0.612s] Level 5:colcon.colcon_core.verb:set package 'navigaitonGUI' build argument 'catkin_cmake_args' from command line to 'None'
[0.612s] Level 5:colcon.colcon_core.verb:set package 'navigaitonGUI' build argument 'catkin_skip_building_tests' from command line to 'False'
[0.612s] DEBUG:colcon.colcon_core.verb:Building package 'navigaitonGUI' with the following arguments: {'ament_cmake_args': None, 'build_base': '/home/koki-22/ac_search/vrx_ws/build/navigaitonGUI', 'catkin_cmake_args': None, 'catkin_skip_building_tests': False, 'cmake_args': None, 'cmake_clean_cache': False, 'cmake_clean_first': False, 'cmake_force_configure': False, 'cmake_target': None, 'cmake_target_skip_unavailable': False, 'install_base': '/home/koki-22/ac_search/vrx_ws/install', 'merge_install': True, 'path': '/home/koki-22/ac_search/vrx_ws/src/navigaitonGUI', 'symlink_install': False, 'test_result_base': None}
[0.613s] Level 5:colcon.colcon_core.verb:set package 'vrx_gazebo' build argument 'cmake_args' from command line to 'None'
[0.613s] Level 5:colcon.colcon_core.verb:set package 'vrx_gazebo' build argument 'cmake_target' from command line to 'None'
[0.613s] Level 5:colcon.colcon_core.verb:set package 'vrx_gazebo' build argument 'cmake_target_skip_unavailable' from command line to 'False'
[0.613s] Level 5:colcon.colcon_core.verb:set package 'vrx_gazebo' build argument 'cmake_clean_cache' from command line to 'False'
[0.613s] Level 5:colcon.colcon_core.verb:set package 'vrx_gazebo' build argument 'cmake_clean_first' from command line to 'False'
[0.613s] Level 5:colcon.colcon_core.verb:set package 'vrx_gazebo' build argument 'cmake_force_configure' from command line to 'False'
[0.613s] Level 5:colcon.colcon_core.verb:set package 'vrx_gazebo' build argument 'ament_cmake_args' from command line to 'None'
[0.614s] Level 5:colcon.colcon_core.verb:set package 'vrx_gazebo' build argument 'catkin_cmake_args' from command line to 'None'
[0.614s] Level 5:colcon.colcon_core.verb:set package 'vrx_gazebo' build argument 'catkin_skip_building_tests' from command line to 'False'
[0.614s] DEBUG:colcon.colcon_core.verb:Building package 'vrx_gazebo' with the following arguments: {'ament_cmake_args': None, 'build_base': '/home/koki-22/ac_search/vrx_ws/build/vrx_gazebo', 'catkin_cmake_args': None, 'catkin_skip_building_tests': False, 'cmake_args': None, 'cmake_clean_cache': False, 'cmake_clean_first': False, 'cmake_force_configure': False, 'cmake_target': None, 'cmake_target_skip_unavailable': False, 'install_base': '/home/koki-22/ac_search/vrx_ws/install', 'merge_install': True, 'path': '/home/koki-22/ac_search/vrx_ws/src/vrx/vrx_urdf/vrx_gazebo', 'symlink_install': False, 'test_result_base': None}
[0.615s] Level 5:colcon.colcon_core.verb:set package 'vrx_ros' build argument 'cmake_args' from command line to 'None'
[0.615s] Level 5:colcon.colcon_core.verb:set package 'vrx_ros' build argument 'cmake_target' from command line to 'None'
[0.615s] Level 5:colcon.colcon_core.verb:set package 'vrx_ros' build argument 'cmake_target_skip_unavailable' from command line to 'False'
[0.615s] Level 5:colcon.colcon_core.verb:set package 'vrx_ros' build argument 'cmake_clean_cache' from command line to 'False'
[0.615s] Level 5:colcon.colcon_core.verb:set package 'vrx_ros' build argument 'cmake_clean_first' from command line to 'False'
[0.615s] Level 5:colcon.colcon_core.verb:set package 'vrx_ros' build argument 'cmake_force_configure' from command line to 'False'
[0.615s] Level 5:colcon.colcon_core.verb:set package 'vrx_ros' build argument 'ament_cmake_args' from command line to 'None'
[0.615s] Level 5:colcon.colcon_core.verb:set package 'vrx_ros' build argument 'catkin_cmake_args' from command line to 'None'
[0.615s] Level 5:colcon.colcon_core.verb:set package 'vrx_ros' build argument 'catkin_skip_building_tests' from command line to 'False'
[0.615s] DEBUG:colcon.colcon_core.verb:Building package 'vrx_ros' with the following arguments: {'ament_cmake_args': None, 'build_base': '/home/koki-22/ac_search/vrx_ws/build/vrx_ros', 'catkin_cmake_args': None, 'catkin_skip_building_tests': False, 'cmake_args': None, 'cmake_clean_cache': False, 'cmake_clean_first': False, 'cmake_force_configure': False, 'cmake_target': None, 'cmake_target_skip_unavailable': False, 'install_base': '/home/koki-22/ac_search/vrx_ws/install', 'merge_install': True, 'path': '/home/koki-22/ac_search/vrx_ws/src/vrx/vrx_ros', 'symlink_install': False, 'test_result_base': None}
[0.616s] Level 5:colcon.colcon_core.verb:set package 'vrx_gz' build argument 'cmake_args' from command line to 'None'
[0.616s] Level 5:colcon.colcon_core.verb:set package 'vrx_gz' build argument 'cmake_target' from command line to 'None'
[0.616s] Level 5:colcon.colcon_core.verb:set package 'vrx_gz' build argument 'cmake_target_skip_unavailable' from command line to 'False'
[0.616s] Level 5:colcon.colcon_core.verb:set package 'vrx_gz' build argument 'cmake_clean_cache' from command line to 'False'
[0.617s] Level 5:colcon.colcon_core.verb:set package 'vrx_gz' build argument 'cmake_clean_first' from command line to 'False'
[0.617s] Level 5:colcon.colcon_core.verb:set package 'vrx_gz' build argument 'cmake_force_configure' from command line to 'False'
[0.617s] Level 5:colcon.colcon_core.verb:set package 'vrx_gz' build argument 'ament_cmake_args' from command line to 'None'
[0.617s] Level 5:colcon.colcon_core.verb:set package 'vrx_gz' build argument 'catkin_cmake_args' from command line to 'None'
[0.617s] Level 5:colcon.colcon_core.verb:set package 'vrx_gz' build argument 'catkin_skip_building_tests' from command line to 'False'
[0.617s] DEBUG:colcon.colcon_core.verb:Building package 'vrx_gz' with the following arguments: {'ament_cmake_args': None, 'build_base': '/home/koki-22/ac_search/vrx_ws/build/vrx_gz', 'catkin_cmake_args': None, 'catkin_skip_building_tests': False, 'cmake_args': None, 'cmake_clean_cache': False, 'cmake_clean_first': False, 'cmake_force_configure': False, 'cmake_target': None, 'cmake_target_skip_unavailable': False, 'install_base': '/home/koki-22/ac_search/vrx_ws/install', 'merge_install': True, 'path': '/home/koki-22/ac_search/vrx_ws/src/vrx/vrx_gz', 'symlink_install': False, 'test_result_base': None}
[0.618s] Level 5:colcon.colcon_core.verb:set package 'wamv_description' build argument 'cmake_args' from command line to 'None'
[0.618s] Level 5:colcon.colcon_core.verb:set package 'wamv_description' build argument 'cmake_target' from command line to 'None'
[0.618s] Level 5:colcon.colcon_core.verb:set package 'wamv_description' build argument 'cmake_target_skip_unavailable' from command line to 'False'
[0.618s] Level 5:colcon.colcon_core.verb:set package 'wamv_description' build argument 'cmake_clean_cache' from command line to 'False'
[0.618s] Level 5:colcon.colcon_core.verb:set package 'wamv_description' build argument 'cmake_clean_first' from command line to 'False'
[0.618s] Level 5:colcon.colcon_core.verb:set package 'wamv_description' build argument 'cmake_force_configure' from command line to 'False'
[0.618s] Level 5:colcon.colcon_core.verb:set package 'wamv_description' build argument 'ament_cmake_args' from command line to 'None'
[0.618s] Level 5:colcon.colcon_core.verb:set package 'wamv_description' build argument 'catkin_cmake_args' from command line to 'None'
[0.618s] Level 5:colcon.colcon_core.verb:set package 'wamv_description' build argument 'catkin_skip_building_tests' from command line to 'False'
[0.618s] DEBUG:colcon.colcon_core.verb:Building package 'wamv_description' with the following arguments: {'ament_cmake_args': None, 'build_base': '/home/koki-22/ac_search/vrx_ws/build/wamv_description', 'catkin_cmake_args': None, 'catkin_skip_building_tests': False, 'cmake_args': None, 'cmake_clean_cache': False, 'cmake_clean_first': False, 'cmake_force_configure': False, 'cmake_target': None, 'cmake_target_skip_unavailable': False, 'install_base': '/home/koki-22/ac_search/vrx_ws/install', 'merge_install': True, 'path': '/home/koki-22/ac_search/vrx_ws/src/vrx/vrx_urdf/wamv_description', 'symlink_install': False, 'test_result_base': None}
[0.619s] Level 5:colcon.colcon_core.verb:set package 'wamv_gazebo' build argument 'cmake_args' from command line to 'None'
[0.619s] Level 5:colcon.colcon_core.verb:set package 'wamv_gazebo' build argument 'cmake_target' from command line to 'None'
[0.619s] Level 5:colcon.colcon_core.verb:set package 'wamv_gazebo' build argument 'cmake_target_skip_unavailable' from command line to 'False'
[0.619s] Level 5:colcon.colcon_core.verb:set package 'wamv_gazebo' build argument 'cmake_clean_cache' from command line to 'False'
[0.619s] Level 5:colcon.colcon_core.verb:set package 'wamv_gazebo' build argument 'cmake_clean_first' from command line to 'False'
[0.619s] Level 5:colcon.colcon_core.verb:set package 'wamv_gazebo' build argument 'cmake_force_configure' from command line to 'False'
[0.619s] Level 5:colcon.colcon_core.verb:set package 'wamv_gazebo' build argument 'ament_cmake_args' from command line to 'None'
[0.619s] Level 5:colcon.colcon_core.verb:set package 'wamv_gazebo' build argument 'catkin_cmake_args' from command line to 'None'
[0.619s] Level 5:colcon.colcon_core.verb:set package 'wamv_gazebo' build argument 'catkin_skip_building_tests' from command line to 'False'
[0.619s] DEBUG:colcon.colcon_core.verb:Building package 'wamv_gazebo' with the following arguments: {'ament_cmake_args': None, 'build_base': '/home/koki-22/ac_search/vrx_ws/build/wamv_gazebo', 'catkin_cmake_args': None, 'catkin_skip_building_tests': False, 'cmake_args': None, 'cmake_clean_cache': False, 'cmake_clean_first': False, 'cmake_force_configure': False, 'cmake_target': None, 'cmake_target_skip_unavailable': False, 'install_base': '/home/koki-22/ac_search/vrx_ws/install', 'merge_install': True, 'path': '/home/koki-22/ac_search/vrx_ws/src/vrx/vrx_urdf/wamv_gazebo', 'symlink_install': False, 'test_result_base': None}
[0.620s] INFO:colcon.colcon_core.executor:Executing jobs using 'parallel' executor
[0.623s] DEBUG:colcon.colcon_parallel_executor.executor.parallel:run_until_complete
[0.624s] INFO:colcon.colcon_ros.task.ament_cmake.build:Building ROS package in '/home/koki-22/ac_search/vrx_ws/src/vrx/vrx_urdf/vrx_gazebo' with build type 'ament_cmake'
[0.624s] INFO:colcon.colcon_cmake.task.cmake.build:Building CMake package in '/home/koki-22/ac_search/vrx_ws/src/vrx/vrx_urdf/vrx_gazebo'
[0.628s] INFO:colcon.colcon_core.plugin_system:Skipping extension 'colcon_core.shell.bat': Not used on non-Windows systems
[0.628s] INFO:colcon.colcon_core.shell:Skip shell extension 'powershell' for command environment: Not usable outside of PowerShell
[0.628s] DEBUG:colcon.colcon_core.shell:Skip shell extension 'dsv' for command environment
[0.634s] INFO:colcon.colcon_ros.task.ament_cmake.build:Building ROS package in '/home/koki-22/ac_search/vrx_ws/src/vrx/vrx_ros' with build type 'ament_cmake'
[0.634s] INFO:colcon.colcon_cmake.task.cmake.build:Building CMake package in '/home/koki-22/ac_search/vrx_ws/src/vrx/vrx_ros'
[0.636s] INFO:colcon.colcon_core.shell:Skip shell extension 'powershell' for command environment: Not usable outside of PowerShell
[0.636s] DEBUG:colcon.colcon_core.shell:Skip shell extension 'dsv' for command environment
[0.641s] INFO:colcon.colcon_ros.task.ament_python.build:Building ROS package in '/home/koki-22/ac_search/vrx_ws/src/data_collect' with build type 'ament_python'
[0.641s] Level 1:colcon.colcon_core.shell:create_environment_hook('data_collect', 'ament_prefix_path')
[0.643s] INFO:colcon.colcon_core.shell:Creating environment hook '/home/koki-22/ac_search/vrx_ws/install/share/data_collect/hook/ament_prefix_path.ps1'
[0.644s] INFO:colcon.colcon_core.shell:Creating environment descriptor '/home/koki-22/ac_search/vrx_ws/install/share/data_collect/hook/ament_prefix_path.dsv'
[0.644s] INFO:colcon.colcon_core.shell:Creating environment hook '/home/koki-22/ac_search/vrx_ws/install/share/data_collect/hook/ament_prefix_path.sh'
[0.647s] INFO:colcon.colcon_core.shell:Skip shell extension 'powershell' for command environment: Not usable outside of PowerShell
[0.647s] DEBUG:colcon.colcon_core.shell:Skip shell extension 'dsv' for command environment
[0.653s] INFO:colcon.colcon_ros.task.ament_python.build:Building ROS package in '/home/koki-22/ac_search/vrx_ws/src/navigaitonGUI' with build type 'ament_python'
[0.653s] Level 1:colcon.colcon_core.shell:create_environment_hook('navigaitonGUI', 'ament_prefix_path')
[0.654s] INFO:colcon.colcon_core.shell:Creating environment hook '/home/koki-22/ac_search/vrx_ws/install/share/navigaitonGUI/hook/ament_prefix_path.ps1'
[0.654s] INFO:colcon.colcon_core.shell:Creating environment descriptor '/home/koki-22/ac_search/vrx_ws/install/share/navigaitonGUI/hook/ament_prefix_path.dsv'
[0.655s] INFO:colcon.colcon_core.shell:Creating environment hook '/home/koki-22/ac_search/vrx_ws/install/share/navigaitonGUI/hook/ament_prefix_path.sh'
[0.672s] INFO:colcon.colcon_core.shell:Skip shell extension 'powershell' for command environment: Not usable outside of PowerShell
[0.672s] DEBUG:colcon.colcon_core.shell:Skip shell extension 'dsv' for command environment
[0.683s] DEBUG:colcon.colcon_core.event_handler.log_command:Invoking command in '/home/koki-22/ac_search/vrx_ws/build/vrx_gazebo': CMAKE_PREFIX_PATH=${CMAKE_PREFIX_PATH}:/opt/ros/humble /usr/bin/cmake --build /home/koki-22/ac_search/vrx_ws/build/vrx_gazebo -- -j16 -l16
[0.688s] DEBUG:colcon.colcon_core.event_handler.log_command:Invoking command in '/home/koki-22/ac_search/vrx_ws/build/vrx_ros': CMAKE_PREFIX_PATH=${CMAKE_PREFIX_PATH}:/opt/ros/humble /usr/bin/cmake --build /home/koki-22/ac_search/vrx_ws/build/vrx_ros -- -j16 -l16
[1.111s] INFO:colcon.colcon_core.task.python.build:Building Python package in '/home/koki-22/ac_search/vrx_ws/src/data_collect'
[1.112s] INFO:colcon.colcon_core.shell:Skip shell extension 'powershell' for command environment: Not usable outside of PowerShell
[1.113s] DEBUG:colcon.colcon_core.shell:Skip shell extension 'dsv' for command environment
[1.461s] INFO:colcon.colcon_core.task.python.build:Building Python package in '/home/koki-22/ac_search/vrx_ws/src/navigaitonGUI'
[1.463s] INFO:colcon.colcon_core.shell:Skip shell extension 'powershell' for command environment: Not usable outside of PowerShell
[1.463s] DEBUG:colcon.colcon_core.shell:Skip shell extension 'dsv' for command environment
[1.469s] DEBUG:colcon.colcon_core.event_handler.log_command:Invoked command in '/home/koki-22/ac_search/vrx_ws/build/vrx_ros' returned '0': CMAKE_PREFIX_PATH=${CMAKE_PREFIX_PATH}:/opt/ros/humble /usr/bin/cmake --build /home/koki-22/ac_search/vrx_ws/build/vrx_ros -- -j16 -l16
[1.472s] DEBUG:colcon.colcon_core.event_handler.log_command:Invoked command in '/home/koki-22/ac_search/vrx_ws/build/vrx_gazebo' returned '0': CMAKE_PREFIX_PATH=${CMAKE_PREFIX_PATH}:/opt/ros/humble /usr/bin/cmake --build /home/koki-22/ac_search/vrx_ws/build/vrx_gazebo -- -j16 -l16
[1.506s] DEBUG:colcon.colcon_core.event_handler.log_command:Invoking command in '/home/koki-22/ac_search/vrx_ws/build/vrx_ros': CMAKE_PREFIX_PATH=${CMAKE_PREFIX_PATH}:/opt/ros/humble /usr/bin/cmake --install /home/koki-22/ac_search/vrx_ws/build/vrx_ros
[1.508s] DEBUG:colcon.colcon_core.event_handler.log_command:Invoking command in '/home/koki-22/ac_search/vrx_ws/build/vrx_gazebo': CMAKE_PREFIX_PATH=${CMAKE_PREFIX_PATH}:/opt/ros/humble /usr/bin/cmake --install /home/koki-22/ac_search/vrx_ws/build/vrx_gazebo
[1.516s] Level 1:colcon.colcon_core.environment:create_environment_scripts_only(vrx_ros)
[1.528s] Level 1:colcon.colcon_core.environment:checking '/home/koki-22/ac_search/vrx_ws/install' for CMake module files
[1.529s] DEBUG:colcon.colcon_core.event_handler.log_command:Invoked command in '/home/koki-22/ac_search/vrx_ws/build/vrx_ros' returned '0': CMAKE_PREFIX_PATH=${CMAKE_PREFIX_PATH}:/opt/ros/humble /usr/bin/cmake --install /home/koki-22/ac_search/vrx_ws/build/vrx_ros
[1.530s] Level 1:colcon.colcon_core.environment:checking '/home/koki-22/ac_search/vrx_ws/install' for CMake config files
[1.531s] Level 1:colcon.colcon_core.shell:create_environment_hook('vrx_ros', 'cmake_prefix_path')
[1.534s] INFO:colcon.colcon_core.shell:Creating environment hook '/home/koki-22/ac_search/vrx_ws/install/share/vrx_ros/hook/cmake_prefix_path.ps1'
[1.535s] INFO:colcon.colcon_core.shell:Creating environment descriptor '/home/koki-22/ac_search/vrx_ws/install/share/vrx_ros/hook/cmake_prefix_path.dsv'
[1.537s] INFO:colcon.colcon_core.shell:Creating environment hook '/home/koki-22/ac_search/vrx_ws/install/share/vrx_ros/hook/cmake_prefix_path.sh'
[1.538s] Level 1:colcon.colcon_core.environment:checking '/home/koki-22/ac_search/vrx_ws/install/lib'
[1.539s] Level 1:colcon.colcon_core.shell:create_environment_hook('vrx_ros', 'ld_library_path_lib')
[1.541s] INFO:colcon.colcon_core.shell:Creating environment hook '/home/koki-22/ac_search/vrx_ws/install/share/vrx_ros/hook/ld_library_path_lib.ps1'
[1.543s] INFO:colcon.colcon_core.shell:Creating environment descriptor '/home/koki-22/ac_search/vrx_ws/install/share/vrx_ros/hook/ld_library_path_lib.dsv'
[1.544s] INFO:colcon.colcon_core.shell:Creating environment hook '/home/koki-22/ac_search/vrx_ws/install/share/vrx_ros/hook/ld_library_path_lib.sh'
[1.545s] Level 1:colcon.colcon_core.environment:checking '/home/koki-22/ac_search/vrx_ws/install/bin'
[1.545s] Level 1:colcon.colcon_core.environment:checking '/home/koki-22/ac_search/vrx_ws/install/lib/pkgconfig/vrx_ros.pc'
[1.545s] Level 1:colcon.colcon_core.environment:checking '/home/koki-22/ac_search/vrx_ws/install/lib/python3.10/site-packages'
[1.545s] Level 1:colcon.colcon_core.shell:create_environment_hook('vrx_ros', 'pythonpath')
[1.549s] INFO:colcon.colcon_core.shell:Creating environment hook '/home/koki-22/ac_search/vrx_ws/install/share/vrx_ros/hook/pythonpath.ps1'
[1.550s] INFO:colcon.colcon_core.shell:Creating environment descriptor '/home/koki-22/ac_search/vrx_ws/install/share/vrx_ros/hook/pythonpath.dsv'
[1.551s] INFO:colcon.colcon_core.shell:Creating environment hook '/home/koki-22/ac_search/vrx_ws/install/share/vrx_ros/hook/pythonpath.sh'
[1.552s] Level 1:colcon.colcon_core.environment:checking '/home/koki-22/ac_search/vrx_ws/install/bin'
[1.554s] INFO:colcon.colcon_core.shell:Creating package script '/home/koki-22/ac_search/vrx_ws/install/share/vrx_ros/package.ps1'
[1.556s] INFO:colcon.colcon_core.shell:Creating package descriptor '/home/koki-22/ac_search/vrx_ws/install/share/vrx_ros/package.dsv'
[1.558s] INFO:colcon.colcon_core.shell:Creating package script '/home/koki-22/ac_search/vrx_ws/install/share/vrx_ros/package.sh'
[1.559s] INFO:colcon.colcon_core.shell:Creating package script '/home/koki-22/ac_search/vrx_ws/install/share/vrx_ros/package.bash'
[1.561s] INFO:colcon.colcon_core.shell:Creating package script '/home/koki-22/ac_search/vrx_ws/install/share/vrx_ros/package.zsh'
[1.563s] Level 1:colcon.colcon_core.environment:create_file_with_runtime_dependencies(/home/koki-22/ac_search/vrx_ws/install/share/colcon-core/packages/vrx_ros)
[1.569s] Level 1:colcon.colcon_core.environment:create_environment_scripts_only(vrx_gazebo)
[1.571s] Level 1:colcon.colcon_core.environment:checking '/home/koki-22/ac_search/vrx_ws/install' for CMake module files
[1.572s] DEBUG:colcon.colcon_core.event_handler.log_command:Invoked command in '/home/koki-22/ac_search/vrx_ws/build/vrx_gazebo' returned '0': CMAKE_PREFIX_PATH=${CMAKE_PREFIX_PATH}:/opt/ros/humble /usr/bin/cmake --install /home/koki-22/ac_search/vrx_ws/build/vrx_gazebo
[1.573s] Level 1:colcon.colcon_core.environment:checking '/home/koki-22/ac_search/vrx_ws/install' for CMake config files
[1.573s] Level 1:colcon.colcon_core.shell:create_environment_hook('vrx_gazebo', 'cmake_prefix_path')
[1.575s] INFO:colcon.colcon_core.shell:Creating environment hook '/home/koki-22/ac_search/vrx_ws/install/share/vrx_gazebo/hook/cmake_prefix_path.ps1'
[1.575s] INFO:colcon.colcon_core.shell:Creating environment descriptor '/home/koki-22/ac_search/vrx_ws/install/share/vrx_gazebo/hook/cmake_prefix_path.dsv'
[1.575s] INFO:colcon.colcon_core.shell:Creating environment hook '/home/koki-22/ac_search/vrx_ws/install/share/vrx_gazebo/hook/cmake_prefix_path.sh'
[1.576s] Level 1:colcon.colcon_core.environment:checking '/home/koki-22/ac_search/vrx_ws/install/lib'
[1.576s] Level 1:colcon.colcon_core.shell:create_environment_hook('vrx_gazebo', 'ld_library_path_lib')
[1.578s] INFO:colcon.colcon_core.shell:Creating environment hook '/home/koki-22/ac_search/vrx_ws/install/share/vrx_gazebo/hook/ld_library_path_lib.ps1'
[1.578s] INFO:colcon.colcon_core.shell:Creating environment descriptor '/home/koki-22/ac_search/vrx_ws/install/share/vrx_gazebo/hook/ld_library_path_lib.dsv'
[1.578s] INFO:colcon.colcon_core.shell:Creating environment hook '/home/koki-22/ac_search/vrx_ws/install/share/vrx_gazebo/hook/ld_library_path_lib.sh'
[1.579s] Level 1:colcon.colcon_core.environment:checking '/home/koki-22/ac_search/vrx_ws/install/bin'
[1.579s] Level 1:colcon.colcon_core.environment:checking '/home/koki-22/ac_search/vrx_ws/install/lib/pkgconfig/vrx_gazebo.pc'
[1.579s] Level 1:colcon.colcon_core.environment:checking '/home/koki-22/ac_search/vrx_ws/install/lib/python3.10/site-packages'
[1.579s] Level 1:colcon.colcon_core.shell:create_environment_hook('vrx_gazebo', 'pythonpath')
[1.581s] INFO:colcon.colcon_core.shell:Creating environment hook '/home/koki-22/ac_search/vrx_ws/install/share/vrx_gazebo/hook/pythonpath.ps1'
[1.581s] INFO:colcon.colcon_core.shell:Creating environment descriptor '/home/koki-22/ac_search/vrx_ws/install/share/vrx_gazebo/hook/pythonpath.dsv'
[1.582s] INFO:colcon.colcon_core.shell:Creating environment hook '/home/koki-22/ac_search/vrx_ws/install/share/vrx_gazebo/hook/pythonpath.sh'
[1.582s] Level 1:colcon.colcon_core.environment:checking '/home/koki-22/ac_search/vrx_ws/install/bin'
[1.584s] INFO:colcon.colcon_core.shell:Creating package script '/home/koki-22/ac_search/vrx_ws/install/share/vrx_gazebo/package.ps1'
[1.585s] INFO:colcon.colcon_core.shell:Creating package descriptor '/home/koki-22/ac_search/vrx_ws/install/share/vrx_gazebo/package.dsv'
[1.586s] INFO:colcon.colcon_core.shell:Creating package script '/home/koki-22/ac_search/vrx_ws/install/share/vrx_gazebo/package.sh'
[1.586s] INFO:colcon.colcon_core.shell:Creating package script '/home/koki-22/ac_search/vrx_ws/install/share/vrx_gazebo/package.bash'
[1.586s] INFO:colcon.colcon_core.shell:Creating package script '/home/koki-22/ac_search/vrx_ws/install/share/vrx_gazebo/package.zsh'
[1.587s] Level 1:colcon.colcon_core.environment:create_file_with_runtime_dependencies(/home/koki-22/ac_search/vrx_ws/install/share/colcon-core/packages/vrx_gazebo)
[1.593s] Level 1:colcon.colcon_core.environment:create_environment_scripts_only(vrx_ros)
[1.595s] Level 1:colcon.colcon_core.environment:checking '/home/koki-22/ac_search/vrx_ws/install' for CMake module files
[1.596s] Level 1:colcon.colcon_core.environment:checking '/home/koki-22/ac_search/vrx_ws/install' for CMake config files
[1.596s] Level 1:colcon.colcon_core.shell:create_environment_hook('vrx_ros', 'cmake_prefix_path')
[1.597s] INFO:colcon.colcon_core.shell:Creating environment hook '/home/koki-22/ac_search/vrx_ws/install/share/vrx_ros/hook/cmake_prefix_path.ps1'
[1.598s] INFO:colcon.colcon_core.shell:Creating environment descriptor '/home/koki-22/ac_search/vrx_ws/install/share/vrx_ros/hook/cmake_prefix_path.dsv'
[1.598s] INFO:colcon.colcon_core.shell:Creating environment hook '/home/koki-22/ac_search/vrx_ws/install/share/vrx_ros/hook/cmake_prefix_path.sh'
[1.599s] Level 1:colcon.colcon_core.environment:checking '/home/koki-22/ac_search/vrx_ws/install/lib'
[1.599s] Level 1:colcon.colcon_core.shell:create_environment_hook('vrx_ros', 'ld_library_path_lib')
[1.601s] INFO:colcon.colcon_core.shell:Creating environment hook '/home/koki-22/ac_search/vrx_ws/install/share/vrx_ros/hook/ld_library_path_lib.ps1'
[1.602s] INFO:colcon.colcon_core.shell:Creating environment descriptor '/home/koki-22/ac_search/vrx_ws/install/share/vrx_ros/hook/ld_library_path_lib.dsv'
[1.602s] INFO:colcon.colcon_core.shell:Creating environment hook '/home/koki-22/ac_search/vrx_ws/install/share/vrx_ros/hook/ld_library_path_lib.sh'
[1.603s] Level 1:colcon.colcon_core.environment:checking '/home/koki-22/ac_search/vrx_ws/install/bin'
[1.603s] Level 1:colcon.colcon_core.environment:checking '/home/koki-22/ac_search/vrx_ws/install/lib/pkgconfig/vrx_ros.pc'
[1.603s] Level 1:colcon.colcon_core.environment:checking '/home/koki-22/ac_search/vrx_ws/install/lib/python3.10/site-packages'
[1.603s] Level 1:colcon.colcon_core.shell:create_environment_hook('vrx_ros', 'pythonpath')
[1.605s] INFO:colcon.colcon_core.shell:Creating environment hook '/home/koki-22/ac_search/vrx_ws/install/share/vrx_ros/hook/pythonpath.ps1'
[1.605s] INFO:colcon.colcon_core.shell:Creating environment descriptor '/home/koki-22/ac_search/vrx_ws/install/share/vrx_ros/hook/pythonpath.dsv'
[1.605s] INFO:colcon.colcon_core.shell:Creating environment hook '/home/koki-22/ac_search/vrx_ws/install/share/vrx_ros/hook/pythonpath.sh'
[1.606s] Level 1:colcon.colcon_core.environment:checking '/home/koki-22/ac_search/vrx_ws/install/bin'
[1.608s] INFO:colcon.colcon_core.shell:Creating package script '/home/koki-22/ac_search/vrx_ws/install/share/vrx_ros/package.ps1'
[1.609s] INFO:colcon.colcon_core.shell:Creating package descriptor '/home/koki-22/ac_search/vrx_ws/install/share/vrx_ros/package.dsv'
[1.610s] INFO:colcon.colcon_core.shell:Creating package script '/home/koki-22/ac_search/vrx_ws/install/share/vrx_ros/package.sh'
[1.611s] INFO:colcon.colcon_core.shell:Creating package script '/home/koki-22/ac_search/vrx_ws/install/share/vrx_ros/package.bash'
[1.611s] INFO:colcon.colcon_core.shell:Creating package script '/home/koki-22/ac_search/vrx_ws/install/share/vrx_ros/package.zsh'
[1.611s] Level 1:colcon.colcon_core.environment:create_file_with_runtime_dependencies(/home/koki-22/ac_search/vrx_ws/install/share/colcon-core/packages/vrx_ros)
[1.612s] INFO:colcon.colcon_ros.task.ament_cmake.build:Building ROS package in '/home/koki-22/ac_search/vrx_ws/src/vrx/vrx_gz' with build type 'ament_cmake'
[1.612s] INFO:colcon.colcon_cmake.task.cmake.build:Building CMake package in '/home/koki-22/ac_search/vrx_ws/src/vrx/vrx_gz'
[1.614s] INFO:colcon.colcon_core.shell:Skip shell extension 'powershell' for command environment: Not usable outside of PowerShell
[1.614s] DEBUG:colcon.colcon_core.shell:Skip shell extension 'dsv' for command environment
[1.621s] Level 1:colcon.colcon_core.environment:create_environment_scripts_only(vrx_gazebo)
[1.623s] Level 1:colcon.colcon_core.environment:checking '/home/koki-22/ac_search/vrx_ws/install' for CMake module files
[1.624s] Level 1:colcon.colcon_core.environment:checking '/home/koki-22/ac_search/vrx_ws/install' for CMake config files
[1.624s] Level 1:colcon.colcon_core.shell:create_environment_hook('vrx_gazebo', 'cmake_prefix_path')
[1.626s] INFO:colcon.colcon_core.shell:Creating environment hook '/home/koki-22/ac_search/vrx_ws/install/share/vrx_gazebo/hook/cmake_prefix_path.ps1'
[1.626s] INFO:colcon.colcon_core.shell:Creating environment descriptor '/home/koki-22/ac_search/vrx_ws/install/share/vrx_gazebo/hook/cmake_prefix_path.dsv'
[1.627s] INFO:colcon.colcon_core.shell:Creating environment hook '/home/koki-22/ac_search/vrx_ws/install/share/vrx_gazebo/hook/cmake_prefix_path.sh'
[1.627s] Level 1:colcon.colcon_core.environment:checking '/home/koki-22/ac_search/vrx_ws/install/lib'
[1.627s] Level 1:colcon.colcon_core.shell:create_environment_hook('vrx_gazebo', 'ld_library_path_lib')
[1.629s] INFO:colcon.colcon_core.shell:Creating environment hook '/home/koki-22/ac_search/vrx_ws/install/share/vrx_gazebo/hook/ld_library_path_lib.ps1'
[1.629s] INFO:colcon.colcon_core.shell:Creating environment descriptor '/home/koki-22/ac_search/vrx_ws/install/share/vrx_gazebo/hook/ld_library_path_lib.dsv'
[1.630s] INFO:colcon.colcon_core.shell:Creating environment hook '/home/koki-22/ac_search/vrx_ws/install/share/vrx_gazebo/hook/ld_library_path_lib.sh'
[1.630s] Level 1:colcon.colcon_core.environment:checking '/home/koki-22/ac_search/vrx_ws/install/bin'
[1.630s] Level 1:colcon.colcon_core.environment:checking '/home/koki-22/ac_search/vrx_ws/install/lib/pkgconfig/vrx_gazebo.pc'
[1.631s] Level 1:colcon.colcon_core.environment:checking '/home/koki-22/ac_search/vrx_ws/install/lib/python3.10/site-packages'
[1.631s] Level 1:colcon.colcon_core.shell:create_environment_hook('vrx_gazebo', 'pythonpath')
[1.632s] INFO:colcon.colcon_core.shell:Creating environment hook '/home/koki-22/ac_search/vrx_ws/install/share/vrx_gazebo/hook/pythonpath.ps1'
[1.633s] INFO:colcon.colcon_core.shell:Creating environment descriptor '/home/koki-22/ac_search/vrx_ws/install/share/vrx_gazebo/hook/pythonpath.dsv'
[1.634s] INFO:colcon.colcon_core.shell:Creating environment hook '/home/koki-22/ac_search/vrx_ws/install/share/vrx_gazebo/hook/pythonpath.sh'
[1.634s] Level 1:colcon.colcon_core.environment:checking '/home/koki-22/ac_search/vrx_ws/install/bin'
[1.636s] INFO:colcon.colcon_core.shell:Creating package script '/home/koki-22/ac_search/vrx_ws/install/share/vrx_gazebo/package.ps1'
[1.637s] INFO:colcon.colcon_core.shell:Creating package descriptor '/home/koki-22/ac_search/vrx_ws/install/share/vrx_gazebo/package.dsv'
[1.637s] INFO:colcon.colcon_core.shell:Creating package script '/home/koki-22/ac_search/vrx_ws/install/share/vrx_gazebo/package.sh'
[1.638s] INFO:colcon.colcon_core.shell:Creating package script '/home/koki-22/ac_search/vrx_ws/install/share/vrx_gazebo/package.bash'
[1.639s] INFO:colcon.colcon_core.shell:Creating package script '/home/koki-22/ac_search/vrx_ws/install/share/vrx_gazebo/package.zsh'
[1.640s] Level 1:colcon.colcon_core.environment:create_file_with_runtime_dependencies(/home/koki-22/ac_search/vrx_ws/install/share/colcon-core/packages/vrx_gazebo)
[1.641s] INFO:colcon.colcon_ros.task.ament_cmake.build:Building ROS package in '/home/koki-22/ac_search/vrx_ws/src/vrx/vrx_urdf/wamv_description' with build type 'ament_cmake'
[1.641s] INFO:colcon.colcon_cmake.task.cmake.build:Building CMake package in '/home/koki-22/ac_search/vrx_ws/src/vrx/vrx_urdf/wamv_description'
[1.644s] INFO:colcon.colcon_core.shell:Skip shell extension 'powershell' for command environment: Not usable outside of PowerShell
[1.644s] DEBUG:colcon.colcon_core.shell:Skip shell extension 'dsv' for command environment
[1.658s] DEBUG:colcon.colcon_core.event_handler.log_command:Invoking command in '/home/koki-22/ac_search/vrx_ws/build/vrx_gz': CMAKE_PREFIX_PATH=${CMAKE_PREFIX_PATH}:/opt/ros/humble PYTHONPATH=/home/koki-22/ac_search/vrx_ws/install/lib/python3.10/site-packages:/home/koki-22/ac_search/vrx_ws/install/local/lib/python3.10/dist-packages:/opt/ros/humble/lib/python3.10/site-packages:/opt/ros/humble/local/lib/python3.10/dist-packages /usr/bin/cmake --build /home/koki-22/ac_search/vrx_ws/build/vrx_gz -- -j16 -l16
[1.661s] DEBUG:colcon.colcon_core.event_handler.log_command:Invoking command in '/home/koki-22/ac_search/vrx_ws/build/wamv_description': CMAKE_PREFIX_PATH=${CMAKE_PREFIX_PATH}:/opt/ros/humble GZ_SIM_RESOURCE_PATH=/home/koki-22/ac_search/vrx_ws/install/share:${GZ_SIM_RESOURCE_PATH} PYTHONPATH=/home/koki-22/ac_search/vrx_ws/install/lib/python3.10/site-packages:/home/koki-22/ac_search/vrx_ws/install/local/lib/python3.10/dist-packages:/opt/ros/humble/lib/python3.10/site-packages:/opt/ros/humble/local/lib/python3.10/dist-packages /usr/bin/cmake --build /home/koki-22/ac_search/vrx_ws/build/wamv_description -- -j16 -l16
[1.733s] DEBUG:colcon.colcon_core.event_handler.log_command:Invoked command in '/home/koki-22/ac_search/vrx_ws/build/wamv_description' returned '0': CMAKE_PREFIX_PATH=${CMAKE_PREFIX_PATH}:/opt/ros/humble GZ_SIM_RESOURCE_PATH=/home/koki-22/ac_search/vrx_ws/install/share:${GZ_SIM_RESOURCE_PATH} PYTHONPATH=/home/koki-22/ac_search/vrx_ws/install/lib/python3.10/site-packages:/home/koki-22/ac_search/vrx_ws/install/local/lib/python3.10/dist-packages:/opt/ros/humble/lib/python3.10/site-packages:/opt/ros/humble/local/lib/python3.10/dist-packages /usr/bin/cmake --build /home/koki-22/ac_search/vrx_ws/build/wamv_description -- -j16 -l16
[1.771s] DEBUG:colcon.colcon_core.event_handler.log_command:Invoking command in '/home/koki-22/ac_search/vrx_ws/build/wamv_description': CMAKE_PREFIX_PATH=${CMAKE_PREFIX_PATH}:/opt/ros/humble GZ_SIM_RESOURCE_PATH=/home/koki-22/ac_search/vrx_ws/install/share:${GZ_SIM_RESOURCE_PATH} PYTHONPATH=/home/koki-22/ac_search/vrx_ws/install/lib/python3.10/site-packages:/home/koki-22/ac_search/vrx_ws/install/local/lib/python3.10/dist-packages:/opt/ros/humble/lib/python3.10/site-packages:/opt/ros/humble/local/lib/python3.10/dist-packages /usr/bin/cmake --install /home/koki-22/ac_search/vrx_ws/build/wamv_description
[1.789s] Level 1:colcon.colcon_core.environment:create_environment_scripts_only(wamv_description)
[1.794s] Level 1:colcon.colcon_core.environment:checking '/home/koki-22/ac_search/vrx_ws/install' for CMake module files
[1.798s] DEBUG:colcon.colcon_core.event_handler.log_command:Invoked command in '/home/koki-22/ac_search/vrx_ws/build/wamv_description' returned '0': CMAKE_PREFIX_PATH=${CMAKE_PREFIX_PATH}:/opt/ros/humble GZ_SIM_RESOURCE_PATH=/home/koki-22/ac_search/vrx_ws/install/share:${GZ_SIM_RESOURCE_PATH} PYTHONPATH=/home/koki-22/ac_search/vrx_ws/install/lib/python3.10/site-packages:/home/koki-22/ac_search/vrx_ws/install/local/lib/python3.10/dist-packages:/opt/ros/humble/lib/python3.10/site-packages:/opt/ros/humble/local/lib/python3.10/dist-packages /usr/bin/cmake --install /home/koki-22/ac_search/vrx_ws/build/wamv_description
[1.801s] Level 1:colcon.colcon_core.environment:checking '/home/koki-22/ac_search/vrx_ws/install' for CMake config files
[1.801s] Level 1:colcon.colcon_core.shell:create_environment_hook('wamv_description', 'cmake_prefix_path')
[1.804s] INFO:colcon.colcon_core.shell:Creating environment hook '/home/koki-22/ac_search/vrx_ws/install/share/wamv_description/hook/cmake_prefix_path.ps1'
[1.805s] INFO:colcon.colcon_core.shell:Creating environment descriptor '/home/koki-22/ac_search/vrx_ws/install/share/wamv_description/hook/cmake_prefix_path.dsv'
[1.806s] INFO:colcon.colcon_core.shell:Creating environment hook '/home/koki-22/ac_search/vrx_ws/install/share/wamv_description/hook/cmake_prefix_path.sh'
[1.807s] Level 1:colcon.colcon_core.environment:checking '/home/koki-22/ac_search/vrx_ws/install/lib'
[1.807s] Level 1:colcon.colcon_core.shell:create_environment_hook('wamv_description', 'ld_library_path_lib')
[1.810s] INFO:colcon.colcon_core.shell:Creating environment hook '/home/koki-22/ac_search/vrx_ws/install/share/wamv_description/hook/ld_library_path_lib.ps1'
[1.811s] INFO:colcon.colcon_core.shell:Creating environment descriptor '/home/koki-22/ac_search/vrx_ws/install/share/wamv_description/hook/ld_library_path_lib.dsv'
[1.812s] INFO:colcon.colcon_core.shell:Creating environment hook '/home/koki-22/ac_search/vrx_ws/install/share/wamv_description/hook/ld_library_path_lib.sh'
[1.812s] Level 1:colcon.colcon_core.environment:checking '/home/koki-22/ac_search/vrx_ws/install/bin'
[1.812s] Level 1:colcon.colcon_core.environment:checking '/home/koki-22/ac_search/vrx_ws/install/lib/pkgconfig/wamv_description.pc'
[1.813s] Level 1:colcon.colcon_core.environment:checking '/home/koki-22/ac_search/vrx_ws/install/lib/python3.10/site-packages'
[1.813s] Level 1:colcon.colcon_core.shell:create_environment_hook('wamv_description', 'pythonpath')
[1.816s] INFO:colcon.colcon_core.shell:Creating environment hook '/home/koki-22/ac_search/vrx_ws/install/share/wamv_description/hook/pythonpath.ps1'
[1.816s] INFO:colcon.colcon_core.shell:Creating environment descriptor '/home/koki-22/ac_search/vrx_ws/install/share/wamv_description/hook/pythonpath.dsv'
[1.817s] INFO:colcon.colcon_core.shell:Creating environment hook '/home/koki-22/ac_search/vrx_ws/install/share/wamv_description/hook/pythonpath.sh'
[1.818s] Level 1:colcon.colcon_core.environment:checking '/home/koki-22/ac_search/vrx_ws/install/bin'
[1.821s] INFO:colcon.colcon_core.shell:Creating package script '/home/koki-22/ac_search/vrx_ws/install/share/wamv_description/package.ps1'
[1.822s] INFO:colcon.colcon_core.shell:Creating package descriptor '/home/koki-22/ac_search/vrx_ws/install/share/wamv_description/package.dsv'
[1.823s] INFO:colcon.colcon_core.shell:Creating package script '/home/koki-22/ac_search/vrx_ws/install/share/wamv_description/package.sh'
[1.824s] INFO:colcon.colcon_core.shell:Creating package script '/home/koki-22/ac_search/vrx_ws/install/share/wamv_description/package.bash'
[1.824s] INFO:colcon.colcon_core.shell:Creating package script '/home/koki-22/ac_search/vrx_ws/install/share/wamv_description/package.zsh'
[1.825s] Level 1:colcon.colcon_core.environment:create_file_with_runtime_dependencies(/home/koki-22/ac_search/vrx_ws/install/share/colcon-core/packages/wamv_description)
[1.853s] Level 1:colcon.colcon_core.environment:create_environment_scripts_only(wamv_description)
[1.856s] Level 1:colcon.colcon_core.environment:checking '/home/koki-22/ac_search/vrx_ws/install' for CMake module files
[1.857s] Level 1:colcon.colcon_core.environment:checking '/home/koki-22/ac_search/vrx_ws/install' for CMake config files
[1.858s] Level 1:colcon.colcon_core.shell:create_environment_hook('wamv_description', 'cmake_prefix_path')
[1.859s] INFO:colcon.colcon_core.shell:Creating environment hook '/home/koki-22/ac_search/vrx_ws/install/share/wamv_description/hook/cmake_prefix_path.ps1'
[1.860s] INFO:colcon.colcon_core.shell:Creating environment descriptor '/home/koki-22/ac_search/vrx_ws/install/share/wamv_description/hook/cmake_prefix_path.dsv'
[1.860s] INFO:colcon.colcon_core.shell:Creating environment hook '/home/koki-22/ac_search/vrx_ws/install/share/wamv_description/hook/cmake_prefix_path.sh'
[1.861s] Level 1:colcon.colcon_core.environment:checking '/home/koki-22/ac_search/vrx_ws/install/lib'
[1.861s] Level 1:colcon.colcon_core.shell:create_environment_hook('wamv_description', 'ld_library_path_lib')
[1.863s] INFO:colcon.colcon_core.shell:Creating environment hook '/home/koki-22/ac_search/vrx_ws/install/share/wamv_description/hook/ld_library_path_lib.ps1'
[1.863s] INFO:colcon.colcon_core.shell:Creating environment descriptor '/home/koki-22/ac_search/vrx_ws/install/share/wamv_description/hook/ld_library_path_lib.dsv'
[1.864s] INFO:colcon.colcon_core.shell:Creating environment hook '/home/koki-22/ac_search/vrx_ws/install/share/wamv_description/hook/ld_library_path_lib.sh'
[1.864s] Level 1:colcon.colcon_core.environment:checking '/home/koki-22/ac_search/vrx_ws/install/bin'
[1.864s] Level 1:colcon.colcon_core.environment:checking '/home/koki-22/ac_search/vrx_ws/install/lib/pkgconfig/wamv_description.pc'
[1.865s] Level 1:colcon.colcon_core.environment:checking '/home/koki-22/ac_search/vrx_ws/install/lib/python3.10/site-packages'
[1.865s] Level 1:colcon.colcon_core.shell:create_environment_hook('wamv_description', 'pythonpath')
[1.866s] INFO:colcon.colcon_core.shell:Creating environment hook '/home/koki-22/ac_search/vrx_ws/install/share/wamv_description/hook/pythonpath.ps1'
[1.867s] INFO:colcon.colcon_core.shell:Creating environment descriptor '/home/koki-22/ac_search/vrx_ws/install/share/wamv_description/hook/pythonpath.dsv'
[1.867s] INFO:colcon.colcon_core.shell:Creating environment hook '/home/koki-22/ac_search/vrx_ws/install/share/wamv_description/hook/pythonpath.sh'
[1.868s] Level 1:colcon.colcon_core.environment:checking '/home/koki-22/ac_search/vrx_ws/install/bin'
[1.870s] INFO:colcon.colcon_core.shell:Creating package script '/home/koki-22/ac_search/vrx_ws/install/share/wamv_description/package.ps1'
[1.870s] INFO:colcon.colcon_core.shell:Creating package descriptor '/home/koki-22/ac_search/vrx_ws/install/share/wamv_description/package.dsv'
[1.871s] INFO:colcon.colcon_core.shell:Creating package script '/home/koki-22/ac_search/vrx_ws/install/share/wamv_description/package.sh'
[1.872s] INFO:colcon.colcon_core.shell:Creating package script '/home/koki-22/ac_search/vrx_ws/install/share/wamv_description/package.bash'
[1.872s] INFO:colcon.colcon_core.shell:Creating package script '/home/koki-22/ac_search/vrx_ws/install/share/wamv_description/package.zsh'
[1.872s] Level 1:colcon.colcon_core.environment:create_file_with_runtime_dependencies(/home/koki-22/ac_search/vrx_ws/install/share/colcon-core/packages/wamv_description)
[1.873s] INFO:colcon.colcon_ros.task.ament_cmake.build:Building ROS package in '/home/koki-22/ac_search/vrx_ws/src/vrx/vrx_urdf/wamv_gazebo' with build type 'ament_cmake'
[1.873s] INFO:colcon.colcon_cmake.task.cmake.build:Building CMake package in '/home/koki-22/ac_search/vrx_ws/src/vrx/vrx_urdf/wamv_gazebo'
[1.875s] INFO:colcon.colcon_core.shell:Skip shell extension 'powershell' for command environment: Not usable outside of PowerShell
[1.875s] DEBUG:colcon.colcon_core.shell:Skip shell extension 'dsv' for command environment
[1.892s] DEBUG:colcon.colcon_core.event_handler.log_command:Invoking command in '/home/koki-22/ac_search/vrx_ws/build/wamv_gazebo': CMAKE_PREFIX_PATH=${CMAKE_PREFIX_PATH}:/opt/ros/humble GZ_SIM_RESOURCE_PATH=/home/koki-22/ac_search/vrx_ws/install/share:${GZ_SIM_RESOURCE_PATH} PYTHONPATH=/home/koki-22/ac_search/vrx_ws/install/lib/python3.10/site-packages:/home/koki-22/ac_search/vrx_ws/install/local/lib/python3.10/dist-packages:/opt/ros/humble/lib/python3.10/site-packages:/opt/ros/humble/local/lib/python3.10/dist-packages /usr/bin/cmake --build /home/koki-22/ac_search/vrx_ws/build/wamv_gazebo -- -j16 -l16
[1.939s] DEBUG:colcon.colcon_core.event_handler.log_command:Invoked command in '/home/koki-22/ac_search/vrx_ws/build/wamv_gazebo' returned '0': CMAKE_PREFIX_PATH=${CMAKE_PREFIX_PATH}:/opt/ros/humble GZ_SIM_RESOURCE_PATH=/home/koki-22/ac_search/vrx_ws/install/share:${GZ_SIM_RESOURCE_PATH} PYTHONPATH=/home/koki-22/ac_search/vrx_ws/install/lib/python3.10/site-packages:/home/koki-22/ac_search/vrx_ws/install/local/lib/python3.10/dist-packages:/opt/ros/humble/lib/python3.10/site-packages:/opt/ros/humble/local/lib/python3.10/dist-packages /usr/bin/cmake --build /home/koki-22/ac_search/vrx_ws/build/wamv_gazebo -- -j16 -l16
[1.963s] DEBUG:colcon.colcon_core.event_handler.log_command:Invoking command in '/home/koki-22/ac_search/vrx_ws/build/wamv_gazebo': CMAKE_PREFIX_PATH=${CMAKE_PREFIX_PATH}:/opt/ros/humble GZ_SIM_RESOURCE_PATH=/home/koki-22/ac_search/vrx_ws/install/share:${GZ_SIM_RESOURCE_PATH} PYTHONPATH=/home/koki-22/ac_search/vrx_ws/install/lib/python3.10/site-packages:/home/koki-22/ac_search/vrx_ws/install/local/lib/python3.10/dist-packages:/opt/ros/humble/lib/python3.10/site-packages:/opt/ros/humble/local/lib/python3.10/dist-packages /usr/bin/cmake --install /home/koki-22/ac_search/vrx_ws/build/wamv_gazebo
[1.975s] Level 1:colcon.colcon_core.environment:create_environment_scripts_only(wamv_gazebo)
[1.978s] Level 1:colcon.colcon_core.environment:checking '/home/koki-22/ac_search/vrx_ws/install' for CMake module files
[1.980s] Level 1:colcon.colcon_core.environment:checking '/home/koki-22/ac_search/vrx_ws/install' for CMake config files
[1.981s] Level 1:colcon.colcon_core.shell:create_environment_hook('wamv_gazebo', 'cmake_prefix_path')
[1.984s] INFO:colcon.colcon_core.shell:Creating environment hook '/home/koki-22/ac_search/vrx_ws/install/share/wamv_gazebo/hook/cmake_prefix_path.ps1'
[1.985s] DEBUG:colcon.colcon_core.event_handler.log_command:Invoked command in '/home/koki-22/ac_search/vrx_ws/build/wamv_gazebo' returned '0': CMAKE_PREFIX_PATH=${CMAKE_PREFIX_PATH}:/opt/ros/humble GZ_SIM_RESOURCE_PATH=/home/koki-22/ac_search/vrx_ws/install/share:${GZ_SIM_RESOURCE_PATH} PYTHONPATH=/home/koki-22/ac_search/vrx_ws/install/lib/python3.10/site-packages:/home/koki-22/ac_search/vrx_ws/install/local/lib/python3.10/dist-packages:/opt/ros/humble/lib/python3.10/site-packages:/opt/ros/humble/local/lib/python3.10/dist-packages /usr/bin/cmake --install /home/koki-22/ac_search/vrx_ws/build/wamv_gazebo
[1.985s] INFO:colcon.colcon_core.shell:Creating environment descriptor '/home/koki-22/ac_search/vrx_ws/install/share/wamv_gazebo/hook/cmake_prefix_path.dsv'
[1.986s] INFO:colcon.colcon_core.shell:Creating environment hook '/home/koki-22/ac_search/vrx_ws/install/share/wamv_gazebo/hook/cmake_prefix_path.sh'
[1.987s] Level 1:colcon.colcon_core.environment:checking '/home/koki-22/ac_search/vrx_ws/install/lib'
[1.987s] Level 1:colcon.colcon_core.shell:create_environment_hook('wamv_gazebo', 'ld_library_path_lib')
[1.990s] INFO:colcon.colcon_core.shell:Creating environment hook '/home/koki-22/ac_search/vrx_ws/install/share/wamv_gazebo/hook/ld_library_path_lib.ps1'
[1.990s] INFO:colcon.colcon_core.shell:Creating environment descriptor '/home/koki-22/ac_search/vrx_ws/install/share/wamv_gazebo/hook/ld_library_path_lib.dsv'
[1.991s] INFO:colcon.colcon_core.shell:Creating environment hook '/home/koki-22/ac_search/vrx_ws/install/share/wamv_gazebo/hook/ld_library_path_lib.sh'
[1.991s] Level 1:colcon.colcon_core.environment:checking '/home/koki-22/ac_search/vrx_ws/install/bin'
[1.991s] Level 1:colcon.colcon_core.environment:checking '/home/koki-22/ac_search/vrx_ws/install/lib/pkgconfig/wamv_gazebo.pc'
[1.992s] Level 1:colcon.colcon_core.environment:checking '/home/koki-22/ac_search/vrx_ws/install/lib/python3.10/site-packages'
[1.992s] Level 1:colcon.colcon_core.shell:create_environment_hook('wamv_gazebo', 'pythonpath')
[1.995s] INFO:colcon.colcon_core.shell:Creating environment hook '/home/koki-22/ac_search/vrx_ws/install/share/wamv_gazebo/hook/pythonpath.ps1'
[1.995s] INFO:colcon.colcon_core.shell:Creating environment descriptor '/home/koki-22/ac_search/vrx_ws/install/share/wamv_gazebo/hook/pythonpath.dsv'
[1.996s] INFO:colcon.colcon_core.shell:Creating environment hook '/home/koki-22/ac_search/vrx_ws/install/share/wamv_gazebo/hook/pythonpath.sh'
[1.997s] Level 1:colcon.colcon_core.environment:checking '/home/koki-22/ac_search/vrx_ws/install/bin'
[2.000s] INFO:colcon.colcon_core.shell:Creating package script '/home/koki-22/ac_search/vrx_ws/install/share/wamv_gazebo/package.ps1'
[2.001s] INFO:colcon.colcon_core.shell:Creating package descriptor '/home/koki-22/ac_search/vrx_ws/install/share/wamv_gazebo/package.dsv'
[2.002s] INFO:colcon.colcon_core.shell:Creating package script '/home/koki-22/ac_search/vrx_ws/install/share/wamv_gazebo/package.sh'
[2.002s] INFO:colcon.colcon_core.shell:Creating package script '/home/koki-22/ac_search/vrx_ws/install/share/wamv_gazebo/package.bash'
[2.003s] INFO:colcon.colcon_core.shell:Creating package script '/home/koki-22/ac_search/vrx_ws/install/share/wamv_gazebo/package.zsh'
[2.003s] Level 1:colcon.colcon_core.environment:create_file_with_runtime_dependencies(/home/koki-22/ac_search/vrx_ws/install/share/colcon-core/packages/wamv_gazebo)
[2.028s] Level 1:colcon.colcon_core.environment:create_environment_scripts_only(wamv_gazebo)
[2.030s] Level 1:colcon.colcon_core.environment:checking '/home/koki-22/ac_search/vrx_ws/install' for CMake module files
[2.031s] Level 1:colcon.colcon_core.environment:checking '/home/koki-22/ac_search/vrx_ws/install' for CMake config files
[2.031s] Level 1:colcon.colcon_core.shell:create_environment_hook('wamv_gazebo', 'cmake_prefix_path')
[2.034s] INFO:colcon.colcon_core.shell:Creating environment hook '/home/koki-22/ac_search/vrx_ws/install/share/wamv_gazebo/hook/cmake_prefix_path.ps1'
[2.034s] INFO:colcon.colcon_core.shell:Creating environment descriptor '/home/koki-22/ac_search/vrx_ws/install/share/wamv_gazebo/hook/cmake_prefix_path.dsv'
[2.035s] INFO:colcon.colcon_core.shell:Creating environment hook '/home/koki-22/ac_search/vrx_ws/install/share/wamv_gazebo/hook/cmake_prefix_path.sh'
[2.035s] Level 1:colcon.colcon_core.environment:checking '/home/koki-22/ac_search/vrx_ws/install/lib'
[2.036s] Level 1:colcon.colcon_core.shell:create_environment_hook('wamv_gazebo', 'ld_library_path_lib')
[2.038s] INFO:colcon.colcon_core.shell:Creating environment hook '/home/koki-22/ac_search/vrx_ws/install/share/wamv_gazebo/hook/ld_library_path_lib.ps1'
[2.039s] INFO:colcon.colcon_core.shell:Creating environment descriptor '/home/koki-22/ac_search/vrx_ws/install/share/wamv_gazebo/hook/ld_library_path_lib.dsv'
[2.039s] INFO:colcon.colcon_core.shell:Creating environment hook '/home/koki-22/ac_search/vrx_ws/install/share/wamv_gazebo/hook/ld_library_path_lib.sh'
[2.040s] Level 1:colcon.colcon_core.environment:checking '/home/koki-22/ac_search/vrx_ws/install/bin'
[2.040s] Level 1:colcon.colcon_core.environment:checking '/home/koki-22/ac_search/vrx_ws/install/lib/pkgconfig/wamv_gazebo.pc'
[2.040s] Level 1:colcon.colcon_core.environment:checking '/home/koki-22/ac_search/vrx_ws/install/lib/python3.10/site-packages'
[2.040s] Level 1:colcon.colcon_core.shell:create_environment_hook('wamv_gazebo', 'pythonpath')
[2.043s] INFO:colcon.colcon_core.shell:Creating environment hook '/home/koki-22/ac_search/vrx_ws/install/share/wamv_gazebo/hook/pythonpath.ps1'
[2.043s] INFO:colcon.colcon_core.shell:Creating environment descriptor '/home/koki-22/ac_search/vrx_ws/install/share/wamv_gazebo/hook/pythonpath.dsv'
[2.044s] INFO:colcon.colcon_core.shell:Creating environment hook '/home/koki-22/ac_search/vrx_ws/install/share/wamv_gazebo/hook/pythonpath.sh'
[2.044s] Level 1:colcon.colcon_core.environment:checking '/home/koki-22/ac_search/vrx_ws/install/bin'
[2.047s] INFO:colcon.colcon_core.shell:Creating package script '/home/koki-22/ac_search/vrx_ws/install/share/wamv_gazebo/package.ps1'
[2.048s] INFO:colcon.colcon_core.shell:Creating package descriptor '/home/koki-22/ac_search/vrx_ws/install/share/wamv_gazebo/package.dsv'
[2.048s] INFO:colcon.colcon_core.shell:Creating package script '/home/koki-22/ac_search/vrx_ws/install/share/wamv_gazebo/package.sh'
[2.049s] INFO:colcon.colcon_core.shell:Creating package script '/home/koki-22/ac_search/vrx_ws/install/share/wamv_gazebo/package.bash'
[2.049s] INFO:colcon.colcon_core.shell:Creating package script '/home/koki-22/ac_search/vrx_ws/install/share/wamv_gazebo/package.zsh'
[2.050s] Level 1:colcon.colcon_core.environment:create_file_with_runtime_dependencies(/home/koki-22/ac_search/vrx_ws/install/share/colcon-core/packages/wamv_gazebo)
[2.060s] DEBUG:colcon.colcon_core.event_handler.log_command:Invoking command in '/home/koki-22/ac_search/vrx_ws/src/data_collect': PYTHONPATH=/home/koki-22/ac_search/vrx_ws/build/data_collect/prefix_override:/home/koki-22/ac_search/vrx_ws/install/lib/python3.10/site-packages:${PYTHONPATH} /usr/bin/python3 setup.py egg_info --egg-base ../../build/data_collect build --build-base /home/koki-22/ac_search/vrx_ws/build/data_collect/build install --record /home/koki-22/ac_search/vrx_ws/build/data_collect/install.log --single-version-externally-managed
[2.144s] DEBUG:colcon.colcon_core.event_handler.log_command:Invoking command in '/home/koki-22/ac_search/vrx_ws/src/navigaitonGUI': PYTHONPATH=/home/koki-22/ac_search/vrx_ws/build/navigaitonGUI/prefix_override:/home/koki-22/ac_search/vrx_ws/install/lib/python3.10/site-packages:${PYTHONPATH} /usr/bin/python3 setup.py egg_info --egg-base ../../build/navigaitonGUI build --build-base /home/koki-22/ac_search/vrx_ws/build/navigaitonGUI/build install --record /home/koki-22/ac_search/vrx_ws/build/navigaitonGUI/install.log --single-version-externally-managed
[2.323s] DEBUG:colcon.colcon_core.event_handler.log_command:Invoked command in '/home/koki-22/ac_search/vrx_ws/build/vrx_gz' returned '0': CMAKE_PREFIX_PATH=${CMAKE_PREFIX_PATH}:/opt/ros/humble PYTHONPATH=/home/koki-22/ac_search/vrx_ws/install/lib/python3.10/site-packages:/home/koki-22/ac_search/vrx_ws/install/local/lib/python3.10/dist-packages:/opt/ros/humble/lib/python3.10/site-packages:/opt/ros/humble/local/lib/python3.10/dist-packages /usr/bin/cmake --build /home/koki-22/ac_search/vrx_ws/build/vrx_gz -- -j16 -l16
[2.415s] DEBUG:colcon.colcon_core.event_handler.log_command:Invoking command in '/home/koki-22/ac_search/vrx_ws/build/vrx_gz': CMAKE_PREFIX_PATH=${CMAKE_PREFIX_PATH}:/opt/ros/humble PYTHONPATH=/home/koki-22/ac_search/vrx_ws/install/lib/python3.10/site-packages:/home/koki-22/ac_search/vrx_ws/install/local/lib/python3.10/dist-packages:/opt/ros/humble/lib/python3.10/site-packages:/opt/ros/humble/local/lib/python3.10/dist-packages /usr/bin/cmake --install /home/koki-22/ac_search/vrx_ws/build/vrx_gz
[2.487s] Level 1:colcon.colcon_core.environment:create_environment_scripts_only(vrx_gz)
[2.489s] Level 1:colcon.colcon_core.environment:checking '/home/koki-22/ac_search/vrx_ws/install' for CMake module files
[2.491s] Level 1:colcon.colcon_core.environment:checking '/home/koki-22/ac_search/vrx_ws/install' for CMake config files
[2.493s] Level 1:colcon.colcon_core.shell:create_environment_hook('vrx_gz', 'cmake_prefix_path')
[2.494s] INFO:colcon.colcon_core.shell:Creating environment hook '/home/koki-22/ac_search/vrx_ws/install/share/vrx_gz/hook/cmake_prefix_path.ps1'
[2.495s] INFO:colcon.colcon_core.shell:Creating environment descriptor '/home/koki-22/ac_search/vrx_ws/install/share/vrx_gz/hook/cmake_prefix_path.dsv'
[2.496s] INFO:colcon.colcon_core.shell:Creating environment hook '/home/koki-22/ac_search/vrx_ws/install/share/vrx_gz/hook/cmake_prefix_path.sh'
[2.498s] Level 1:colcon.colcon_core.environment:checking '/home/koki-22/ac_search/vrx_ws/install/lib'
[2.498s] Level 1:colcon.colcon_core.shell:create_environment_hook('vrx_gz', 'ld_library_path_lib')
[2.500s] INFO:colcon.colcon_core.shell:Creating environment hook '/home/koki-22/ac_search/vrx_ws/install/share/vrx_gz/hook/ld_library_path_lib.ps1'
[2.501s] INFO:colcon.colcon_core.shell:Creating environment descriptor '/home/koki-22/ac_search/vrx_ws/install/share/vrx_gz/hook/ld_library_path_lib.dsv'
[2.502s] INFO:colcon.colcon_core.shell:Creating environment hook '/home/koki-22/ac_search/vrx_ws/install/share/vrx_gz/hook/ld_library_path_lib.sh'
[2.503s] Level 1:colcon.colcon_core.environment:checking '/home/koki-22/ac_search/vrx_ws/install/bin'
[2.503s] Level 1:colcon.colcon_core.environment:checking '/home/koki-22/ac_search/vrx_ws/install/lib/pkgconfig/vrx_gz.pc'
[2.504s] Level 1:colcon.colcon_core.environment:checking '/home/koki-22/ac_search/vrx_ws/install/lib/python3.10/site-packages'
[2.504s] Level 1:colcon.colcon_core.shell:create_environment_hook('vrx_gz', 'pythonpath')
[2.506s] INFO:colcon.colcon_core.shell:Creating environment hook '/home/koki-22/ac_search/vrx_ws/install/share/vrx_gz/hook/pythonpath.ps1'
[2.508s] INFO:colcon.colcon_core.shell:Creating environment descriptor '/home/koki-22/ac_search/vrx_ws/install/share/vrx_gz/hook/pythonpath.dsv'
[2.508s] INFO:colcon.colcon_core.shell:Creating environment hook '/home/koki-22/ac_search/vrx_ws/install/share/vrx_gz/hook/pythonpath.sh'
[2.510s] Level 1:colcon.colcon_core.environment:checking '/home/koki-22/ac_search/vrx_ws/install/bin'
[2.513s] INFO:colcon.colcon_core.shell:Creating package script '/home/koki-22/ac_search/vrx_ws/install/share/vrx_gz/package.ps1'
[2.515s] INFO:colcon.colcon_core.shell:Creating package descriptor '/home/koki-22/ac_search/vrx_ws/install/share/vrx_gz/package.dsv'
[2.516s] INFO:colcon.colcon_core.shell:Creating package script '/home/koki-22/ac_search/vrx_ws/install/share/vrx_gz/package.sh'
[2.517s] INFO:colcon.colcon_core.shell:Creating package script '/home/koki-22/ac_search/vrx_ws/install/share/vrx_gz/package.bash'
[2.518s] INFO:colcon.colcon_core.shell:Creating package script '/home/koki-22/ac_search/vrx_ws/install/share/vrx_gz/package.zsh'
[2.519s] Level 1:colcon.colcon_core.environment:create_file_with_runtime_dependencies(/home/koki-22/ac_search/vrx_ws/install/share/colcon-core/packages/vrx_gz)
[2.529s] Level 1:colcon.colcon_core.environment:checking '/home/koki-22/ac_search/vrx_ws/install' for CMake module files
[2.531s] Level 1:colcon.colcon_core.environment:checking '/home/koki-22/ac_search/vrx_ws/install' for CMake config files
[2.533s] Level 1:colcon.colcon_core.shell:create_environment_hook('data_collect', 'cmake_prefix_path')
[2.535s] INFO:colcon.colcon_core.shell:Creating environment hook '/home/koki-22/ac_search/vrx_ws/install/share/data_collect/hook/cmake_prefix_path.ps1'
[2.536s] INFO:colcon.colcon_core.shell:Creating environment descriptor '/home/koki-22/ac_search/vrx_ws/install/share/data_collect/hook/cmake_prefix_path.dsv'
[2.537s] INFO:colcon.colcon_core.shell:Creating environment hook '/home/koki-22/ac_search/vrx_ws/install/share/data_collect/hook/cmake_prefix_path.sh'
[2.537s] DEBUG:colcon.colcon_core.event_handler.log_command:Invoked command in '/home/koki-22/ac_search/vrx_ws/build/vrx_gz' returned '0': CMAKE_PREFIX_PATH=${CMAKE_PREFIX_PATH}:/opt/ros/humble PYTHONPATH=/home/koki-22/ac_search/vrx_ws/install/lib/python3.10/site-packages:/home/koki-22/ac_search/vrx_ws/install/local/lib/python3.10/dist-packages:/opt/ros/humble/lib/python3.10/site-packages:/opt/ros/humble/local/lib/python3.10/dist-packages /usr/bin/cmake --install /home/koki-22/ac_search/vrx_ws/build/vrx_gz
[2.539s] Level 1:colcon.colcon_core.environment:checking '/home/koki-22/ac_search/vrx_ws/install/lib'
[2.539s] Level 1:colcon.colcon_core.shell:create_environment_hook('data_collect', 'ld_library_path_lib')
[2.541s] INFO:colcon.colcon_core.shell:Creating environment hook '/home/koki-22/ac_search/vrx_ws/install/share/data_collect/hook/ld_library_path_lib.ps1'
[2.542s] DEBUG:colcon.colcon_core.event_handler.log_command:Invoked command in '/home/koki-22/ac_search/vrx_ws/src/data_collect' returned '0': PYTHONPATH=/home/koki-22/ac_search/vrx_ws/build/data_collect/prefix_override:/home/koki-22/ac_search/vrx_ws/install/lib/python3.10/site-packages:${PYTHONPATH} /usr/bin/python3 setup.py egg_info --egg-base ../../build/data_collect build --build-base /home/koki-22/ac_search/vrx_ws/build/data_collect/build install --record /home/koki-22/ac_search/vrx_ws/build/data_collect/install.log --single-version-externally-managed
[2.543s] INFO:colcon.colcon_core.shell:Creating environment descriptor '/home/koki-22/ac_search/vrx_ws/install/share/data_collect/hook/ld_library_path_lib.dsv'
[2.543s] INFO:colcon.colcon_core.shell:Creating environment hook '/home/koki-22/ac_search/vrx_ws/install/share/data_collect/hook/ld_library_path_lib.sh'
[2.544s] Level 1:colcon.colcon_core.environment:checking '/home/koki-22/ac_search/vrx_ws/install/bin'
[2.544s] Level 1:colcon.colcon_core.environment:checking '/home/koki-22/ac_search/vrx_ws/install/lib/pkgconfig/data_collect.pc'
[2.544s] Level 1:colcon.colcon_core.environment:checking '/home/koki-22/ac_search/vrx_ws/install/lib/python3.10/site-packages'
[2.544s] Level 1:colcon.colcon_core.shell:create_environment_hook('data_collect', 'pythonpath')
[2.546s] INFO:colcon.colcon_core.shell:Creating environment hook '/home/koki-22/ac_search/vrx_ws/install/share/data_collect/hook/pythonpath.ps1'
[2.547s] INFO:colcon.colcon_core.shell:Creating environment descriptor '/home/koki-22/ac_search/vrx_ws/install/share/data_collect/hook/pythonpath.dsv'
[2.547s] INFO:colcon.colcon_core.shell:Creating environment hook '/home/koki-22/ac_search/vrx_ws/install/share/data_collect/hook/pythonpath.sh'
[2.548s] Level 1:colcon.colcon_core.environment:checking '/home/koki-22/ac_search/vrx_ws/install/bin'
[2.548s] Level 1:colcon.colcon_core.environment:create_environment_scripts_only(data_collect)
[2.550s] INFO:colcon.colcon_core.shell:Creating package script '/home/koki-22/ac_search/vrx_ws/install/share/data_collect/package.ps1'
[2.551s] INFO:colcon.colcon_core.shell:Creating package descriptor '/home/koki-22/ac_search/vrx_ws/install/share/data_collect/package.dsv'
[2.552s] INFO:colcon.colcon_core.shell:Creating package script '/home/koki-22/ac_search/vrx_ws/install/share/data_collect/package.sh'
[2.552s] INFO:colcon.colcon_core.shell:Creating package script '/home/koki-22/ac_search/vrx_ws/install/share/data_collect/package.bash'
[2.553s] INFO:colcon.colcon_core.shell:Creating package script '/home/koki-22/ac_search/vrx_ws/install/share/data_collect/package.zsh'
[2.553s] Level 1:colcon.colcon_core.environment:create_file_with_runtime_dependencies(/home/koki-22/ac_search/vrx_ws/install/share/colcon-core/packages/data_collect)
[2.624s] Level 1:colcon.colcon_core.environment:create_environment_scripts_only(vrx_gz)
[2.626s] Level 1:colcon.colcon_core.environment:checking '/home/koki-22/ac_search/vrx_ws/install' for CMake module files
[2.627s] Level 1:colcon.colcon_core.environment:checking '/home/koki-22/ac_search/vrx_ws/install' for CMake config files
[2.627s] Level 1:colcon.colcon_core.shell:create_environment_hook('vrx_gz', 'cmake_prefix_path')
[2.629s] INFO:colcon.colcon_core.shell:Creating environment hook '/home/koki-22/ac_search/vrx_ws/install/share/vrx_gz/hook/cmake_prefix_path.ps1'
[2.629s] INFO:colcon.colcon_core.shell:Creating environment descriptor '/home/koki-22/ac_search/vrx_ws/install/share/vrx_gz/hook/cmake_prefix_path.dsv'
[2.630s] INFO:colcon.colcon_core.shell:Creating environment hook '/home/koki-22/ac_search/vrx_ws/install/share/vrx_gz/hook/cmake_prefix_path.sh'
[2.631s] Level 1:colcon.colcon_core.environment:checking '/home/koki-22/ac_search/vrx_ws/install/lib'
[2.631s] Level 1:colcon.colcon_core.shell:create_environment_hook('vrx_gz', 'ld_library_path_lib')
[2.633s] INFO:colcon.colcon_core.shell:Creating environment hook '/home/koki-22/ac_search/vrx_ws/install/share/vrx_gz/hook/ld_library_path_lib.ps1'
[2.634s] INFO:colcon.colcon_core.shell:Creating environment descriptor '/home/koki-22/ac_search/vrx_ws/install/share/vrx_gz/hook/ld_library_path_lib.dsv'
[2.634s] INFO:colcon.colcon_core.shell:Creating environment hook '/home/koki-22/ac_search/vrx_ws/install/share/vrx_gz/hook/ld_library_path_lib.sh'
[2.635s] Level 1:colcon.colcon_core.environment:checking '/home/koki-22/ac_search/vrx_ws/install/bin'
[2.635s] Level 1:colcon.colcon_core.environment:checking '/home/koki-22/ac_search/vrx_ws/install/lib/pkgconfig/vrx_gz.pc'
[2.635s] Level 1:colcon.colcon_core.environment:checking '/home/koki-22/ac_search/vrx_ws/install/lib/python3.10/site-packages'
[2.635s] Level 1:colcon.colcon_core.shell:create_environment_hook('vrx_gz', 'pythonpath')
[2.638s] INFO:colcon.colcon_core.shell:Creating environment hook '/home/koki-22/ac_search/vrx_ws/install/share/vrx_gz/hook/pythonpath.ps1'
[2.638s] INFO:colcon.colcon_core.shell:Creating environment descriptor '/home/koki-22/ac_search/vrx_ws/install/share/vrx_gz/hook/pythonpath.dsv'
[2.639s] INFO:colcon.colcon_core.shell:Creating environment hook '/home/koki-22/ac_search/vrx_ws/install/share/vrx_gz/hook/pythonpath.sh'
[2.639s] Level 1:colcon.colcon_core.environment:checking '/home/koki-22/ac_search/vrx_ws/install/bin'
[2.641s] INFO:colcon.colcon_core.shell:Creating package script '/home/koki-22/ac_search/vrx_ws/install/share/vrx_gz/package.ps1'
[2.642s] INFO:colcon.colcon_core.shell:Creating package descriptor '/home/koki-22/ac_search/vrx_ws/install/share/vrx_gz/package.dsv'
[2.643s] INFO:colcon.colcon_core.shell:Creating package script '/home/koki-22/ac_search/vrx_ws/install/share/vrx_gz/package.sh'
[2.643s] INFO:colcon.colcon_core.shell:Creating package script '/home/koki-22/ac_search/vrx_ws/install/share/vrx_gz/package.bash'
[2.643s] INFO:colcon.colcon_core.shell:Creating package script '/home/koki-22/ac_search/vrx_ws/install/share/vrx_gz/package.zsh'
[2.644s] Level 1:colcon.colcon_core.environment:create_file_with_runtime_dependencies(/home/koki-22/ac_search/vrx_ws/install/share/colcon-core/packages/vrx_gz)
[2.649s] Level 1:colcon.colcon_core.environment:checking '/home/koki-22/ac_search/vrx_ws/install' for CMake module files
[2.650s] Level 1:colcon.colcon_core.environment:checking '/home/koki-22/ac_search/vrx_ws/install' for CMake config files
[2.650s] DEBUG:colcon.colcon_core.event_handler.log_command:Invoked command in '/home/koki-22/ac_search/vrx_ws/src/navigaitonGUI' returned '0': PYTHONPATH=/home/koki-22/ac_search/vrx_ws/build/navigaitonGUI/prefix_override:/home/koki-22/ac_search/vrx_ws/install/lib/python3.10/site-packages:${PYTHONPATH} /usr/bin/python3 setup.py egg_info --egg-base ../../build/navigaitonGUI build --build-base /home/koki-22/ac_search/vrx_ws/build/navigaitonGUI/build install --record /home/koki-22/ac_search/vrx_ws/build/navigaitonGUI/install.log --single-version-externally-managed
[2.651s] Level 1:colcon.colcon_core.shell:create_environment_hook('navigaitonGUI', 'cmake_prefix_path')
[2.653s] INFO:colcon.colcon_core.shell:Creating environment hook '/home/koki-22/ac_search/vrx_ws/install/share/navigaitonGUI/hook/cmake_prefix_path.ps1'
[2.653s] INFO:colcon.colcon_core.shell:Creating environment descriptor '/home/koki-22/ac_search/vrx_ws/install/share/navigaitonGUI/hook/cmake_prefix_path.dsv'
[2.654s] INFO:colcon.colcon_core.shell:Creating environment hook '/home/koki-22/ac_search/vrx_ws/install/share/navigaitonGUI/hook/cmake_prefix_path.sh'
[2.655s] Level 1:colcon.colcon_core.environment:checking '/home/koki-22/ac_search/vrx_ws/install/lib'
[2.655s] Level 1:colcon.colcon_core.shell:create_environment_hook('navigaitonGUI', 'ld_library_path_lib')
[2.657s] INFO:colcon.colcon_core.shell:Creating environment hook '/home/koki-22/ac_search/vrx_ws/install/share/navigaitonGUI/hook/ld_library_path_lib.ps1'
[2.658s] INFO:colcon.colcon_core.shell:Creating environment descriptor '/home/koki-22/ac_search/vrx_ws/install/share/navigaitonGUI/hook/ld_library_path_lib.dsv'
[2.658s] INFO:colcon.colcon_core.shell:Creating environment hook '/home/koki-22/ac_search/vrx_ws/install/share/navigaitonGUI/hook/ld_library_path_lib.sh'
[2.659s] Level 1:colcon.colcon_core.environment:checking '/home/koki-22/ac_search/vrx_ws/install/bin'
[2.659s] Level 1:colcon.colcon_core.environment:checking '/home/koki-22/ac_search/vrx_ws/install/lib/pkgconfig/navigaitonGUI.pc'
[2.659s] Level 1:colcon.colcon_core.environment:checking '/home/koki-22/ac_search/vrx_ws/install/lib/python3.10/site-packages'
[2.659s] Level 1:colcon.colcon_core.shell:create_environment_hook('navigaitonGUI', 'pythonpath')
[2.662s] INFO:colcon.colcon_core.shell:Creating environment hook '/home/koki-22/ac_search/vrx_ws/install/share/navigaitonGUI/hook/pythonpath.ps1'
[2.662s] INFO:colcon.colcon_core.shell:Creating environment descriptor '/home/koki-22/ac_search/vrx_ws/install/share/navigaitonGUI/hook/pythonpath.dsv'
[2.662s] INFO:colcon.colcon_core.shell:Creating environment hook '/home/koki-22/ac_search/vrx_ws/install/share/navigaitonGUI/hook/pythonpath.sh'
[2.663s] Level 1:colcon.colcon_core.environment:checking '/home/koki-22/ac_search/vrx_ws/install/bin'
[2.663s] Level 1:colcon.colcon_core.environment:create_environment_scripts_only(navigaitonGUI)
[2.666s] INFO:colcon.colcon_core.shell:Creating package script '/home/koki-22/ac_search/vrx_ws/install/share/navigaitonGUI/package.ps1'
[2.667s] INFO:colcon.colcon_core.shell:Creating package descriptor '/home/koki-22/ac_search/vrx_ws/install/share/navigaitonGUI/package.dsv'
[2.667s] INFO:colcon.colcon_core.shell:Creating package script '/home/koki-22/ac_search/vrx_ws/install/share/navigaitonGUI/package.sh'
[2.668s] INFO:colcon.colcon_core.shell:Creating package script '/home/koki-22/ac_search/vrx_ws/install/share/navigaitonGUI/package.bash'
[2.669s] INFO:colcon.colcon_core.shell:Creating package script '/home/koki-22/ac_search/vrx_ws/install/share/navigaitonGUI/package.zsh'
[2.669s] Level 1:colcon.colcon_core.environment:create_file_with_runtime_dependencies(/home/koki-22/ac_search/vrx_ws/install/share/colcon-core/packages/navigaitonGUI)
[2.669s] DEBUG:colcon.colcon_parallel_executor.executor.parallel:closing loop
[2.670s] DEBUG:colcon.colcon_parallel_executor.executor.parallel:loop closed
[2.670s] DEBUG:colcon.colcon_parallel_executor.executor.parallel:run_until_complete finished with '0'
[2.670s] DEBUG:colcon.colcon_core.event_reactor:joining thread
[2.679s] INFO:colcon.colcon_core.plugin_system:Skipping extension 'colcon_notification.desktop_notification.terminal_notifier': Not used on non-Darwin systems
[2.679s] INFO:colcon.colcon_core.plugin_system:Skipping extension 'colcon_notification.desktop_notification.win32': Not used on non-Windows systems
[2.679s] INFO:colcon.colcon_notification.desktop_notification:Sending desktop notification using 'notify2'
[2.694s] DEBUG:colcon.colcon_core.event_reactor:joined thread
[2.696s] INFO:colcon.colcon_core.shell:Creating prefix script '/home/koki-22/ac_search/vrx_ws/install/local_setup.ps1'
[2.698s] INFO:colcon.colcon_core.shell:Creating prefix util module '/home/koki-22/ac_search/vrx_ws/install/_local_setup_util_ps1.py'
[2.701s] INFO:colcon.colcon_core.shell:Creating prefix chain script '/home/koki-22/ac_search/vrx_ws/install/setup.ps1'
[2.703s] INFO:colcon.colcon_core.shell:Creating prefix script '/home/koki-22/ac_search/vrx_ws/install/local_setup.sh'
[2.704s] INFO:colcon.colcon_core.shell:Creating prefix util module '/home/koki-22/ac_search/vrx_ws/install/_local_setup_util_sh.py'
[2.705s] INFO:colcon.colcon_core.shell:Creating prefix chain script '/home/koki-22/ac_search/vrx_ws/install/setup.sh'
[2.708s] INFO:colcon.colcon_core.shell:Creating prefix script '/home/koki-22/ac_search/vrx_ws/install/local_setup.bash'
[2.708s] INFO:colcon.colcon_core.shell:Creating prefix chain script '/home/koki-22/ac_search/vrx_ws/install/setup.bash'
[2.711s] INFO:colcon.colcon_core.shell:Creating prefix script '/home/koki-22/ac_search/vrx_ws/install/local_setup.zsh'
[2.712s] INFO:colcon.colcon_core.shell:Creating prefix chain script '/home/koki-22/ac_search/vrx_ws/install/setup.zsh'
