[0.011s] Invoking command in '/home/koki-22/ac_search/vrx_ws/src/build/wamv_description': AMENT_PREFIX_PATH=/home/koki-22/ac_search/vrx_ws/src/install:${AMENT_PREFIX_PATH} CMAKE_PREFIX_PATH=/home/koki-22/ac_search/vrx_ws/src/install:/home/koki-22/ac_search/vrx_ws/install:/opt/ros/humble GZ_SIM_RESOURCE_PATH=/home/koki-22/ac_search/vrx_ws/src/install/share/vrx_gazebo/models:/home/koki-22/ac_search/vrx_ws/src/install/share:${GZ_SIM_RESOURCE_PATH} LD_LIBRARY_PATH=/home/koki-22/ac_search/vrx_ws/src/install/lib:${LD_LIBRARY_PATH} PYTHONPATH=/home/koki-22/ac_search/vrx_ws/src/install/local/lib/python3.10/dist-packages:/home/koki-22/ac_search/vrx_ws/src/install/lib/python3.10/site-packages:${PYTHONPATH} /usr/bin/cmake --build /home/koki-22/ac_search/vrx_ws/src/build/wamv_description -- -j16 -l16
[0.104s] [100%] Built target wamv_description__xacro_auto_generate
[0.128s] Invoked command in '/home/koki-22/ac_search/vrx_ws/src/build/wamv_description' returned '0': AMENT_PREFIX_PATH=/home/koki-22/ac_search/vrx_ws/src/install:${AMENT_PREFIX_PATH} CMAKE_PREFIX_PATH=/home/koki-22/ac_search/vrx_ws/src/install:/home/koki-22/ac_search/vrx_ws/install:/opt/ros/humble GZ_SIM_RESOURCE_PATH=/home/koki-22/ac_search/vrx_ws/src/install/share/vrx_gazebo/models:/home/koki-22/ac_search/vrx_ws/src/install/share:${GZ_SIM_RESOURCE_PATH} LD_LIBRARY_PATH=/home/koki-22/ac_search/vrx_ws/src/install/lib:${LD_LIBRARY_PATH} PYTHONPATH=/home/koki-22/ac_search/vrx_ws/src/install/local/lib/python3.10/dist-packages:/home/koki-22/ac_search/vrx_ws/src/install/lib/python3.10/site-packages:${PYTHONPATH} /usr/bin/cmake --build /home/koki-22/ac_search/vrx_ws/src/build/wamv_description -- -j16 -l16
[0.174s] Invoking command in '/home/koki-22/ac_search/vrx_ws/src/build/wamv_description': AMENT_PREFIX_PATH=/home/koki-22/ac_search/vrx_ws/src/install:${AMENT_PREFIX_PATH} CMAKE_PREFIX_PATH=/home/koki-22/ac_search/vrx_ws/src/install:/home/koki-22/ac_search/vrx_ws/install:/opt/ros/humble GZ_SIM_RESOURCE_PATH=/home/koki-22/ac_search/vrx_ws/src/install/share/vrx_gazebo/models:/home/koki-22/ac_search/vrx_ws/src/install/share:${GZ_SIM_RESOURCE_PATH} LD_LIBRARY_PATH=/home/koki-22/ac_search/vrx_ws/src/install/lib:${LD_LIBRARY_PATH} PYTHONPATH=/home/koki-22/ac_search/vrx_ws/src/install/local/lib/python3.10/dist-packages:/home/koki-22/ac_search/vrx_ws/src/install/lib/python3.10/site-packages:${PYTHONPATH} /usr/bin/cmake --install /home/koki-22/ac_search/vrx_ws/src/build/wamv_description
[0.188s] -- Install configuration: ""
[0.188s] -- Up-to-date: /home/koki-22/ac_search/vrx_ws/src/install/share/wamv_description/environment/resource_paths.dsv
[0.188s] -- Up-to-date: /home/koki-22/ac_search/vrx_ws/src/install/share/wamv_description/environment/resource_paths.sh
[0.188s] -- Up-to-date: /home/koki-22/ac_search/vrx_ws/src/install/share/wamv_description/urdf/wamv_base.urdf
[0.188s] -- Up-to-date: /home/koki-22/ac_search/vrx_ws/src/install/share/wamv_description/models
[0.188s] -- Up-to-date: /home/koki-22/ac_search/vrx_ws/src/install/share/wamv_description/models/WAM-V-Base
[0.188s] -- Up-to-date: /home/koki-22/ac_search/vrx_ws/src/install/share/wamv_description/models/WAM-V-Base/model.config
[0.188s] -- Up-to-date: /home/koki-22/ac_search/vrx_ws/src/install/share/wamv_description/models/WAM-V-Base/mesh
[0.189s] -- Up-to-date: /home/koki-22/ac_search/vrx_ws/src/install/share/wamv_description/models/WAM-V-Base/mesh/WamV.png
[0.189s] -- Up-to-date: /home/koki-22/ac_search/vrx_ws/src/install/share/wamv_description/models/WAM-V-Base/mesh/WAM-V_Roughness.png
[0.189s] -- Up-to-date: /home/koki-22/ac_search/vrx_ws/src/install/share/wamv_description/models/WAM-V-Base/mesh/WAM-V-Base.dae
[0.189s] -- Up-to-date: /home/koki-22/ac_search/vrx_ws/src/install/share/wamv_description/models/WAM-V-Base/mesh/WAM-V_Metalness.png
[0.189s] -- Up-to-date: /home/koki-22/ac_search/vrx_ws/src/install/share/wamv_description/models/WAM-V-Base/mesh/WAM-V_Normal.png
[0.189s] -- Up-to-date: /home/koki-22/ac_search/vrx_ws/src/install/share/wamv_description/models/WAM-V-Base/mesh/WAM-V_Albedo.png
[0.189s] -- Up-to-date: /home/koki-22/ac_search/vrx_ws/src/install/share/wamv_description/models/propeller
[0.189s] -- Up-to-date: /home/koki-22/ac_search/vrx_ws/src/install/share/wamv_description/models/propeller/model.config
[0.189s] -- Up-to-date: /home/koki-22/ac_search/vrx_ws/src/install/share/wamv_description/models/propeller/mesh
[0.189s] -- Up-to-date: /home/koki-22/ac_search/vrx_ws/src/install/share/wamv_description/models/propeller/mesh/propeller.dae
[0.190s] -- Up-to-date: /home/koki-22/ac_search/vrx_ws/src/install/share/wamv_description/models/engine
[0.190s] -- Up-to-date: /home/koki-22/ac_search/vrx_ws/src/install/share/wamv_description/models/engine/model.config
[0.190s] -- Up-to-date: /home/koki-22/ac_search/vrx_ws/src/install/share/wamv_description/models/engine/mesh
[0.190s] -- Up-to-date: /home/koki-22/ac_search/vrx_ws/src/install/share/wamv_description/models/engine/mesh/engine.dae
[0.190s] -- Up-to-date: /home/koki-22/ac_search/vrx_ws/src/install/share/wamv_description/urdf
[0.190s] -- Up-to-date: /home/koki-22/ac_search/vrx_ws/src/install/share/wamv_description/urdf/thrusters
[0.190s] -- Up-to-date: /home/koki-22/ac_search/vrx_ws/src/install/share/wamv_description/urdf/thrusters/engine.xacro
[0.190s] -- Up-to-date: /home/koki-22/ac_search/vrx_ws/src/install/share/wamv_description/urdf/battery.xacro
[0.190s] -- Up-to-date: /home/koki-22/ac_search/vrx_ws/src/install/share/wamv_description/urdf/wamv_base.urdf.xacro
[0.190s] -- Up-to-date: /home/koki-22/ac_search/vrx_ws/src/install/share/wamv_description/urdf/cpu_cases.xacro
[0.190s] -- Up-to-date: /home/koki-22/ac_search/vrx_ws/src/install/share/ament_index/resource_index/package_run_dependencies/wamv_description
[0.191s] -- Up-to-date: /home/koki-22/ac_search/vrx_ws/src/install/share/ament_index/resource_index/parent_prefix_path/wamv_description
[0.191s] -- Up-to-date: /home/koki-22/ac_search/vrx_ws/src/install/share/wamv_description/environment/ament_prefix_path.sh
[0.191s] -- Up-to-date: /home/koki-22/ac_search/vrx_ws/src/install/share/wamv_description/environment/ament_prefix_path.dsv
[0.191s] -- Up-to-date: /home/koki-22/ac_search/vrx_ws/src/install/share/wamv_description/environment/path.sh
[0.191s] -- Up-to-date: /home/koki-22/ac_search/vrx_ws/src/install/share/wamv_description/environment/path.dsv
[0.191s] -- Up-to-date: /home/koki-22/ac_search/vrx_ws/src/install/share/wamv_description/local_setup.bash
[0.191s] -- Up-to-date: /home/koki-22/ac_search/vrx_ws/src/install/share/wamv_description/local_setup.sh
[0.191s] -- Up-to-date: /home/koki-22/ac_search/vrx_ws/src/install/share/wamv_description/local_setup.zsh
[0.191s] -- Up-to-date: /home/koki-22/ac_search/vrx_ws/src/install/share/wamv_description/local_setup.dsv
[0.191s] -- Up-to-date: /home/koki-22/ac_search/vrx_ws/src/install/share/wamv_description/package.dsv
[0.191s] -- Up-to-date: /home/koki-22/ac_search/vrx_ws/src/install/share/ament_index/resource_index/packages/wamv_description
[0.191s] -- Up-to-date: /home/koki-22/ac_search/vrx_ws/src/install/share/wamv_description/cmake/wamv_descriptionConfig.cmake
[0.191s] -- Up-to-date: /home/koki-22/ac_search/vrx_ws/src/install/share/wamv_description/cmake/wamv_descriptionConfig-version.cmake
[0.191s] -- Up-to-date: /home/koki-22/ac_search/vrx_ws/src/install/share/wamv_description/package.xml
[0.195s] Invoked command in '/home/koki-22/ac_search/vrx_ws/src/build/wamv_description' returned '0': AMENT_PREFIX_PATH=/home/koki-22/ac_search/vrx_ws/src/install:${AMENT_PREFIX_PATH} CMAKE_PREFIX_PATH=/home/koki-22/ac_search/vrx_ws/src/install:/home/koki-22/ac_search/vrx_ws/install:/opt/ros/humble GZ_SIM_RESOURCE_PATH=/home/koki-22/ac_search/vrx_ws/src/install/share/vrx_gazebo/models:/home/koki-22/ac_search/vrx_ws/src/install/share:${GZ_SIM_RESOURCE_PATH} LD_LIBRARY_PATH=/home/koki-22/ac_search/vrx_ws/src/install/lib:${LD_LIBRARY_PATH} PYTHONPATH=/home/koki-22/ac_search/vrx_ws/src/install/local/lib/python3.10/dist-packages:/home/koki-22/ac_search/vrx_ws/src/install/lib/python3.10/site-packages:${PYTHONPATH} /usr/bin/cmake --install /home/koki-22/ac_search/vrx_ws/src/build/wamv_description
