[0.735s] Invoking command in '/home/koki-22/ac_search/vrx_ws/src/data_collect': PYTHONPATH=/home/koki-22/ac_search/vrx_ws/build/data_collect/prefix_override:/home/koki-22/ac_search/vrx_ws/install/lib/python3.10/site-packages:${PYTHONPATH} /usr/bin/python3 setup.py egg_info --egg-base ../../build/data_collect build --build-base /home/koki-22/ac_search/vrx_ws/build/data_collect/build install --record /home/koki-22/ac_search/vrx_ws/build/data_collect/install.log --single-version-externally-managed
[1.002s] running egg_info
[1.003s] writing ../../build/data_collect/data_collect.egg-info/PKG-INFO
[1.003s] writing dependency_links to ../../build/data_collect/data_collect.egg-info/dependency_links.txt
[1.003s] writing entry points to ../../build/data_collect/data_collect.egg-info/entry_points.txt
[1.003s] writing requirements to ../../build/data_collect/data_collect.egg-info/requires.txt
[1.003s] writing top-level names to ../../build/data_collect/data_collect.egg-info/top_level.txt
[1.005s] reading manifest file '../../build/data_collect/data_collect.egg-info/SOURCES.txt'
[1.006s] writing manifest file '../../build/data_collect/data_collect.egg-info/SOURCES.txt'
[1.006s] running build
[1.006s] running build_py
[1.006s] running install
[1.006s] running install_lib
[1.007s] running install_data
[1.008s] running install_egg_info
[1.009s] removing '/home/koki-22/ac_search/vrx_ws/install/lib/python3.10/site-packages/data_collect-0.0.0-py3.10.egg-info' (and everything under it)
[1.010s] Copying ../../build/data_collect/data_collect.egg-info to /home/koki-22/ac_search/vrx_ws/install/lib/python3.10/site-packages/data_collect-0.0.0-py3.10.egg-info
[1.011s] running install_scripts
[1.030s] Installing data_collect script to /home/koki-22/ac_search/vrx_ws/install/lib/data_collect
[1.030s] writing list of installed files to '/home/koki-22/ac_search/vrx_ws/build/data_collect/install.log'
[1.050s] Invoked command in '/home/koki-22/ac_search/vrx_ws/src/data_collect' returned '0': PYTHONPATH=/home/koki-22/ac_search/vrx_ws/build/data_collect/prefix_override:/home/koki-22/ac_search/vrx_ws/install/lib/python3.10/site-packages:${PYTHONPATH} /usr/bin/python3 setup.py egg_info --egg-base ../../build/data_collect build --build-base /home/koki-22/ac_search/vrx_ws/build/data_collect/build install --record /home/koki-22/ac_search/vrx_ws/build/data_collect/install.log --single-version-externally-managed
