[0.041s] Invoking command in '/home/koki-22/ac_search/vrx_ws/build/vrx_gazebo': CMAKE_PREFIX_PATH=${CMAKE_PREFIX_PATH}:/opt/ros/humble /usr/bin/cmake --build /home/koki-22/ac_search/vrx_ws/build/vrx_gazebo -- -j16 -l16
[0.113s] Built target ament_cmake_python_copy_vrx_gazebo
[0.511s] running egg_info
[0.512s] writing vrx_gazebo.egg-info/PKG-INFO
[0.513s] writing dependency_links to vrx_gazebo.egg-info/dependency_links.txt
[0.513s] writing top-level names to vrx_gazebo.egg-info/top_level.txt
[0.517s] reading manifest file 'vrx_gazebo.egg-info/SOURCES.txt'
[0.518s] writing manifest file 'vrx_gazebo.egg-info/SOURCES.txt'
[0.555s] Built target ament_cmake_python_build_vrx_gazebo_egg
[0.575s] Invoked command in '/home/koki-22/ac_search/vrx_ws/build/vrx_gazebo' returned '0': CMAKE_PREFIX_PATH=${CMAKE_PREFIX_PATH}:/opt/ros/humble /usr/bin/cmake --build /home/koki-22/ac_search/vrx_ws/build/vrx_gazebo -- -j16 -l16
[0.607s] Invoking command in '/home/koki-22/ac_search/vrx_ws/build/vrx_gazebo': CMAKE_PREFIX_PATH=${CMAKE_PREFIX_PATH}:/opt/ros/humble /usr/bin/cmake --install /home/koki-22/ac_search/vrx_ws/build/vrx_gazebo
[0.621s] -- Install configuration: ""
[0.622s] -- Up-to-date: /home/koki-22/ac_search/vrx_ws/install/share/vrx_gazebo/environment/resource_paths.dsv
[0.623s] -- Up-to-date: /home/koki-22/ac_search/vrx_ws/install/share/vrx_gazebo/environment/resource_paths.sh
[0.623s] -- Up-to-date: /home/koki-22/ac_search/vrx_ws/install/share/vrx_gazebo/models
[0.623s] -- Up-to-date: /home/koki-22/ac_search/vrx_ws/install/share/vrx_gazebo/models/blue_projectile
[0.623s] -- Up-to-date: /home/koki-22/ac_search/vrx_ws/install/share/vrx_gazebo/models/blue_projectile/model.config
[0.623s] -- Up-to-date: /home/koki-22/ac_search/vrx_ws/install/share/vrx_gazebo/models/blue_projectile/model.sdf
[0.623s] -- Up-to-date: /home/koki-22/ac_search/vrx_ws/install/share/vrx_gazebo/models/mono_camera
[0.624s] -- Up-to-date: /home/koki-22/ac_search/vrx_ws/install/share/vrx_gazebo/models/mono_camera/model.config
[0.624s] -- Up-to-date: /home/koki-22/ac_search/vrx_ws/install/share/vrx_gazebo/models/mono_camera/mesh
[0.624s] -- Up-to-date: /home/koki-22/ac_search/vrx_ws/install/share/vrx_gazebo/models/mono_camera/mesh/mono_camera.dae
[0.624s] -- Up-to-date: /home/koki-22/ac_search/vrx_ws/install/share/vrx_gazebo/models/mono_camera/mesh/mono_camera_Roughness.png
[0.624s] -- Up-to-date: /home/koki-22/ac_search/vrx_ws/install/share/vrx_gazebo/models/mono_camera/mesh/mono_camera_Metalness.png
[0.625s] -- Up-to-date: /home/koki-22/ac_search/vrx_ws/install/share/vrx_gazebo/models/mono_camera/mesh/mono_camera_Normal.png
[0.625s] -- Up-to-date: /home/koki-22/ac_search/vrx_ws/install/share/vrx_gazebo/models/mono_camera/mesh/mono_camera_Albedo.png
[0.625s] -- Up-to-date: /home/koki-22/ac_search/vrx_ws/install/share/vrx_gazebo/models/mono_camera/mesh/mono_camera.png
[0.625s] -- Up-to-date: /home/koki-22/ac_search/vrx_ws/install/share/vrx_gazebo/models/mono_camera/model.sdf
[0.625s] -- Up-to-date: /home/koki-22/ac_search/vrx_ws/install/share/vrx_gazebo/models/sensor_post
[0.625s] -- Up-to-date: /home/koki-22/ac_search/vrx_ws/install/share/vrx_gazebo/models/sensor_post/model.config
[0.625s] -- Up-to-date: /home/koki-22/ac_search/vrx_ws/install/share/vrx_gazebo/models/sensor_post/mesh
[0.625s] -- Up-to-date: /home/koki-22/ac_search/vrx_ws/install/share/vrx_gazebo/models/sensor_post/mesh/sensor_post.png
[0.626s] -- Up-to-date: /home/koki-22/ac_search/vrx_ws/install/share/vrx_gazebo/models/sensor_post/mesh/sensor_post.dae
[0.626s] -- Up-to-date: /home/koki-22/ac_search/vrx_ws/install/share/vrx_gazebo/models/sensor_post/mesh/sensor_post_arm.dae
[0.626s] -- Up-to-date: /home/koki-22/ac_search/vrx_ws/install/share/vrx_gazebo/models/sensor_post/model.sdf
[0.626s] -- Up-to-date: /home/koki-22/ac_search/vrx_ws/install/share/vrx_gazebo/models/3d_lidar
[0.626s] -- Up-to-date: /home/koki-22/ac_search/vrx_ws/install/share/vrx_gazebo/models/3d_lidar/model.config
[0.626s] -- Up-to-date: /home/koki-22/ac_search/vrx_ws/install/share/vrx_gazebo/models/3d_lidar/mesh
[0.626s] -- Up-to-date: /home/koki-22/ac_search/vrx_ws/install/share/vrx_gazebo/models/3d_lidar/mesh/3d_Lidar_Metalness.png
[0.627s] -- Up-to-date: /home/koki-22/ac_search/vrx_ws/install/share/vrx_gazebo/models/3d_lidar/mesh/3d_Lidar_Roughness.png
[0.627s] -- Up-to-date: /home/koki-22/ac_search/vrx_ws/install/share/vrx_gazebo/models/3d_lidar/mesh/3d_lidar.png
[0.627s] -- Up-to-date: /home/koki-22/ac_search/vrx_ws/install/share/vrx_gazebo/models/3d_lidar/mesh/3d_Lidar_Albedo.png
[0.628s] -- Up-to-date: /home/koki-22/ac_search/vrx_ws/install/share/vrx_gazebo/models/3d_lidar/mesh/3d_lidar.dae
[0.628s] -- Up-to-date: /home/koki-22/ac_search/vrx_ws/install/share/vrx_gazebo/models/3d_lidar/mesh/3d_Lidar_Normal.png
[0.629s] -- Up-to-date: /home/koki-22/ac_search/vrx_ws/install/share/vrx_gazebo/models/3d_lidar/model.sdf
[0.629s] -- Up-to-date: /home/koki-22/ac_search/vrx_ws/install/share/vrx_gazebo/models/battery
[0.629s] -- Up-to-date: /home/koki-22/ac_search/vrx_ws/install/share/vrx_gazebo/models/battery/model.config
[0.630s] -- Up-to-date: /home/koki-22/ac_search/vrx_ws/install/share/vrx_gazebo/models/battery/mesh
[0.630s] -- Up-to-date: /home/koki-22/ac_search/vrx_ws/install/share/vrx_gazebo/models/battery/mesh/battery_Normal.png
[0.630s] -- Up-to-date: /home/koki-22/ac_search/vrx_ws/install/share/vrx_gazebo/models/battery/mesh/battery.png
[0.634s] -- Up-to-date: /home/koki-22/ac_search/vrx_ws/install/share/vrx_gazebo/models/battery/mesh/battery.dae
[0.634s] -- Up-to-date: /home/koki-22/ac_search/vrx_ws/install/share/vrx_gazebo/models/battery/mesh/battery_Roughness.png
[0.634s] -- Up-to-date: /home/koki-22/ac_search/vrx_ws/install/share/vrx_gazebo/models/battery/mesh/battery_Albedo.png
[0.635s] -- Up-to-date: /home/koki-22/ac_search/vrx_ws/install/share/vrx_gazebo/models/battery/mesh/battery_Metalness.png
[0.635s] -- Up-to-date: /home/koki-22/ac_search/vrx_ws/install/share/vrx_gazebo/models/battery/model.sdf
[0.635s] -- Up-to-date: /home/koki-22/ac_search/vrx_ws/install/share/vrx_gazebo/models/cpu_cases
[0.636s] -- Up-to-date: /home/koki-22/ac_search/vrx_ws/install/share/vrx_gazebo/models/cpu_cases/model.config
[0.636s] -- Up-to-date: /home/koki-22/ac_search/vrx_ws/install/share/vrx_gazebo/models/cpu_cases/mesh
[0.637s] -- Up-to-date: /home/koki-22/ac_search/vrx_ws/install/share/vrx_gazebo/models/cpu_cases/mesh/cpu_cases_Albedo.png
[0.640s] -- Up-to-date: /home/koki-22/ac_search/vrx_ws/install/share/vrx_gazebo/models/cpu_cases/mesh/cpu_cases.png
[0.640s] -- Up-to-date: /home/koki-22/ac_search/vrx_ws/install/share/vrx_gazebo/models/cpu_cases/mesh/cpu_cases.dae
[0.641s] -- Up-to-date: /home/koki-22/ac_search/vrx_ws/install/share/vrx_gazebo/models/cpu_cases/mesh/cpu_cases_Roughness.png
[0.641s] -- Up-to-date: /home/koki-22/ac_search/vrx_ws/install/share/vrx_gazebo/models/cpu_cases/mesh/cpu_cases_Normal.png
[0.641s] -- Up-to-date: /home/koki-22/ac_search/vrx_ws/install/share/vrx_gazebo/models/cpu_cases/mesh/cpu_cases_Metalness.png
[0.642s] -- Up-to-date: /home/koki-22/ac_search/vrx_ws/install/share/vrx_gazebo/models/cpu_cases/model.sdf
[0.642s] -- Up-to-date: /home/koki-22/ac_search/vrx_ws/install/share/vrx_gazebo/models/ball_shooter
[0.642s] -- Up-to-date: /home/koki-22/ac_search/vrx_ws/install/share/vrx_gazebo/models/ball_shooter/meshes
[0.643s] -- Up-to-date: /home/koki-22/ac_search/vrx_ws/install/share/vrx_gazebo/models/ball_shooter/meshes/ball_shooter_launcher.dae
[0.643s] -- Up-to-date: /home/koki-22/ac_search/vrx_ws/install/share/vrx_gazebo/models/ball_shooter/meshes/ball_shooter_base.dae
[0.646s] -- Up-to-date: /home/koki-22/ac_search/vrx_ws/install/share/vrx_gazebo/models/ball_shooter/meshes/Launcher_Albedo.png
[0.647s] -- Up-to-date: /home/koki-22/ac_search/vrx_ws/install/share/vrx_gazebo/models/ball_shooter/meshes/Glass_BaseColor.png
[0.647s] -- Up-to-date: /home/koki-22/ac_search/vrx_ws/install/share/vrx_gazebo/models/ball_shooter/meshes/Launcher_BaseColor.png
[0.647s] -- Up-to-date: /home/koki-22/ac_search/vrx_ws/install/share/vrx_gazebo/models/ball_shooter/model.config
[0.648s] -- Up-to-date: /home/koki-22/ac_search/vrx_ws/install/share/vrx_gazebo/models/ball_shooter/materials
[0.648s] -- Up-to-date: /home/koki-22/ac_search/vrx_ws/install/share/vrx_gazebo/models/ball_shooter/materials/Textures
[0.649s] -- Up-to-date: /home/koki-22/ac_search/vrx_ws/install/share/vrx_gazebo/models/ball_shooter/materials/Textures/Launcher_Albedo.png
[0.649s] -- Up-to-date: /home/koki-22/ac_search/vrx_ws/install/share/vrx_gazebo/models/ball_shooter/materials/Textures/Launcher_Roughness.png
[0.650s] -- Up-to-date: /home/koki-22/ac_search/vrx_ws/install/share/vrx_gazebo/models/ball_shooter/materials/Textures/Launcher_Normal.png
[0.650s] -- Up-to-date: /home/koki-22/ac_search/vrx_ws/install/share/vrx_gazebo/models/ball_shooter/materials/Textures/Launcher_Metalness.png
[0.650s] -- Up-to-date: /home/koki-22/ac_search/vrx_ws/install/share/vrx_gazebo/models/ball_shooter/model.sdf
[0.650s] -- Up-to-date: /home/koki-22/ac_search/vrx_ws/install/share/vrx_gazebo/launch
[0.651s] -- Up-to-date: /home/koki-22/ac_search/vrx_ws/install/share/vrx_gazebo/launch/generate_wamv.launch.py
[0.651s] -- Up-to-date: /home/koki-22/ac_search/vrx_ws/install/share/vrx_gazebo/launch/rviz.launch.py
[0.651s] -- Up-to-date: /home/koki-22/ac_search/vrx_ws/install/share/vrx_gazebo/config
[0.652s] -- Up-to-date: /home/koki-22/ac_search/vrx_ws/install/share/vrx_gazebo/config/wamv_config
[0.652s] -- Up-to-date: /home/koki-22/ac_search/vrx_ws/install/share/vrx_gazebo/config/wamv_config/example_component_config.yaml
[0.652s] -- Up-to-date: /home/koki-22/ac_search/vrx_ws/install/share/vrx_gazebo/config/wamv_config/example_thruster_config.yaml
[0.653s] -- Up-to-date: /home/koki-22/ac_search/vrx_ws/install/share/vrx_gazebo/config/wamv_config/component_compliance
[0.655s] -- Up-to-date: /home/koki-22/ac_search/vrx_ws/install/share/vrx_gazebo/config/wamv_config/component_compliance/bounding_boxes.yaml
[0.656s] -- Up-to-date: /home/koki-22/ac_search/vrx_ws/install/share/vrx_gazebo/config/wamv_config/component_compliance/numeric.yaml
[0.657s] -- Up-to-date: /home/koki-22/ac_search/vrx_ws/install/share/vrx_gazebo/config/wamv_config/thruster_compliance
[0.657s] -- Up-to-date: /home/koki-22/ac_search/vrx_ws/install/share/vrx_gazebo/config/wamv_config/thruster_compliance/bounding_boxes.yaml
[0.658s] -- Up-to-date: /home/koki-22/ac_search/vrx_ws/install/share/vrx_gazebo/config/wamv_config/thruster_compliance/numeric.yaml
[0.658s] -- Up-to-date: /home/koki-22/ac_search/vrx_ws/install/share/vrx_gazebo/config/rviz_vrx_rsp.rviz
[0.659s] -- Up-to-date: /home/koki-22/ac_search/vrx_ws/install/share/vrx_gazebo/config/rviz_vrx_final.rviz
[0.659s] -- Up-to-date: /home/koki-22/ac_search/vrx_ws/install/lib/vrx_gazebo/generate_wamv.py
[0.659s] -- Up-to-date: /home/koki-22/ac_search/vrx_ws/install/share/vrx_gazebo/environment/pythonpath.sh
[0.659s] -- Up-to-date: /home/koki-22/ac_search/vrx_ws/install/share/vrx_gazebo/environment/pythonpath.dsv
[0.659s] -- Up-to-date: /home/koki-22/ac_search/vrx_ws/install/local/lib/python3.10/dist-packages/vrx_gazebo-1.3.0-py3.10.egg-info
[0.660s] -- Installing: /home/koki-22/ac_search/vrx_ws/install/local/lib/python3.10/dist-packages/vrx_gazebo-1.3.0-py3.10.egg-info/SOURCES.txt
[0.661s] -- Installing: /home/koki-22/ac_search/vrx_ws/install/local/lib/python3.10/dist-packages/vrx_gazebo-1.3.0-py3.10.egg-info/dependency_links.txt
[0.661s] -- Installing: /home/koki-22/ac_search/vrx_ws/install/local/lib/python3.10/dist-packages/vrx_gazebo-1.3.0-py3.10.egg-info/top_level.txt
[0.661s] -- Installing: /home/koki-22/ac_search/vrx_ws/install/local/lib/python3.10/dist-packages/vrx_gazebo-1.3.0-py3.10.egg-info/PKG-INFO
[0.661s] -- Up-to-date: /home/koki-22/ac_search/vrx_ws/install/local/lib/python3.10/dist-packages/vrx_gazebo
[0.661s] -- Up-to-date: /home/koki-22/ac_search/vrx_ws/install/local/lib/python3.10/dist-packages/vrx_gazebo/configure_wamv.py
[0.662s] -- Up-to-date: /home/koki-22/ac_search/vrx_ws/install/local/lib/python3.10/dist-packages/vrx_gazebo/utils.py
[0.662s] -- Up-to-date: /home/koki-22/ac_search/vrx_ws/install/local/lib/python3.10/dist-packages/vrx_gazebo/__init__.py
[0.662s] -- Up-to-date: /home/koki-22/ac_search/vrx_ws/install/local/lib/python3.10/dist-packages/vrx_gazebo/compliance.py
[0.676s] Listing '/home/koki-22/ac_search/vrx_ws/install/local/lib/python3.10/dist-packages/vrx_gazebo'...
[0.684s] -- Up-to-date: /home/koki-22/ac_search/vrx_ws/install/share/ament_index/resource_index/package_run_dependencies/vrx_gazebo
[0.684s] -- Up-to-date: /home/koki-22/ac_search/vrx_ws/install/share/ament_index/resource_index/parent_prefix_path/vrx_gazebo
[0.685s] -- Up-to-date: /home/koki-22/ac_search/vrx_ws/install/share/vrx_gazebo/environment/ament_prefix_path.sh
[0.685s] -- Up-to-date: /home/koki-22/ac_search/vrx_ws/install/share/vrx_gazebo/environment/ament_prefix_path.dsv
[0.685s] -- Up-to-date: /home/koki-22/ac_search/vrx_ws/install/share/vrx_gazebo/environment/path.sh
[0.685s] -- Up-to-date: /home/koki-22/ac_search/vrx_ws/install/share/vrx_gazebo/environment/path.dsv
[0.685s] -- Up-to-date: /home/koki-22/ac_search/vrx_ws/install/share/vrx_gazebo/local_setup.bash
[0.685s] -- Up-to-date: /home/koki-22/ac_search/vrx_ws/install/share/vrx_gazebo/local_setup.sh
[0.686s] -- Up-to-date: /home/koki-22/ac_search/vrx_ws/install/share/vrx_gazebo/local_setup.zsh
[0.686s] -- Up-to-date: /home/koki-22/ac_search/vrx_ws/install/share/vrx_gazebo/local_setup.dsv
[0.686s] -- Installing: /home/koki-22/ac_search/vrx_ws/install/share/vrx_gazebo/package.dsv
[0.686s] -- Up-to-date: /home/koki-22/ac_search/vrx_ws/install/share/ament_index/resource_index/packages/vrx_gazebo
[0.686s] -- Up-to-date: /home/koki-22/ac_search/vrx_ws/install/share/vrx_gazebo/cmake/vrx_gazeboConfig.cmake
[0.686s] -- Up-to-date: /home/koki-22/ac_search/vrx_ws/install/share/vrx_gazebo/cmake/vrx_gazeboConfig-version.cmake
[0.686s] -- Up-to-date: /home/koki-22/ac_search/vrx_ws/install/share/vrx_gazebo/package.xml
[0.691s] Invoked command in '/home/koki-22/ac_search/vrx_ws/build/vrx_gazebo' returned '0': CMAKE_PREFIX_PATH=${CMAKE_PREFIX_PATH}:/opt/ros/humble /usr/bin/cmake --install /home/koki-22/ac_search/vrx_ws/build/vrx_gazebo
