[0.048s] Invoking command in '/home/koki-22/ac_search/vrx_ws/build/vrx_gz': CMAKE_PREFIX_PATH=${CMAKE_PREFIX_PATH}:/opt/ros/humble PYTHONPATH=/home/koki-22/ac_search/vrx_ws/install/lib/python3.10/site-packages:/home/koki-22/ac_search/vrx_ws/install/local/lib/python3.10/dist-packages:/opt/ros/humble/lib/python3.10/site-packages:/opt/ros/humble/local/lib/python3.10/dist-packages /usr/bin/cmake --build /home/koki-22/ac_search/vrx_ws/build/vrx_gz -- -j16 -l16
[0.103s] [  4%] Built target ScoringPlugin
[0.104s] [  8%] Built target Waves
[0.108s] [  8%] Built target ament_cmake_python_copy_vrx_gz
[0.153s] [ 16%] Built target AcousticPerceptionScoringPlugin
[0.153s] [ 22%] Built target WayfindingScoringPlugin
[0.154s] [ 27%] Built target BallShooterPlugin
[0.155s] [ 33%] Built target StationkeepingScoringPlugin
[0.155s] [ 39%] Built target AcousticTrackingScoringPlugin
[0.156s] [ 43%] Built target LightBuoyPlugin
[0.156s] [ 45%] Built target AcousticPingerPlugin
[0.159s] [ 50%] Built target NavigationScoringPlugin
[0.169s] [ 54%] Built target PerceptionScoringPlugin
[0.171s] [ 62%] Built target GymkhanaScoringPlugin
[0.171s] [ 62%] Built target PlacardPlugin
[0.171s] [ 66%] Built target PublisherPlugin
[0.172s] [ 70%] Built target ScanDockScoringPlugin
[0.172s] [ 75%] Built target SimpleHydrodynamics
[0.177s] [ 79%] Built target Surface
[0.190s] [ 83%] Built target WildlifeScoringPlugin
[0.194s] [ 87%] Built target USVWind
[0.200s] [ 95%] Built target PolyhedraBuoyancyDrag
[0.201s] [100%] Built target WaveVisual
[0.577s] running egg_info
[0.578s] writing vrx_gz.egg-info/PKG-INFO
[0.578s] writing dependency_links to vrx_gz.egg-info/dependency_links.txt
[0.578s] writing top-level names to vrx_gz.egg-info/top_level.txt
[0.581s] reading manifest file 'vrx_gz.egg-info/SOURCES.txt'
[0.582s] writing manifest file 'vrx_gz.egg-info/SOURCES.txt'
[0.608s] [100%] Built target ament_cmake_python_build_vrx_gz_egg
[0.622s] Invoked command in '/home/koki-22/ac_search/vrx_ws/build/vrx_gz' returned '0': CMAKE_PREFIX_PATH=${CMAKE_PREFIX_PATH}:/opt/ros/humble PYTHONPATH=/home/koki-22/ac_search/vrx_ws/install/lib/python3.10/site-packages:/home/koki-22/ac_search/vrx_ws/install/local/lib/python3.10/dist-packages:/opt/ros/humble/lib/python3.10/site-packages:/opt/ros/humble/local/lib/python3.10/dist-packages /usr/bin/cmake --build /home/koki-22/ac_search/vrx_ws/build/vrx_gz -- -j16 -l16
[0.706s] Invoking command in '/home/koki-22/ac_search/vrx_ws/build/vrx_gz': CMAKE_PREFIX_PATH=${CMAKE_PREFIX_PATH}:/opt/ros/humble PYTHONPATH=/home/koki-22/ac_search/vrx_ws/install/lib/python3.10/site-packages:/home/koki-22/ac_search/vrx_ws/install/local/lib/python3.10/dist-packages:/opt/ros/humble/lib/python3.10/site-packages:/opt/ros/humble/local/lib/python3.10/dist-packages /usr/bin/cmake --install /home/koki-22/ac_search/vrx_ws/build/vrx_gz
[0.713s] -- Install configuration: ""
[0.714s] -- Up-to-date: /home/koki-22/ac_search/vrx_ws/install/share/vrx_gz/environment/resource_paths.dsv
[0.714s] -- Up-to-date: /home/koki-22/ac_search/vrx_ws/install/share/vrx_gz/environment/resource_paths.sh
[0.714s] -- Up-to-date: /home/koki-22/ac_search/vrx_ws/install/lib/libWaves.so
[0.714s] -- Up-to-date: /home/koki-22/ac_search/vrx_ws/install/lib/libPolyhedraBuoyancyDrag.so
[0.714s] -- Up-to-date: /home/koki-22/ac_search/vrx_ws/install/lib/libScoringPlugin.so
[0.715s] -- Up-to-date: /home/koki-22/ac_search/vrx_ws/install/lib/libStationkeepingScoringPlugin.so
[0.715s] -- Up-to-date: /home/koki-22/ac_search/vrx_ws/install/lib/libWayfindingScoringPlugin.so
[0.715s] -- Up-to-date: /home/koki-22/ac_search/vrx_ws/install/lib/libAcousticPerceptionScoringPlugin.so
[0.716s] -- Up-to-date: /home/koki-22/ac_search/vrx_ws/install/lib/libAcousticTrackingScoringPlugin.so
[0.716s] -- Up-to-date: /home/koki-22/ac_search/vrx_ws/install/lib/libAcousticPingerPlugin.so
[0.716s] -- Up-to-date: /home/koki-22/ac_search/vrx_ws/install/lib/libBallShooterPlugin.so
[0.716s] -- Up-to-date: /home/koki-22/ac_search/vrx_ws/install/lib/libLightBuoyPlugin.so
[0.717s] -- Up-to-date: /home/koki-22/ac_search/vrx_ws/install/lib/libNavigationScoringPlugin.so
[0.717s] -- Up-to-date: /home/koki-22/ac_search/vrx_ws/install/lib/libGymkhanaScoringPlugin.so
[0.717s] -- Up-to-date: /home/koki-22/ac_search/vrx_ws/install/lib/libPerceptionScoringPlugin.so
[0.717s] -- Up-to-date: /home/koki-22/ac_search/vrx_ws/install/lib/libPlacardPlugin.so
[0.718s] -- Up-to-date: /home/koki-22/ac_search/vrx_ws/install/lib/libPublisherPlugin.so
[0.718s] -- Up-to-date: /home/koki-22/ac_search/vrx_ws/install/lib/libScanDockScoringPlugin.so
[0.718s] -- Up-to-date: /home/koki-22/ac_search/vrx_ws/install/lib/libSimpleHydrodynamics.so
[0.718s] -- Up-to-date: /home/koki-22/ac_search/vrx_ws/install/lib/libSurface.so
[0.719s] -- Up-to-date: /home/koki-22/ac_search/vrx_ws/install/lib/libUSVWind.so
[0.719s] -- Up-to-date: /home/koki-22/ac_search/vrx_ws/install/lib/libWaveVisual.so
[0.719s] -- Up-to-date: /home/koki-22/ac_search/vrx_ws/install/lib/libWildlifeScoringPlugin.so
[0.719s] -- Up-to-date: /home/koki-22/ac_search/vrx_ws/install/share/vrx_gz/environment/pythonpath.sh
[0.720s] -- Up-to-date: /home/koki-22/ac_search/vrx_ws/install/share/vrx_gz/environment/pythonpath.dsv
[0.720s] -- Up-to-date: /home/koki-22/ac_search/vrx_ws/install/local/lib/python3.10/dist-packages/vrx_gz-0.0.0-py3.10.egg-info
[0.720s] -- Installing: /home/koki-22/ac_search/vrx_ws/install/local/lib/python3.10/dist-packages/vrx_gz-0.0.0-py3.10.egg-info/SOURCES.txt
[0.720s] -- Installing: /home/koki-22/ac_search/vrx_ws/install/local/lib/python3.10/dist-packages/vrx_gz-0.0.0-py3.10.egg-info/dependency_links.txt
[0.720s] -- Installing: /home/koki-22/ac_search/vrx_ws/install/local/lib/python3.10/dist-packages/vrx_gz-0.0.0-py3.10.egg-info/top_level.txt
[0.720s] -- Installing: /home/koki-22/ac_search/vrx_ws/install/local/lib/python3.10/dist-packages/vrx_gz-0.0.0-py3.10.egg-info/PKG-INFO
[0.720s] -- Up-to-date: /home/koki-22/ac_search/vrx_ws/install/local/lib/python3.10/dist-packages/vrx_gz
[0.721s] -- Up-to-date: /home/koki-22/ac_search/vrx_ws/install/local/lib/python3.10/dist-packages/vrx_gz/launch.py
[0.721s] -- Up-to-date: /home/koki-22/ac_search/vrx_ws/install/local/lib/python3.10/dist-packages/vrx_gz/bridges.py
[0.721s] -- Up-to-date: /home/koki-22/ac_search/vrx_ws/install/local/lib/python3.10/dist-packages/vrx_gz/__init__.py
[0.721s] -- Up-to-date: /home/koki-22/ac_search/vrx_ws/install/local/lib/python3.10/dist-packages/vrx_gz/bridge.py
[0.721s] -- Up-to-date: /home/koki-22/ac_search/vrx_ws/install/local/lib/python3.10/dist-packages/vrx_gz/model.py
[0.721s] -- Up-to-date: /home/koki-22/ac_search/vrx_ws/install/local/lib/python3.10/dist-packages/vrx_gz/payload_bridges.py
[0.756s] Listing '/home/koki-22/ac_search/vrx_ws/install/local/lib/python3.10/dist-packages/vrx_gz'...
[0.761s] -- Up-to-date: /home/koki-22/ac_search/vrx_ws/install/share/vrx_gz/config
[0.761s] -- Up-to-date: /home/koki-22/ac_search/vrx_ws/install/share/vrx_gz/config/wamv.yaml
[0.761s] -- Up-to-date: /home/koki-22/ac_search/vrx_ws/install/share/vrx_gz/launch
[0.761s] -- Up-to-date: /home/koki-22/ac_search/vrx_ws/install/share/vrx_gz/launch/spawn_config.launch.py
[0.761s] -- Up-to-date: /home/koki-22/ac_search/vrx_ws/install/share/vrx_gz/launch/spawn.launch.py
[0.761s] -- Up-to-date: /home/koki-22/ac_search/vrx_ws/install/share/vrx_gz/launch/usv_joy_teleop.launch.py
[0.761s] -- Up-to-date: /home/koki-22/ac_search/vrx_ws/install/share/vrx_gz/launch/competition.launch.py
[0.761s] -- Up-to-date: /home/koki-22/ac_search/vrx_ws/install/share/vrx_gz/models
[0.761s] -- Up-to-date: /home/koki-22/ac_search/vrx_ws/install/share/vrx_gz/models/short_navigation_course_1
[0.761s] -- Up-to-date: /home/koki-22/ac_search/vrx_ws/install/share/vrx_gz/models/short_navigation_course_1/model.config
[0.761s] -- Up-to-date: /home/koki-22/ac_search/vrx_ws/install/share/vrx_gz/models/short_navigation_course_1/model.sdf
[0.762s] -- Up-to-date: /home/koki-22/ac_search/vrx_ws/install/share/vrx_gz/models/dock_2022_base
[0.762s] -- Up-to-date: /home/koki-22/ac_search/vrx_ws/install/share/vrx_gz/models/dock_2022_base/model.config
[0.762s] -- Up-to-date: /home/koki-22/ac_search/vrx_ws/install/share/vrx_gz/models/dock_2022_base/model.sdf
[0.762s] -- Up-to-date: /home/koki-22/ac_search/vrx_ws/install/share/vrx_gz/models/symbol_triangle
[0.762s] -- Up-to-date: /home/koki-22/ac_search/vrx_ws/install/share/vrx_gz/models/symbol_triangle/model.config
[0.763s] -- Up-to-date: /home/koki-22/ac_search/vrx_ws/install/share/vrx_gz/models/symbol_triangle/mesh
[0.763s] -- Up-to-date: /home/koki-22/ac_search/vrx_ws/install/share/vrx_gz/models/symbol_triangle/mesh/triangle.dae
[0.763s] -- Up-to-date: /home/koki-22/ac_search/vrx_ws/install/share/vrx_gz/models/symbol_triangle/model.sdf
[0.763s] -- Up-to-date: /home/koki-22/ac_search/vrx_ws/install/share/vrx_gz/models/robotx_light_buoy_rgb
[0.763s] -- Up-to-date: /home/koki-22/ac_search/vrx_ws/install/share/vrx_gz/models/robotx_light_buoy_rgb/model.config
[0.763s] -- Up-to-date: /home/koki-22/ac_search/vrx_ws/install/share/vrx_gz/models/robotx_light_buoy_rgb/mesh
[0.764s] -- Up-to-date: /home/koki-22/ac_search/vrx_ws/install/share/vrx_gz/models/robotx_light_buoy_rgb/mesh/LightTower_Roughness.png
[0.764s] -- Up-to-date: /home/koki-22/ac_search/vrx_ws/install/share/vrx_gz/models/robotx_light_buoy_rgb/mesh/LightTower_Normal.png
[0.764s] -- Up-to-date: /home/koki-22/ac_search/vrx_ws/install/share/vrx_gz/models/robotx_light_buoy_rgb/mesh/LightTower_Opacity.png
[0.764s] -- Up-to-date: /home/koki-22/ac_search/vrx_ws/install/share/vrx_gz/models/robotx_light_buoy_rgb/mesh/LightTower_Albedo.png
[0.765s] -- Up-to-date: /home/koki-22/ac_search/vrx_ws/install/share/vrx_gz/models/robotx_light_buoy_rgb/mesh/robotx_light_buoy.dae
[0.765s] -- Up-to-date: /home/koki-22/ac_search/vrx_ws/install/share/vrx_gz/models/robotx_light_buoy_rgb/mesh/LightTower_Metalness.png
[0.765s] -- Up-to-date: /home/koki-22/ac_search/vrx_ws/install/share/vrx_gz/models/robotx_light_buoy_rgb/model.sdf
[0.766s] -- Up-to-date: /home/koki-22/ac_search/vrx_ws/install/share/vrx_gz/models/dock_2022
[0.766s] -- Up-to-date: /home/koki-22/ac_search/vrx_ws/install/share/vrx_gz/models/dock_2022/model.config
[0.766s] -- Up-to-date: /home/koki-22/ac_search/vrx_ws/install/share/vrx_gz/models/dock_2022/model.sdf
[0.766s] -- Up-to-date: /home/koki-22/ac_search/vrx_ws/install/share/vrx_gz/models/platform
[0.766s] -- Up-to-date: /home/koki-22/ac_search/vrx_ws/install/share/vrx_gz/models/platform/model.config
[0.766s] -- Up-to-date: /home/koki-22/ac_search/vrx_ws/install/share/vrx_gz/models/platform/model.sdf
[0.766s] -- Up-to-date: /home/koki-22/ac_search/vrx_ws/install/share/vrx_gz/models/placard_2022
[0.767s] -- Up-to-date: /home/koki-22/ac_search/vrx_ws/install/share/vrx_gz/models/placard_2022/meshes
[0.767s] -- Up-to-date: /home/koki-22/ac_search/vrx_ws/install/share/vrx_gz/models/placard_2022/meshes/placard_2022.dae
[0.767s] -- Up-to-date: /home/koki-22/ac_search/vrx_ws/install/share/vrx_gz/models/placard_2022/model.config
[0.767s] -- Up-to-date: /home/koki-22/ac_search/vrx_ws/install/share/vrx_gz/models/placard_2022/materials
[0.767s] -- Up-to-date: /home/koki-22/ac_search/vrx_ws/install/share/vrx_gz/models/placard_2022/materials/textures
[0.767s] -- Up-to-date: /home/koki-22/ac_search/vrx_ws/install/share/vrx_gz/models/placard_2022/materials/textures/Placard.png
[0.767s] -- Up-to-date: /home/koki-22/ac_search/vrx_ws/install/share/vrx_gz/models/placard_2022/model.sdf
[0.767s] -- Up-to-date: /home/koki-22/ac_search/vrx_ws/install/share/vrx_gz/models/obstacle_course
[0.767s] -- Up-to-date: /home/koki-22/ac_search/vrx_ws/install/share/vrx_gz/models/obstacle_course/model.config
[0.767s] -- Up-to-date: /home/koki-22/ac_search/vrx_ws/install/share/vrx_gz/models/obstacle_course/model.sdf
[0.767s] -- Up-to-date: /home/koki-22/ac_search/vrx_ws/install/share/vrx_gz/models/short_navigation_course_5
[0.768s] -- Up-to-date: /home/koki-22/ac_search/vrx_ws/install/share/vrx_gz/models/short_navigation_course_5/model.config
[0.768s] -- Up-to-date: /home/koki-22/ac_search/vrx_ws/install/share/vrx_gz/models/short_navigation_course_5/model.sdf
[0.768s] -- Up-to-date: /home/koki-22/ac_search/vrx_ws/install/share/vrx_gz/models/coast_waves
[0.768s] -- Up-to-date: /home/koki-22/ac_search/vrx_ws/install/share/vrx_gz/models/coast_waves/meshes
[0.768s] -- Up-to-date: /home/koki-22/ac_search/vrx_ws/install/share/vrx_gz/models/coast_waves/meshes/waterlow.dae
[0.768s] -- Up-to-date: /home/koki-22/ac_search/vrx_ws/install/share/vrx_gz/models/coast_waves/model.config
[0.768s] -- Up-to-date: /home/koki-22/ac_search/vrx_ws/install/share/vrx_gz/models/coast_waves/materials
[0.768s] -- Up-to-date: /home/koki-22/ac_search/vrx_ws/install/share/vrx_gz/models/coast_waves/materials/programs
[0.768s] -- Up-to-date: /home/koki-22/ac_search/vrx_ws/install/share/vrx_gz/models/coast_waves/materials/programs/GerstnerWaves_fs_330.glsl
[0.768s] -- Up-to-date: /home/koki-22/ac_search/vrx_ws/install/share/vrx_gz/models/coast_waves/materials/programs/GerstnerWaves_vs_330.glsl
[0.768s] -- Up-to-date: /home/koki-22/ac_search/vrx_ws/install/share/vrx_gz/models/coast_waves/materials/textures
[0.768s] -- Up-to-date: /home/koki-22/ac_search/vrx_ws/install/share/vrx_gz/models/coast_waves/materials/textures/wave_normals.dds
[0.768s] -- Up-to-date: /home/koki-22/ac_search/vrx_ws/install/share/vrx_gz/models/coast_waves/materials/textures/skybox_lowres.dds
[0.768s] -- Up-to-date: /home/koki-22/ac_search/vrx_ws/install/share/vrx_gz/models/coast_waves/model.sdf
[0.769s] -- Up-to-date: /home/koki-22/ac_search/vrx_ws/install/share/vrx_gz/models/articulated_platform
[0.769s] -- Up-to-date: /home/koki-22/ac_search/vrx_ws/install/share/vrx_gz/models/articulated_platform/model.config
[0.769s] -- Up-to-date: /home/koki-22/ac_search/vrx_ws/install/share/vrx_gz/models/articulated_platform/model.sdf
[0.769s] -- Up-to-date: /home/koki-22/ac_search/vrx_ws/install/share/vrx_gz/models/robotx_light_buoy_bgr
[0.769s] -- Up-to-date: /home/koki-22/ac_search/vrx_ws/install/share/vrx_gz/models/robotx_light_buoy_bgr/model.config
[0.772s] -- Up-to-date: /home/koki-22/ac_search/vrx_ws/install/share/vrx_gz/models/robotx_light_buoy_bgr/model.sdf
[0.772s] -- Up-to-date: /home/koki-22/ac_search/vrx_ws/install/share/vrx_gz/models/robotx_light_buoy_bgy
[0.772s] -- Up-to-date: /home/koki-22/ac_search/vrx_ws/install/share/vrx_gz/models/robotx_light_buoy_bgy/model.config
[0.772s] -- Up-to-date: /home/koki-22/ac_search/vrx_ws/install/share/vrx_gz/models/robotx_light_buoy_bgy/model.sdf
[0.773s] -- Up-to-date: /home/koki-22/ac_search/vrx_ws/install/share/vrx_gz/models/robotx_light_buoy_ybr
[0.773s] -- Up-to-date: /home/koki-22/ac_search/vrx_ws/install/share/vrx_gz/models/robotx_light_buoy_ybr/model.config
[0.773s] -- Up-to-date: /home/koki-22/ac_search/vrx_ws/install/share/vrx_gz/models/robotx_light_buoy_ybr/model.sdf
[0.773s] -- Up-to-date: /home/koki-22/ac_search/vrx_ws/install/share/vrx_gz/models/robotx_light_buoy_rbg
[0.773s] -- Up-to-date: /home/koki-22/ac_search/vrx_ws/install/share/vrx_gz/models/robotx_light_buoy_rbg/model.config
[0.773s] -- Up-to-date: /home/koki-22/ac_search/vrx_ws/install/share/vrx_gz/models/robotx_light_buoy_rbg/model.sdf
[0.773s] -- Up-to-date: /home/koki-22/ac_search/vrx_ws/install/share/vrx_gz/models/dock_block_4x4
[0.774s] -- Up-to-date: /home/koki-22/ac_search/vrx_ws/install/share/vrx_gz/models/dock_block_4x4/model.config
[0.774s] -- Up-to-date: /home/koki-22/ac_search/vrx_ws/install/share/vrx_gz/models/dock_block_4x4/mesh
[0.775s] -- Up-to-date: /home/koki-22/ac_search/vrx_ws/install/share/vrx_gz/models/dock_block_4x4/mesh/DockCubes_Roughness.png
[0.776s] -- Up-to-date: /home/koki-22/ac_search/vrx_ws/install/share/vrx_gz/models/dock_block_4x4/mesh/DockCubes_Metalness.png
[0.776s] -- Up-to-date: /home/koki-22/ac_search/vrx_ws/install/share/vrx_gz/models/dock_block_4x4/mesh/dock_block_4x4.dae
[0.776s] -- Up-to-date: /home/koki-22/ac_search/vrx_ws/install/share/vrx_gz/models/dock_block_4x4/mesh/DockCubes_Albedo.png
[0.776s] -- Up-to-date: /home/koki-22/ac_search/vrx_ws/install/share/vrx_gz/models/dock_block_4x4/mesh/DockCubes_Normal.png
[0.776s] -- Up-to-date: /home/koki-22/ac_search/vrx_ws/install/share/vrx_gz/models/dock_block_4x4/model.sdf
[0.776s] -- Up-to-date: /home/koki-22/ac_search/vrx_ws/install/share/vrx_gz/models/robotx_light_buoy_rgy
[0.777s] -- Up-to-date: /home/koki-22/ac_search/vrx_ws/install/share/vrx_gz/models/robotx_light_buoy_rgy/model.config
[0.777s] -- Up-to-date: /home/koki-22/ac_search/vrx_ws/install/share/vrx_gz/models/robotx_light_buoy_rgy/model.sdf
[0.777s] -- Up-to-date: /home/koki-22/ac_search/vrx_ws/install/share/vrx_gz/models/robotx_light_buoy_gbr
[0.777s] -- Up-to-date: /home/koki-22/ac_search/vrx_ws/install/share/vrx_gz/models/robotx_light_buoy_gbr/model.config
[0.777s] -- Up-to-date: /home/koki-22/ac_search/vrx_ws/install/share/vrx_gz/models/robotx_light_buoy_gbr/model.sdf
[0.778s] -- Up-to-date: /home/koki-22/ac_search/vrx_ws/install/share/vrx_gz/models/robotx_light_buoy_yrg
[0.778s] -- Up-to-date: /home/koki-22/ac_search/vrx_ws/install/share/vrx_gz/models/robotx_light_buoy_yrg/model.config
[0.778s] -- Up-to-date: /home/koki-22/ac_search/vrx_ws/install/share/vrx_gz/models/robotx_light_buoy_yrg/model.sdf
[0.780s] -- Up-to-date: /home/koki-22/ac_search/vrx_ws/install/share/vrx_gz/models/short_navigation_course_3
[0.781s] -- Up-to-date: /home/koki-22/ac_search/vrx_ws/install/share/vrx_gz/models/short_navigation_course_3/model.config
[0.781s] -- Up-to-date: /home/koki-22/ac_search/vrx_ws/install/share/vrx_gz/models/short_navigation_course_3/model.sdf
[0.781s] -- Up-to-date: /home/koki-22/ac_search/vrx_ws/install/share/vrx_gz/models/robotx_light_buoy_ygb
[0.781s] -- Up-to-date: /home/koki-22/ac_search/vrx_ws/install/share/vrx_gz/models/robotx_light_buoy_ygb/model.config
[0.782s] -- Up-to-date: /home/koki-22/ac_search/vrx_ws/install/share/vrx_gz/models/robotx_light_buoy_ygb/model.sdf
[0.782s] -- Up-to-date: /home/koki-22/ac_search/vrx_ws/install/share/vrx_gz/models/short_navigation_course_0
[0.782s] -- Up-to-date: /home/koki-22/ac_search/vrx_ws/install/share/vrx_gz/models/short_navigation_course_0/model.config
[0.782s] -- Up-to-date: /home/koki-22/ac_search/vrx_ws/install/share/vrx_gz/models/short_navigation_course_0/model.sdf
[0.782s] -- Up-to-date: /home/koki-22/ac_search/vrx_ws/install/share/vrx_gz/models/short_course_2023_phase3_1
[0.783s] -- Up-to-date: /home/koki-22/ac_search/vrx_ws/install/share/vrx_gz/models/short_course_2023_phase3_1/model.config
[0.783s] -- Up-to-date: /home/koki-22/ac_search/vrx_ws/install/share/vrx_gz/models/short_course_2023_phase3_1/model.sdf
[0.783s] -- Up-to-date: /home/koki-22/ac_search/vrx_ws/install/share/vrx_gz/models/short_navigation_course_2
[0.783s] -- Up-to-date: /home/koki-22/ac_search/vrx_ws/install/share/vrx_gz/models/short_navigation_course_2/model.config
[0.783s] -- Up-to-date: /home/koki-22/ac_search/vrx_ws/install/share/vrx_gz/models/short_navigation_course_2/model.sdf
[0.783s] -- Up-to-date: /home/koki-22/ac_search/vrx_ws/install/share/vrx_gz/models/entrance_exit
[0.784s] -- Up-to-date: /home/koki-22/ac_search/vrx_ws/install/share/vrx_gz/models/entrance_exit/model.config
[0.784s] -- Up-to-date: /home/koki-22/ac_search/vrx_ws/install/share/vrx_gz/models/entrance_exit/model.sdf
[0.784s] -- Up-to-date: /home/koki-22/ac_search/vrx_ws/install/share/vrx_gz/models/short_navigation_course_4
[0.784s] -- Up-to-date: /home/koki-22/ac_search/vrx_ws/install/share/vrx_gz/models/short_navigation_course_4/model.config
[0.784s] -- Up-to-date: /home/koki-22/ac_search/vrx_ws/install/share/vrx_gz/models/short_navigation_course_4/model.sdf
[0.784s] -- Up-to-date: /home/koki-22/ac_search/vrx_ws/install/share/vrx_gz/models/short_course_2023_phase3_2
[0.785s] -- Up-to-date: /home/koki-22/ac_search/vrx_ws/install/share/vrx_gz/models/short_course_2023_phase3_2/model.config
[0.785s] -- Up-to-date: /home/koki-22/ac_search/vrx_ws/install/share/vrx_gz/models/short_course_2023_phase3_2/model.sdf
[0.787s] -- Up-to-date: /home/koki-22/ac_search/vrx_ws/install/share/vrx_gz/worlds
[0.787s] -- Up-to-date: /home/koki-22/ac_search/vrx_ws/install/share/vrx_gz/worlds/wildlife_task.sdf
[0.788s] -- Up-to-date: /home/koki-22/ac_search/vrx_ws/install/share/vrx_gz/worlds/sydney_regatta_my.sdf
[0.788s] -- Up-to-date: /home/koki-22/ac_search/vrx_ws/install/share/vrx_gz/worlds/acoustic_tracking_task.sdf
[0.788s] -- Up-to-date: /home/koki-22/ac_search/vrx_ws/install/share/vrx_gz/worlds/acoustic_perception_task.sdf
[0.788s] -- Up-to-date: /home/koki-22/ac_search/vrx_ws/install/share/vrx_gz/worlds/sydney_regatta.sdf
[0.788s] -- Up-to-date: /home/koki-22/ac_search/vrx_ws/install/share/vrx_gz/worlds/sydney_regatta_debug.sdf
[0.789s] -- Up-to-date: /home/koki-22/ac_search/vrx_ws/install/share/vrx_gz/worlds/nbpark.sdf
[0.789s] -- Up-to-date: /home/koki-22/ac_search/vrx_ws/install/share/vrx_gz/worlds/wayfinding_task.sdf
[0.789s] -- Up-to-date: /home/koki-22/ac_search/vrx_ws/install/share/vrx_gz/worlds/navigation_task.sdf
[0.789s] -- Up-to-date: /home/koki-22/ac_search/vrx_ws/install/share/vrx_gz/worlds/2023_practice
[0.789s] -- Up-to-date: /home/koki-22/ac_search/vrx_ws/install/share/vrx_gz/worlds/2023_practice/practice_2023_stationkeeping0_task.sdf
[0.789s] -- Up-to-date: /home/koki-22/ac_search/vrx_ws/install/share/vrx_gz/worlds/2023_practice/practice_2023_follow_path2_task.sdf
[0.790s] -- Up-to-date: /home/koki-22/ac_search/vrx_ws/install/share/vrx_gz/worlds/2023_practice/practice_2023_follow_path1_task.sdf
[0.790s] -- Up-to-date: /home/koki-22/ac_search/vrx_ws/install/share/vrx_gz/worlds/2023_practice/practice_2023_follow_path0_task.sdf
[0.790s] -- Up-to-date: /home/koki-22/ac_search/vrx_ws/install/share/vrx_gz/worlds/2023_practice/practice_2023_wayfinding2_task.sdf
[0.790s] -- Up-to-date: /home/koki-22/ac_search/vrx_ws/install/share/vrx_gz/worlds/2023_practice/practice_2023_scan_dock_deliver2_task.sdf
[0.790s] -- Up-to-date: /home/koki-22/ac_search/vrx_ws/install/share/vrx_gz/worlds/2023_practice/practice_2023_perception0_task.sdf
[0.790s] -- Up-to-date: /home/koki-22/ac_search/vrx_ws/install/share/vrx_gz/worlds/2023_practice/practice_2023_acoustic_perception0_task.sdf
[0.791s] -- Up-to-date: /home/koki-22/ac_search/vrx_ws/install/share/vrx_gz/worlds/2023_practice/practice_2023_scan_dock_deliver1_task.sdf
[0.791s] -- Up-to-date: /home/koki-22/ac_search/vrx_ws/install/share/vrx_gz/worlds/2023_practice/practice_2023_acoustic_tracking1_task.sdf
[0.791s] -- Up-to-date: /home/koki-22/ac_search/vrx_ws/install/share/vrx_gz/worlds/2023_practice/practice_2023_wayfinding1_task.sdf
[0.791s] -- Up-to-date: /home/koki-22/ac_search/vrx_ws/install/share/vrx_gz/worlds/2023_practice/practice_2023_wildlife2_task.sdf
[0.791s] -- Up-to-date: /home/koki-22/ac_search/vrx_ws/install/share/vrx_gz/worlds/2023_practice/practice_2023_scan_dock_deliver0_task.sdf
[0.791s] -- Up-to-date: /home/koki-22/ac_search/vrx_ws/install/share/vrx_gz/worlds/2023_practice/practice_2023_wildlife1_task.sdf
[0.792s] -- Up-to-date: /home/koki-22/ac_search/vrx_ws/install/share/vrx_gz/worlds/2023_practice/practice_2023_perception2_task.sdf
[0.792s] -- Up-to-date: /home/koki-22/ac_search/vrx_ws/install/share/vrx_gz/worlds/2023_practice/practice_2023_acoustic_perception1_task.sdf
[0.795s] -- Up-to-date: /home/koki-22/ac_search/vrx_ws/install/share/vrx_gz/worlds/2023_practice/practice_2023_stationkeeping2_task.sdf
[0.796s] -- Up-to-date: /home/koki-22/ac_search/vrx_ws/install/share/vrx_gz/worlds/2023_practice/practice_2023_acoustic_perception2_task.sdf
[0.796s] -- Up-to-date: /home/koki-22/ac_search/vrx_ws/install/share/vrx_gz/worlds/2023_practice/practice_2023_stationkeeping1_task.sdf
[0.796s] -- Up-to-date: /home/koki-22/ac_search/vrx_ws/install/share/vrx_gz/worlds/2023_practice/practice_2023_wayfinding0_task.sdf
[0.797s] -- Up-to-date: /home/koki-22/ac_search/vrx_ws/install/share/vrx_gz/worlds/2023_practice/practice_2023_acoustic_tracking0_task.sdf
[0.797s] -- Up-to-date: /home/koki-22/ac_search/vrx_ws/install/share/vrx_gz/worlds/2023_practice/practice_2023_perception1_task.sdf
[0.797s] -- Up-to-date: /home/koki-22/ac_search/vrx_ws/install/share/vrx_gz/worlds/2023_practice/practice_2023_wildlife0_task.sdf
[0.797s] -- Up-to-date: /home/koki-22/ac_search/vrx_ws/install/share/vrx_gz/worlds/2023_practice/practice_2023_acoustic_tracking2_task.sdf
[0.797s] -- Up-to-date: /home/koki-22/ac_search/vrx_ws/install/share/vrx_gz/worlds/perception_task.sdf
[0.798s] -- Up-to-date: /home/koki-22/ac_search/vrx_ws/install/share/vrx_gz/worlds/gymkhana_task.sdf
[0.798s] -- Up-to-date: /home/koki-22/ac_search/vrx_ws/install/share/vrx_gz/worlds/follow_path_task.sdf
[0.798s] -- Up-to-date: /home/koki-22/ac_search/vrx_ws/install/share/vrx_gz/worlds/scan_dock_deliver_task.sdf
[0.798s] -- Up-to-date: /home/koki-22/ac_search/vrx_ws/install/share/vrx_gz/worlds/stationkeeping_task.sdf
[0.798s] -- Up-to-date: /home/koki-22/ac_search/vrx_ws/install/share/ament_index/resource_index/package_run_dependencies/vrx_gz
[0.798s] -- Up-to-date: /home/koki-22/ac_search/vrx_ws/install/share/ament_index/resource_index/parent_prefix_path/vrx_gz
[0.799s] -- Up-to-date: /home/koki-22/ac_search/vrx_ws/install/share/vrx_gz/environment/ament_prefix_path.sh
[0.799s] -- Up-to-date: /home/koki-22/ac_search/vrx_ws/install/share/vrx_gz/environment/ament_prefix_path.dsv
[0.799s] -- Up-to-date: /home/koki-22/ac_search/vrx_ws/install/share/vrx_gz/environment/path.sh
[0.799s] -- Up-to-date: /home/koki-22/ac_search/vrx_ws/install/share/vrx_gz/environment/path.dsv
[0.799s] -- Up-to-date: /home/koki-22/ac_search/vrx_ws/install/share/vrx_gz/local_setup.bash
[0.800s] -- Up-to-date: /home/koki-22/ac_search/vrx_ws/install/share/vrx_gz/local_setup.sh
[0.800s] -- Up-to-date: /home/koki-22/ac_search/vrx_ws/install/share/vrx_gz/local_setup.zsh
[0.800s] -- Up-to-date: /home/koki-22/ac_search/vrx_ws/install/share/vrx_gz/local_setup.dsv
[0.800s] -- Installing: /home/koki-22/ac_search/vrx_ws/install/share/vrx_gz/package.dsv
[0.800s] -- Up-to-date: /home/koki-22/ac_search/vrx_ws/install/share/ament_index/resource_index/packages/vrx_gz
[0.801s] -- Up-to-date: /home/koki-22/ac_search/vrx_ws/install/share/vrx_gz/cmake/vrx_gzConfig.cmake
[0.801s] -- Up-to-date: /home/koki-22/ac_search/vrx_ws/install/share/vrx_gz/cmake/vrx_gzConfig-version.cmake
[0.801s] -- Up-to-date: /home/koki-22/ac_search/vrx_ws/install/share/vrx_gz/package.xml
[0.801s] Invoked command in '/home/koki-22/ac_search/vrx_ws/build/vrx_gz' returned '0': CMAKE_PREFIX_PATH=${CMAKE_PREFIX_PATH}:/opt/ros/humble PYTHONPATH=/home/koki-22/ac_search/vrx_ws/install/lib/python3.10/site-packages:/home/koki-22/ac_search/vrx_ws/install/local/lib/python3.10/dist-packages:/opt/ros/humble/lib/python3.10/site-packages:/opt/ros/humble/local/lib/python3.10/dist-packages /usr/bin/cmake --install /home/koki-22/ac_search/vrx_ws/build/vrx_gz
