[0.069s] Invoking command in '/home/koki-22/ac_search/vrx_ws/build/vrx_ros': CMAKE_PREFIX_PATH=/opt/ros/humble:${CMAKE_PREFIX_PATH} /usr/bin/cmake --build /home/koki-22/ac_search/vrx_ws/build/vrx_ros -- -j16 -l16
[1.056s] [ 75%] Built target optical_frame_publisher
[1.056s] [100%] Built target pose_tf_broadcaster
[1.058s] Invoked command in '/home/koki-22/ac_search/vrx_ws/build/vrx_ros' returned '0': CMAKE_PREFIX_PATH=/opt/ros/humble:${CMAKE_PREFIX_PATH} /usr/bin/cmake --build /home/koki-22/ac_search/vrx_ws/build/vrx_ros -- -j16 -l16
[1.803s] Invoking command in '/home/koki-22/ac_search/vrx_ws/build/vrx_ros': CMAKE_PREFIX_PATH=/opt/ros/humble:${CMAKE_PREFIX_PATH} /usr/bin/cmake --install /home/koki-22/ac_search/vrx_ws/build/vrx_ros
[1.817s] -- Install configuration: ""
[1.817s] -- Up-to-date: /home/koki-22/ac_search/vrx_ws/install/lib/vrx_ros/optical_frame_publisher
[1.818s] -- Up-to-date: /home/koki-22/ac_search/vrx_ws/install/lib/vrx_ros/pose_tf_broadcaster
[1.818s] -- Up-to-date: /home/koki-22/ac_search/vrx_ws/install/share/vrx_ros/launch
[1.819s] -- Up-to-date: /home/koki-22/ac_search/vrx_ws/install/share/vrx_ros/launch/monitor_sim.py
[1.819s] -- Up-to-date: /home/koki-22/ac_search/vrx_ws/install/share/ament_index/resource_index/package_run_dependencies/vrx_ros
[1.819s] -- Up-to-date: /home/koki-22/ac_search/vrx_ws/install/share/ament_index/resource_index/parent_prefix_path/vrx_ros
[1.820s] -- Up-to-date: /home/koki-22/ac_search/vrx_ws/install/share/vrx_ros/environment/ament_prefix_path.sh
[1.820s] -- Up-to-date: /home/koki-22/ac_search/vrx_ws/install/share/vrx_ros/environment/ament_prefix_path.dsv
[1.820s] -- Up-to-date: /home/koki-22/ac_search/vrx_ws/install/share/vrx_ros/environment/path.sh
[1.820s] -- Up-to-date: /home/koki-22/ac_search/vrx_ws/install/share/vrx_ros/environment/path.dsv
[1.821s] -- Up-to-date: /home/koki-22/ac_search/vrx_ws/install/share/vrx_ros/local_setup.bash
[1.821s] -- Up-to-date: /home/koki-22/ac_search/vrx_ws/install/share/vrx_ros/local_setup.sh
[1.822s] -- Up-to-date: /home/koki-22/ac_search/vrx_ws/install/share/vrx_ros/local_setup.zsh
[1.824s] -- Up-to-date: /home/koki-22/ac_search/vrx_ws/install/share/vrx_ros/local_setup.dsv
[1.824s] -- Installing: /home/koki-22/ac_search/vrx_ws/install/share/vrx_ros/package.dsv
[1.826s] -- Up-to-date: /home/koki-22/ac_search/vrx_ws/install/share/ament_index/resource_index/packages/vrx_ros
[1.829s] -- Up-to-date: /home/koki-22/ac_search/vrx_ws/install/share/vrx_ros/cmake/vrx_rosConfig.cmake
[1.829s] -- Up-to-date: /home/koki-22/ac_search/vrx_ws/install/share/vrx_ros/cmake/vrx_rosConfig-version.cmake
[1.830s] -- Up-to-date: /home/koki-22/ac_search/vrx_ws/install/share/vrx_ros/package.xml
[1.832s] Invoked command in '/home/koki-22/ac_search/vrx_ws/build/vrx_ros' returned '0': CMAKE_PREFIX_PATH=/opt/ros/humble:${CMAKE_PREFIX_PATH} /usr/bin/cmake --install /home/koki-22/ac_search/vrx_ws/build/vrx_ros
