[0.018s] Invoking command in '/home/koki-22/ac_search/vrx_ws/build/wamv_gazebo': AMENT_PREFIX_PATH=/home/koki-22/ac_search/vrx_ws/install:${AMENT_PREFIX_PATH} CMAKE_PREFIX_PATH=/home/koki-22/ac_search/vrx_ws/install:/opt/ros/humble GZ_SIM_RESOURCE_PATH=/home/koki-22/ac_search/vrx_ws/install/share/wamv_description/models:/home/koki-22/ac_search/vrx_ws/install/share/vrx_gazebo/models:/home/koki-22/ac_search/vrx_ws/install/share LD_LIBRARY_PATH=/home/koki-22/ac_search/vrx_ws/install/lib:${LD_LIBRARY_PATH} PYTHONPATH=/home/koki-22/ac_search/vrx_ws/install/local/lib/python3.10/dist-packages:${PYTHONPATH} /usr/bin/cmake --build /home/koki-22/ac_search/vrx_ws/build/wamv_gazebo -- -j16 -l16
[0.075s] Invoked command in '/home/koki-22/ac_search/vrx_ws/build/wamv_gazebo' returned '0': AMENT_PREFIX_PATH=/home/koki-22/ac_search/vrx_ws/install:${AMENT_PREFIX_PATH} CMAKE_PREFIX_PATH=/home/koki-22/ac_search/vrx_ws/install:/opt/ros/humble GZ_SIM_RESOURCE_PATH=/home/koki-22/ac_search/vrx_ws/install/share/wamv_description/models:/home/koki-22/ac_search/vrx_ws/install/share/vrx_gazebo/models:/home/koki-22/ac_search/vrx_ws/install/share LD_LIBRARY_PATH=/home/koki-22/ac_search/vrx_ws/install/lib:${LD_LIBRARY_PATH} PYTHONPATH=/home/koki-22/ac_search/vrx_ws/install/local/lib/python3.10/dist-packages:${PYTHONPATH} /usr/bin/cmake --build /home/koki-22/ac_search/vrx_ws/build/wamv_gazebo -- -j16 -l16
[0.161s] Invoking command in '/home/koki-22/ac_search/vrx_ws/build/wamv_gazebo': AMENT_PREFIX_PATH=/home/koki-22/ac_search/vrx_ws/install:${AMENT_PREFIX_PATH} CMAKE_PREFIX_PATH=/home/koki-22/ac_search/vrx_ws/install:/opt/ros/humble GZ_SIM_RESOURCE_PATH=/home/koki-22/ac_search/vrx_ws/install/share/wamv_description/models:/home/koki-22/ac_search/vrx_ws/install/share/vrx_gazebo/models:/home/koki-22/ac_search/vrx_ws/install/share LD_LIBRARY_PATH=/home/koki-22/ac_search/vrx_ws/install/lib:${LD_LIBRARY_PATH} PYTHONPATH=/home/koki-22/ac_search/vrx_ws/install/local/lib/python3.10/dist-packages:${PYTHONPATH} /usr/bin/cmake --install /home/koki-22/ac_search/vrx_ws/build/wamv_gazebo
[0.193s] -- Install configuration: ""
[0.193s] -- Up-to-date: /home/koki-22/ac_search/vrx_ws/install/share/wamv_gazebo/models
[0.193s] -- Up-to-date: /home/koki-22/ac_search/vrx_ws/install/share/wamv_gazebo/models/gps
[0.193s] -- Up-to-date: /home/koki-22/ac_search/vrx_ws/install/share/wamv_gazebo/models/gps/model.config
[0.194s] -- Up-to-date: /home/koki-22/ac_search/vrx_ws/install/share/wamv_gazebo/models/gps/mesh
[0.194s] -- Up-to-date: /home/koki-22/ac_search/vrx_ws/install/share/wamv_gazebo/models/gps/mesh/gps.dae
[0.194s] -- Up-to-date: /home/koki-22/ac_search/vrx_ws/install/share/wamv_gazebo/models/gps/mesh/gps.png
[0.194s] -- Up-to-date: /home/koki-22/ac_search/vrx_ws/install/share/wamv_gazebo/urdf
[0.194s] -- Up-to-date: /home/koki-22/ac_search/vrx_ws/install/share/wamv_gazebo/urdf/components
[0.195s] -- Up-to-date: /home/koki-22/ac_search/vrx_ws/install/share/wamv_gazebo/urdf/components/wamv_camera.xacro
[0.195s] -- Up-to-date: /home/koki-22/ac_search/vrx_ws/install/share/wamv_gazebo/urdf/components/wamv_gps.xacro
[0.195s] -- Up-to-date: /home/koki-22/ac_search/vrx_ws/install/share/wamv_gazebo/urdf/components/wamv_pinger.xacro
[0.195s] -- Up-to-date: /home/koki-22/ac_search/vrx_ws/install/share/wamv_gazebo/urdf/components/wamv_imu.xacro
[0.196s] -- Up-to-date: /home/koki-22/ac_search/vrx_ws/install/share/wamv_gazebo/urdf/components/wamv_3d_lidar.xacro
[0.196s] -- Up-to-date: /home/koki-22/ac_search/vrx_ws/install/share/wamv_gazebo/urdf/components/wamv_planar_lidar.xacro
[0.196s] -- Up-to-date: /home/koki-22/ac_search/vrx_ws/install/share/wamv_gazebo/urdf/components/wamv_p3d.xacro
[0.196s] -- Up-to-date: /home/koki-22/ac_search/vrx_ws/install/share/wamv_gazebo/urdf/components/ball_shooter.xacro
[0.197s] -- Up-to-date: /home/koki-22/ac_search/vrx_ws/install/share/wamv_gazebo/urdf/components/lidar.xacro
[0.198s] -- Up-to-date: /home/koki-22/ac_search/vrx_ws/install/share/wamv_gazebo/urdf/wamv_gazebo.urdf.xacro
[0.198s] -- Up-to-date: /home/koki-22/ac_search/vrx_ws/install/share/wamv_gazebo/urdf/wamv_gazebo.xacro
[0.198s] -- Up-to-date: /home/koki-22/ac_search/vrx_ws/install/share/wamv_gazebo/urdf/thruster_layouts
[0.198s] -- Up-to-date: /home/koki-22/ac_search/vrx_ws/install/share/wamv_gazebo/urdf/thruster_layouts/wamv_x_thrusters.xacro
[0.199s] -- Up-to-date: /home/koki-22/ac_search/vrx_ws/install/share/wamv_gazebo/urdf/thruster_layouts/wamv_gazebo_thruster_config.xacro
[0.199s] -- Up-to-date: /home/koki-22/ac_search/vrx_ws/install/share/wamv_gazebo/urdf/thruster_layouts/wamv_aft_thrusters.xacro
[0.199s] -- Up-to-date: /home/koki-22/ac_search/vrx_ws/install/share/wamv_gazebo/urdf/thruster_layouts/wamv_t_thrusters.xacro
[0.199s] -- Up-to-date: /home/koki-22/ac_search/vrx_ws/install/share/wamv_gazebo/urdf/macros.xacro
[0.200s] -- Up-to-date: /home/koki-22/ac_search/vrx_ws/install/share/wamv_gazebo/urdf/dynamics
[0.201s] -- Up-to-date: /home/koki-22/ac_search/vrx_ws/install/share/wamv_gazebo/urdf/dynamics/wamv_gazebo_dynamics_plugin.xacro
[0.201s] -- Up-to-date: /home/koki-22/ac_search/vrx_ws/install/share/ament_index/resource_index/package_run_dependencies/wamv_gazebo
[0.202s] -- Up-to-date: /home/koki-22/ac_search/vrx_ws/install/share/ament_index/resource_index/parent_prefix_path/wamv_gazebo
[0.202s] -- Up-to-date: /home/koki-22/ac_search/vrx_ws/install/share/wamv_gazebo/environment/ament_prefix_path.sh
[0.203s] -- Up-to-date: /home/koki-22/ac_search/vrx_ws/install/share/wamv_gazebo/environment/ament_prefix_path.dsv
[0.203s] -- Up-to-date: /home/koki-22/ac_search/vrx_ws/install/share/wamv_gazebo/environment/path.sh
[0.204s] -- Up-to-date: /home/koki-22/ac_search/vrx_ws/install/share/wamv_gazebo/environment/path.dsv
[0.204s] -- Up-to-date: /home/koki-22/ac_search/vrx_ws/install/share/wamv_gazebo/local_setup.bash
[0.205s] -- Up-to-date: /home/koki-22/ac_search/vrx_ws/install/share/wamv_gazebo/local_setup.sh
[0.205s] -- Up-to-date: /home/koki-22/ac_search/vrx_ws/install/share/wamv_gazebo/local_setup.zsh
[0.206s] -- Up-to-date: /home/koki-22/ac_search/vrx_ws/install/share/wamv_gazebo/local_setup.dsv
[0.206s] -- Up-to-date: /home/koki-22/ac_search/vrx_ws/install/share/wamv_gazebo/package.dsv
[0.206s] -- Up-to-date: /home/koki-22/ac_search/vrx_ws/install/share/ament_index/resource_index/packages/wamv_gazebo
[0.207s] -- Up-to-date: /home/koki-22/ac_search/vrx_ws/install/share/wamv_gazebo/cmake/wamv_gazeboConfig.cmake
[0.207s] -- Up-to-date: /home/koki-22/ac_search/vrx_ws/install/share/wamv_gazebo/cmake/wamv_gazeboConfig-version.cmake
[0.207s] -- Up-to-date: /home/koki-22/ac_search/vrx_ws/install/share/wamv_gazebo/package.xml
[0.208s] Invoked command in '/home/koki-22/ac_search/vrx_ws/build/wamv_gazebo' returned '0': AMENT_PREFIX_PATH=/home/koki-22/ac_search/vrx_ws/install:${AMENT_PREFIX_PATH} CMAKE_PREFIX_PATH=/home/koki-22/ac_search/vrx_ws/install:/opt/ros/humble GZ_SIM_RESOURCE_PATH=/home/koki-22/ac_search/vrx_ws/install/share/wamv_description/models:/home/koki-22/ac_search/vrx_ws/install/share/vrx_gazebo/models:/home/koki-22/ac_search/vrx_ws/install/share LD_LIBRARY_PATH=/home/koki-22/ac_search/vrx_ws/install/lib:${LD_LIBRARY_PATH} PYTHONPATH=/home/koki-22/ac_search/vrx_ws/install/local/lib/python3.10/dist-packages:${PYTHONPATH} /usr/bin/cmake --install /home/koki-22/ac_search/vrx_ws/build/wamv_gazebo
