[0.041s] Invoking command in '/home/koki-22/ac_search/vrx_ws/build/wamv_description': CMAKE_PREFIX_PATH=${CMAKE_PREFIX_PATH}:/opt/ros/humble GZ_SIM_RESOURCE_PATH=/home/koki-22/ac_search/vrx_ws/install/share:${GZ_SIM_RESOURCE_PATH} PYTHONPATH=/home/koki-22/ac_search/vrx_ws/install/lib/python3.10/site-packages:/home/koki-22/ac_search/vrx_ws/install/local/lib/python3.10/dist-packages:/opt/ros/humble/lib/python3.10/site-packages:/opt/ros/humble/local/lib/python3.10/dist-packages /usr/bin/cmake --build /home/koki-22/ac_search/vrx_ws/build/wamv_description -- -j16 -l16
[0.097s] [100%] Built target wamv_description__xacro_auto_generate
[0.107s] Invoked command in '/home/koki-22/ac_search/vrx_ws/build/wamv_description' returned '0': CMAKE_PREFIX_PATH=${CMAKE_PREFIX_PATH}:/opt/ros/humble GZ_SIM_RESOURCE_PATH=/home/koki-22/ac_search/vrx_ws/install/share:${GZ_SIM_RESOURCE_PATH} PYTHONPATH=/home/koki-22/ac_search/vrx_ws/install/lib/python3.10/site-packages:/home/koki-22/ac_search/vrx_ws/install/local/lib/python3.10/dist-packages:/opt/ros/humble/lib/python3.10/site-packages:/opt/ros/humble/local/lib/python3.10/dist-packages /usr/bin/cmake --build /home/koki-22/ac_search/vrx_ws/build/wamv_description -- -j16 -l16
[0.135s] Invoking command in '/home/koki-22/ac_search/vrx_ws/build/wamv_description': CMAKE_PREFIX_PATH=${CMAKE_PREFIX_PATH}:/opt/ros/humble GZ_SIM_RESOURCE_PATH=/home/koki-22/ac_search/vrx_ws/install/share:${GZ_SIM_RESOURCE_PATH} PYTHONPATH=/home/koki-22/ac_search/vrx_ws/install/lib/python3.10/site-packages:/home/koki-22/ac_search/vrx_ws/install/local/lib/python3.10/dist-packages:/opt/ros/humble/lib/python3.10/site-packages:/opt/ros/humble/local/lib/python3.10/dist-packages /usr/bin/cmake --install /home/koki-22/ac_search/vrx_ws/build/wamv_description
[0.144s] -- Install configuration: ""
[0.145s] -- Up-to-date: /home/koki-22/ac_search/vrx_ws/install/share/wamv_description/environment/resource_paths.dsv
[0.145s] -- Up-to-date: /home/koki-22/ac_search/vrx_ws/install/share/wamv_description/environment/resource_paths.sh
[0.145s] -- Up-to-date: /home/koki-22/ac_search/vrx_ws/install/share/wamv_description/urdf/wamv_base.urdf
[0.145s] -- Up-to-date: /home/koki-22/ac_search/vrx_ws/install/share/wamv_description/models
[0.145s] -- Up-to-date: /home/koki-22/ac_search/vrx_ws/install/share/wamv_description/models/WAM-V-Base
[0.146s] -- Up-to-date: /home/koki-22/ac_search/vrx_ws/install/share/wamv_description/models/WAM-V-Base/model.config
[0.146s] -- Up-to-date: /home/koki-22/ac_search/vrx_ws/install/share/wamv_description/models/WAM-V-Base/mesh
[0.146s] -- Up-to-date: /home/koki-22/ac_search/vrx_ws/install/share/wamv_description/models/WAM-V-Base/mesh/WamV.png
[0.146s] -- Up-to-date: /home/koki-22/ac_search/vrx_ws/install/share/wamv_description/models/WAM-V-Base/mesh/WAM-V_Roughness.png
[0.146s] -- Up-to-date: /home/koki-22/ac_search/vrx_ws/install/share/wamv_description/models/WAM-V-Base/mesh/WAM-V-Base.dae
[0.146s] -- Up-to-date: /home/koki-22/ac_search/vrx_ws/install/share/wamv_description/models/WAM-V-Base/mesh/WAM-V_Metalness.png
[0.146s] -- Up-to-date: /home/koki-22/ac_search/vrx_ws/install/share/wamv_description/models/WAM-V-Base/mesh/WAM-V_Normal.png
[0.146s] -- Up-to-date: /home/koki-22/ac_search/vrx_ws/install/share/wamv_description/models/WAM-V-Base/mesh/WAM-V_Albedo.png
[0.146s] -- Up-to-date: /home/koki-22/ac_search/vrx_ws/install/share/wamv_description/models/propeller
[0.147s] -- Up-to-date: /home/koki-22/ac_search/vrx_ws/install/share/wamv_description/models/propeller/model.config
[0.147s] -- Up-to-date: /home/koki-22/ac_search/vrx_ws/install/share/wamv_description/models/propeller/mesh
[0.147s] -- Up-to-date: /home/koki-22/ac_search/vrx_ws/install/share/wamv_description/models/propeller/mesh/propeller.dae
[0.147s] -- Up-to-date: /home/koki-22/ac_search/vrx_ws/install/share/wamv_description/models/engine
[0.147s] -- Up-to-date: /home/koki-22/ac_search/vrx_ws/install/share/wamv_description/models/engine/model.config
[0.147s] -- Up-to-date: /home/koki-22/ac_search/vrx_ws/install/share/wamv_description/models/engine/mesh
[0.147s] -- Up-to-date: /home/koki-22/ac_search/vrx_ws/install/share/wamv_description/models/engine/mesh/engine.dae
[0.147s] -- Up-to-date: /home/koki-22/ac_search/vrx_ws/install/share/wamv_description/urdf
[0.148s] -- Up-to-date: /home/koki-22/ac_search/vrx_ws/install/share/wamv_description/urdf/thrusters
[0.148s] -- Up-to-date: /home/koki-22/ac_search/vrx_ws/install/share/wamv_description/urdf/thrusters/engine.xacro
[0.148s] -- Up-to-date: /home/koki-22/ac_search/vrx_ws/install/share/wamv_description/urdf/battery.xacro
[0.149s] -- Up-to-date: /home/koki-22/ac_search/vrx_ws/install/share/wamv_description/urdf/wamv_base.urdf.xacro
[0.149s] -- Up-to-date: /home/koki-22/ac_search/vrx_ws/install/share/wamv_description/urdf/cpu_cases.xacro
[0.149s] -- Up-to-date: /home/koki-22/ac_search/vrx_ws/install/share/ament_index/resource_index/package_run_dependencies/wamv_description
[0.149s] -- Up-to-date: /home/koki-22/ac_search/vrx_ws/install/share/ament_index/resource_index/parent_prefix_path/wamv_description
[0.149s] -- Up-to-date: /home/koki-22/ac_search/vrx_ws/install/share/wamv_description/environment/ament_prefix_path.sh
[0.149s] -- Up-to-date: /home/koki-22/ac_search/vrx_ws/install/share/wamv_description/environment/ament_prefix_path.dsv
[0.149s] -- Up-to-date: /home/koki-22/ac_search/vrx_ws/install/share/wamv_description/environment/path.sh
[0.150s] -- Up-to-date: /home/koki-22/ac_search/vrx_ws/install/share/wamv_description/environment/path.dsv
[0.154s] -- Up-to-date: /home/koki-22/ac_search/vrx_ws/install/share/wamv_description/local_setup.bash
[0.155s] -- Up-to-date: /home/koki-22/ac_search/vrx_ws/install/share/wamv_description/local_setup.sh
[0.155s] -- Up-to-date: /home/koki-22/ac_search/vrx_ws/install/share/wamv_description/local_setup.zsh
[0.155s] -- Up-to-date: /home/koki-22/ac_search/vrx_ws/install/share/wamv_description/local_setup.dsv
[0.156s] -- Installing: /home/koki-22/ac_search/vrx_ws/install/share/wamv_description/package.dsv
[0.156s] -- Up-to-date: /home/koki-22/ac_search/vrx_ws/install/share/ament_index/resource_index/packages/wamv_description
[0.156s] -- Up-to-date: /home/koki-22/ac_search/vrx_ws/install/share/wamv_description/cmake/wamv_descriptionConfig.cmake
[0.156s] -- Up-to-date: /home/koki-22/ac_search/vrx_ws/install/share/wamv_description/cmake/wamv_descriptionConfig-version.cmake
[0.156s] -- Up-to-date: /home/koki-22/ac_search/vrx_ws/install/share/wamv_description/package.xml
[0.160s] Invoked command in '/home/koki-22/ac_search/vrx_ws/build/wamv_description' returned '0': CMAKE_PREFIX_PATH=${CMAKE_PREFIX_PATH}:/opt/ros/humble GZ_SIM_RESOURCE_PATH=/home/koki-22/ac_search/vrx_ws/install/share:${GZ_SIM_RESOURCE_PATH} PYTHONPATH=/home/koki-22/ac_search/vrx_ws/install/lib/python3.10/site-packages:/home/koki-22/ac_search/vrx_ws/install/local/lib/python3.10/dist-packages:/opt/ros/humble/lib/python3.10/site-packages:/opt/ros/humble/local/lib/python3.10/dist-packages /usr/bin/cmake --install /home/koki-22/ac_search/vrx_ws/build/wamv_description
