[2.447s] Invoking command in '/home/koki-22/ac_search/vrx_ws/src/data_collect': PYTHONPATH=/home/koki-22/ac_search/vrx_ws/build/data_collect/prefix_override:/home/koki-22/ac_search/vrx_ws/install/lib/python3.10/site-packages:${PYTHONPATH} /usr/bin/python3 setup.py egg_info --egg-base ../../build/data_collect build --build-base /home/koki-22/ac_search/vrx_ws/build/data_collect/build install --record /home/koki-22/ac_search/vrx_ws/build/data_collect/install.log --single-version-externally-managed
[3.095s] running egg_info
[3.097s] writing ../../build/data_collect/data_collect.egg-info/PKG-INFO
[3.097s] writing dependency_links to ../../build/data_collect/data_collect.egg-info/dependency_links.txt
[3.097s] writing entry points to ../../build/data_collect/data_collect.egg-info/entry_points.txt
[3.098s] writing requirements to ../../build/data_collect/data_collect.egg-info/requires.txt
[3.098s] writing top-level names to ../../build/data_collect/data_collect.egg-info/top_level.txt
[3.102s] reading manifest file '../../build/data_collect/data_collect.egg-info/SOURCES.txt'
[3.105s] writing manifest file '../../build/data_collect/data_collect.egg-info/SOURCES.txt'
[3.106s] running build
[3.106s] running build_py
[3.106s] running install
[3.107s] running install_lib
[3.109s] running install_data
[3.110s] running install_egg_info
[3.113s] removing '/home/koki-22/ac_search/vrx_ws/install/lib/python3.10/site-packages/data_collect-0.0.0-py3.10.egg-info' (and everything under it)
[3.114s] Copying ../../build/data_collect/data_collect.egg-info to /home/koki-22/ac_search/vrx_ws/install/lib/python3.10/site-packages/data_collect-0.0.0-py3.10.egg-info
[3.116s] running install_scripts
[3.155s] Installing data_collect_node script to /home/koki-22/ac_search/vrx_ws/install/lib/data_collect
[3.156s] Installing wave_direction script to /home/koki-22/ac_search/vrx_ws/install/lib/data_collect
[3.156s] Installing wave_gain script to /home/koki-22/ac_search/vrx_ws/install/lib/data_collect
[3.157s] Installing wave_period script to /home/koki-22/ac_search/vrx_ws/install/lib/data_collect
[3.157s] Installing wave_stepness script to /home/koki-22/ac_search/vrx_ws/install/lib/data_collect
[3.158s] writing list of installed files to '/home/koki-22/ac_search/vrx_ws/build/data_collect/install.log'
[3.208s] Invoked command in '/home/koki-22/ac_search/vrx_ws/src/data_collect' returned '0': PYTHONPATH=/home/koki-22/ac_search/vrx_ws/build/data_collect/prefix_override:/home/koki-22/ac_search/vrx_ws/install/lib/python3.10/site-packages:${PYTHONPATH} /usr/bin/python3 setup.py egg_info --egg-base ../../build/data_collect build --build-base /home/koki-22/ac_search/vrx_ws/build/data_collect/build install --record /home/koki-22/ac_search/vrx_ws/build/data_collect/install.log --single-version-externally-managed
