[0.393s] Invoking command in '/home/gaia-22/ac_search/vrx_ws/build/vrx_gazebo': CMAKE_PREFIX_PATH=/opt/ros/humble:${CMAKE_PREFIX_PATH} /usr/bin/cmake --build /home/gaia-22/ac_search/vrx_ws/build/vrx_gazebo -- -j20 -l20
[1.363s] Built target ament_cmake_python_copy_vrx_gazebo
[1.363s] running egg_info
[1.363s] writing vrx_gazebo.egg-info/PKG-INFO
[1.363s] writing dependency_links to vrx_gazebo.egg-info/dependency_links.txt
[1.363s] writing top-level names to vrx_gazebo.egg-info/top_level.txt
[2.839s] reading manifest file 'vrx_gazebo.egg-info/SOURCES.txt'
[2.840s] writing manifest file 'vrx_gazebo.egg-info/SOURCES.txt'
[2.859s] Built target ament_cmake_python_build_vrx_gazebo_egg
[2.873s] Invoked command in '/home/gaia-22/ac_search/vrx_ws/build/vrx_gazebo' returned '0': CMAKE_PREFIX_PATH=/opt/ros/humble:${CMAKE_PREFIX_PATH} /usr/bin/cmake --build /home/gaia-22/ac_search/vrx_ws/build/vrx_gazebo -- -j20 -l20
[2.885s] Invoking command in '/home/gaia-22/ac_search/vrx_ws/build/vrx_gazebo': CMAKE_PREFIX_PATH=/opt/ros/humble:${CMAKE_PREFIX_PATH} /usr/bin/cmake --install /home/gaia-22/ac_search/vrx_ws/build/vrx_gazebo
[2.889s] -- Install configuration: ""
[2.889s] -- Up-to-date: /home/gaia-22/ac_search/vrx_ws/install/share/vrx_gazebo/environment/resource_paths.dsv
[2.889s] -- Up-to-date: /home/gaia-22/ac_search/vrx_ws/install/share/vrx_gazebo/environment/resource_paths.sh
[2.889s] -- Up-to-date: /home/gaia-22/ac_search/vrx_ws/install/share/vrx_gazebo/models
[2.889s] -- Up-to-date: /home/gaia-22/ac_search/vrx_ws/install/share/vrx_gazebo/models/cpu_cases
[2.889s] -- Up-to-date: /home/gaia-22/ac_search/vrx_ws/install/share/vrx_gazebo/models/cpu_cases/model.sdf
[2.889s] -- Up-to-date: /home/gaia-22/ac_search/vrx_ws/install/share/vrx_gazebo/models/cpu_cases/model.config
[2.889s] -- Up-to-date: /home/gaia-22/ac_search/vrx_ws/install/share/vrx_gazebo/models/cpu_cases/mesh
[2.889s] -- Up-to-date: /home/gaia-22/ac_search/vrx_ws/install/share/vrx_gazebo/models/cpu_cases/mesh/cpu_cases.dae
[2.889s] -- Up-to-date: /home/gaia-22/ac_search/vrx_ws/install/share/vrx_gazebo/models/cpu_cases/mesh/cpu_cases_Roughness.png
[2.889s] -- Up-to-date: /home/gaia-22/ac_search/vrx_ws/install/share/vrx_gazebo/models/cpu_cases/mesh/cpu_cases_Albedo.png
[2.889s] -- Up-to-date: /home/gaia-22/ac_search/vrx_ws/install/share/vrx_gazebo/models/cpu_cases/mesh/cpu_cases.png
[2.889s] -- Up-to-date: /home/gaia-22/ac_search/vrx_ws/install/share/vrx_gazebo/models/cpu_cases/mesh/cpu_cases_Normal.png
[2.889s] -- Up-to-date: /home/gaia-22/ac_search/vrx_ws/install/share/vrx_gazebo/models/cpu_cases/mesh/cpu_cases_Metalness.png
[2.889s] -- Up-to-date: /home/gaia-22/ac_search/vrx_ws/install/share/vrx_gazebo/models/3d_lidar
[2.889s] -- Up-to-date: /home/gaia-22/ac_search/vrx_ws/install/share/vrx_gazebo/models/3d_lidar/model.sdf
[2.889s] -- Up-to-date: /home/gaia-22/ac_search/vrx_ws/install/share/vrx_gazebo/models/3d_lidar/model.config
[2.889s] -- Up-to-date: /home/gaia-22/ac_search/vrx_ws/install/share/vrx_gazebo/models/3d_lidar/mesh
[2.889s] -- Up-to-date: /home/gaia-22/ac_search/vrx_ws/install/share/vrx_gazebo/models/3d_lidar/mesh/3d_lidar.dae
[2.889s] -- Up-to-date: /home/gaia-22/ac_search/vrx_ws/install/share/vrx_gazebo/models/3d_lidar/mesh/3d_Lidar_Metalness.png
[2.889s] -- Up-to-date: /home/gaia-22/ac_search/vrx_ws/install/share/vrx_gazebo/models/3d_lidar/mesh/3d_Lidar_Roughness.png
[2.890s] -- Up-to-date: /home/gaia-22/ac_search/vrx_ws/install/share/vrx_gazebo/models/3d_lidar/mesh/3d_Lidar_Albedo.png
[2.890s] -- Up-to-date: /home/gaia-22/ac_search/vrx_ws/install/share/vrx_gazebo/models/3d_lidar/mesh/3d_lidar.png
[2.890s] -- Up-to-date: /home/gaia-22/ac_search/vrx_ws/install/share/vrx_gazebo/models/3d_lidar/mesh/3d_Lidar_Normal.png
[2.890s] -- Up-to-date: /home/gaia-22/ac_search/vrx_ws/install/share/vrx_gazebo/models/ball_shooter
[2.890s] -- Up-to-date: /home/gaia-22/ac_search/vrx_ws/install/share/vrx_gazebo/models/ball_shooter/model.sdf
[2.890s] -- Up-to-date: /home/gaia-22/ac_search/vrx_ws/install/share/vrx_gazebo/models/ball_shooter/model.config
[2.890s] -- Up-to-date: /home/gaia-22/ac_search/vrx_ws/install/share/vrx_gazebo/models/ball_shooter/meshes
[2.890s] -- Up-to-date: /home/gaia-22/ac_search/vrx_ws/install/share/vrx_gazebo/models/ball_shooter/meshes/ball_shooter_base.dae
[2.890s] -- Up-to-date: /home/gaia-22/ac_search/vrx_ws/install/share/vrx_gazebo/models/ball_shooter/meshes/Glass_BaseColor.png
[2.890s] -- Up-to-date: /home/gaia-22/ac_search/vrx_ws/install/share/vrx_gazebo/models/ball_shooter/meshes/ball_shooter_launcher.dae
[2.890s] -- Up-to-date: /home/gaia-22/ac_search/vrx_ws/install/share/vrx_gazebo/models/ball_shooter/meshes/Launcher_BaseColor.png
[2.890s] -- Up-to-date: /home/gaia-22/ac_search/vrx_ws/install/share/vrx_gazebo/models/ball_shooter/meshes/Launcher_Albedo.png
[2.890s] -- Up-to-date: /home/gaia-22/ac_search/vrx_ws/install/share/vrx_gazebo/models/ball_shooter/materials
[2.890s] -- Up-to-date: /home/gaia-22/ac_search/vrx_ws/install/share/vrx_gazebo/models/ball_shooter/materials/Textures
[2.890s] -- Up-to-date: /home/gaia-22/ac_search/vrx_ws/install/share/vrx_gazebo/models/ball_shooter/materials/Textures/Launcher_Roughness.png
[2.890s] -- Up-to-date: /home/gaia-22/ac_search/vrx_ws/install/share/vrx_gazebo/models/ball_shooter/materials/Textures/Launcher_Normal.png
[2.890s] -- Up-to-date: /home/gaia-22/ac_search/vrx_ws/install/share/vrx_gazebo/models/ball_shooter/materials/Textures/Launcher_Metalness.png
[2.890s] -- Up-to-date: /home/gaia-22/ac_search/vrx_ws/install/share/vrx_gazebo/models/ball_shooter/materials/Textures/Launcher_Albedo.png
[2.890s] -- Up-to-date: /home/gaia-22/ac_search/vrx_ws/install/share/vrx_gazebo/models/battery
[2.890s] -- Up-to-date: /home/gaia-22/ac_search/vrx_ws/install/share/vrx_gazebo/models/battery/model.sdf
[2.890s] -- Up-to-date: /home/gaia-22/ac_search/vrx_ws/install/share/vrx_gazebo/models/battery/model.config
[2.890s] -- Up-to-date: /home/gaia-22/ac_search/vrx_ws/install/share/vrx_gazebo/models/battery/mesh
[2.890s] -- Up-to-date: /home/gaia-22/ac_search/vrx_ws/install/share/vrx_gazebo/models/battery/mesh/battery_Normal.png
[2.890s] -- Up-to-date: /home/gaia-22/ac_search/vrx_ws/install/share/vrx_gazebo/models/battery/mesh/battery.png
[2.890s] -- Up-to-date: /home/gaia-22/ac_search/vrx_ws/install/share/vrx_gazebo/models/battery/mesh/battery_Metalness.png
[2.890s] -- Up-to-date: /home/gaia-22/ac_search/vrx_ws/install/share/vrx_gazebo/models/battery/mesh/battery.dae
[2.890s] -- Up-to-date: /home/gaia-22/ac_search/vrx_ws/install/share/vrx_gazebo/models/battery/mesh/battery_Albedo.png
[2.890s] -- Up-to-date: /home/gaia-22/ac_search/vrx_ws/install/share/vrx_gazebo/models/battery/mesh/battery_Roughness.png
[2.890s] -- Up-to-date: /home/gaia-22/ac_search/vrx_ws/install/share/vrx_gazebo/models/blue_projectile
[2.890s] -- Up-to-date: /home/gaia-22/ac_search/vrx_ws/install/share/vrx_gazebo/models/blue_projectile/model.sdf
[2.890s] -- Up-to-date: /home/gaia-22/ac_search/vrx_ws/install/share/vrx_gazebo/models/blue_projectile/model.config
[2.890s] -- Up-to-date: /home/gaia-22/ac_search/vrx_ws/install/share/vrx_gazebo/models/sensor_post
[2.890s] -- Up-to-date: /home/gaia-22/ac_search/vrx_ws/install/share/vrx_gazebo/models/sensor_post/model.sdf
[2.890s] -- Up-to-date: /home/gaia-22/ac_search/vrx_ws/install/share/vrx_gazebo/models/sensor_post/model.config
[2.891s] -- Up-to-date: /home/gaia-22/ac_search/vrx_ws/install/share/vrx_gazebo/models/sensor_post/mesh
[2.891s] -- Up-to-date: /home/gaia-22/ac_search/vrx_ws/install/share/vrx_gazebo/models/sensor_post/mesh/sensor_post_arm.dae
[2.891s] -- Up-to-date: /home/gaia-22/ac_search/vrx_ws/install/share/vrx_gazebo/models/sensor_post/mesh/sensor_post.png
[2.891s] -- Up-to-date: /home/gaia-22/ac_search/vrx_ws/install/share/vrx_gazebo/models/sensor_post/mesh/sensor_post.dae
[2.891s] -- Up-to-date: /home/gaia-22/ac_search/vrx_ws/install/share/vrx_gazebo/models/mono_camera
[2.891s] -- Up-to-date: /home/gaia-22/ac_search/vrx_ws/install/share/vrx_gazebo/models/mono_camera/model.sdf
[2.891s] -- Up-to-date: /home/gaia-22/ac_search/vrx_ws/install/share/vrx_gazebo/models/mono_camera/model.config
[2.891s] -- Up-to-date: /home/gaia-22/ac_search/vrx_ws/install/share/vrx_gazebo/models/mono_camera/mesh
[2.891s] -- Up-to-date: /home/gaia-22/ac_search/vrx_ws/install/share/vrx_gazebo/models/mono_camera/mesh/mono_camera_Roughness.png
[2.891s] -- Up-to-date: /home/gaia-22/ac_search/vrx_ws/install/share/vrx_gazebo/models/mono_camera/mesh/mono_camera_Metalness.png
[2.891s] -- Up-to-date: /home/gaia-22/ac_search/vrx_ws/install/share/vrx_gazebo/models/mono_camera/mesh/mono_camera.png
[2.891s] -- Up-to-date: /home/gaia-22/ac_search/vrx_ws/install/share/vrx_gazebo/models/mono_camera/mesh/mono_camera.dae
[2.891s] -- Up-to-date: /home/gaia-22/ac_search/vrx_ws/install/share/vrx_gazebo/models/mono_camera/mesh/mono_camera_Normal.png
[2.891s] -- Up-to-date: /home/gaia-22/ac_search/vrx_ws/install/share/vrx_gazebo/models/mono_camera/mesh/mono_camera_Albedo.png
[2.891s] -- Up-to-date: /home/gaia-22/ac_search/vrx_ws/install/share/vrx_gazebo/launch
[2.891s] -- Up-to-date: /home/gaia-22/ac_search/vrx_ws/install/share/vrx_gazebo/launch/generate_wamv.launch.py
[2.891s] -- Up-to-date: /home/gaia-22/ac_search/vrx_ws/install/share/vrx_gazebo/launch/rviz.launch.py
[2.891s] -- Up-to-date: /home/gaia-22/ac_search/vrx_ws/install/share/vrx_gazebo/config
[2.891s] -- Up-to-date: /home/gaia-22/ac_search/vrx_ws/install/share/vrx_gazebo/config/wamv_config
[2.891s] -- Up-to-date: /home/gaia-22/ac_search/vrx_ws/install/share/vrx_gazebo/config/wamv_config/component_compliance
[2.891s] -- Up-to-date: /home/gaia-22/ac_search/vrx_ws/install/share/vrx_gazebo/config/wamv_config/component_compliance/bounding_boxes.yaml
[2.891s] -- Up-to-date: /home/gaia-22/ac_search/vrx_ws/install/share/vrx_gazebo/config/wamv_config/component_compliance/numeric.yaml
[2.891s] -- Up-to-date: /home/gaia-22/ac_search/vrx_ws/install/share/vrx_gazebo/config/wamv_config/example_thruster_config.yaml
[2.891s] -- Up-to-date: /home/gaia-22/ac_search/vrx_ws/install/share/vrx_gazebo/config/wamv_config/thruster_compliance
[2.891s] -- Up-to-date: /home/gaia-22/ac_search/vrx_ws/install/share/vrx_gazebo/config/wamv_config/thruster_compliance/bounding_boxes.yaml
[2.891s] -- Up-to-date: /home/gaia-22/ac_search/vrx_ws/install/share/vrx_gazebo/config/wamv_config/thruster_compliance/numeric.yaml
[2.891s] -- Up-to-date: /home/gaia-22/ac_search/vrx_ws/install/share/vrx_gazebo/config/wamv_config/example_component_config.yaml
[2.891s] -- Up-to-date: /home/gaia-22/ac_search/vrx_ws/install/share/vrx_gazebo/config/rviz_vrx_rsp.rviz
[2.891s] -- Up-to-date: /home/gaia-22/ac_search/vrx_ws/install/share/vrx_gazebo/config/rviz_vrx_final.rviz
[2.891s] -- Up-to-date: /home/gaia-22/ac_search/vrx_ws/install/lib/vrx_gazebo/generate_wamv.py
[2.891s] -- Up-to-date: /home/gaia-22/ac_search/vrx_ws/install/share/vrx_gazebo/environment/pythonpath.sh
[2.891s] -- Up-to-date: /home/gaia-22/ac_search/vrx_ws/install/share/vrx_gazebo/environment/pythonpath.dsv
[2.891s] -- Up-to-date: /home/gaia-22/ac_search/vrx_ws/install/local/lib/python3.10/dist-packages/vrx_gazebo-1.3.0-py3.10.egg-info
[2.891s] -- Installing: /home/gaia-22/ac_search/vrx_ws/install/local/lib/python3.10/dist-packages/vrx_gazebo-1.3.0-py3.10.egg-info/dependency_links.txt
[2.891s] -- Installing: /home/gaia-22/ac_search/vrx_ws/install/local/lib/python3.10/dist-packages/vrx_gazebo-1.3.0-py3.10.egg-info/PKG-INFO
[2.891s] -- Installing: /home/gaia-22/ac_search/vrx_ws/install/local/lib/python3.10/dist-packages/vrx_gazebo-1.3.0-py3.10.egg-info/top_level.txt
[2.891s] -- Installing: /home/gaia-22/ac_search/vrx_ws/install/local/lib/python3.10/dist-packages/vrx_gazebo-1.3.0-py3.10.egg-info/SOURCES.txt
[2.892s] -- Up-to-date: /home/gaia-22/ac_search/vrx_ws/install/local/lib/python3.10/dist-packages/vrx_gazebo
[2.892s] -- Up-to-date: /home/gaia-22/ac_search/vrx_ws/install/local/lib/python3.10/dist-packages/vrx_gazebo/__init__.py
[2.892s] -- Up-to-date: /home/gaia-22/ac_search/vrx_ws/install/local/lib/python3.10/dist-packages/vrx_gazebo/utils.py
[2.892s] -- Up-to-date: /home/gaia-22/ac_search/vrx_ws/install/local/lib/python3.10/dist-packages/vrx_gazebo/compliance.py
[2.892s] -- Up-to-date: /home/gaia-22/ac_search/vrx_ws/install/local/lib/python3.10/dist-packages/vrx_gazebo/configure_wamv.py
[2.908s] Listing '/home/gaia-22/ac_search/vrx_ws/install/local/lib/python3.10/dist-packages/vrx_gazebo'...
[2.910s] -- Up-to-date: /home/gaia-22/ac_search/vrx_ws/install/share/ament_index/resource_index/package_run_dependencies/vrx_gazebo
[2.910s] -- Up-to-date: /home/gaia-22/ac_search/vrx_ws/install/share/ament_index/resource_index/parent_prefix_path/vrx_gazebo
[2.910s] -- Up-to-date: /home/gaia-22/ac_search/vrx_ws/install/share/vrx_gazebo/environment/ament_prefix_path.sh
[2.910s] -- Up-to-date: /home/gaia-22/ac_search/vrx_ws/install/share/vrx_gazebo/environment/ament_prefix_path.dsv
[2.910s] -- Up-to-date: /home/gaia-22/ac_search/vrx_ws/install/share/vrx_gazebo/environment/path.sh
[2.910s] -- Up-to-date: /home/gaia-22/ac_search/vrx_ws/install/share/vrx_gazebo/environment/path.dsv
[2.910s] -- Up-to-date: /home/gaia-22/ac_search/vrx_ws/install/share/vrx_gazebo/local_setup.bash
[2.910s] -- Up-to-date: /home/gaia-22/ac_search/vrx_ws/install/share/vrx_gazebo/local_setup.sh
[2.910s] -- Up-to-date: /home/gaia-22/ac_search/vrx_ws/install/share/vrx_gazebo/local_setup.zsh
[2.910s] -- Up-to-date: /home/gaia-22/ac_search/vrx_ws/install/share/vrx_gazebo/local_setup.dsv
[2.910s] -- Installing: /home/gaia-22/ac_search/vrx_ws/install/share/vrx_gazebo/package.dsv
[2.911s] -- Up-to-date: /home/gaia-22/ac_search/vrx_ws/install/share/ament_index/resource_index/packages/vrx_gazebo
[2.911s] -- Up-to-date: /home/gaia-22/ac_search/vrx_ws/install/share/vrx_gazebo/cmake/vrx_gazeboConfig.cmake
[2.911s] -- Up-to-date: /home/gaia-22/ac_search/vrx_ws/install/share/vrx_gazebo/cmake/vrx_gazeboConfig-version.cmake
[2.911s] -- Up-to-date: /home/gaia-22/ac_search/vrx_ws/install/share/vrx_gazebo/package.xml
[3.032s] Invoked command in '/home/gaia-22/ac_search/vrx_ws/build/vrx_gazebo' returned '0': CMAKE_PREFIX_PATH=/opt/ros/humble:${CMAKE_PREFIX_PATH} /usr/bin/cmake --install /home/gaia-22/ac_search/vrx_ws/build/vrx_gazebo
