[0.894s] DEBUG:colcon:Command line arguments: ['/usr/bin/colcon', 'build', '--merge-install']
[0.894s] DEBUG:colcon:Parsed command line arguments: Namespace(log_base=None, log_level=None, verb_name='build', build_base='build', install_base='install', merge_install=True, symlink_install=False, test_result_base=None, continue_on_error=False, executor='parallel', parallel_workers=16, event_handlers=None, ignore_user_meta=False, metas=['./colcon.meta'], base_paths=['.'], packages_ignore=None, packages_ignore_regex=None, paths=None, packages_up_to=None, packages_up_to_regex=None, packages_above=None, packages_above_and_dependencies=None, packages_above_depth=None, packages_select_by_dep=None, packages_skip_by_dep=None, packages_skip_up_to=None, packages_select_build_failed=False, packages_skip_build_finished=False, packages_select_test_failures=False, packages_skip_test_passed=False, packages_select=None, packages_skip=None, packages_select_regex=None, packages_skip_regex=None, packages_start=None, packages_end=None, allow_overriding=[], cmake_args=None, cmake_target=None, cmake_target_skip_unavailable=False, cmake_clean_cache=False, cmake_clean_first=False, cmake_force_configure=False, ament_cmake_args=None, catkin_cmake_args=None, catkin_skip_building_tests=False, mixin_files=None, mixin=None, verb_parser=<colcon_mixin.mixin.mixin_argument.MixinArgumentDecorator object at 0x7f360d83e680>, verb_extension=<colcon_core.verb.build.BuildVerb object at 0x7f360d83dff0>, main=<bound method BuildVerb.main of <colcon_core.verb.build.BuildVerb object at 0x7f360d83dff0>>, mixin_verb=('build',))
[0.942s] Level 1:colcon.colcon_core.package_discovery:discover_packages(colcon_meta) check parameters
[0.942s] Level 1:colcon.colcon_core.package_discovery:discover_packages(recursive) check parameters
[0.942s] Level 1:colcon.colcon_core.package_discovery:discover_packages(ignore) check parameters
[0.943s] Level 1:colcon.colcon_core.package_discovery:discover_packages(path) check parameters
[0.943s] Level 1:colcon.colcon_core.package_discovery:discover_packages(colcon_meta) discover
[0.943s] Level 1:colcon.colcon_core.package_discovery:discover_packages(recursive) discover
[0.943s] INFO:colcon.colcon_core.package_discovery:Crawling recursively for packages in '/home/koki-22/ac_search/vrx_ws'
[0.943s] Level 1:colcon.colcon_core.package_identification:_identify(.) by extensions ['ignore', 'ignore_ament_install']
[0.943s] Level 1:colcon.colcon_core.package_identification:_identify(.) by extension 'ignore'
[0.944s] Level 1:colcon.colcon_core.package_identification:_identify(.) by extension 'ignore_ament_install'
[0.944s] Level 1:colcon.colcon_core.package_identification:_identify(.) by extensions ['colcon_pkg']
[0.944s] Level 1:colcon.colcon_core.package_identification:_identify(.) by extension 'colcon_pkg'
[0.944s] Level 1:colcon.colcon_core.package_identification:_identify(.) by extensions ['colcon_meta']
[0.944s] Level 1:colcon.colcon_core.package_identification:_identify(.) by extension 'colcon_meta'
[0.944s] Level 1:colcon.colcon_core.package_identification:_identify(.) by extensions ['ros']
[0.944s] Level 1:colcon.colcon_core.package_identification:_identify(.) by extension 'ros'
[0.966s] Level 1:colcon.colcon_core.package_identification:_identify(.) by extensions ['cmake', 'python']
[0.966s] Level 1:colcon.colcon_core.package_identification:_identify(.) by extension 'cmake'
[0.966s] Level 1:colcon.colcon_core.package_identification:_identify(.) by extension 'python'
[0.967s] Level 1:colcon.colcon_core.package_identification:_identify(.) by extensions ['python_setup_py']
[0.967s] Level 1:colcon.colcon_core.package_identification:_identify(.) by extension 'python_setup_py'
[0.967s] Level 1:colcon.colcon_core.package_identification:_identify(build) by extensions ['ignore', 'ignore_ament_install']
[0.967s] Level 1:colcon.colcon_core.package_identification:_identify(build) by extension 'ignore'
[0.967s] Level 1:colcon.colcon_core.package_identification:_identify(build) ignored
[0.968s] Level 1:colcon.colcon_core.package_identification:_identify(install) by extensions ['ignore', 'ignore_ament_install']
[0.968s] Level 1:colcon.colcon_core.package_identification:_identify(install) by extension 'ignore'
[0.968s] Level 1:colcon.colcon_core.package_identification:_identify(install) ignored
[0.968s] Level 1:colcon.colcon_core.package_identification:_identify(log) by extensions ['ignore', 'ignore_ament_install']
[0.969s] Level 1:colcon.colcon_core.package_identification:_identify(log) by extension 'ignore'
[0.969s] Level 1:colcon.colcon_core.package_identification:_identify(log) ignored
[0.969s] Level 1:colcon.colcon_core.package_identification:_identify(src) by extensions ['ignore', 'ignore_ament_install']
[0.969s] Level 1:colcon.colcon_core.package_identification:_identify(src) by extension 'ignore'
[0.969s] Level 1:colcon.colcon_core.package_identification:_identify(src) by extension 'ignore_ament_install'
[0.969s] Level 1:colcon.colcon_core.package_identification:_identify(src) by extensions ['colcon_pkg']
[0.970s] Level 1:colcon.colcon_core.package_identification:_identify(src) by extension 'colcon_pkg'
[0.970s] Level 1:colcon.colcon_core.package_identification:_identify(src) by extensions ['colcon_meta']
[0.970s] Level 1:colcon.colcon_core.package_identification:_identify(src) by extension 'colcon_meta'
[0.970s] Level 1:colcon.colcon_core.package_identification:_identify(src) by extensions ['ros']
[0.970s] Level 1:colcon.colcon_core.package_identification:_identify(src) by extension 'ros'
[0.970s] Level 1:colcon.colcon_core.package_identification:_identify(src) by extensions ['cmake', 'python']
[0.970s] Level 1:colcon.colcon_core.package_identification:_identify(src) by extension 'cmake'
[0.970s] Level 1:colcon.colcon_core.package_identification:_identify(src) by extension 'python'
[0.970s] Level 1:colcon.colcon_core.package_identification:_identify(src) by extensions ['python_setup_py']
[0.970s] Level 1:colcon.colcon_core.package_identification:_identify(src) by extension 'python_setup_py'
[0.971s] Level 1:colcon.colcon_core.package_identification:_identify(src/data_collect) by extensions ['ignore', 'ignore_ament_install']
[0.971s] Level 1:colcon.colcon_core.package_identification:_identify(src/data_collect) by extension 'ignore'
[0.971s] Level 1:colcon.colcon_core.package_identification:_identify(src/data_collect) by extension 'ignore_ament_install'
[0.971s] Level 1:colcon.colcon_core.package_identification:_identify(src/data_collect) by extensions ['colcon_pkg']
[0.971s] Level 1:colcon.colcon_core.package_identification:_identify(src/data_collect) by extension 'colcon_pkg'
[0.971s] Level 1:colcon.colcon_core.package_identification:_identify(src/data_collect) by extensions ['colcon_meta']
[0.971s] Level 1:colcon.colcon_core.package_identification:_identify(src/data_collect) by extension 'colcon_meta'
[0.971s] Level 1:colcon.colcon_core.package_identification:_identify(src/data_collect) by extensions ['ros']
[0.971s] Level 1:colcon.colcon_core.package_identification:_identify(src/data_collect) by extension 'ros'
[0.977s] DEBUG:colcon.colcon_core.package_identification:Package 'src/data_collect' with type 'ros.ament_python' and name 'data_collect'
[0.977s] Level 1:colcon.colcon_core.package_identification:_identify(src/navigaitonGUI) by extensions ['ignore', 'ignore_ament_install']
[0.977s] Level 1:colcon.colcon_core.package_identification:_identify(src/navigaitonGUI) by extension 'ignore'
[0.978s] Level 1:colcon.colcon_core.package_identification:_identify(src/navigaitonGUI) by extension 'ignore_ament_install'
[0.978s] Level 1:colcon.colcon_core.package_identification:_identify(src/navigaitonGUI) by extensions ['colcon_pkg']
[0.978s] Level 1:colcon.colcon_core.package_identification:_identify(src/navigaitonGUI) by extension 'colcon_pkg'
[0.978s] Level 1:colcon.colcon_core.package_identification:_identify(src/navigaitonGUI) by extensions ['colcon_meta']
[0.978s] Level 1:colcon.colcon_core.package_identification:_identify(src/navigaitonGUI) by extension 'colcon_meta'
[0.978s] Level 1:colcon.colcon_core.package_identification:_identify(src/navigaitonGUI) by extensions ['ros']
[0.978s] Level 1:colcon.colcon_core.package_identification:_identify(src/navigaitonGUI) by extension 'ros'
[0.979s] DEBUG:colcon.colcon_core.package_identification:Package 'src/navigaitonGUI' with type 'ros.ament_python' and name 'navigaitonGUI'
[0.980s] Level 1:colcon.colcon_core.package_identification:_identify(src/vrx) by extensions ['ignore', 'ignore_ament_install']
[0.980s] Level 1:colcon.colcon_core.package_identification:_identify(src/vrx) by extension 'ignore'
[0.980s] Level 1:colcon.colcon_core.package_identification:_identify(src/vrx) by extension 'ignore_ament_install'
[0.980s] Level 1:colcon.colcon_core.package_identification:_identify(src/vrx) by extensions ['colcon_pkg']
[0.980s] Level 1:colcon.colcon_core.package_identification:_identify(src/vrx) by extension 'colcon_pkg'
[0.980s] Level 1:colcon.colcon_core.package_identification:_identify(src/vrx) by extensions ['colcon_meta']
[0.980s] Level 1:colcon.colcon_core.package_identification:_identify(src/vrx) by extension 'colcon_meta'
[0.981s] Level 1:colcon.colcon_core.package_identification:_identify(src/vrx) by extensions ['ros']
[0.981s] Level 1:colcon.colcon_core.package_identification:_identify(src/vrx) by extension 'ros'
[0.981s] Level 1:colcon.colcon_core.package_identification:_identify(src/vrx) by extensions ['cmake', 'python']
[0.981s] Level 1:colcon.colcon_core.package_identification:_identify(src/vrx) by extension 'cmake'
[0.981s] Level 1:colcon.colcon_core.package_identification:_identify(src/vrx) by extension 'python'
[0.981s] Level 1:colcon.colcon_core.package_identification:_identify(src/vrx) by extensions ['python_setup_py']
[0.981s] Level 1:colcon.colcon_core.package_identification:_identify(src/vrx) by extension 'python_setup_py'
[0.982s] Level 1:colcon.colcon_core.package_identification:_identify(src/vrx/images) by extensions ['ignore', 'ignore_ament_install']
[0.982s] Level 1:colcon.colcon_core.package_identification:_identify(src/vrx/images) by extension 'ignore'
[0.982s] Level 1:colcon.colcon_core.package_identification:_identify(src/vrx/images) by extension 'ignore_ament_install'
[0.982s] Level 1:colcon.colcon_core.package_identification:_identify(src/vrx/images) by extensions ['colcon_pkg']
[0.982s] Level 1:colcon.colcon_core.package_identification:_identify(src/vrx/images) by extension 'colcon_pkg'
[0.982s] Level 1:colcon.colcon_core.package_identification:_identify(src/vrx/images) by extensions ['colcon_meta']
[0.982s] Level 1:colcon.colcon_core.package_identification:_identify(src/vrx/images) by extension 'colcon_meta'
[0.982s] Level 1:colcon.colcon_core.package_identification:_identify(src/vrx/images) by extensions ['ros']
[0.982s] Level 1:colcon.colcon_core.package_identification:_identify(src/vrx/images) by extension 'ros'
[0.983s] Level 1:colcon.colcon_core.package_identification:_identify(src/vrx/images) by extensions ['cmake', 'python']
[0.983s] Level 1:colcon.colcon_core.package_identification:_identify(src/vrx/images) by extension 'cmake'
[0.983s] Level 1:colcon.colcon_core.package_identification:_identify(src/vrx/images) by extension 'python'
[0.983s] Level 1:colcon.colcon_core.package_identification:_identify(src/vrx/images) by extensions ['python_setup_py']
[0.983s] Level 1:colcon.colcon_core.package_identification:_identify(src/vrx/images) by extension 'python_setup_py'
[0.984s] Level 1:colcon.colcon_core.package_identification:_identify(src/vrx/vrx_gz) by extensions ['ignore', 'ignore_ament_install']
[0.984s] Level 1:colcon.colcon_core.package_identification:_identify(src/vrx/vrx_gz) by extension 'ignore'
[0.984s] Level 1:colcon.colcon_core.package_identification:_identify(src/vrx/vrx_gz) by extension 'ignore_ament_install'
[0.984s] Level 1:colcon.colcon_core.package_identification:_identify(src/vrx/vrx_gz) by extensions ['colcon_pkg']
[0.984s] Level 1:colcon.colcon_core.package_identification:_identify(src/vrx/vrx_gz) by extension 'colcon_pkg'
[0.984s] Level 1:colcon.colcon_core.package_identification:_identify(src/vrx/vrx_gz) by extensions ['colcon_meta']
[0.984s] Level 1:colcon.colcon_core.package_identification:_identify(src/vrx/vrx_gz) by extension 'colcon_meta'
[0.984s] Level 1:colcon.colcon_core.package_identification:_identify(src/vrx/vrx_gz) by extensions ['ros']
[0.984s] Level 1:colcon.colcon_core.package_identification:_identify(src/vrx/vrx_gz) by extension 'ros'
[0.986s] DEBUG:colcon.colcon_core.package_identification:Package 'src/vrx/vrx_gz' with type 'ros.ament_cmake' and name 'vrx_gz'
[0.986s] Level 1:colcon.colcon_core.package_identification:_identify(src/vrx/vrx_ros) by extensions ['ignore', 'ignore_ament_install']
[0.986s] Level 1:colcon.colcon_core.package_identification:_identify(src/vrx/vrx_ros) by extension 'ignore'
[0.986s] Level 1:colcon.colcon_core.package_identification:_identify(src/vrx/vrx_ros) by extension 'ignore_ament_install'
[0.986s] Level 1:colcon.colcon_core.package_identification:_identify(src/vrx/vrx_ros) by extensions ['colcon_pkg']
[0.986s] Level 1:colcon.colcon_core.package_identification:_identify(src/vrx/vrx_ros) by extension 'colcon_pkg'
[0.987s] Level 1:colcon.colcon_core.package_identification:_identify(src/vrx/vrx_ros) by extensions ['colcon_meta']
[0.987s] Level 1:colcon.colcon_core.package_identification:_identify(src/vrx/vrx_ros) by extension 'colcon_meta'
[0.987s] Level 1:colcon.colcon_core.package_identification:_identify(src/vrx/vrx_ros) by extensions ['ros']
[0.987s] Level 1:colcon.colcon_core.package_identification:_identify(src/vrx/vrx_ros) by extension 'ros'
[0.989s] DEBUG:colcon.colcon_core.package_identification:Package 'src/vrx/vrx_ros' with type 'ros.ament_cmake' and name 'vrx_ros'
[0.989s] Level 1:colcon.colcon_core.package_identification:_identify(src/vrx/vrx_urdf) by extensions ['ignore', 'ignore_ament_install']
[0.989s] Level 1:colcon.colcon_core.package_identification:_identify(src/vrx/vrx_urdf) by extension 'ignore'
[0.989s] Level 1:colcon.colcon_core.package_identification:_identify(src/vrx/vrx_urdf) by extension 'ignore_ament_install'
[0.990s] Level 1:colcon.colcon_core.package_identification:_identify(src/vrx/vrx_urdf) by extensions ['colcon_pkg']
[0.990s] Level 1:colcon.colcon_core.package_identification:_identify(src/vrx/vrx_urdf) by extension 'colcon_pkg'
[0.990s] Level 1:colcon.colcon_core.package_identification:_identify(src/vrx/vrx_urdf) by extensions ['colcon_meta']
[0.990s] Level 1:colcon.colcon_core.package_identification:_identify(src/vrx/vrx_urdf) by extension 'colcon_meta'
[0.990s] Level 1:colcon.colcon_core.package_identification:_identify(src/vrx/vrx_urdf) by extensions ['ros']
[0.990s] Level 1:colcon.colcon_core.package_identification:_identify(src/vrx/vrx_urdf) by extension 'ros'
[0.990s] Level 1:colcon.colcon_core.package_identification:_identify(src/vrx/vrx_urdf) by extensions ['cmake', 'python']
[0.990s] Level 1:colcon.colcon_core.package_identification:_identify(src/vrx/vrx_urdf) by extension 'cmake'
[0.990s] Level 1:colcon.colcon_core.package_identification:_identify(src/vrx/vrx_urdf) by extension 'python'
[0.991s] Level 1:colcon.colcon_core.package_identification:_identify(src/vrx/vrx_urdf) by extensions ['python_setup_py']
[0.991s] Level 1:colcon.colcon_core.package_identification:_identify(src/vrx/vrx_urdf) by extension 'python_setup_py'
[0.991s] Level 1:colcon.colcon_core.package_identification:_identify(src/vrx/vrx_urdf/vrx_gazebo) by extensions ['ignore', 'ignore_ament_install']
[0.991s] Level 1:colcon.colcon_core.package_identification:_identify(src/vrx/vrx_urdf/vrx_gazebo) by extension 'ignore'
[0.991s] Level 1:colcon.colcon_core.package_identification:_identify(src/vrx/vrx_urdf/vrx_gazebo) by extension 'ignore_ament_install'
[0.992s] Level 1:colcon.colcon_core.package_identification:_identify(src/vrx/vrx_urdf/vrx_gazebo) by extensions ['colcon_pkg']
[0.992s] Level 1:colcon.colcon_core.package_identification:_identify(src/vrx/vrx_urdf/vrx_gazebo) by extension 'colcon_pkg'
[0.992s] Level 1:colcon.colcon_core.package_identification:_identify(src/vrx/vrx_urdf/vrx_gazebo) by extensions ['colcon_meta']
[0.992s] Level 1:colcon.colcon_core.package_identification:_identify(src/vrx/vrx_urdf/vrx_gazebo) by extension 'colcon_meta'
[0.992s] Level 1:colcon.colcon_core.package_identification:_identify(src/vrx/vrx_urdf/vrx_gazebo) by extensions ['ros']
[0.992s] Level 1:colcon.colcon_core.package_identification:_identify(src/vrx/vrx_urdf/vrx_gazebo) by extension 'ros'
[0.993s] DEBUG:colcon.colcon_core.package_identification:Package 'src/vrx/vrx_urdf/vrx_gazebo' with type 'ros.ament_cmake' and name 'vrx_gazebo'
[0.994s] Level 1:colcon.colcon_core.package_identification:_identify(src/vrx/vrx_urdf/wamv_description) by extensions ['ignore', 'ignore_ament_install']
[0.994s] Level 1:colcon.colcon_core.package_identification:_identify(src/vrx/vrx_urdf/wamv_description) by extension 'ignore'
[0.994s] Level 1:colcon.colcon_core.package_identification:_identify(src/vrx/vrx_urdf/wamv_description) by extension 'ignore_ament_install'
[0.994s] Level 1:colcon.colcon_core.package_identification:_identify(src/vrx/vrx_urdf/wamv_description) by extensions ['colcon_pkg']
[0.994s] Level 1:colcon.colcon_core.package_identification:_identify(src/vrx/vrx_urdf/wamv_description) by extension 'colcon_pkg'
[0.995s] Level 1:colcon.colcon_core.package_identification:_identify(src/vrx/vrx_urdf/wamv_description) by extensions ['colcon_meta']
[0.995s] Level 1:colcon.colcon_core.package_identification:_identify(src/vrx/vrx_urdf/wamv_description) by extension 'colcon_meta'
[0.995s] Level 1:colcon.colcon_core.package_identification:_identify(src/vrx/vrx_urdf/wamv_description) by extensions ['ros']
[0.995s] Level 1:colcon.colcon_core.package_identification:_identify(src/vrx/vrx_urdf/wamv_description) by extension 'ros'
[0.997s] DEBUG:colcon.colcon_core.package_identification:Package 'src/vrx/vrx_urdf/wamv_description' with type 'ros.ament_cmake' and name 'wamv_description'
[0.997s] Level 1:colcon.colcon_core.package_identification:_identify(src/vrx/vrx_urdf/wamv_gazebo) by extensions ['ignore', 'ignore_ament_install']
[0.998s] Level 1:colcon.colcon_core.package_identification:_identify(src/vrx/vrx_urdf/wamv_gazebo) by extension 'ignore'
[0.998s] Level 1:colcon.colcon_core.package_identification:_identify(src/vrx/vrx_urdf/wamv_gazebo) by extension 'ignore_ament_install'
[0.998s] Level 1:colcon.colcon_core.package_identification:_identify(src/vrx/vrx_urdf/wamv_gazebo) by extensions ['colcon_pkg']
[0.998s] Level 1:colcon.colcon_core.package_identification:_identify(src/vrx/vrx_urdf/wamv_gazebo) by extension 'colcon_pkg'
[0.998s] Level 1:colcon.colcon_core.package_identification:_identify(src/vrx/vrx_urdf/wamv_gazebo) by extensions ['colcon_meta']
[0.998s] Level 1:colcon.colcon_core.package_identification:_identify(src/vrx/vrx_urdf/wamv_gazebo) by extension 'colcon_meta'
[0.998s] Level 1:colcon.colcon_core.package_identification:_identify(src/vrx/vrx_urdf/wamv_gazebo) by extensions ['ros']
[0.999s] Level 1:colcon.colcon_core.package_identification:_identify(src/vrx/vrx_urdf/wamv_gazebo) by extension 'ros'
[1.000s] DEBUG:colcon.colcon_core.package_identification:Package 'src/vrx/vrx_urdf/wamv_gazebo' with type 'ros.ament_cmake' and name 'wamv_gazebo'
[1.000s] Level 1:colcon.colcon_core.package_discovery:discover_packages(recursive) using defaults
[1.000s] Level 1:colcon.colcon_core.package_discovery:discover_packages(ignore) discover
[1.000s] Level 1:colcon.colcon_core.package_discovery:discover_packages(ignore) using defaults
[1.000s] Level 1:colcon.colcon_core.package_discovery:discover_packages(path) discover
[1.001s] Level 1:colcon.colcon_core.package_discovery:discover_packages(path) using defaults
[1.049s] Level 1:colcon.colcon_core.package_discovery:discover_packages(prefix_path) check parameters
[1.050s] Level 1:colcon.colcon_core.package_discovery:discover_packages(prefix_path) discover
[1.055s] DEBUG:colcon.colcon_installed_package_information.package_discovery:Found 8 installed packages in /home/koki-22/ac_search/vrx_ws/install
[1.060s] DEBUG:colcon.colcon_installed_package_information.package_discovery:Found 347 installed packages in /opt/ros/humble
[1.064s] Level 1:colcon.colcon_core.package_discovery:discover_packages(prefix_path) using defaults
[1.219s] Level 5:colcon.colcon_core.verb:set package 'data_collect' build argument 'cmake_args' from command line to 'None'
[1.219s] Level 5:colcon.colcon_core.verb:set package 'data_collect' build argument 'cmake_target' from command line to 'None'
[1.220s] Level 5:colcon.colcon_core.verb:set package 'data_collect' build argument 'cmake_target_skip_unavailable' from command line to 'False'
[1.220s] Level 5:colcon.colcon_core.verb:set package 'data_collect' build argument 'cmake_clean_cache' from command line to 'False'
[1.220s] Level 5:colcon.colcon_core.verb:set package 'data_collect' build argument 'cmake_clean_first' from command line to 'False'
[1.220s] Level 5:colcon.colcon_core.verb:set package 'data_collect' build argument 'cmake_force_configure' from command line to 'False'
[1.220s] Level 5:colcon.colcon_core.verb:set package 'data_collect' build argument 'ament_cmake_args' from command line to 'None'
[1.220s] Level 5:colcon.colcon_core.verb:set package 'data_collect' build argument 'catkin_cmake_args' from command line to 'None'
[1.220s] Level 5:colcon.colcon_core.verb:set package 'data_collect' build argument 'catkin_skip_building_tests' from command line to 'False'
[1.220s] DEBUG:colcon.colcon_core.verb:Building package 'data_collect' with the following arguments: {'ament_cmake_args': None, 'build_base': '/home/koki-22/ac_search/vrx_ws/build/data_collect', 'catkin_cmake_args': None, 'catkin_skip_building_tests': False, 'cmake_args': None, 'cmake_clean_cache': False, 'cmake_clean_first': False, 'cmake_force_configure': False, 'cmake_target': None, 'cmake_target_skip_unavailable': False, 'install_base': '/home/koki-22/ac_search/vrx_ws/install', 'merge_install': True, 'path': '/home/koki-22/ac_search/vrx_ws/src/data_collect', 'symlink_install': False, 'test_result_base': None}
[1.222s] Level 5:colcon.colcon_core.verb:set package 'navigaitonGUI' build argument 'cmake_args' from command line to 'None'
[1.222s] Level 5:colcon.colcon_core.verb:set package 'navigaitonGUI' build argument 'cmake_target' from command line to 'None'
[1.222s] Level 5:colcon.colcon_core.verb:set package 'navigaitonGUI' build argument 'cmake_target_skip_unavailable' from command line to 'False'
[1.223s] Level 5:colcon.colcon_core.verb:set package 'navigaitonGUI' build argument 'cmake_clean_cache' from command line to 'False'
[1.223s] Level 5:colcon.colcon_core.verb:set package 'navigaitonGUI' build argument 'cmake_clean_first' from command line to 'False'
[1.223s] Level 5:colcon.colcon_core.verb:set package 'navigaitonGUI' build argument 'cmake_force_configure' from command line to 'False'
[1.223s] Level 5:colcon.colcon_core.verb:set package 'navigaitonGUI' build argument 'ament_cmake_args' from command line to 'None'
[1.223s] Level 5:colcon.colcon_core.verb:set package 'navigaitonGUI' build argument 'catkin_cmake_args' from command line to 'None'
[1.223s] Level 5:colcon.colcon_core.verb:set package 'navigaitonGUI' build argument 'catkin_skip_building_tests' from command line to 'False'
[1.223s] DEBUG:colcon.colcon_core.verb:Building package 'navigaitonGUI' with the following arguments: {'ament_cmake_args': None, 'build_base': '/home/koki-22/ac_search/vrx_ws/build/navigaitonGUI', 'catkin_cmake_args': None, 'catkin_skip_building_tests': False, 'cmake_args': None, 'cmake_clean_cache': False, 'cmake_clean_first': False, 'cmake_force_configure': False, 'cmake_target': None, 'cmake_target_skip_unavailable': False, 'install_base': '/home/koki-22/ac_search/vrx_ws/install', 'merge_install': True, 'path': '/home/koki-22/ac_search/vrx_ws/src/navigaitonGUI', 'symlink_install': False, 'test_result_base': None}
[1.225s] Level 5:colcon.colcon_core.verb:set package 'vrx_gazebo' build argument 'cmake_args' from command line to 'None'
[1.225s] Level 5:colcon.colcon_core.verb:set package 'vrx_gazebo' build argument 'cmake_target' from command line to 'None'
[1.225s] Level 5:colcon.colcon_core.verb:set package 'vrx_gazebo' build argument 'cmake_target_skip_unavailable' from command line to 'False'
[1.225s] Level 5:colcon.colcon_core.verb:set package 'vrx_gazebo' build argument 'cmake_clean_cache' from command line to 'False'
[1.226s] Level 5:colcon.colcon_core.verb:set package 'vrx_gazebo' build argument 'cmake_clean_first' from command line to 'False'
[1.226s] Level 5:colcon.colcon_core.verb:set package 'vrx_gazebo' build argument 'cmake_force_configure' from command line to 'False'
[1.226s] Level 5:colcon.colcon_core.verb:set package 'vrx_gazebo' build argument 'ament_cmake_args' from command line to 'None'
[1.226s] Level 5:colcon.colcon_core.verb:set package 'vrx_gazebo' build argument 'catkin_cmake_args' from command line to 'None'
[1.226s] Level 5:colcon.colcon_core.verb:set package 'vrx_gazebo' build argument 'catkin_skip_building_tests' from command line to 'False'
[1.226s] DEBUG:colcon.colcon_core.verb:Building package 'vrx_gazebo' with the following arguments: {'ament_cmake_args': None, 'build_base': '/home/koki-22/ac_search/vrx_ws/build/vrx_gazebo', 'catkin_cmake_args': None, 'catkin_skip_building_tests': False, 'cmake_args': None, 'cmake_clean_cache': False, 'cmake_clean_first': False, 'cmake_force_configure': False, 'cmake_target': None, 'cmake_target_skip_unavailable': False, 'install_base': '/home/koki-22/ac_search/vrx_ws/install', 'merge_install': True, 'path': '/home/koki-22/ac_search/vrx_ws/src/vrx/vrx_urdf/vrx_gazebo', 'symlink_install': False, 'test_result_base': None}
[1.229s] Level 5:colcon.colcon_core.verb:set package 'vrx_ros' build argument 'cmake_args' from command line to 'None'
[1.229s] Level 5:colcon.colcon_core.verb:set package 'vrx_ros' build argument 'cmake_target' from command line to 'None'
[1.229s] Level 5:colcon.colcon_core.verb:set package 'vrx_ros' build argument 'cmake_target_skip_unavailable' from command line to 'False'
[1.229s] Level 5:colcon.colcon_core.verb:set package 'vrx_ros' build argument 'cmake_clean_cache' from command line to 'False'
[1.229s] Level 5:colcon.colcon_core.verb:set package 'vrx_ros' build argument 'cmake_clean_first' from command line to 'False'
[1.229s] Level 5:colcon.colcon_core.verb:set package 'vrx_ros' build argument 'cmake_force_configure' from command line to 'False'
[1.229s] Level 5:colcon.colcon_core.verb:set package 'vrx_ros' build argument 'ament_cmake_args' from command line to 'None'
[1.229s] Level 5:colcon.colcon_core.verb:set package 'vrx_ros' build argument 'catkin_cmake_args' from command line to 'None'
[1.229s] Level 5:colcon.colcon_core.verb:set package 'vrx_ros' build argument 'catkin_skip_building_tests' from command line to 'False'
[1.230s] DEBUG:colcon.colcon_core.verb:Building package 'vrx_ros' with the following arguments: {'ament_cmake_args': None, 'build_base': '/home/koki-22/ac_search/vrx_ws/build/vrx_ros', 'catkin_cmake_args': None, 'catkin_skip_building_tests': False, 'cmake_args': None, 'cmake_clean_cache': False, 'cmake_clean_first': False, 'cmake_force_configure': False, 'cmake_target': None, 'cmake_target_skip_unavailable': False, 'install_base': '/home/koki-22/ac_search/vrx_ws/install', 'merge_install': True, 'path': '/home/koki-22/ac_search/vrx_ws/src/vrx/vrx_ros', 'symlink_install': False, 'test_result_base': None}
[1.232s] Level 5:colcon.colcon_core.verb:set package 'vrx_gz' build argument 'cmake_args' from command line to 'None'
[1.232s] Level 5:colcon.colcon_core.verb:set package 'vrx_gz' build argument 'cmake_target' from command line to 'None'
[1.232s] Level 5:colcon.colcon_core.verb:set package 'vrx_gz' build argument 'cmake_target_skip_unavailable' from command line to 'False'
[1.232s] Level 5:colcon.colcon_core.verb:set package 'vrx_gz' build argument 'cmake_clean_cache' from command line to 'False'
[1.232s] Level 5:colcon.colcon_core.verb:set package 'vrx_gz' build argument 'cmake_clean_first' from command line to 'False'
[1.232s] Level 5:colcon.colcon_core.verb:set package 'vrx_gz' build argument 'cmake_force_configure' from command line to 'False'
[1.232s] Level 5:colcon.colcon_core.verb:set package 'vrx_gz' build argument 'ament_cmake_args' from command line to 'None'
[1.232s] Level 5:colcon.colcon_core.verb:set package 'vrx_gz' build argument 'catkin_cmake_args' from command line to 'None'
[1.232s] Level 5:colcon.colcon_core.verb:set package 'vrx_gz' build argument 'catkin_skip_building_tests' from command line to 'False'
[1.233s] DEBUG:colcon.colcon_core.verb:Building package 'vrx_gz' with the following arguments: {'ament_cmake_args': None, 'build_base': '/home/koki-22/ac_search/vrx_ws/build/vrx_gz', 'catkin_cmake_args': None, 'catkin_skip_building_tests': False, 'cmake_args': None, 'cmake_clean_cache': False, 'cmake_clean_first': False, 'cmake_force_configure': False, 'cmake_target': None, 'cmake_target_skip_unavailable': False, 'install_base': '/home/koki-22/ac_search/vrx_ws/install', 'merge_install': True, 'path': '/home/koki-22/ac_search/vrx_ws/src/vrx/vrx_gz', 'symlink_install': False, 'test_result_base': None}
[1.235s] Level 5:colcon.colcon_core.verb:set package 'wamv_description' build argument 'cmake_args' from command line to 'None'
[1.235s] Level 5:colcon.colcon_core.verb:set package 'wamv_description' build argument 'cmake_target' from command line to 'None'
[1.235s] Level 5:colcon.colcon_core.verb:set package 'wamv_description' build argument 'cmake_target_skip_unavailable' from command line to 'False'
[1.235s] Level 5:colcon.colcon_core.verb:set package 'wamv_description' build argument 'cmake_clean_cache' from command line to 'False'
[1.235s] Level 5:colcon.colcon_core.verb:set package 'wamv_description' build argument 'cmake_clean_first' from command line to 'False'
[1.235s] Level 5:colcon.colcon_core.verb:set package 'wamv_description' build argument 'cmake_force_configure' from command line to 'False'
[1.235s] Level 5:colcon.colcon_core.verb:set package 'wamv_description' build argument 'ament_cmake_args' from command line to 'None'
[1.235s] Level 5:colcon.colcon_core.verb:set package 'wamv_description' build argument 'catkin_cmake_args' from command line to 'None'
[1.235s] Level 5:colcon.colcon_core.verb:set package 'wamv_description' build argument 'catkin_skip_building_tests' from command line to 'False'
[1.235s] DEBUG:colcon.colcon_core.verb:Building package 'wamv_description' with the following arguments: {'ament_cmake_args': None, 'build_base': '/home/koki-22/ac_search/vrx_ws/build/wamv_description', 'catkin_cmake_args': None, 'catkin_skip_building_tests': False, 'cmake_args': None, 'cmake_clean_cache': False, 'cmake_clean_first': False, 'cmake_force_configure': False, 'cmake_target': None, 'cmake_target_skip_unavailable': False, 'install_base': '/home/koki-22/ac_search/vrx_ws/install', 'merge_install': True, 'path': '/home/koki-22/ac_search/vrx_ws/src/vrx/vrx_urdf/wamv_description', 'symlink_install': False, 'test_result_base': None}
[1.238s] Level 5:colcon.colcon_core.verb:set package 'wamv_gazebo' build argument 'cmake_args' from command line to 'None'
[1.238s] Level 5:colcon.colcon_core.verb:set package 'wamv_gazebo' build argument 'cmake_target' from command line to 'None'
[1.238s] Level 5:colcon.colcon_core.verb:set package 'wamv_gazebo' build argument 'cmake_target_skip_unavailable' from command line to 'False'
[1.238s] Level 5:colcon.colcon_core.verb:set package 'wamv_gazebo' build argument 'cmake_clean_cache' from command line to 'False'
[1.238s] Level 5:colcon.colcon_core.verb:set package 'wamv_gazebo' build argument 'cmake_clean_first' from command line to 'False'
[1.238s] Level 5:colcon.colcon_core.verb:set package 'wamv_gazebo' build argument 'cmake_force_configure' from command line to 'False'
[1.238s] Level 5:colcon.colcon_core.verb:set package 'wamv_gazebo' build argument 'ament_cmake_args' from command line to 'None'
[1.238s] Level 5:colcon.colcon_core.verb:set package 'wamv_gazebo' build argument 'catkin_cmake_args' from command line to 'None'
[1.239s] Level 5:colcon.colcon_core.verb:set package 'wamv_gazebo' build argument 'catkin_skip_building_tests' from command line to 'False'
[1.239s] DEBUG:colcon.colcon_core.verb:Building package 'wamv_gazebo' with the following arguments: {'ament_cmake_args': None, 'build_base': '/home/koki-22/ac_search/vrx_ws/build/wamv_gazebo', 'catkin_cmake_args': None, 'catkin_skip_building_tests': False, 'cmake_args': None, 'cmake_clean_cache': False, 'cmake_clean_first': False, 'cmake_force_configure': False, 'cmake_target': None, 'cmake_target_skip_unavailable': False, 'install_base': '/home/koki-22/ac_search/vrx_ws/install', 'merge_install': True, 'path': '/home/koki-22/ac_search/vrx_ws/src/vrx/vrx_urdf/wamv_gazebo', 'symlink_install': False, 'test_result_base': None}
[1.240s] INFO:colcon.colcon_core.executor:Executing jobs using 'parallel' executor
[1.248s] DEBUG:colcon.colcon_parallel_executor.executor.parallel:run_until_complete
[1.249s] INFO:colcon.colcon_ros.task.ament_cmake.build:Building ROS package in '/home/koki-22/ac_search/vrx_ws/src/vrx/vrx_urdf/vrx_gazebo' with build type 'ament_cmake'
[1.249s] INFO:colcon.colcon_cmake.task.cmake.build:Building CMake package in '/home/koki-22/ac_search/vrx_ws/src/vrx/vrx_urdf/vrx_gazebo'
[1.258s] INFO:colcon.colcon_core.plugin_system:Skipping extension 'colcon_core.shell.bat': Not used on non-Windows systems
[1.259s] INFO:colcon.colcon_core.shell:Skip shell extension 'powershell' for command environment: Not usable outside of PowerShell
[1.259s] DEBUG:colcon.colcon_core.shell:Skip shell extension 'dsv' for command environment
[1.270s] INFO:colcon.colcon_ros.task.ament_cmake.build:Building ROS package in '/home/koki-22/ac_search/vrx_ws/src/vrx/vrx_ros' with build type 'ament_cmake'
[1.270s] INFO:colcon.colcon_cmake.task.cmake.build:Building CMake package in '/home/koki-22/ac_search/vrx_ws/src/vrx/vrx_ros'
[1.273s] INFO:colcon.colcon_core.shell:Skip shell extension 'powershell' for command environment: Not usable outside of PowerShell
[1.273s] DEBUG:colcon.colcon_core.shell:Skip shell extension 'dsv' for command environment
[1.285s] INFO:colcon.colcon_ros.task.ament_python.build:Building ROS package in '/home/koki-22/ac_search/vrx_ws/src/data_collect' with build type 'ament_python'
[1.286s] Level 1:colcon.colcon_core.shell:create_environment_hook('data_collect', 'ament_prefix_path')
[1.289s] INFO:colcon.colcon_core.shell:Creating environment hook '/home/koki-22/ac_search/vrx_ws/install/share/data_collect/hook/ament_prefix_path.ps1'
[1.290s] INFO:colcon.colcon_core.shell:Creating environment descriptor '/home/koki-22/ac_search/vrx_ws/install/share/data_collect/hook/ament_prefix_path.dsv'
[1.291s] INFO:colcon.colcon_core.shell:Creating environment hook '/home/koki-22/ac_search/vrx_ws/install/share/data_collect/hook/ament_prefix_path.sh'
[1.295s] INFO:colcon.colcon_core.shell:Skip shell extension 'powershell' for command environment: Not usable outside of PowerShell
[1.295s] DEBUG:colcon.colcon_core.shell:Skip shell extension 'dsv' for command environment
[1.304s] INFO:colcon.colcon_ros.task.ament_python.build:Building ROS package in '/home/koki-22/ac_search/vrx_ws/src/navigaitonGUI' with build type 'ament_python'
[1.304s] Level 1:colcon.colcon_core.shell:create_environment_hook('navigaitonGUI', 'ament_prefix_path')
[1.307s] INFO:colcon.colcon_core.shell:Creating environment hook '/home/koki-22/ac_search/vrx_ws/install/share/navigaitonGUI/hook/ament_prefix_path.ps1'
[1.308s] INFO:colcon.colcon_core.shell:Creating environment descriptor '/home/koki-22/ac_search/vrx_ws/install/share/navigaitonGUI/hook/ament_prefix_path.dsv'
[1.308s] INFO:colcon.colcon_core.shell:Creating environment hook '/home/koki-22/ac_search/vrx_ws/install/share/navigaitonGUI/hook/ament_prefix_path.sh'
[1.312s] INFO:colcon.colcon_core.shell:Skip shell extension 'powershell' for command environment: Not usable outside of PowerShell
[1.312s] DEBUG:colcon.colcon_core.shell:Skip shell extension 'dsv' for command environment
[1.333s] DEBUG:colcon.colcon_core.event_handler.log_command:Invoking command in '/home/koki-22/ac_search/vrx_ws/build/vrx_gazebo': CMAKE_PREFIX_PATH=/opt/ros/humble:${CMAKE_PREFIX_PATH} /usr/bin/cmake --build /home/koki-22/ac_search/vrx_ws/build/vrx_gazebo -- -j16 -l16
[1.340s] DEBUG:colcon.colcon_core.event_handler.log_command:Invoking command in '/home/koki-22/ac_search/vrx_ws/build/vrx_ros': CMAKE_PREFIX_PATH=/opt/ros/humble:${CMAKE_PREFIX_PATH} /usr/bin/cmake --build /home/koki-22/ac_search/vrx_ws/build/vrx_ros -- -j16 -l16
[2.311s] INFO:colcon.colcon_core.task.python.build:Building Python package in '/home/koki-22/ac_search/vrx_ws/src/data_collect'
[2.314s] INFO:colcon.colcon_core.shell:Skip shell extension 'powershell' for command environment: Not usable outside of PowerShell
[2.314s] DEBUG:colcon.colcon_core.shell:Skip shell extension 'dsv' for command environment
[2.328s] DEBUG:colcon.colcon_core.event_handler.log_command:Invoked command in '/home/koki-22/ac_search/vrx_ws/build/vrx_ros' returned '0': CMAKE_PREFIX_PATH=/opt/ros/humble:${CMAKE_PREFIX_PATH} /usr/bin/cmake --build /home/koki-22/ac_search/vrx_ws/build/vrx_ros -- -j16 -l16
[3.035s] INFO:colcon.colcon_core.task.python.build:Building Python package in '/home/koki-22/ac_search/vrx_ws/src/navigaitonGUI'
[3.038s] INFO:colcon.colcon_core.shell:Skip shell extension 'powershell' for command environment: Not usable outside of PowerShell
[3.038s] DEBUG:colcon.colcon_core.shell:Skip shell extension 'dsv' for command environment
[3.055s] DEBUG:colcon.colcon_core.event_handler.log_command:Invoked command in '/home/koki-22/ac_search/vrx_ws/build/vrx_gazebo' returned '0': CMAKE_PREFIX_PATH=/opt/ros/humble:${CMAKE_PREFIX_PATH} /usr/bin/cmake --build /home/koki-22/ac_search/vrx_ws/build/vrx_gazebo -- -j16 -l16
[3.073s] DEBUG:colcon.colcon_core.event_handler.log_command:Invoking command in '/home/koki-22/ac_search/vrx_ws/build/vrx_ros': CMAKE_PREFIX_PATH=/opt/ros/humble:${CMAKE_PREFIX_PATH} /usr/bin/cmake --install /home/koki-22/ac_search/vrx_ws/build/vrx_ros
[3.096s] Level 1:colcon.colcon_core.environment:create_environment_scripts_only(vrx_ros)
[3.101s] DEBUG:colcon.colcon_core.event_handler.log_command:Invoking command in '/home/koki-22/ac_search/vrx_ws/build/vrx_gazebo': CMAKE_PREFIX_PATH=/opt/ros/humble:${CMAKE_PREFIX_PATH} /usr/bin/cmake --install /home/koki-22/ac_search/vrx_ws/build/vrx_gazebo
[3.102s] DEBUG:colcon.colcon_core.event_handler.log_command:Invoked command in '/home/koki-22/ac_search/vrx_ws/build/vrx_ros' returned '0': CMAKE_PREFIX_PATH=/opt/ros/humble:${CMAKE_PREFIX_PATH} /usr/bin/cmake --install /home/koki-22/ac_search/vrx_ws/build/vrx_ros
[3.112s] Level 1:colcon.colcon_core.environment:checking '/home/koki-22/ac_search/vrx_ws/install' for CMake module files
[3.118s] Level 1:colcon.colcon_core.environment:checking '/home/koki-22/ac_search/vrx_ws/install' for CMake config files
[3.120s] Level 1:colcon.colcon_core.shell:create_environment_hook('vrx_ros', 'cmake_prefix_path')
[3.123s] INFO:colcon.colcon_core.shell:Creating environment hook '/home/koki-22/ac_search/vrx_ws/install/share/vrx_ros/hook/cmake_prefix_path.ps1'
[3.125s] INFO:colcon.colcon_core.shell:Creating environment descriptor '/home/koki-22/ac_search/vrx_ws/install/share/vrx_ros/hook/cmake_prefix_path.dsv'
[3.127s] INFO:colcon.colcon_core.shell:Creating environment hook '/home/koki-22/ac_search/vrx_ws/install/share/vrx_ros/hook/cmake_prefix_path.sh'
[3.130s] Level 1:colcon.colcon_core.environment:checking '/home/koki-22/ac_search/vrx_ws/install/lib'
[3.131s] Level 1:colcon.colcon_core.shell:create_environment_hook('vrx_ros', 'ld_library_path_lib')
[3.135s] INFO:colcon.colcon_core.shell:Creating environment hook '/home/koki-22/ac_search/vrx_ws/install/share/vrx_ros/hook/ld_library_path_lib.ps1'
[3.137s] INFO:colcon.colcon_core.shell:Creating environment descriptor '/home/koki-22/ac_search/vrx_ws/install/share/vrx_ros/hook/ld_library_path_lib.dsv'
[3.138s] INFO:colcon.colcon_core.shell:Creating environment hook '/home/koki-22/ac_search/vrx_ws/install/share/vrx_ros/hook/ld_library_path_lib.sh'
[3.139s] Level 1:colcon.colcon_core.environment:checking '/home/koki-22/ac_search/vrx_ws/install/bin'
[3.139s] Level 1:colcon.colcon_core.environment:checking '/home/koki-22/ac_search/vrx_ws/install/lib/pkgconfig/vrx_ros.pc'
[3.140s] Level 1:colcon.colcon_core.environment:checking '/home/koki-22/ac_search/vrx_ws/install/lib/python3.10/site-packages'
[3.140s] Level 1:colcon.colcon_core.shell:create_environment_hook('vrx_ros', 'pythonpath')
[3.143s] INFO:colcon.colcon_core.shell:Creating environment hook '/home/koki-22/ac_search/vrx_ws/install/share/vrx_ros/hook/pythonpath.ps1'
[3.145s] INFO:colcon.colcon_core.shell:Creating environment descriptor '/home/koki-22/ac_search/vrx_ws/install/share/vrx_ros/hook/pythonpath.dsv'
[3.145s] INFO:colcon.colcon_core.shell:Creating environment hook '/home/koki-22/ac_search/vrx_ws/install/share/vrx_ros/hook/pythonpath.sh'
[3.148s] Level 1:colcon.colcon_core.environment:checking '/home/koki-22/ac_search/vrx_ws/install/bin'
[3.151s] INFO:colcon.colcon_core.shell:Creating package script '/home/koki-22/ac_search/vrx_ws/install/share/vrx_ros/package.ps1'
[3.153s] INFO:colcon.colcon_core.shell:Creating package descriptor '/home/koki-22/ac_search/vrx_ws/install/share/vrx_ros/package.dsv'
[3.155s] INFO:colcon.colcon_core.shell:Creating package script '/home/koki-22/ac_search/vrx_ws/install/share/vrx_ros/package.sh'
[3.156s] INFO:colcon.colcon_core.shell:Creating package script '/home/koki-22/ac_search/vrx_ws/install/share/vrx_ros/package.bash'
[3.158s] INFO:colcon.colcon_core.shell:Creating package script '/home/koki-22/ac_search/vrx_ws/install/share/vrx_ros/package.zsh'
[3.160s] Level 1:colcon.colcon_core.environment:create_file_with_runtime_dependencies(/home/koki-22/ac_search/vrx_ws/install/share/colcon-core/packages/vrx_ros)
[3.196s] Level 1:colcon.colcon_core.environment:create_environment_scripts_only(vrx_gazebo)
[3.202s] Level 1:colcon.colcon_core.environment:checking '/home/koki-22/ac_search/vrx_ws/install' for CMake module files
[3.203s] DEBUG:colcon.colcon_core.event_handler.log_command:Invoked command in '/home/koki-22/ac_search/vrx_ws/build/vrx_gazebo' returned '0': CMAKE_PREFIX_PATH=/opt/ros/humble:${CMAKE_PREFIX_PATH} /usr/bin/cmake --install /home/koki-22/ac_search/vrx_ws/build/vrx_gazebo
[3.204s] Level 1:colcon.colcon_core.environment:checking '/home/koki-22/ac_search/vrx_ws/install' for CMake config files
[3.204s] Level 1:colcon.colcon_core.shell:create_environment_hook('vrx_gazebo', 'cmake_prefix_path')
[3.207s] INFO:colcon.colcon_core.shell:Creating environment hook '/home/koki-22/ac_search/vrx_ws/install/share/vrx_gazebo/hook/cmake_prefix_path.ps1'
[3.208s] INFO:colcon.colcon_core.shell:Creating environment descriptor '/home/koki-22/ac_search/vrx_ws/install/share/vrx_gazebo/hook/cmake_prefix_path.dsv'
[3.208s] INFO:colcon.colcon_core.shell:Creating environment hook '/home/koki-22/ac_search/vrx_ws/install/share/vrx_gazebo/hook/cmake_prefix_path.sh'
[3.210s] Level 1:colcon.colcon_core.environment:checking '/home/koki-22/ac_search/vrx_ws/install/lib'
[3.210s] Level 1:colcon.colcon_core.shell:create_environment_hook('vrx_gazebo', 'ld_library_path_lib')
[3.213s] INFO:colcon.colcon_core.shell:Creating environment hook '/home/koki-22/ac_search/vrx_ws/install/share/vrx_gazebo/hook/ld_library_path_lib.ps1'
[3.213s] INFO:colcon.colcon_core.shell:Creating environment descriptor '/home/koki-22/ac_search/vrx_ws/install/share/vrx_gazebo/hook/ld_library_path_lib.dsv'
[3.214s] INFO:colcon.colcon_core.shell:Creating environment hook '/home/koki-22/ac_search/vrx_ws/install/share/vrx_gazebo/hook/ld_library_path_lib.sh'
[3.215s] Level 1:colcon.colcon_core.environment:checking '/home/koki-22/ac_search/vrx_ws/install/bin'
[3.215s] Level 1:colcon.colcon_core.environment:checking '/home/koki-22/ac_search/vrx_ws/install/lib/pkgconfig/vrx_gazebo.pc'
[3.215s] Level 1:colcon.colcon_core.environment:checking '/home/koki-22/ac_search/vrx_ws/install/lib/python3.10/site-packages'
[3.216s] Level 1:colcon.colcon_core.shell:create_environment_hook('vrx_gazebo', 'pythonpath')
[3.218s] INFO:colcon.colcon_core.shell:Creating environment hook '/home/koki-22/ac_search/vrx_ws/install/share/vrx_gazebo/hook/pythonpath.ps1'
[3.219s] INFO:colcon.colcon_core.shell:Creating environment descriptor '/home/koki-22/ac_search/vrx_ws/install/share/vrx_gazebo/hook/pythonpath.dsv'
[3.220s] INFO:colcon.colcon_core.shell:Creating environment hook '/home/koki-22/ac_search/vrx_ws/install/share/vrx_gazebo/hook/pythonpath.sh'
[3.221s] Level 1:colcon.colcon_core.environment:checking '/home/koki-22/ac_search/vrx_ws/install/bin'
[3.223s] INFO:colcon.colcon_core.shell:Creating package script '/home/koki-22/ac_search/vrx_ws/install/share/vrx_gazebo/package.ps1'
[3.224s] INFO:colcon.colcon_core.shell:Creating package descriptor '/home/koki-22/ac_search/vrx_ws/install/share/vrx_gazebo/package.dsv'
[3.225s] INFO:colcon.colcon_core.shell:Creating package script '/home/koki-22/ac_search/vrx_ws/install/share/vrx_gazebo/package.sh'
[3.226s] INFO:colcon.colcon_core.shell:Creating package script '/home/koki-22/ac_search/vrx_ws/install/share/vrx_gazebo/package.bash'
[3.227s] INFO:colcon.colcon_core.shell:Creating package script '/home/koki-22/ac_search/vrx_ws/install/share/vrx_gazebo/package.zsh'
[3.228s] Level 1:colcon.colcon_core.environment:create_file_with_runtime_dependencies(/home/koki-22/ac_search/vrx_ws/install/share/colcon-core/packages/vrx_gazebo)
[3.233s] Level 1:colcon.colcon_core.environment:create_environment_scripts_only(vrx_ros)
[3.237s] Level 1:colcon.colcon_core.environment:checking '/home/koki-22/ac_search/vrx_ws/install' for CMake module files
[3.238s] Level 1:colcon.colcon_core.environment:checking '/home/koki-22/ac_search/vrx_ws/install' for CMake config files
[3.238s] Level 1:colcon.colcon_core.shell:create_environment_hook('vrx_ros', 'cmake_prefix_path')
[3.241s] INFO:colcon.colcon_core.shell:Creating environment hook '/home/koki-22/ac_search/vrx_ws/install/share/vrx_ros/hook/cmake_prefix_path.ps1'
[3.242s] INFO:colcon.colcon_core.shell:Creating environment descriptor '/home/koki-22/ac_search/vrx_ws/install/share/vrx_ros/hook/cmake_prefix_path.dsv'
[3.242s] INFO:colcon.colcon_core.shell:Creating environment hook '/home/koki-22/ac_search/vrx_ws/install/share/vrx_ros/hook/cmake_prefix_path.sh'
[3.243s] Level 1:colcon.colcon_core.environment:checking '/home/koki-22/ac_search/vrx_ws/install/lib'
[3.244s] Level 1:colcon.colcon_core.shell:create_environment_hook('vrx_ros', 'ld_library_path_lib')
[3.246s] INFO:colcon.colcon_core.shell:Creating environment hook '/home/koki-22/ac_search/vrx_ws/install/share/vrx_ros/hook/ld_library_path_lib.ps1'
[3.247s] INFO:colcon.colcon_core.shell:Creating environment descriptor '/home/koki-22/ac_search/vrx_ws/install/share/vrx_ros/hook/ld_library_path_lib.dsv'
[3.248s] INFO:colcon.colcon_core.shell:Creating environment hook '/home/koki-22/ac_search/vrx_ws/install/share/vrx_ros/hook/ld_library_path_lib.sh'
[3.248s] Level 1:colcon.colcon_core.environment:checking '/home/koki-22/ac_search/vrx_ws/install/bin'
[3.249s] Level 1:colcon.colcon_core.environment:checking '/home/koki-22/ac_search/vrx_ws/install/lib/pkgconfig/vrx_ros.pc'
[3.249s] Level 1:colcon.colcon_core.environment:checking '/home/koki-22/ac_search/vrx_ws/install/lib/python3.10/site-packages'
[3.249s] Level 1:colcon.colcon_core.shell:create_environment_hook('vrx_ros', 'pythonpath')
[3.252s] INFO:colcon.colcon_core.shell:Creating environment hook '/home/koki-22/ac_search/vrx_ws/install/share/vrx_ros/hook/pythonpath.ps1'
[3.252s] INFO:colcon.colcon_core.shell:Creating environment descriptor '/home/koki-22/ac_search/vrx_ws/install/share/vrx_ros/hook/pythonpath.dsv'
[3.253s] INFO:colcon.colcon_core.shell:Creating environment hook '/home/koki-22/ac_search/vrx_ws/install/share/vrx_ros/hook/pythonpath.sh'
[3.254s] Level 1:colcon.colcon_core.environment:checking '/home/koki-22/ac_search/vrx_ws/install/bin'
[3.256s] INFO:colcon.colcon_core.shell:Creating package script '/home/koki-22/ac_search/vrx_ws/install/share/vrx_ros/package.ps1'
[3.258s] INFO:colcon.colcon_core.shell:Creating package descriptor '/home/koki-22/ac_search/vrx_ws/install/share/vrx_ros/package.dsv'
[3.260s] INFO:colcon.colcon_core.shell:Creating package script '/home/koki-22/ac_search/vrx_ws/install/share/vrx_ros/package.sh'
[3.261s] INFO:colcon.colcon_core.shell:Creating package script '/home/koki-22/ac_search/vrx_ws/install/share/vrx_ros/package.bash'
[3.262s] INFO:colcon.colcon_core.shell:Creating package script '/home/koki-22/ac_search/vrx_ws/install/share/vrx_ros/package.zsh'
[3.262s] Level 1:colcon.colcon_core.environment:create_file_with_runtime_dependencies(/home/koki-22/ac_search/vrx_ws/install/share/colcon-core/packages/vrx_ros)
[3.263s] INFO:colcon.colcon_ros.task.ament_cmake.build:Building ROS package in '/home/koki-22/ac_search/vrx_ws/src/vrx/vrx_gz' with build type 'ament_cmake'
[3.264s] INFO:colcon.colcon_cmake.task.cmake.build:Building CMake package in '/home/koki-22/ac_search/vrx_ws/src/vrx/vrx_gz'
[3.266s] INFO:colcon.colcon_core.shell:Skip shell extension 'powershell' for command environment: Not usable outside of PowerShell
[3.267s] DEBUG:colcon.colcon_core.shell:Skip shell extension 'dsv' for command environment
[3.280s] Level 1:colcon.colcon_core.environment:create_environment_scripts_only(vrx_gazebo)
[3.285s] Level 1:colcon.colcon_core.environment:checking '/home/koki-22/ac_search/vrx_ws/install' for CMake module files
[3.286s] Level 1:colcon.colcon_core.environment:checking '/home/koki-22/ac_search/vrx_ws/install' for CMake config files
[3.286s] Level 1:colcon.colcon_core.shell:create_environment_hook('vrx_gazebo', 'cmake_prefix_path')
[3.288s] INFO:colcon.colcon_core.shell:Creating environment hook '/home/koki-22/ac_search/vrx_ws/install/share/vrx_gazebo/hook/cmake_prefix_path.ps1'
[3.289s] INFO:colcon.colcon_core.shell:Creating environment descriptor '/home/koki-22/ac_search/vrx_ws/install/share/vrx_gazebo/hook/cmake_prefix_path.dsv'
[3.290s] INFO:colcon.colcon_core.shell:Creating environment hook '/home/koki-22/ac_search/vrx_ws/install/share/vrx_gazebo/hook/cmake_prefix_path.sh'
[3.291s] Level 1:colcon.colcon_core.environment:checking '/home/koki-22/ac_search/vrx_ws/install/lib'
[3.292s] Level 1:colcon.colcon_core.shell:create_environment_hook('vrx_gazebo', 'ld_library_path_lib')
[3.295s] INFO:colcon.colcon_core.shell:Creating environment hook '/home/koki-22/ac_search/vrx_ws/install/share/vrx_gazebo/hook/ld_library_path_lib.ps1'
[3.296s] INFO:colcon.colcon_core.shell:Creating environment descriptor '/home/koki-22/ac_search/vrx_ws/install/share/vrx_gazebo/hook/ld_library_path_lib.dsv'
[3.297s] INFO:colcon.colcon_core.shell:Creating environment hook '/home/koki-22/ac_search/vrx_ws/install/share/vrx_gazebo/hook/ld_library_path_lib.sh'
[3.298s] Level 1:colcon.colcon_core.environment:checking '/home/koki-22/ac_search/vrx_ws/install/bin'
[3.298s] Level 1:colcon.colcon_core.environment:checking '/home/koki-22/ac_search/vrx_ws/install/lib/pkgconfig/vrx_gazebo.pc'
[3.298s] Level 1:colcon.colcon_core.environment:checking '/home/koki-22/ac_search/vrx_ws/install/lib/python3.10/site-packages'
[3.298s] Level 1:colcon.colcon_core.shell:create_environment_hook('vrx_gazebo', 'pythonpath')
[3.301s] INFO:colcon.colcon_core.shell:Creating environment hook '/home/koki-22/ac_search/vrx_ws/install/share/vrx_gazebo/hook/pythonpath.ps1'
[3.302s] INFO:colcon.colcon_core.shell:Creating environment descriptor '/home/koki-22/ac_search/vrx_ws/install/share/vrx_gazebo/hook/pythonpath.dsv'
[3.302s] INFO:colcon.colcon_core.shell:Creating environment hook '/home/koki-22/ac_search/vrx_ws/install/share/vrx_gazebo/hook/pythonpath.sh'
[3.303s] Level 1:colcon.colcon_core.environment:checking '/home/koki-22/ac_search/vrx_ws/install/bin'
[3.307s] INFO:colcon.colcon_core.shell:Creating package script '/home/koki-22/ac_search/vrx_ws/install/share/vrx_gazebo/package.ps1'
[3.308s] INFO:colcon.colcon_core.shell:Creating package descriptor '/home/koki-22/ac_search/vrx_ws/install/share/vrx_gazebo/package.dsv'
[3.309s] INFO:colcon.colcon_core.shell:Creating package script '/home/koki-22/ac_search/vrx_ws/install/share/vrx_gazebo/package.sh'
[3.311s] INFO:colcon.colcon_core.shell:Creating package script '/home/koki-22/ac_search/vrx_ws/install/share/vrx_gazebo/package.bash'
[3.312s] INFO:colcon.colcon_core.shell:Creating package script '/home/koki-22/ac_search/vrx_ws/install/share/vrx_gazebo/package.zsh'
[3.312s] Level 1:colcon.colcon_core.environment:create_file_with_runtime_dependencies(/home/koki-22/ac_search/vrx_ws/install/share/colcon-core/packages/vrx_gazebo)
[3.314s] INFO:colcon.colcon_ros.task.ament_cmake.build:Building ROS package in '/home/koki-22/ac_search/vrx_ws/src/vrx/vrx_urdf/wamv_description' with build type 'ament_cmake'
[3.314s] INFO:colcon.colcon_cmake.task.cmake.build:Building CMake package in '/home/koki-22/ac_search/vrx_ws/src/vrx/vrx_urdf/wamv_description'
[3.317s] INFO:colcon.colcon_core.shell:Skip shell extension 'powershell' for command environment: Not usable outside of PowerShell
[3.317s] DEBUG:colcon.colcon_core.shell:Skip shell extension 'dsv' for command environment
[3.337s] DEBUG:colcon.colcon_core.event_handler.log_command:Invoking command in '/home/koki-22/ac_search/vrx_ws/build/vrx_gz': CMAKE_PREFIX_PATH=/opt/ros/humble:${CMAKE_PREFIX_PATH} PYTHONPATH=/home/koki-22/ac_search/vrx_ws/install/lib/python3.10/site-packages:/home/koki-22/ac_search/vrx_ws/install/local/lib/python3.10/dist-packages:/opt/ros/humble/lib/python3.10/site-packages:/opt/ros/humble/local/lib/python3.10/dist-packages /usr/bin/cmake --build /home/koki-22/ac_search/vrx_ws/build/vrx_gz -- -j16 -l16
[3.343s] DEBUG:colcon.colcon_core.event_handler.log_command:Invoking command in '/home/koki-22/ac_search/vrx_ws/build/wamv_description': CMAKE_PREFIX_PATH=/opt/ros/humble:${CMAKE_PREFIX_PATH} GZ_SIM_RESOURCE_PATH=/home/koki-22/ac_search/vrx_ws/install/share:${GZ_SIM_RESOURCE_PATH} PYTHONPATH=/home/koki-22/ac_search/vrx_ws/install/lib/python3.10/site-packages:/home/koki-22/ac_search/vrx_ws/install/local/lib/python3.10/dist-packages:/opt/ros/humble/lib/python3.10/site-packages:/opt/ros/humble/local/lib/python3.10/dist-packages /usr/bin/cmake --build /home/koki-22/ac_search/vrx_ws/build/wamv_description -- -j16 -l16
[3.467s] DEBUG:colcon.colcon_core.event_handler.log_command:Invoked command in '/home/koki-22/ac_search/vrx_ws/build/wamv_description' returned '0': CMAKE_PREFIX_PATH=/opt/ros/humble:${CMAKE_PREFIX_PATH} GZ_SIM_RESOURCE_PATH=/home/koki-22/ac_search/vrx_ws/install/share:${GZ_SIM_RESOURCE_PATH} PYTHONPATH=/home/koki-22/ac_search/vrx_ws/install/lib/python3.10/site-packages:/home/koki-22/ac_search/vrx_ws/install/local/lib/python3.10/dist-packages:/opt/ros/humble/lib/python3.10/site-packages:/opt/ros/humble/local/lib/python3.10/dist-packages /usr/bin/cmake --build /home/koki-22/ac_search/vrx_ws/build/wamv_description -- -j16 -l16
[3.521s] DEBUG:colcon.colcon_core.event_handler.log_command:Invoking command in '/home/koki-22/ac_search/vrx_ws/build/wamv_description': CMAKE_PREFIX_PATH=/opt/ros/humble:${CMAKE_PREFIX_PATH} GZ_SIM_RESOURCE_PATH=/home/koki-22/ac_search/vrx_ws/install/share:${GZ_SIM_RESOURCE_PATH} PYTHONPATH=/home/koki-22/ac_search/vrx_ws/install/lib/python3.10/site-packages:/home/koki-22/ac_search/vrx_ws/install/local/lib/python3.10/dist-packages:/opt/ros/humble/lib/python3.10/site-packages:/opt/ros/humble/local/lib/python3.10/dist-packages /usr/bin/cmake --install /home/koki-22/ac_search/vrx_ws/build/wamv_description
[3.550s] Level 1:colcon.colcon_core.environment:create_environment_scripts_only(wamv_description)
[3.556s] Level 1:colcon.colcon_core.environment:checking '/home/koki-22/ac_search/vrx_ws/install' for CMake module files
[3.559s] Level 1:colcon.colcon_core.environment:checking '/home/koki-22/ac_search/vrx_ws/install' for CMake config files
[3.560s] Level 1:colcon.colcon_core.shell:create_environment_hook('wamv_description', 'cmake_prefix_path')
[3.564s] INFO:colcon.colcon_core.shell:Creating environment hook '/home/koki-22/ac_search/vrx_ws/install/share/wamv_description/hook/cmake_prefix_path.ps1'
[3.567s] INFO:colcon.colcon_core.shell:Creating environment descriptor '/home/koki-22/ac_search/vrx_ws/install/share/wamv_description/hook/cmake_prefix_path.dsv'
[3.568s] INFO:colcon.colcon_core.shell:Creating environment hook '/home/koki-22/ac_search/vrx_ws/install/share/wamv_description/hook/cmake_prefix_path.sh'
[3.572s] Level 1:colcon.colcon_core.environment:checking '/home/koki-22/ac_search/vrx_ws/install/lib'
[3.573s] Level 1:colcon.colcon_core.shell:create_environment_hook('wamv_description', 'ld_library_path_lib')
[3.573s] DEBUG:colcon.colcon_core.event_handler.log_command:Invoked command in '/home/koki-22/ac_search/vrx_ws/build/wamv_description' returned '0': CMAKE_PREFIX_PATH=/opt/ros/humble:${CMAKE_PREFIX_PATH} GZ_SIM_RESOURCE_PATH=/home/koki-22/ac_search/vrx_ws/install/share:${GZ_SIM_RESOURCE_PATH} PYTHONPATH=/home/koki-22/ac_search/vrx_ws/install/lib/python3.10/site-packages:/home/koki-22/ac_search/vrx_ws/install/local/lib/python3.10/dist-packages:/opt/ros/humble/lib/python3.10/site-packages:/opt/ros/humble/local/lib/python3.10/dist-packages /usr/bin/cmake --install /home/koki-22/ac_search/vrx_ws/build/wamv_description
[3.578s] INFO:colcon.colcon_core.shell:Creating environment hook '/home/koki-22/ac_search/vrx_ws/install/share/wamv_description/hook/ld_library_path_lib.ps1'
[3.580s] INFO:colcon.colcon_core.shell:Creating environment descriptor '/home/koki-22/ac_search/vrx_ws/install/share/wamv_description/hook/ld_library_path_lib.dsv'
[3.581s] INFO:colcon.colcon_core.shell:Creating environment hook '/home/koki-22/ac_search/vrx_ws/install/share/wamv_description/hook/ld_library_path_lib.sh'
[3.582s] Level 1:colcon.colcon_core.environment:checking '/home/koki-22/ac_search/vrx_ws/install/bin'
[3.582s] Level 1:colcon.colcon_core.environment:checking '/home/koki-22/ac_search/vrx_ws/install/lib/pkgconfig/wamv_description.pc'
[3.583s] Level 1:colcon.colcon_core.environment:checking '/home/koki-22/ac_search/vrx_ws/install/lib/python3.10/site-packages'
[3.583s] Level 1:colcon.colcon_core.shell:create_environment_hook('wamv_description', 'pythonpath')
[3.587s] INFO:colcon.colcon_core.shell:Creating environment hook '/home/koki-22/ac_search/vrx_ws/install/share/wamv_description/hook/pythonpath.ps1'
[3.588s] INFO:colcon.colcon_core.shell:Creating environment descriptor '/home/koki-22/ac_search/vrx_ws/install/share/wamv_description/hook/pythonpath.dsv'
[3.589s] INFO:colcon.colcon_core.shell:Creating environment hook '/home/koki-22/ac_search/vrx_ws/install/share/wamv_description/hook/pythonpath.sh'
[3.590s] Level 1:colcon.colcon_core.environment:checking '/home/koki-22/ac_search/vrx_ws/install/bin'
[3.595s] INFO:colcon.colcon_core.shell:Creating package script '/home/koki-22/ac_search/vrx_ws/install/share/wamv_description/package.ps1'
[3.598s] INFO:colcon.colcon_core.shell:Creating package descriptor '/home/koki-22/ac_search/vrx_ws/install/share/wamv_description/package.dsv'
[3.600s] INFO:colcon.colcon_core.shell:Creating package script '/home/koki-22/ac_search/vrx_ws/install/share/wamv_description/package.sh'
[3.601s] INFO:colcon.colcon_core.shell:Creating package script '/home/koki-22/ac_search/vrx_ws/install/share/wamv_description/package.bash'
[3.602s] INFO:colcon.colcon_core.shell:Creating package script '/home/koki-22/ac_search/vrx_ws/install/share/wamv_description/package.zsh'
[3.603s] Level 1:colcon.colcon_core.environment:create_file_with_runtime_dependencies(/home/koki-22/ac_search/vrx_ws/install/share/colcon-core/packages/wamv_description)
[3.639s] Level 1:colcon.colcon_core.environment:create_environment_scripts_only(wamv_description)
[3.643s] Level 1:colcon.colcon_core.environment:checking '/home/koki-22/ac_search/vrx_ws/install' for CMake module files
[3.644s] Level 1:colcon.colcon_core.environment:checking '/home/koki-22/ac_search/vrx_ws/install' for CMake config files
[3.645s] Level 1:colcon.colcon_core.shell:create_environment_hook('wamv_description', 'cmake_prefix_path')
[3.648s] INFO:colcon.colcon_core.shell:Creating environment hook '/home/koki-22/ac_search/vrx_ws/install/share/wamv_description/hook/cmake_prefix_path.ps1'
[3.649s] INFO:colcon.colcon_core.shell:Creating environment descriptor '/home/koki-22/ac_search/vrx_ws/install/share/wamv_description/hook/cmake_prefix_path.dsv'
[3.649s] INFO:colcon.colcon_core.shell:Creating environment hook '/home/koki-22/ac_search/vrx_ws/install/share/wamv_description/hook/cmake_prefix_path.sh'
[3.650s] Level 1:colcon.colcon_core.environment:checking '/home/koki-22/ac_search/vrx_ws/install/lib'
[3.650s] Level 1:colcon.colcon_core.shell:create_environment_hook('wamv_description', 'ld_library_path_lib')
[3.653s] INFO:colcon.colcon_core.shell:Creating environment hook '/home/koki-22/ac_search/vrx_ws/install/share/wamv_description/hook/ld_library_path_lib.ps1'
[3.653s] INFO:colcon.colcon_core.shell:Creating environment descriptor '/home/koki-22/ac_search/vrx_ws/install/share/wamv_description/hook/ld_library_path_lib.dsv'
[3.654s] INFO:colcon.colcon_core.shell:Creating environment hook '/home/koki-22/ac_search/vrx_ws/install/share/wamv_description/hook/ld_library_path_lib.sh'
[3.654s] Level 1:colcon.colcon_core.environment:checking '/home/koki-22/ac_search/vrx_ws/install/bin'
[3.654s] Level 1:colcon.colcon_core.environment:checking '/home/koki-22/ac_search/vrx_ws/install/lib/pkgconfig/wamv_description.pc'
[3.655s] Level 1:colcon.colcon_core.environment:checking '/home/koki-22/ac_search/vrx_ws/install/lib/python3.10/site-packages'
[3.655s] Level 1:colcon.colcon_core.shell:create_environment_hook('wamv_description', 'pythonpath')
[3.657s] INFO:colcon.colcon_core.shell:Creating environment hook '/home/koki-22/ac_search/vrx_ws/install/share/wamv_description/hook/pythonpath.ps1'
[3.659s] INFO:colcon.colcon_core.shell:Creating environment descriptor '/home/koki-22/ac_search/vrx_ws/install/share/wamv_description/hook/pythonpath.dsv'
[3.659s] INFO:colcon.colcon_core.shell:Creating environment hook '/home/koki-22/ac_search/vrx_ws/install/share/wamv_description/hook/pythonpath.sh'
[3.660s] Level 1:colcon.colcon_core.environment:checking '/home/koki-22/ac_search/vrx_ws/install/bin'
[3.663s] INFO:colcon.colcon_core.shell:Creating package script '/home/koki-22/ac_search/vrx_ws/install/share/wamv_description/package.ps1'
[3.665s] INFO:colcon.colcon_core.shell:Creating package descriptor '/home/koki-22/ac_search/vrx_ws/install/share/wamv_description/package.dsv'
[3.666s] INFO:colcon.colcon_core.shell:Creating package script '/home/koki-22/ac_search/vrx_ws/install/share/wamv_description/package.sh'
[3.667s] INFO:colcon.colcon_core.shell:Creating package script '/home/koki-22/ac_search/vrx_ws/install/share/wamv_description/package.bash'
[3.668s] INFO:colcon.colcon_core.shell:Creating package script '/home/koki-22/ac_search/vrx_ws/install/share/wamv_description/package.zsh'
[3.668s] Level 1:colcon.colcon_core.environment:create_file_with_runtime_dependencies(/home/koki-22/ac_search/vrx_ws/install/share/colcon-core/packages/wamv_description)
[3.669s] INFO:colcon.colcon_ros.task.ament_cmake.build:Building ROS package in '/home/koki-22/ac_search/vrx_ws/src/vrx/vrx_urdf/wamv_gazebo' with build type 'ament_cmake'
[3.669s] INFO:colcon.colcon_cmake.task.cmake.build:Building CMake package in '/home/koki-22/ac_search/vrx_ws/src/vrx/vrx_urdf/wamv_gazebo'
[3.672s] INFO:colcon.colcon_core.shell:Skip shell extension 'powershell' for command environment: Not usable outside of PowerShell
[3.672s] DEBUG:colcon.colcon_core.shell:Skip shell extension 'dsv' for command environment
[3.695s] DEBUG:colcon.colcon_core.event_handler.log_command:Invoking command in '/home/koki-22/ac_search/vrx_ws/build/wamv_gazebo': CMAKE_PREFIX_PATH=/opt/ros/humble:${CMAKE_PREFIX_PATH} GZ_SIM_RESOURCE_PATH=/home/koki-22/ac_search/vrx_ws/install/share:${GZ_SIM_RESOURCE_PATH} PYTHONPATH=/home/koki-22/ac_search/vrx_ws/install/lib/python3.10/site-packages:/home/koki-22/ac_search/vrx_ws/install/local/lib/python3.10/dist-packages:/opt/ros/humble/lib/python3.10/site-packages:/opt/ros/humble/local/lib/python3.10/dist-packages /usr/bin/cmake --build /home/koki-22/ac_search/vrx_ws/build/wamv_gazebo -- -j16 -l16
[3.762s] DEBUG:colcon.colcon_core.event_handler.log_command:Invoked command in '/home/koki-22/ac_search/vrx_ws/build/wamv_gazebo' returned '0': CMAKE_PREFIX_PATH=/opt/ros/humble:${CMAKE_PREFIX_PATH} GZ_SIM_RESOURCE_PATH=/home/koki-22/ac_search/vrx_ws/install/share:${GZ_SIM_RESOURCE_PATH} PYTHONPATH=/home/koki-22/ac_search/vrx_ws/install/lib/python3.10/site-packages:/home/koki-22/ac_search/vrx_ws/install/local/lib/python3.10/dist-packages:/opt/ros/humble/lib/python3.10/site-packages:/opt/ros/humble/local/lib/python3.10/dist-packages /usr/bin/cmake --build /home/koki-22/ac_search/vrx_ws/build/wamv_gazebo -- -j16 -l16
[3.800s] DEBUG:colcon.colcon_core.event_handler.log_command:Invoking command in '/home/koki-22/ac_search/vrx_ws/build/wamv_gazebo': CMAKE_PREFIX_PATH=/opt/ros/humble:${CMAKE_PREFIX_PATH} GZ_SIM_RESOURCE_PATH=/home/koki-22/ac_search/vrx_ws/install/share:${GZ_SIM_RESOURCE_PATH} PYTHONPATH=/home/koki-22/ac_search/vrx_ws/install/lib/python3.10/site-packages:/home/koki-22/ac_search/vrx_ws/install/local/lib/python3.10/dist-packages:/opt/ros/humble/lib/python3.10/site-packages:/opt/ros/humble/local/lib/python3.10/dist-packages /usr/bin/cmake --install /home/koki-22/ac_search/vrx_ws/build/wamv_gazebo
[3.818s] Level 1:colcon.colcon_core.environment:create_environment_scripts_only(wamv_gazebo)
[3.824s] Level 1:colcon.colcon_core.environment:checking '/home/koki-22/ac_search/vrx_ws/install' for CMake module files
[3.828s] Level 1:colcon.colcon_core.environment:checking '/home/koki-22/ac_search/vrx_ws/install' for CMake config files
[3.830s] Level 1:colcon.colcon_core.shell:create_environment_hook('wamv_gazebo', 'cmake_prefix_path')
[3.833s] INFO:colcon.colcon_core.shell:Creating environment hook '/home/koki-22/ac_search/vrx_ws/install/share/wamv_gazebo/hook/cmake_prefix_path.ps1'
[3.834s] INFO:colcon.colcon_core.shell:Creating environment descriptor '/home/koki-22/ac_search/vrx_ws/install/share/wamv_gazebo/hook/cmake_prefix_path.dsv'
[3.836s] INFO:colcon.colcon_core.shell:Creating environment hook '/home/koki-22/ac_search/vrx_ws/install/share/wamv_gazebo/hook/cmake_prefix_path.sh'
[3.838s] Level 1:colcon.colcon_core.environment:checking '/home/koki-22/ac_search/vrx_ws/install/lib'
[3.838s] Level 1:colcon.colcon_core.shell:create_environment_hook('wamv_gazebo', 'ld_library_path_lib')
[3.841s] INFO:colcon.colcon_core.shell:Creating environment hook '/home/koki-22/ac_search/vrx_ws/install/share/wamv_gazebo/hook/ld_library_path_lib.ps1'
[3.843s] DEBUG:colcon.colcon_core.event_handler.log_command:Invoked command in '/home/koki-22/ac_search/vrx_ws/build/wamv_gazebo' returned '0': CMAKE_PREFIX_PATH=/opt/ros/humble:${CMAKE_PREFIX_PATH} GZ_SIM_RESOURCE_PATH=/home/koki-22/ac_search/vrx_ws/install/share:${GZ_SIM_RESOURCE_PATH} PYTHONPATH=/home/koki-22/ac_search/vrx_ws/install/lib/python3.10/site-packages:/home/koki-22/ac_search/vrx_ws/install/local/lib/python3.10/dist-packages:/opt/ros/humble/lib/python3.10/site-packages:/opt/ros/humble/local/lib/python3.10/dist-packages /usr/bin/cmake --install /home/koki-22/ac_search/vrx_ws/build/wamv_gazebo
[3.844s] INFO:colcon.colcon_core.shell:Creating environment descriptor '/home/koki-22/ac_search/vrx_ws/install/share/wamv_gazebo/hook/ld_library_path_lib.dsv'
[3.844s] INFO:colcon.colcon_core.shell:Creating environment hook '/home/koki-22/ac_search/vrx_ws/install/share/wamv_gazebo/hook/ld_library_path_lib.sh'
[3.845s] Level 1:colcon.colcon_core.environment:checking '/home/koki-22/ac_search/vrx_ws/install/bin'
[3.845s] Level 1:colcon.colcon_core.environment:checking '/home/koki-22/ac_search/vrx_ws/install/lib/pkgconfig/wamv_gazebo.pc'
[3.846s] Level 1:colcon.colcon_core.environment:checking '/home/koki-22/ac_search/vrx_ws/install/lib/python3.10/site-packages'
[3.846s] Level 1:colcon.colcon_core.shell:create_environment_hook('wamv_gazebo', 'pythonpath')
[3.849s] INFO:colcon.colcon_core.shell:Creating environment hook '/home/koki-22/ac_search/vrx_ws/install/share/wamv_gazebo/hook/pythonpath.ps1'
[3.850s] INFO:colcon.colcon_core.shell:Creating environment descriptor '/home/koki-22/ac_search/vrx_ws/install/share/wamv_gazebo/hook/pythonpath.dsv'
[3.850s] INFO:colcon.colcon_core.shell:Creating environment hook '/home/koki-22/ac_search/vrx_ws/install/share/wamv_gazebo/hook/pythonpath.sh'
[3.851s] Level 1:colcon.colcon_core.environment:checking '/home/koki-22/ac_search/vrx_ws/install/bin'
[3.855s] INFO:colcon.colcon_core.shell:Creating package script '/home/koki-22/ac_search/vrx_ws/install/share/wamv_gazebo/package.ps1'
[3.856s] INFO:colcon.colcon_core.shell:Creating package descriptor '/home/koki-22/ac_search/vrx_ws/install/share/wamv_gazebo/package.dsv'
[3.857s] INFO:colcon.colcon_core.shell:Creating package script '/home/koki-22/ac_search/vrx_ws/install/share/wamv_gazebo/package.sh'
[3.858s] INFO:colcon.colcon_core.shell:Creating package script '/home/koki-22/ac_search/vrx_ws/install/share/wamv_gazebo/package.bash'
[3.858s] INFO:colcon.colcon_core.shell:Creating package script '/home/koki-22/ac_search/vrx_ws/install/share/wamv_gazebo/package.zsh'
[3.859s] Level 1:colcon.colcon_core.environment:create_file_with_runtime_dependencies(/home/koki-22/ac_search/vrx_ws/install/share/colcon-core/packages/wamv_gazebo)
[3.896s] Level 1:colcon.colcon_core.environment:create_environment_scripts_only(wamv_gazebo)
[3.903s] Level 1:colcon.colcon_core.environment:checking '/home/koki-22/ac_search/vrx_ws/install' for CMake module files
[3.904s] Level 1:colcon.colcon_core.environment:checking '/home/koki-22/ac_search/vrx_ws/install' for CMake config files
[3.905s] Level 1:colcon.colcon_core.shell:create_environment_hook('wamv_gazebo', 'cmake_prefix_path')
[3.909s] INFO:colcon.colcon_core.shell:Creating environment hook '/home/koki-22/ac_search/vrx_ws/install/share/wamv_gazebo/hook/cmake_prefix_path.ps1'
[3.910s] INFO:colcon.colcon_core.shell:Creating environment descriptor '/home/koki-22/ac_search/vrx_ws/install/share/wamv_gazebo/hook/cmake_prefix_path.dsv'
[3.910s] INFO:colcon.colcon_core.shell:Creating environment hook '/home/koki-22/ac_search/vrx_ws/install/share/wamv_gazebo/hook/cmake_prefix_path.sh'
[3.912s] Level 1:colcon.colcon_core.environment:checking '/home/koki-22/ac_search/vrx_ws/install/lib'
[3.912s] Level 1:colcon.colcon_core.shell:create_environment_hook('wamv_gazebo', 'ld_library_path_lib')
[3.916s] INFO:colcon.colcon_core.shell:Creating environment hook '/home/koki-22/ac_search/vrx_ws/install/share/wamv_gazebo/hook/ld_library_path_lib.ps1'
[3.917s] INFO:colcon.colcon_core.shell:Creating environment descriptor '/home/koki-22/ac_search/vrx_ws/install/share/wamv_gazebo/hook/ld_library_path_lib.dsv'
[3.918s] INFO:colcon.colcon_core.shell:Creating environment hook '/home/koki-22/ac_search/vrx_ws/install/share/wamv_gazebo/hook/ld_library_path_lib.sh'
[3.919s] Level 1:colcon.colcon_core.environment:checking '/home/koki-22/ac_search/vrx_ws/install/bin'
[3.919s] Level 1:colcon.colcon_core.environment:checking '/home/koki-22/ac_search/vrx_ws/install/lib/pkgconfig/wamv_gazebo.pc'
[3.920s] Level 1:colcon.colcon_core.environment:checking '/home/koki-22/ac_search/vrx_ws/install/lib/python3.10/site-packages'
[3.920s] Level 1:colcon.colcon_core.shell:create_environment_hook('wamv_gazebo', 'pythonpath')
[3.924s] INFO:colcon.colcon_core.shell:Creating environment hook '/home/koki-22/ac_search/vrx_ws/install/share/wamv_gazebo/hook/pythonpath.ps1'
[3.925s] INFO:colcon.colcon_core.shell:Creating environment descriptor '/home/koki-22/ac_search/vrx_ws/install/share/wamv_gazebo/hook/pythonpath.dsv'
[3.926s] INFO:colcon.colcon_core.shell:Creating environment hook '/home/koki-22/ac_search/vrx_ws/install/share/wamv_gazebo/hook/pythonpath.sh'
[3.927s] Level 1:colcon.colcon_core.environment:checking '/home/koki-22/ac_search/vrx_ws/install/bin'
[3.932s] INFO:colcon.colcon_core.shell:Creating package script '/home/koki-22/ac_search/vrx_ws/install/share/wamv_gazebo/package.ps1'
[3.934s] INFO:colcon.colcon_core.shell:Creating package descriptor '/home/koki-22/ac_search/vrx_ws/install/share/wamv_gazebo/package.dsv'
[3.935s] INFO:colcon.colcon_core.shell:Creating package script '/home/koki-22/ac_search/vrx_ws/install/share/wamv_gazebo/package.sh'
[3.937s] INFO:colcon.colcon_core.shell:Creating package script '/home/koki-22/ac_search/vrx_ws/install/share/wamv_gazebo/package.bash'
[3.938s] INFO:colcon.colcon_core.shell:Creating package script '/home/koki-22/ac_search/vrx_ws/install/share/wamv_gazebo/package.zsh'
[3.939s] Level 1:colcon.colcon_core.environment:create_file_with_runtime_dependencies(/home/koki-22/ac_search/vrx_ws/install/share/colcon-core/packages/wamv_gazebo)
[3.998s] DEBUG:colcon.colcon_core.event_handler.log_command:Invoking command in '/home/koki-22/ac_search/vrx_ws/src/navigaitonGUI': PYTHONPATH=/home/koki-22/ac_search/vrx_ws/build/navigaitonGUI/prefix_override:/home/koki-22/ac_search/vrx_ws/install/lib/python3.10/site-packages:${PYTHONPATH} /usr/bin/python3 setup.py egg_info --egg-base ../../build/navigaitonGUI build --build-base /home/koki-22/ac_search/vrx_ws/build/navigaitonGUI/build install --record /home/koki-22/ac_search/vrx_ws/build/navigaitonGUI/install.log --single-version-externally-managed
[4.011s] DEBUG:colcon.colcon_core.event_handler.log_command:Invoking command in '/home/koki-22/ac_search/vrx_ws/src/data_collect': PYTHONPATH=/home/koki-22/ac_search/vrx_ws/build/data_collect/prefix_override:/home/koki-22/ac_search/vrx_ws/install/lib/python3.10/site-packages:${PYTHONPATH} /usr/bin/python3 setup.py egg_info --egg-base ../../build/data_collect build --build-base /home/koki-22/ac_search/vrx_ws/build/data_collect/build install --record /home/koki-22/ac_search/vrx_ws/build/data_collect/install.log --single-version-externally-managed
[4.289s] DEBUG:colcon.colcon_core.event_handler.log_command:Invoked command in '/home/koki-22/ac_search/vrx_ws/build/vrx_gz' returned '0': CMAKE_PREFIX_PATH=/opt/ros/humble:${CMAKE_PREFIX_PATH} PYTHONPATH=/home/koki-22/ac_search/vrx_ws/install/lib/python3.10/site-packages:/home/koki-22/ac_search/vrx_ws/install/local/lib/python3.10/dist-packages:/opt/ros/humble/lib/python3.10/site-packages:/opt/ros/humble/local/lib/python3.10/dist-packages /usr/bin/cmake --build /home/koki-22/ac_search/vrx_ws/build/vrx_gz -- -j16 -l16
[4.432s] DEBUG:colcon.colcon_core.event_handler.log_command:Invoking command in '/home/koki-22/ac_search/vrx_ws/build/vrx_gz': CMAKE_PREFIX_PATH=/opt/ros/humble:${CMAKE_PREFIX_PATH} PYTHONPATH=/home/koki-22/ac_search/vrx_ws/install/lib/python3.10/site-packages:/home/koki-22/ac_search/vrx_ws/install/local/lib/python3.10/dist-packages:/opt/ros/humble/lib/python3.10/site-packages:/opt/ros/humble/local/lib/python3.10/dist-packages /usr/bin/cmake --install /home/koki-22/ac_search/vrx_ws/build/vrx_gz
[4.552s] Level 1:colcon.colcon_core.environment:create_environment_scripts_only(vrx_gz)
[4.558s] Level 1:colcon.colcon_core.environment:checking '/home/koki-22/ac_search/vrx_ws/install' for CMake module files
[4.561s] Level 1:colcon.colcon_core.environment:checking '/home/koki-22/ac_search/vrx_ws/install' for CMake config files
[4.563s] Level 1:colcon.colcon_core.shell:create_environment_hook('vrx_gz', 'cmake_prefix_path')
[4.567s] INFO:colcon.colcon_core.shell:Creating environment hook '/home/koki-22/ac_search/vrx_ws/install/share/vrx_gz/hook/cmake_prefix_path.ps1'
[4.568s] INFO:colcon.colcon_core.shell:Creating environment descriptor '/home/koki-22/ac_search/vrx_ws/install/share/vrx_gz/hook/cmake_prefix_path.dsv'
[4.570s] INFO:colcon.colcon_core.shell:Creating environment hook '/home/koki-22/ac_search/vrx_ws/install/share/vrx_gz/hook/cmake_prefix_path.sh'
[4.573s] Level 1:colcon.colcon_core.environment:checking '/home/koki-22/ac_search/vrx_ws/install/lib'
[4.573s] Level 1:colcon.colcon_core.shell:create_environment_hook('vrx_gz', 'ld_library_path_lib')
[4.578s] INFO:colcon.colcon_core.shell:Creating environment hook '/home/koki-22/ac_search/vrx_ws/install/share/vrx_gz/hook/ld_library_path_lib.ps1'
[4.579s] INFO:colcon.colcon_core.shell:Creating environment descriptor '/home/koki-22/ac_search/vrx_ws/install/share/vrx_gz/hook/ld_library_path_lib.dsv'
[4.580s] INFO:colcon.colcon_core.shell:Creating environment hook '/home/koki-22/ac_search/vrx_ws/install/share/vrx_gz/hook/ld_library_path_lib.sh'
[4.582s] Level 1:colcon.colcon_core.environment:checking '/home/koki-22/ac_search/vrx_ws/install/bin'
[4.583s] Level 1:colcon.colcon_core.environment:checking '/home/koki-22/ac_search/vrx_ws/install/lib/pkgconfig/vrx_gz.pc'
[4.583s] Level 1:colcon.colcon_core.environment:checking '/home/koki-22/ac_search/vrx_ws/install/lib/python3.10/site-packages'
[4.583s] Level 1:colcon.colcon_core.shell:create_environment_hook('vrx_gz', 'pythonpath')
[4.586s] INFO:colcon.colcon_core.shell:Creating environment hook '/home/koki-22/ac_search/vrx_ws/install/share/vrx_gz/hook/pythonpath.ps1'
[4.587s] INFO:colcon.colcon_core.shell:Creating environment descriptor '/home/koki-22/ac_search/vrx_ws/install/share/vrx_gz/hook/pythonpath.dsv'
[4.588s] INFO:colcon.colcon_core.shell:Creating environment hook '/home/koki-22/ac_search/vrx_ws/install/share/vrx_gz/hook/pythonpath.sh'
[4.590s] Level 1:colcon.colcon_core.environment:checking '/home/koki-22/ac_search/vrx_ws/install/bin'
[4.594s] INFO:colcon.colcon_core.shell:Creating package script '/home/koki-22/ac_search/vrx_ws/install/share/vrx_gz/package.ps1'
[4.597s] INFO:colcon.colcon_core.shell:Creating package descriptor '/home/koki-22/ac_search/vrx_ws/install/share/vrx_gz/package.dsv'
[4.599s] INFO:colcon.colcon_core.shell:Creating package script '/home/koki-22/ac_search/vrx_ws/install/share/vrx_gz/package.sh'
[4.601s] INFO:colcon.colcon_core.shell:Creating package script '/home/koki-22/ac_search/vrx_ws/install/share/vrx_gz/package.bash'
[4.603s] INFO:colcon.colcon_core.shell:Creating package script '/home/koki-22/ac_search/vrx_ws/install/share/vrx_gz/package.zsh'
[4.605s] Level 1:colcon.colcon_core.environment:create_file_with_runtime_dependencies(/home/koki-22/ac_search/vrx_ws/install/share/colcon-core/packages/vrx_gz)
[4.623s] DEBUG:colcon.colcon_core.event_handler.log_command:Invoked command in '/home/koki-22/ac_search/vrx_ws/build/vrx_gz' returned '0': CMAKE_PREFIX_PATH=/opt/ros/humble:${CMAKE_PREFIX_PATH} PYTHONPATH=/home/koki-22/ac_search/vrx_ws/install/lib/python3.10/site-packages:/home/koki-22/ac_search/vrx_ws/install/local/lib/python3.10/dist-packages:/opt/ros/humble/lib/python3.10/site-packages:/opt/ros/humble/local/lib/python3.10/dist-packages /usr/bin/cmake --install /home/koki-22/ac_search/vrx_ws/build/vrx_gz
[4.751s] Level 1:colcon.colcon_core.environment:checking '/home/koki-22/ac_search/vrx_ws/install' for CMake module files
[4.752s] DEBUG:colcon.colcon_core.event_handler.log_command:Invoked command in '/home/koki-22/ac_search/vrx_ws/src/navigaitonGUI' returned '0': PYTHONPATH=/home/koki-22/ac_search/vrx_ws/build/navigaitonGUI/prefix_override:/home/koki-22/ac_search/vrx_ws/install/lib/python3.10/site-packages:${PYTHONPATH} /usr/bin/python3 setup.py egg_info --egg-base ../../build/navigaitonGUI build --build-base /home/koki-22/ac_search/vrx_ws/build/navigaitonGUI/build install --record /home/koki-22/ac_search/vrx_ws/build/navigaitonGUI/install.log --single-version-externally-managed
[4.753s] Level 1:colcon.colcon_core.environment:checking '/home/koki-22/ac_search/vrx_ws/install' for CMake config files
[4.754s] Level 1:colcon.colcon_core.shell:create_environment_hook('navigaitonGUI', 'cmake_prefix_path')
[4.757s] INFO:colcon.colcon_core.shell:Creating environment hook '/home/koki-22/ac_search/vrx_ws/install/share/navigaitonGUI/hook/cmake_prefix_path.ps1'
[4.758s] INFO:colcon.colcon_core.shell:Creating environment descriptor '/home/koki-22/ac_search/vrx_ws/install/share/navigaitonGUI/hook/cmake_prefix_path.dsv'
[4.759s] INFO:colcon.colcon_core.shell:Creating environment hook '/home/koki-22/ac_search/vrx_ws/install/share/navigaitonGUI/hook/cmake_prefix_path.sh'
[4.761s] Level 1:colcon.colcon_core.environment:checking '/home/koki-22/ac_search/vrx_ws/install/lib'
[4.761s] Level 1:colcon.colcon_core.shell:create_environment_hook('navigaitonGUI', 'ld_library_path_lib')
[4.764s] INFO:colcon.colcon_core.shell:Creating environment hook '/home/koki-22/ac_search/vrx_ws/install/share/navigaitonGUI/hook/ld_library_path_lib.ps1'
[4.765s] INFO:colcon.colcon_core.shell:Creating environment descriptor '/home/koki-22/ac_search/vrx_ws/install/share/navigaitonGUI/hook/ld_library_path_lib.dsv'
[4.766s] INFO:colcon.colcon_core.shell:Creating environment hook '/home/koki-22/ac_search/vrx_ws/install/share/navigaitonGUI/hook/ld_library_path_lib.sh'
[4.766s] Level 1:colcon.colcon_core.environment:checking '/home/koki-22/ac_search/vrx_ws/install/bin'
[4.766s] Level 1:colcon.colcon_core.environment:checking '/home/koki-22/ac_search/vrx_ws/install/lib/pkgconfig/navigaitonGUI.pc'
[4.767s] Level 1:colcon.colcon_core.environment:checking '/home/koki-22/ac_search/vrx_ws/install/lib/python3.10/site-packages'
[4.767s] Level 1:colcon.colcon_core.shell:create_environment_hook('navigaitonGUI', 'pythonpath')
[4.770s] INFO:colcon.colcon_core.shell:Creating environment hook '/home/koki-22/ac_search/vrx_ws/install/share/navigaitonGUI/hook/pythonpath.ps1'
[4.770s] INFO:colcon.colcon_core.shell:Creating environment descriptor '/home/koki-22/ac_search/vrx_ws/install/share/navigaitonGUI/hook/pythonpath.dsv'
[4.771s] INFO:colcon.colcon_core.shell:Creating environment hook '/home/koki-22/ac_search/vrx_ws/install/share/navigaitonGUI/hook/pythonpath.sh'
[4.772s] Level 1:colcon.colcon_core.environment:checking '/home/koki-22/ac_search/vrx_ws/install/bin'
[4.772s] Level 1:colcon.colcon_core.environment:create_environment_scripts_only(navigaitonGUI)
[4.775s] INFO:colcon.colcon_core.shell:Creating package script '/home/koki-22/ac_search/vrx_ws/install/share/navigaitonGUI/package.ps1'
[4.777s] INFO:colcon.colcon_core.shell:Creating package descriptor '/home/koki-22/ac_search/vrx_ws/install/share/navigaitonGUI/package.dsv'
[4.777s] INFO:colcon.colcon_core.shell:Creating package script '/home/koki-22/ac_search/vrx_ws/install/share/navigaitonGUI/package.sh'
[4.778s] INFO:colcon.colcon_core.shell:Creating package script '/home/koki-22/ac_search/vrx_ws/install/share/navigaitonGUI/package.bash'
[4.779s] INFO:colcon.colcon_core.shell:Creating package script '/home/koki-22/ac_search/vrx_ws/install/share/navigaitonGUI/package.zsh'
[4.780s] Level 1:colcon.colcon_core.environment:create_file_with_runtime_dependencies(/home/koki-22/ac_search/vrx_ws/install/share/colcon-core/packages/navigaitonGUI)
[4.784s] Level 1:colcon.colcon_core.environment:create_environment_scripts_only(vrx_gz)
[4.790s] Level 1:colcon.colcon_core.environment:checking '/home/koki-22/ac_search/vrx_ws/install' for CMake module files
[4.792s] Level 1:colcon.colcon_core.environment:checking '/home/koki-22/ac_search/vrx_ws/install' for CMake config files
[4.792s] Level 1:colcon.colcon_core.shell:create_environment_hook('vrx_gz', 'cmake_prefix_path')
[4.796s] INFO:colcon.colcon_core.shell:Creating environment hook '/home/koki-22/ac_search/vrx_ws/install/share/vrx_gz/hook/cmake_prefix_path.ps1'
[4.797s] INFO:colcon.colcon_core.shell:Creating environment descriptor '/home/koki-22/ac_search/vrx_ws/install/share/vrx_gz/hook/cmake_prefix_path.dsv'
[4.798s] INFO:colcon.colcon_core.shell:Creating environment hook '/home/koki-22/ac_search/vrx_ws/install/share/vrx_gz/hook/cmake_prefix_path.sh'
[4.799s] Level 1:colcon.colcon_core.environment:checking '/home/koki-22/ac_search/vrx_ws/install/lib'
[4.800s] Level 1:colcon.colcon_core.shell:create_environment_hook('vrx_gz', 'ld_library_path_lib')
[4.804s] INFO:colcon.colcon_core.shell:Creating environment hook '/home/koki-22/ac_search/vrx_ws/install/share/vrx_gz/hook/ld_library_path_lib.ps1'
[4.805s] INFO:colcon.colcon_core.shell:Creating environment descriptor '/home/koki-22/ac_search/vrx_ws/install/share/vrx_gz/hook/ld_library_path_lib.dsv'
[4.806s] INFO:colcon.colcon_core.shell:Creating environment hook '/home/koki-22/ac_search/vrx_ws/install/share/vrx_gz/hook/ld_library_path_lib.sh'
[4.806s] Level 1:colcon.colcon_core.environment:checking '/home/koki-22/ac_search/vrx_ws/install/bin'
[4.807s] Level 1:colcon.colcon_core.environment:checking '/home/koki-22/ac_search/vrx_ws/install/lib/pkgconfig/vrx_gz.pc'
[4.807s] Level 1:colcon.colcon_core.environment:checking '/home/koki-22/ac_search/vrx_ws/install/lib/python3.10/site-packages'
[4.807s] Level 1:colcon.colcon_core.shell:create_environment_hook('vrx_gz', 'pythonpath')
[4.812s] INFO:colcon.colcon_core.shell:Creating environment hook '/home/koki-22/ac_search/vrx_ws/install/share/vrx_gz/hook/pythonpath.ps1'
[4.813s] INFO:colcon.colcon_core.shell:Creating environment descriptor '/home/koki-22/ac_search/vrx_ws/install/share/vrx_gz/hook/pythonpath.dsv'
[4.814s] INFO:colcon.colcon_core.shell:Creating environment hook '/home/koki-22/ac_search/vrx_ws/install/share/vrx_gz/hook/pythonpath.sh'
[4.815s] Level 1:colcon.colcon_core.environment:checking '/home/koki-22/ac_search/vrx_ws/install/bin'
[4.820s] INFO:colcon.colcon_core.shell:Creating package script '/home/koki-22/ac_search/vrx_ws/install/share/vrx_gz/package.ps1'
[4.822s] INFO:colcon.colcon_core.shell:Creating package descriptor '/home/koki-22/ac_search/vrx_ws/install/share/vrx_gz/package.dsv'
[4.823s] INFO:colcon.colcon_core.shell:Creating package script '/home/koki-22/ac_search/vrx_ws/install/share/vrx_gz/package.sh'
[4.824s] INFO:colcon.colcon_core.shell:Creating package script '/home/koki-22/ac_search/vrx_ws/install/share/vrx_gz/package.bash'
[4.825s] INFO:colcon.colcon_core.shell:Creating package script '/home/koki-22/ac_search/vrx_ws/install/share/vrx_gz/package.zsh'
[4.826s] Level 1:colcon.colcon_core.environment:create_file_with_runtime_dependencies(/home/koki-22/ac_search/vrx_ws/install/share/colcon-core/packages/vrx_gz)
[4.831s] Level 1:colcon.colcon_core.environment:checking '/home/koki-22/ac_search/vrx_ws/install' for CMake module files
[4.833s] Level 1:colcon.colcon_core.environment:checking '/home/koki-22/ac_search/vrx_ws/install' for CMake config files
[4.834s] DEBUG:colcon.colcon_core.event_handler.log_command:Invoked command in '/home/koki-22/ac_search/vrx_ws/src/data_collect' returned '0': PYTHONPATH=/home/koki-22/ac_search/vrx_ws/build/data_collect/prefix_override:/home/koki-22/ac_search/vrx_ws/install/lib/python3.10/site-packages:${PYTHONPATH} /usr/bin/python3 setup.py egg_info --egg-base ../../build/data_collect build --build-base /home/koki-22/ac_search/vrx_ws/build/data_collect/build install --record /home/koki-22/ac_search/vrx_ws/build/data_collect/install.log --single-version-externally-managed
[4.834s] Level 1:colcon.colcon_core.shell:create_environment_hook('data_collect', 'cmake_prefix_path')
[4.837s] INFO:colcon.colcon_core.shell:Creating environment hook '/home/koki-22/ac_search/vrx_ws/install/share/data_collect/hook/cmake_prefix_path.ps1'
[4.837s] INFO:colcon.colcon_core.shell:Creating environment descriptor '/home/koki-22/ac_search/vrx_ws/install/share/data_collect/hook/cmake_prefix_path.dsv'
[4.838s] INFO:colcon.colcon_core.shell:Creating environment hook '/home/koki-22/ac_search/vrx_ws/install/share/data_collect/hook/cmake_prefix_path.sh'
[4.839s] Level 1:colcon.colcon_core.environment:checking '/home/koki-22/ac_search/vrx_ws/install/lib'
[4.839s] Level 1:colcon.colcon_core.shell:create_environment_hook('data_collect', 'ld_library_path_lib')
[4.842s] INFO:colcon.colcon_core.shell:Creating environment hook '/home/koki-22/ac_search/vrx_ws/install/share/data_collect/hook/ld_library_path_lib.ps1'
[4.843s] INFO:colcon.colcon_core.shell:Creating environment descriptor '/home/koki-22/ac_search/vrx_ws/install/share/data_collect/hook/ld_library_path_lib.dsv'
[4.843s] INFO:colcon.colcon_core.shell:Creating environment hook '/home/koki-22/ac_search/vrx_ws/install/share/data_collect/hook/ld_library_path_lib.sh'
[4.844s] Level 1:colcon.colcon_core.environment:checking '/home/koki-22/ac_search/vrx_ws/install/bin'
[4.844s] Level 1:colcon.colcon_core.environment:checking '/home/koki-22/ac_search/vrx_ws/install/lib/pkgconfig/data_collect.pc'
[4.845s] Level 1:colcon.colcon_core.environment:checking '/home/koki-22/ac_search/vrx_ws/install/lib/python3.10/site-packages'
[4.845s] Level 1:colcon.colcon_core.shell:create_environment_hook('data_collect', 'pythonpath')
[4.848s] INFO:colcon.colcon_core.shell:Creating environment hook '/home/koki-22/ac_search/vrx_ws/install/share/data_collect/hook/pythonpath.ps1'
[4.849s] INFO:colcon.colcon_core.shell:Creating environment descriptor '/home/koki-22/ac_search/vrx_ws/install/share/data_collect/hook/pythonpath.dsv'
[4.850s] INFO:colcon.colcon_core.shell:Creating environment hook '/home/koki-22/ac_search/vrx_ws/install/share/data_collect/hook/pythonpath.sh'
[4.851s] Level 1:colcon.colcon_core.environment:checking '/home/koki-22/ac_search/vrx_ws/install/bin'
[4.851s] Level 1:colcon.colcon_core.environment:create_environment_scripts_only(data_collect)
[4.854s] INFO:colcon.colcon_core.shell:Creating package script '/home/koki-22/ac_search/vrx_ws/install/share/data_collect/package.ps1'
[4.855s] INFO:colcon.colcon_core.shell:Creating package descriptor '/home/koki-22/ac_search/vrx_ws/install/share/data_collect/package.dsv'
[4.856s] INFO:colcon.colcon_core.shell:Creating package script '/home/koki-22/ac_search/vrx_ws/install/share/data_collect/package.sh'
[4.856s] INFO:colcon.colcon_core.shell:Creating package script '/home/koki-22/ac_search/vrx_ws/install/share/data_collect/package.bash'
[4.857s] INFO:colcon.colcon_core.shell:Creating package script '/home/koki-22/ac_search/vrx_ws/install/share/data_collect/package.zsh'
[4.858s] Level 1:colcon.colcon_core.environment:create_file_with_runtime_dependencies(/home/koki-22/ac_search/vrx_ws/install/share/colcon-core/packages/data_collect)
[4.858s] DEBUG:colcon.colcon_parallel_executor.executor.parallel:closing loop
[4.859s] DEBUG:colcon.colcon_parallel_executor.executor.parallel:loop closed
[4.859s] DEBUG:colcon.colcon_parallel_executor.executor.parallel:run_until_complete finished with '0'
[4.859s] DEBUG:colcon.colcon_core.event_reactor:joining thread
[4.870s] INFO:colcon.colcon_core.plugin_system:Skipping extension 'colcon_notification.desktop_notification.terminal_notifier': Not used on non-Darwin systems
[4.870s] INFO:colcon.colcon_core.plugin_system:Skipping extension 'colcon_notification.desktop_notification.win32': Not used on non-Windows systems
[4.870s] INFO:colcon.colcon_notification.desktop_notification:Sending desktop notification using 'notify2'
[4.890s] DEBUG:colcon.colcon_core.event_reactor:joined thread
[4.893s] INFO:colcon.colcon_core.shell:Creating prefix script '/home/koki-22/ac_search/vrx_ws/install/local_setup.ps1'
[4.895s] INFO:colcon.colcon_core.shell:Creating prefix util module '/home/koki-22/ac_search/vrx_ws/install/_local_setup_util_ps1.py'
[4.898s] INFO:colcon.colcon_core.shell:Creating prefix chain script '/home/koki-22/ac_search/vrx_ws/install/setup.ps1'
[4.901s] INFO:colcon.colcon_core.shell:Creating prefix script '/home/koki-22/ac_search/vrx_ws/install/local_setup.sh'
[4.902s] INFO:colcon.colcon_core.shell:Creating prefix util module '/home/koki-22/ac_search/vrx_ws/install/_local_setup_util_sh.py'
[4.903s] INFO:colcon.colcon_core.shell:Creating prefix chain script '/home/koki-22/ac_search/vrx_ws/install/setup.sh'
[4.906s] INFO:colcon.colcon_core.shell:Creating prefix script '/home/koki-22/ac_search/vrx_ws/install/local_setup.bash'
[4.906s] INFO:colcon.colcon_core.shell:Creating prefix chain script '/home/koki-22/ac_search/vrx_ws/install/setup.bash'
[4.909s] INFO:colcon.colcon_core.shell:Creating prefix script '/home/koki-22/ac_search/vrx_ws/install/local_setup.zsh'
[4.910s] INFO:colcon.colcon_core.shell:Creating prefix chain script '/home/koki-22/ac_search/vrx_ws/install/setup.zsh'
