[2.451s] Invoking command in '/home/koki-22/ac_search/vrx_ws/src/navigaitonGUI': PYTHONPATH=/home/koki-22/ac_search/vrx_ws/build/navigaitonGUI/prefix_override:/home/koki-22/ac_search/vrx_ws/install/lib/python3.10/site-packages:${PYTHONPATH} /usr/bin/python3 setup.py egg_info --egg-base ../../build/navigaitonGUI build --build-base /home/koki-22/ac_search/vrx_ws/build/navigaitonGUI/build install --record /home/koki-22/ac_search/vrx_ws/build/navigaitonGUI/install.log --single-version-externally-managed
[3.188s] running egg_info
[3.190s] writing ../../build/navigaitonGUI/navigaitonGUI.egg-info/PKG-INFO
[3.190s] writing dependency_links to ../../build/navigaitonGUI/navigaitonGUI.egg-info/dependency_links.txt
[3.191s] writing entry points to ../../build/navigaitonGUI/navigaitonGUI.egg-info/entry_points.txt
[3.191s] writing requirements to ../../build/navigaitonGUI/navigaitonGUI.egg-info/requires.txt
[3.191s] writing top-level names to ../../build/navigaitonGUI/navigaitonGUI.egg-info/top_level.txt
[3.197s] reading manifest file '../../build/navigaitonGUI/navigaitonGUI.egg-info/SOURCES.txt'
[3.199s] writing manifest file '../../build/navigaitonGUI/navigaitonGUI.egg-info/SOURCES.txt'
[3.200s] running build
[3.200s] running build_py
[3.201s] running install
[3.201s] running install_lib
[3.204s] running install_data
[3.206s] running install_egg_info
[3.211s] removing '/home/koki-22/ac_search/vrx_ws/install/lib/python3.10/site-packages/navigaitonGUI-0.0.0-py3.10.egg-info' (and everything under it)
[3.212s] Copying ../../build/navigaitonGUI/navigaitonGUI.egg-info to /home/koki-22/ac_search/vrx_ws/install/lib/python3.10/site-packages/navigaitonGUI-0.0.0-py3.10.egg-info
[3.214s] running install_scripts
[3.268s] Installing navigation_GUI_node script to /home/koki-22/ac_search/vrx_ws/install/lib/navigaitonGUI
[3.269s] writing list of installed files to '/home/koki-22/ac_search/vrx_ws/build/navigaitonGUI/install.log'
[3.369s] Invoked command in '/home/koki-22/ac_search/vrx_ws/src/navigaitonGUI' returned '0': PYTHONPATH=/home/koki-22/ac_search/vrx_ws/build/navigaitonGUI/prefix_override:/home/koki-22/ac_search/vrx_ws/install/lib/python3.10/site-packages:${PYTHONPATH} /usr/bin/python3 setup.py egg_info --egg-base ../../build/navigaitonGUI build --build-base /home/koki-22/ac_search/vrx_ws/build/navigaitonGUI/build install --record /home/koki-22/ac_search/vrx_ws/build/navigaitonGUI/install.log --single-version-externally-managed
